                              1 ;--------------------------------------------------------
                              2 ; File Created by SDCC : free open source ANSI-C Compiler
                              3 ; Version 3.6.0 #9615 (MINGW64)
                              4 ;--------------------------------------------------------
                              5 	.module bomb_b3
                              6 	.optsdcc -mgbz80
                              7 	
                              8 ;--------------------------------------------------------
                              9 ; Public variables in this module
                             10 ;--------------------------------------------------------
                             11 	.globl _bomb
                             12 ;--------------------------------------------------------
                             13 ; ram data
                             14 ;--------------------------------------------------------
                             15 	.area _DATA
                             16 ;--------------------------------------------------------
                             17 ; absolute external ram data
                             18 ;--------------------------------------------------------
                             19 	.area _DABS (ABS)
                             20 ;--------------------------------------------------------
                             21 ; global & static initialisations
                             22 ;--------------------------------------------------------
                             23 	.area _HOME
                             24 	.area _GSINIT
                             25 	.area _GSFINAL
                             26 	.area _GSINIT
                             27 ;--------------------------------------------------------
                             28 ; Home
                             29 ;--------------------------------------------------------
                             30 	.area _HOME
                             31 	.area _HOME
                             32 ;--------------------------------------------------------
                             33 ; code
                             34 ;--------------------------------------------------------
                             35 	.area _CODE
                             36 	.area _CODE
                             37 	.area _CODE_3
   0000                      38 _bomb:
   0000 00                   39 	.db #0x00	; 0
   0001 00                   40 	.db #0x00	; 0
   0002 00                   41 	.db #0x00	; 0
   0003 00                   42 	.db #0x00	; 0
   0004 00                   43 	.db #0x00	; 0
   0005 03                   44 	.db #0x03	; 3
   0006 00                   45 	.db #0x00	; 0
   0007 02                   46 	.db #0x02	; 2
   0008 00                   47 	.db #0x00	; 0
   0009 03                   48 	.db #0x03	; 3
   000A 00                   49 	.db #0x00	; 0
   000B 03                   50 	.db #0x03	; 3
   000C 00                   51 	.db #0x00	; 0
   000D 03                   52 	.db #0x03	; 3
   000E 00                   53 	.db #0x00	; 0
   000F 03                   54 	.db #0x03	; 3
   0010 00                   55 	.db #0x00	; 0
   0011 03                   56 	.db #0x03	; 3
   0012 00                   57 	.db #0x00	; 0
   0013 03                   58 	.db #0x03	; 3
   0014 00                   59 	.db #0x00	; 0
   0015 03                   60 	.db #0x03	; 3
   0016 00                   61 	.db #0x00	; 0
   0017 03                   62 	.db #0x03	; 3
   0018 03                   63 	.db #0x03	; 3
   0019 03                   64 	.db #0x03	; 3
   001A 03                   65 	.db #0x03	; 3
   001B 03                   66 	.db #0x03	; 3
   001C 03                   67 	.db #0x03	; 3
   001D 03                   68 	.db #0x03	; 3
   001E 03                   69 	.db #0x03	; 3
   001F 03                   70 	.db #0x03	; 3
   0020 00                   71 	.db #0x00	; 0
   0021 00                   72 	.db #0x00	; 0
   0022 00                   73 	.db #0x00	; 0
   0023 00                   74 	.db #0x00	; 0
   0024 08                   75 	.db #0x08	; 8
   0025 F0                   76 	.db #0xf0	; 240
   0026 08                   77 	.db #0x08	; 8
   0027 F0                   78 	.db #0xf0	; 240
   0028 08                   79 	.db #0x08	; 8
   0029 F0                   80 	.db #0xf0	; 240
   002A 08                   81 	.db #0x08	; 8
   002B F0                   82 	.db #0xf0	; 240
   002C 08                   83 	.db #0x08	; 8
   002D F0                   84 	.db #0xf0	; 240
   002E 08                   85 	.db #0x08	; 8
   002F F0                   86 	.db #0xf0	; 240
   0030 08                   87 	.db #0x08	; 8
   0031 F0                   88 	.db #0xf0	; 240
   0032 08                   89 	.db #0x08	; 8
   0033 F0                   90 	.db #0xf0	; 240
   0034 08                   91 	.db #0x08	; 8
   0035 F0                   92 	.db #0xf0	; 240
   0036 08                   93 	.db #0x08	; 8
   0037 F0                   94 	.db #0xf0	; 240
   0038 00                   95 	.db #0x00	; 0
   0039 00                   96 	.db #0x00	; 0
   003A 00                   97 	.db #0x00	; 0
   003B 00                   98 	.db #0x00	; 0
   003C 00                   99 	.db #0x00	; 0
   003D 00                  100 	.db #0x00	; 0
   003E 00                  101 	.db #0x00	; 0
   003F 00                  102 	.db #0x00	; 0
   0040 00                  103 	.db #0x00	; 0
   0041 00                  104 	.db #0x00	; 0
   0042 00                  105 	.db #0x00	; 0
   0043 00                  106 	.db #0x00	; 0
   0044 00                  107 	.db #0x00	; 0
   0045 00                  108 	.db #0x00	; 0
   0046 00                  109 	.db #0x00	; 0
   0047 00                  110 	.db #0x00	; 0
   0048 00                  111 	.db #0x00	; 0
   0049 00                  112 	.db #0x00	; 0
   004A 00                  113 	.db #0x00	; 0
   004B 00                  114 	.db #0x00	; 0
   004C F0                  115 	.db #0xf0	; 240
   004D FF                  116 	.db #0xff	; 255
   004E F0                  117 	.db #0xf0	; 240
   004F FF                  118 	.db #0xff	; 255
   0050 00                  119 	.db #0x00	; 0
   0051 0F                  120 	.db #0x0f	; 15
   0052 00                  121 	.db #0x00	; 0
   0053 0F                  122 	.db #0x0f	; 15
   0054 00                  123 	.db #0x00	; 0
   0055 0F                  124 	.db #0x0f	; 15
   0056 00                  125 	.db #0x00	; 0
   0057 0F                  126 	.db #0x0f	; 15
   0058 0F                  127 	.db #0x0f	; 15
   0059 00                  128 	.db #0x00	; 0
   005A 00                  129 	.db #0x00	; 0
   005B 00                  130 	.db #0x00	; 0
   005C 00                  131 	.db #0x00	; 0
   005D 00                  132 	.db #0x00	; 0
   005E 00                  133 	.db #0x00	; 0
   005F 00                  134 	.db #0x00	; 0
   0060 00                  135 	.db #0x00	; 0
   0061 00                  136 	.db #0x00	; 0
   0062 00                  137 	.db #0x00	; 0
   0063 00                  138 	.db #0x00	; 0
   0064 00                  139 	.db #0x00	; 0
   0065 00                  140 	.db #0x00	; 0
   0066 00                  141 	.db #0x00	; 0
   0067 00                  142 	.db #0x00	; 0
   0068 00                  143 	.db #0x00	; 0
   0069 00                  144 	.db #0x00	; 0
   006A 00                  145 	.db #0x00	; 0
   006B 00                  146 	.db #0x00	; 0
   006C 00                  147 	.db #0x00	; 0
   006D FC                  148 	.db #0xfc	; 252
   006E 00                  149 	.db #0x00	; 0
   006F F4                  150 	.db #0xf4	; 244
   0070 00                  151 	.db #0x00	; 0
   0071 FC                  152 	.db #0xfc	; 252
   0072 00                  153 	.db #0x00	; 0
   0073 FC                  154 	.db #0xfc	; 252
   0074 00                  155 	.db #0x00	; 0
   0075 FC                  156 	.db #0xfc	; 252
   0076 00                  157 	.db #0x00	; 0
   0077 FC                  158 	.db #0xfc	; 252
   0078 FC                  159 	.db #0xfc	; 252
   0079 00                  160 	.db #0x00	; 0
   007A 00                  161 	.db #0x00	; 0
   007B 00                  162 	.db #0x00	; 0
   007C 00                  163 	.db #0x00	; 0
   007D 00                  164 	.db #0x00	; 0
   007E 00                  165 	.db #0x00	; 0
   007F 00                  166 	.db #0x00	; 0
   0080 00                  167 	.db #0x00	; 0
   0081 00                  168 	.db #0x00	; 0
   0082 00                  169 	.db #0x00	; 0
   0083 00                  170 	.db #0x00	; 0
   0084 00                  171 	.db #0x00	; 0
   0085 00                  172 	.db #0x00	; 0
   0086 00                  173 	.db #0x00	; 0
   0087 00                  174 	.db #0x00	; 0
   0088 10                  175 	.db #0x10	; 16
   0089 0F                  176 	.db #0x0f	; 15
   008A 10                  177 	.db #0x10	; 16
   008B 0F                  178 	.db #0x0f	; 15
   008C 10                  179 	.db #0x10	; 16
   008D 0F                  180 	.db #0x0f	; 15
   008E 10                  181 	.db #0x10	; 16
   008F 0F                  182 	.db #0x0f	; 15
   0090 10                  183 	.db #0x10	; 16
   0091 0F                  184 	.db #0x0f	; 15
   0092 10                  185 	.db #0x10	; 16
   0093 0F                  186 	.db #0x0f	; 15
   0094 10                  187 	.db #0x10	; 16
   0095 0F                  188 	.db #0x0f	; 15
   0096 10                  189 	.db #0x10	; 16
   0097 0F                  190 	.db #0x0f	; 15
   0098 10                  191 	.db #0x10	; 16
   0099 0F                  192 	.db #0x0f	; 15
   009A 10                  193 	.db #0x10	; 16
   009B 0F                  194 	.db #0x0f	; 15
   009C 00                  195 	.db #0x00	; 0
   009D 00                  196 	.db #0x00	; 0
   009E 00                  197 	.db #0x00	; 0
   009F 00                  198 	.db #0x00	; 0
   00A0 C0                  199 	.db #0xc0	; 192
   00A1 C0                  200 	.db #0xc0	; 192
   00A2 C0                  201 	.db #0xc0	; 192
   00A3 C0                  202 	.db #0xc0	; 192
   00A4 C0                  203 	.db #0xc0	; 192
   00A5 C0                  204 	.db #0xc0	; 192
   00A6 C0                  205 	.db #0xc0	; 192
   00A7 C0                  206 	.db #0xc0	; 192
   00A8 00                  207 	.db #0x00	; 0
   00A9 C0                  208 	.db #0xc0	; 192
   00AA 00                  209 	.db #0x00	; 0
   00AB C0                  210 	.db #0xc0	; 192
   00AC 00                  211 	.db #0x00	; 0
   00AD C0                  212 	.db #0xc0	; 192
   00AE 00                  213 	.db #0x00	; 0
   00AF C0                  214 	.db #0xc0	; 192
   00B0 00                  215 	.db #0x00	; 0
   00B1 C0                  216 	.db #0xc0	; 192
   00B2 00                  217 	.db #0x00	; 0
   00B3 C0                  218 	.db #0xc0	; 192
   00B4 00                  219 	.db #0x00	; 0
   00B5 C0                  220 	.db #0xc0	; 192
   00B6 00                  221 	.db #0x00	; 0
   00B7 C0                  222 	.db #0xc0	; 192
   00B8 00                  223 	.db #0x00	; 0
   00B9 40                  224 	.db #0x40	; 64
   00BA 00                  225 	.db #0x00	; 0
   00BB C0                  226 	.db #0xc0	; 192
   00BC 00                  227 	.db #0x00	; 0
   00BD 00                  228 	.db #0x00	; 0
   00BE 00                  229 	.db #0x00	; 0
   00BF 00                  230 	.db #0x00	; 0
   00C0 00                  231 	.db #0x00	; 0
   00C1 00                  232 	.db #0x00	; 0
   00C2 00                  233 	.db #0x00	; 0
   00C3 00                  234 	.db #0x00	; 0
   00C4 00                  235 	.db #0x00	; 0
   00C5 00                  236 	.db #0x00	; 0
   00C6 3F                  237 	.db #0x3f	; 63
   00C7 00                  238 	.db #0x00	; 0
   00C8 00                  239 	.db #0x00	; 0
   00C9 3F                  240 	.db #0x3f	; 63
   00CA 00                  241 	.db #0x00	; 0
   00CB 3F                  242 	.db #0x3f	; 63
   00CC 00                  243 	.db #0x00	; 0
   00CD 3F                  244 	.db #0x3f	; 63
   00CE 00                  245 	.db #0x00	; 0
   00CF 3F                  246 	.db #0x3f	; 63
   00D0 00                  247 	.db #0x00	; 0
   00D1 2F                  248 	.db #0x2f	; 47
   00D2 00                  249 	.db #0x00	; 0
   00D3 3F                  250 	.db #0x3f	; 63
   00D4 00                  251 	.db #0x00	; 0
   00D5 00                  252 	.db #0x00	; 0
   00D6 00                  253 	.db #0x00	; 0
   00D7 00                  254 	.db #0x00	; 0
   00D8 00                  255 	.db #0x00	; 0
   00D9 00                  256 	.db #0x00	; 0
   00DA 00                  257 	.db #0x00	; 0
   00DB 00                  258 	.db #0x00	; 0
   00DC 00                  259 	.db #0x00	; 0
   00DD 00                  260 	.db #0x00	; 0
   00DE 00                  261 	.db #0x00	; 0
   00DF 00                  262 	.db #0x00	; 0
   00E0 00                  263 	.db #0x00	; 0
   00E1 00                  264 	.db #0x00	; 0
   00E2 00                  265 	.db #0x00	; 0
   00E3 00                  266 	.db #0x00	; 0
   00E4 00                  267 	.db #0x00	; 0
   00E5 00                  268 	.db #0x00	; 0
   00E6 F0                  269 	.db #0xf0	; 240
   00E7 00                  270 	.db #0x00	; 0
   00E8 00                  271 	.db #0x00	; 0
   00E9 F0                  272 	.db #0xf0	; 240
   00EA 00                  273 	.db #0x00	; 0
   00EB F0                  274 	.db #0xf0	; 240
   00EC 00                  275 	.db #0x00	; 0
   00ED F0                  276 	.db #0xf0	; 240
   00EE 00                  277 	.db #0x00	; 0
   00EF F0                  278 	.db #0xf0	; 240
   00F0 0F                  279 	.db #0x0f	; 15
   00F1 FF                  280 	.db #0xff	; 255
   00F2 0F                  281 	.db #0x0f	; 15
   00F3 FF                  282 	.db #0xff	; 255
   00F4 00                  283 	.db #0x00	; 0
   00F5 00                  284 	.db #0x00	; 0
   00F6 00                  285 	.db #0x00	; 0
   00F7 00                  286 	.db #0x00	; 0
   00F8 00                  287 	.db #0x00	; 0
   00F9 00                  288 	.db #0x00	; 0
   00FA 00                  289 	.db #0x00	; 0
   00FB 00                  290 	.db #0x00	; 0
   00FC 00                  291 	.db #0x00	; 0
   00FD 00                  292 	.db #0x00	; 0
   00FE 00                  293 	.db #0x00	; 0
   00FF 00                  294 	.db #0x00	; 0
   0100 00                  295 	.db #0x00	; 0
   0101 00                  296 	.db #0x00	; 0
   0102 00                  297 	.db #0x00	; 0
   0103 00                  298 	.db #0x00	; 0
   0104 10                  299 	.db #0x10	; 16
   0105 0F                  300 	.db #0x0f	; 15
   0106 10                  301 	.db #0x10	; 16
   0107 0F                  302 	.db #0x0f	; 15
   0108 10                  303 	.db #0x10	; 16
   0109 0F                  304 	.db #0x0f	; 15
   010A 10                  305 	.db #0x10	; 16
   010B 0F                  306 	.db #0x0f	; 15
   010C 10                  307 	.db #0x10	; 16
   010D 0F                  308 	.db #0x0f	; 15
   010E 10                  309 	.db #0x10	; 16
   010F 0F                  310 	.db #0x0f	; 15
   0110 10                  311 	.db #0x10	; 16
   0111 0F                  312 	.db #0x0f	; 15
   0112 10                  313 	.db #0x10	; 16
   0113 0F                  314 	.db #0x0f	; 15
   0114 10                  315 	.db #0x10	; 16
   0115 0F                  316 	.db #0x0f	; 15
   0116 10                  317 	.db #0x10	; 16
   0117 0F                  318 	.db #0x0f	; 15
   0118 00                  319 	.db #0x00	; 0
   0119 00                  320 	.db #0x00	; 0
   011A 00                  321 	.db #0x00	; 0
   011B 00                  322 	.db #0x00	; 0
   011C 00                  323 	.db #0x00	; 0
   011D 00                  324 	.db #0x00	; 0
   011E 00                  325 	.db #0x00	; 0
   011F 00                  326 	.db #0x00	; 0
   0120 00                  327 	.db #0x00	; 0
   0121 00                  328 	.db #0x00	; 0
   0122 00                  329 	.db #0x00	; 0
   0123 00                  330 	.db #0x00	; 0
   0124 00                  331 	.db #0x00	; 0
   0125 C0                  332 	.db #0xc0	; 192
   0126 00                  333 	.db #0x00	; 0
   0127 40                  334 	.db #0x40	; 64
   0128 00                  335 	.db #0x00	; 0
   0129 C0                  336 	.db #0xc0	; 192
   012A 00                  337 	.db #0x00	; 0
   012B C0                  338 	.db #0xc0	; 192
   012C 00                  339 	.db #0x00	; 0
   012D C0                  340 	.db #0xc0	; 192
   012E 00                  341 	.db #0x00	; 0
   012F C0                  342 	.db #0xc0	; 192
   0130 00                  343 	.db #0x00	; 0
   0131 C0                  344 	.db #0xc0	; 192
   0132 00                  345 	.db #0x00	; 0
   0133 C0                  346 	.db #0xc0	; 192
   0134 00                  347 	.db #0x00	; 0
   0135 C0                  348 	.db #0xc0	; 192
   0136 00                  349 	.db #0x00	; 0
   0137 C0                  350 	.db #0xc0	; 192
   0138 C0                  351 	.db #0xc0	; 192
   0139 C0                  352 	.db #0xc0	; 192
   013A C0                  353 	.db #0xc0	; 192
   013B C0                  354 	.db #0xc0	; 192
   013C C0                  355 	.db #0xc0	; 192
   013D C0                  356 	.db #0xc0	; 192
   013E C0                  357 	.db #0xc0	; 192
   013F C0                  358 	.db #0xc0	; 192
   0140 00                  359 	.db #0x00	; 0
   0141 00                  360 	.db #0x00	; 0
   0142 00                  361 	.db #0x00	; 0
   0143 00                  362 	.db #0x00	; 0
   0144 00                  363 	.db #0x00	; 0
   0145 00                  364 	.db #0x00	; 0
   0146 00                  365 	.db #0x00	; 0
   0147 00                  366 	.db #0x00	; 0
   0148 00                  367 	.db #0x00	; 0
   0149 00                  368 	.db #0x00	; 0
   014A 00                  369 	.db #0x00	; 0
   014B 00                  370 	.db #0x00	; 0
   014C 00                  371 	.db #0x00	; 0
   014D 3F                  372 	.db #0x3f	; 63
   014E 00                  373 	.db #0x00	; 0
   014F 2F                  374 	.db #0x2f	; 47
   0150 00                  375 	.db #0x00	; 0
   0151 3F                  376 	.db #0x3f	; 63
   0152 00                  377 	.db #0x00	; 0
   0153 3F                  378 	.db #0x3f	; 63
   0154 00                  379 	.db #0x00	; 0
   0155 3F                  380 	.db #0x3f	; 63
   0156 00                  381 	.db #0x00	; 0
   0157 3F                  382 	.db #0x3f	; 63
   0158 3F                  383 	.db #0x3f	; 63
   0159 00                  384 	.db #0x00	; 0
   015A 00                  385 	.db #0x00	; 0
   015B 00                  386 	.db #0x00	; 0
   015C 00                  387 	.db #0x00	; 0
   015D 00                  388 	.db #0x00	; 0
   015E 00                  389 	.db #0x00	; 0
   015F 00                  390 	.db #0x00	; 0
   0160 00                  391 	.db #0x00	; 0
   0161 00                  392 	.db #0x00	; 0
   0162 00                  393 	.db #0x00	; 0
   0163 00                  394 	.db #0x00	; 0
   0164 00                  395 	.db #0x00	; 0
   0165 00                  396 	.db #0x00	; 0
   0166 00                  397 	.db #0x00	; 0
   0167 00                  398 	.db #0x00	; 0
   0168 00                  399 	.db #0x00	; 0
   0169 00                  400 	.db #0x00	; 0
   016A 00                  401 	.db #0x00	; 0
   016B 00                  402 	.db #0x00	; 0
   016C 0F                  403 	.db #0x0f	; 15
   016D FF                  404 	.db #0xff	; 255
   016E 0F                  405 	.db #0x0f	; 15
   016F FF                  406 	.db #0xff	; 255
   0170 00                  407 	.db #0x00	; 0
   0171 F0                  408 	.db #0xf0	; 240
   0172 00                  409 	.db #0x00	; 0
   0173 F0                  410 	.db #0xf0	; 240
   0174 00                  411 	.db #0x00	; 0
   0175 F0                  412 	.db #0xf0	; 240
   0176 00                  413 	.db #0x00	; 0
   0177 F0                  414 	.db #0xf0	; 240
   0178 F0                  415 	.db #0xf0	; 240
   0179 00                  416 	.db #0x00	; 0
   017A 00                  417 	.db #0x00	; 0
   017B 00                  418 	.db #0x00	; 0
   017C 00                  419 	.db #0x00	; 0
   017D 00                  420 	.db #0x00	; 0
   017E 00                  421 	.db #0x00	; 0
   017F 00                  422 	.db #0x00	; 0
   0180 03                  423 	.db #0x03	; 3
   0181 03                  424 	.db #0x03	; 3
   0182 03                  425 	.db #0x03	; 3
   0183 03                  426 	.db #0x03	; 3
   0184 03                  427 	.db #0x03	; 3
   0185 03                  428 	.db #0x03	; 3
   0186 03                  429 	.db #0x03	; 3
   0187 03                  430 	.db #0x03	; 3
   0188 00                  431 	.db #0x00	; 0
   0189 03                  432 	.db #0x03	; 3
   018A 00                  433 	.db #0x00	; 0
   018B 03                  434 	.db #0x03	; 3
   018C 00                  435 	.db #0x00	; 0
   018D 03                  436 	.db #0x03	; 3
   018E 00                  437 	.db #0x00	; 0
   018F 03                  438 	.db #0x03	; 3
   0190 00                  439 	.db #0x00	; 0
   0191 03                  440 	.db #0x03	; 3
   0192 00                  441 	.db #0x00	; 0
   0193 03                  442 	.db #0x03	; 3
   0194 00                  443 	.db #0x00	; 0
   0195 03                  444 	.db #0x03	; 3
   0196 00                  445 	.db #0x00	; 0
   0197 03                  446 	.db #0x03	; 3
   0198 00                  447 	.db #0x00	; 0
   0199 02                  448 	.db #0x02	; 2
   019A 00                  449 	.db #0x00	; 0
   019B 03                  450 	.db #0x03	; 3
   019C 00                  451 	.db #0x00	; 0
   019D 00                  452 	.db #0x00	; 0
   019E 00                  453 	.db #0x00	; 0
   019F 00                  454 	.db #0x00	; 0
   01A0 00                  455 	.db #0x00	; 0
   01A1 00                  456 	.db #0x00	; 0
   01A2 00                  457 	.db #0x00	; 0
   01A3 00                  458 	.db #0x00	; 0
   01A4 00                  459 	.db #0x00	; 0
   01A5 00                  460 	.db #0x00	; 0
   01A6 00                  461 	.db #0x00	; 0
   01A7 00                  462 	.db #0x00	; 0
   01A8 08                  463 	.db #0x08	; 8
   01A9 F0                  464 	.db #0xf0	; 240
   01AA 08                  465 	.db #0x08	; 8
   01AB F0                  466 	.db #0xf0	; 240
   01AC 08                  467 	.db #0x08	; 8
   01AD F0                  468 	.db #0xf0	; 240
   01AE 08                  469 	.db #0x08	; 8
   01AF F0                  470 	.db #0xf0	; 240
   01B0 08                  471 	.db #0x08	; 8
   01B1 F0                  472 	.db #0xf0	; 240
   01B2 08                  473 	.db #0x08	; 8
   01B3 F0                  474 	.db #0xf0	; 240
   01B4 08                  475 	.db #0x08	; 8
   01B5 F0                  476 	.db #0xf0	; 240
   01B6 08                  477 	.db #0x08	; 8
   01B7 F0                  478 	.db #0xf0	; 240
   01B8 08                  479 	.db #0x08	; 8
   01B9 F0                  480 	.db #0xf0	; 240
   01BA 08                  481 	.db #0x08	; 8
   01BB F0                  482 	.db #0xf0	; 240
   01BC 00                  483 	.db #0x00	; 0
   01BD 00                  484 	.db #0x00	; 0
   01BE 00                  485 	.db #0x00	; 0
   01BF 00                  486 	.db #0x00	; 0
   01C0 00                  487 	.db #0x00	; 0
   01C1 00                  488 	.db #0x00	; 0
   01C2 00                  489 	.db #0x00	; 0
   01C3 00                  490 	.db #0x00	; 0
   01C4 00                  491 	.db #0x00	; 0
   01C5 00                  492 	.db #0x00	; 0
   01C6 0F                  493 	.db #0x0f	; 15
   01C7 00                  494 	.db #0x00	; 0
   01C8 00                  495 	.db #0x00	; 0
   01C9 0F                  496 	.db #0x0f	; 15
   01CA 00                  497 	.db #0x00	; 0
   01CB 0F                  498 	.db #0x0f	; 15
   01CC 00                  499 	.db #0x00	; 0
   01CD 0F                  500 	.db #0x0f	; 15
   01CE 00                  501 	.db #0x00	; 0
   01CF 0F                  502 	.db #0x0f	; 15
   01D0 F0                  503 	.db #0xf0	; 240
   01D1 FF                  504 	.db #0xff	; 255
   01D2 F0                  505 	.db #0xf0	; 240
   01D3 FF                  506 	.db #0xff	; 255
   01D4 00                  507 	.db #0x00	; 0
   01D5 00                  508 	.db #0x00	; 0
   01D6 00                  509 	.db #0x00	; 0
   01D7 00                  510 	.db #0x00	; 0
   01D8 00                  511 	.db #0x00	; 0
   01D9 00                  512 	.db #0x00	; 0
   01DA 00                  513 	.db #0x00	; 0
   01DB 00                  514 	.db #0x00	; 0
   01DC 00                  515 	.db #0x00	; 0
   01DD 00                  516 	.db #0x00	; 0
   01DE 00                  517 	.db #0x00	; 0
   01DF 00                  518 	.db #0x00	; 0
   01E0 00                  519 	.db #0x00	; 0
   01E1 00                  520 	.db #0x00	; 0
   01E2 00                  521 	.db #0x00	; 0
   01E3 00                  522 	.db #0x00	; 0
   01E4 00                  523 	.db #0x00	; 0
   01E5 00                  524 	.db #0x00	; 0
   01E6 FC                  525 	.db #0xfc	; 252
   01E7 00                  526 	.db #0x00	; 0
   01E8 00                  527 	.db #0x00	; 0
   01E9 FC                  528 	.db #0xfc	; 252
   01EA 00                  529 	.db #0x00	; 0
   01EB FC                  530 	.db #0xfc	; 252
   01EC 00                  531 	.db #0x00	; 0
   01ED FC                  532 	.db #0xfc	; 252
   01EE 00                  533 	.db #0x00	; 0
   01EF FC                  534 	.db #0xfc	; 252
   01F0 00                  535 	.db #0x00	; 0
   01F1 F4                  536 	.db #0xf4	; 244
   01F2 00                  537 	.db #0x00	; 0
   01F3 FC                  538 	.db #0xfc	; 252
   01F4 00                  539 	.db #0x00	; 0
   01F5 00                  540 	.db #0x00	; 0
   01F6 00                  541 	.db #0x00	; 0
   01F7 00                  542 	.db #0x00	; 0
   01F8 00                  543 	.db #0x00	; 0
   01F9 00                  544 	.db #0x00	; 0
   01FA 00                  545 	.db #0x00	; 0
   01FB 00                  546 	.db #0x00	; 0
   01FC 00                  547 	.db #0x00	; 0
   01FD 00                  548 	.db #0x00	; 0
   01FE 00                  549 	.db #0x00	; 0
   01FF 00                  550 	.db #0x00	; 0
                            551 	.area _CABS (ABS)
