                              1 ;--------------------------------------------------------
                              2 ; File Created by SDCC : free open source ANSI-C Compiler
                              3 ; Version 3.6.0 #9615 (MINGW64)
                              4 ;--------------------------------------------------------
                              5 	.module diamond_b3
                              6 	.optsdcc -mgbz80
                              7 	
                              8 ;--------------------------------------------------------
                              9 ; Public variables in this module
                             10 ;--------------------------------------------------------
                             11 	.globl _diamond
                             12 ;--------------------------------------------------------
                             13 ; ram data
                             14 ;--------------------------------------------------------
                             15 	.area _DATA
                             16 ;--------------------------------------------------------
                             17 ; absolute external ram data
                             18 ;--------------------------------------------------------
                             19 	.area _DABS (ABS)
                             20 ;--------------------------------------------------------
                             21 ; global & static initialisations
                             22 ;--------------------------------------------------------
                             23 	.area _HOME
                             24 	.area _GSINIT
                             25 	.area _GSFINAL
                             26 	.area _GSINIT
                             27 ;--------------------------------------------------------
                             28 ; Home
                             29 ;--------------------------------------------------------
                             30 	.area _HOME
                             31 	.area _HOME
                             32 ;--------------------------------------------------------
                             33 ; code
                             34 ;--------------------------------------------------------
                             35 	.area _CODE
                             36 	.area _CODE
                             37 	.area _CODE_3
   0000                      38 _diamond:
   0000 49                   39 	.db #0x49	; 73	'I'
   0001 00                   40 	.db #0x00	; 0
   0002 00                   41 	.db #0x00	; 0
   0003 00                   42 	.db #0x00	; 0
   0004 9F                   43 	.db #0x9f	; 159
   0005 1F                   44 	.db #0x1f	; 31
   0006 3F                   45 	.db #0x3f	; 63
   0007 31                   46 	.db #0x31	; 49	'1'
   0008 7F                   47 	.db #0x7f	; 127
   0009 4A                   48 	.db #0x4a	; 74	'J'
   000A FF                   49 	.db #0xff	; 255
   000B 84                   50 	.db #0x84	; 132
   000C FF                   51 	.db #0xff	; 255
   000D FF                   52 	.db #0xff	; 255
   000E FF                   53 	.db #0xff	; 255
   000F 84                   54 	.db #0x84	; 132
   0010 FF                   55 	.db #0xff	; 255
   0011 84                   56 	.db #0x84	; 132
   0012 7F                   57 	.db #0x7f	; 127
   0013 42                   58 	.db #0x42	; 66	'B'
   0014 3F                   59 	.db #0x3f	; 63
   0015 22                   60 	.db #0x22	; 34
   0016 1F                   61 	.db #0x1f	; 31
   0017 12                   62 	.db #0x12	; 18
   0018 4F                   63 	.db #0x4f	; 79	'O'
   0019 09                   64 	.db #0x09	; 9
   001A 87                   65 	.db #0x87	; 135
   001B 05                   66 	.db #0x05	; 5
   001C 13                   67 	.db #0x13	; 19
   001D 03                   68 	.db #0x03	; 3
   001E 21                   69 	.db #0x21	; 33
   001F 01                   70 	.db #0x01	; 1
   0020 92                   71 	.db #0x92	; 146
   0021 00                   72 	.db #0x00	; 0
   0022 00                   73 	.db #0x00	; 0
   0023 00                   74 	.db #0x00	; 0
   0024 F9                   75 	.db #0xf9	; 249
   0025 F8                   76 	.db #0xf8	; 248
   0026 FC                   77 	.db #0xfc	; 252
   0027 8C                   78 	.db #0x8c	; 140
   0028 FA                   79 	.db #0xfa	; 250
   0029 56                   80 	.db #0x56	; 86	'V'
   002A FD                   81 	.db #0xfd	; 253
   002B 23                   82 	.db #0x23	; 35
   002C FF                   83 	.db #0xff	; 255
   002D FF                   84 	.db #0xff	; 255
   002E FD                   85 	.db #0xfd	; 253
   002F 23                   86 	.db #0x23	; 35
   0030 FD                   87 	.db #0xfd	; 253
   0031 23                   88 	.db #0x23	; 35
   0032 FA                   89 	.db #0xfa	; 250
   0033 46                   90 	.db #0x46	; 70	'F'
   0034 F4                   91 	.db #0xf4	; 244
   0035 4C                   92 	.db #0x4c	; 76	'L'
   0036 E8                   93 	.db #0xe8	; 232
   0037 58                   94 	.db #0x58	; 88	'X'
   0038 D2                   95 	.db #0xd2	; 210
   0039 B0                   96 	.db #0xb0	; 176
   003A A1                   97 	.db #0xa1	; 161
   003B E0                   98 	.db #0xe0	; 224
   003C C8                   99 	.db #0xc8	; 200
   003D C0                  100 	.db #0xc0	; 192
   003E 84                  101 	.db #0x84	; 132
   003F 80                  102 	.db #0x80	; 128
   0040 46                  103 	.db #0x46	; 70	'F'
   0041 00                  104 	.db #0x00	; 0
   0042 00                  105 	.db #0x00	; 0
   0043 00                  106 	.db #0x00	; 0
   0044 9F                  107 	.db #0x9f	; 159
   0045 1F                  108 	.db #0x1f	; 31
   0046 3F                  109 	.db #0x3f	; 63
   0047 31                  110 	.db #0x31	; 49	'1'
   0048 7F                  111 	.db #0x7f	; 127
   0049 4A                  112 	.db #0x4a	; 74	'J'
   004A FF                  113 	.db #0xff	; 255
   004B 84                  114 	.db #0x84	; 132
   004C FF                  115 	.db #0xff	; 255
   004D FF                  116 	.db #0xff	; 255
   004E FF                  117 	.db #0xff	; 255
   004F 84                  118 	.db #0x84	; 132
   0050 FF                  119 	.db #0xff	; 255
   0051 84                  120 	.db #0x84	; 132
   0052 7F                  121 	.db #0x7f	; 127
   0053 42                  122 	.db #0x42	; 66	'B'
   0054 3F                  123 	.db #0x3f	; 63
   0055 22                  124 	.db #0x22	; 34
   0056 1F                  125 	.db #0x1f	; 31
   0057 12                  126 	.db #0x12	; 18
   0058 8F                  127 	.db #0x8f	; 143
   0059 09                  128 	.db #0x09	; 9
   005A 27                  129 	.db #0x27	; 39
   005B 05                  130 	.db #0x05	; 5
   005C 43                  131 	.db #0x43	; 67	'C'
   005D 03                  132 	.db #0x03	; 3
   005E 89                  133 	.db #0x89	; 137
   005F 01                  134 	.db #0x01	; 1
   0060 62                  135 	.db #0x62	; 98	'b'
   0061 00                  136 	.db #0x00	; 0
   0062 00                  137 	.db #0x00	; 0
   0063 00                  138 	.db #0x00	; 0
   0064 F9                  139 	.db #0xf9	; 249
   0065 F8                  140 	.db #0xf8	; 248
   0066 EC                  141 	.db #0xec	; 236
   0067 9C                  142 	.db #0x9c	; 156
   0068 DE                  143 	.db #0xde	; 222
   0069 72                  144 	.db #0x72	; 114	'r'
   006A FF                  145 	.db #0xff	; 255
   006B 21                  146 	.db #0x21	; 33
   006C FF                  147 	.db #0xff	; 255
   006D FF                  148 	.db #0xff	; 255
   006E EF                  149 	.db #0xef	; 239
   006F 31                  150 	.db #0x31	; 49	'1'
   0070 EF                  151 	.db #0xef	; 239
   0071 31                  152 	.db #0x31	; 49	'1'
   0072 DE                  153 	.db #0xde	; 222
   0073 62                  154 	.db #0x62	; 98	'b'
   0074 DC                  155 	.db #0xdc	; 220
   0075 64                  156 	.db #0x64	; 100	'd'
   0076 D8                  157 	.db #0xd8	; 216
   0077 68                  158 	.db #0x68	; 104	'h'
   0078 B1                  159 	.db #0xb1	; 177
   0079 D0                  160 	.db #0xd0	; 208
   007A A4                  161 	.db #0xa4	; 164
   007B E0                  162 	.db #0xe0	; 224
   007C C2                  163 	.db #0xc2	; 194
   007D C0                  164 	.db #0xc0	; 192
   007E 91                  165 	.db #0x91	; 145
   007F 80                  166 	.db #0x80	; 128
   0080 49                  167 	.db #0x49	; 73	'I'
   0081 00                  168 	.db #0x00	; 0
   0082 00                  169 	.db #0x00	; 0
   0083 00                  170 	.db #0x00	; 0
   0084 9F                  171 	.db #0x9f	; 159
   0085 1F                  172 	.db #0x1f	; 31
   0086 3F                  173 	.db #0x3f	; 63
   0087 31                  174 	.db #0x31	; 49	'1'
   0088 7F                  175 	.db #0x7f	; 127
   0089 4A                  176 	.db #0x4a	; 74	'J'
   008A FF                  177 	.db #0xff	; 255
   008B 84                  178 	.db #0x84	; 132
   008C FF                  179 	.db #0xff	; 255
   008D FF                  180 	.db #0xff	; 255
   008E FF                  181 	.db #0xff	; 255
   008F 84                  182 	.db #0x84	; 132
   0090 FF                  183 	.db #0xff	; 255
   0091 84                  184 	.db #0x84	; 132
   0092 7F                  185 	.db #0x7f	; 127
   0093 42                  186 	.db #0x42	; 66	'B'
   0094 3F                  187 	.db #0x3f	; 63
   0095 22                  188 	.db #0x22	; 34
   0096 1F                  189 	.db #0x1f	; 31
   0097 12                  190 	.db #0x12	; 18
   0098 4F                  191 	.db #0x4f	; 79	'O'
   0099 09                  192 	.db #0x09	; 9
   009A 87                  193 	.db #0x87	; 135
   009B 05                  194 	.db #0x05	; 5
   009C 13                  195 	.db #0x13	; 19
   009D 03                  196 	.db #0x03	; 3
   009E 21                  197 	.db #0x21	; 33
   009F 01                  198 	.db #0x01	; 1
   00A0 92                  199 	.db #0x92	; 146
   00A1 00                  200 	.db #0x00	; 0
   00A2 00                  201 	.db #0x00	; 0
   00A3 00                  202 	.db #0x00	; 0
   00A4 F9                  203 	.db #0xf9	; 249
   00A5 F8                  204 	.db #0xf8	; 248
   00A6 FC                  205 	.db #0xfc	; 252
   00A7 8C                  206 	.db #0x8c	; 140
   00A8 7E                  207 	.db #0x7e	; 126
   00A9 D2                  208 	.db #0xd2	; 210
   00AA BF                  209 	.db #0xbf	; 191
   00AB 61                  210 	.db #0x61	; 97	'a'
   00AC FF                  211 	.db #0xff	; 255
   00AD FF                  212 	.db #0xff	; 255
   00AE BF                  213 	.db #0xbf	; 191
   00AF 61                  214 	.db #0x61	; 97	'a'
   00B0 BF                  215 	.db #0xbf	; 191
   00B1 61                  216 	.db #0x61	; 97	'a'
   00B2 7E                  217 	.db #0x7e	; 126
   00B3 C2                  218 	.db #0xc2	; 194
   00B4 7C                  219 	.db #0x7c	; 124
   00B5 C4                  220 	.db #0xc4	; 196
   00B6 78                  221 	.db #0x78	; 120	'x'
   00B7 C8                  222 	.db #0xc8	; 200
   00B8 F2                  223 	.db #0xf2	; 242
   00B9 90                  224 	.db #0x90	; 144
   00BA E1                  225 	.db #0xe1	; 225
   00BB A0                  226 	.db #0xa0	; 160
   00BC C8                  227 	.db #0xc8	; 200
   00BD C0                  228 	.db #0xc0	; 192
   00BE 84                  229 	.db #0x84	; 132
   00BF 80                  230 	.db #0x80	; 128
   00C0 46                  231 	.db #0x46	; 70	'F'
   00C1 00                  232 	.db #0x00	; 0
   00C2 00                  233 	.db #0x00	; 0
   00C3 00                  234 	.db #0x00	; 0
   00C4 9F                  235 	.db #0x9f	; 159
   00C5 1F                  236 	.db #0x1f	; 31
   00C6 3F                  237 	.db #0x3f	; 63
   00C7 31                  238 	.db #0x31	; 49	'1'
   00C8 7E                  239 	.db #0x7e	; 126
   00C9 4B                  240 	.db #0x4b	; 75	'K'
   00CA FD                  241 	.db #0xfd	; 253
   00CB 86                  242 	.db #0x86	; 134
   00CC FF                  243 	.db #0xff	; 255
   00CD FF                  244 	.db #0xff	; 255
   00CE FD                  245 	.db #0xfd	; 253
   00CF 86                  246 	.db #0x86	; 134
   00D0 FD                  247 	.db #0xfd	; 253
   00D1 86                  248 	.db #0x86	; 134
   00D2 7E                  249 	.db #0x7e	; 126
   00D3 43                  250 	.db #0x43	; 67	'C'
   00D4 3E                  251 	.db #0x3e	; 62
   00D5 23                  252 	.db #0x23	; 35
   00D6 1E                  253 	.db #0x1e	; 30
   00D7 13                  254 	.db #0x13	; 19
   00D8 8F                  255 	.db #0x8f	; 143
   00D9 09                  256 	.db #0x09	; 9
   00DA 27                  257 	.db #0x27	; 39
   00DB 05                  258 	.db #0x05	; 5
   00DC 43                  259 	.db #0x43	; 67	'C'
   00DD 03                  260 	.db #0x03	; 3
   00DE 89                  261 	.db #0x89	; 137
   00DF 01                  262 	.db #0x01	; 1
   00E0 62                  263 	.db #0x62	; 98	'b'
   00E1 00                  264 	.db #0x00	; 0
   00E2 00                  265 	.db #0x00	; 0
   00E3 00                  266 	.db #0x00	; 0
   00E4 F9                  267 	.db #0xf9	; 249
   00E5 F8                  268 	.db #0xf8	; 248
   00E6 FC                  269 	.db #0xfc	; 252
   00E7 8C                  270 	.db #0x8c	; 140
   00E8 FE                  271 	.db #0xfe	; 254
   00E9 52                  272 	.db #0x52	; 82	'R'
   00EA FF                  273 	.db #0xff	; 255
   00EB 21                  274 	.db #0x21	; 33
   00EC FF                  275 	.db #0xff	; 255
   00ED FF                  276 	.db #0xff	; 255
   00EE FF                  277 	.db #0xff	; 255
   00EF 21                  278 	.db #0x21	; 33
   00F0 FF                  279 	.db #0xff	; 255
   00F1 21                  280 	.db #0x21	; 33
   00F2 FE                  281 	.db #0xfe	; 254
   00F3 42                  282 	.db #0x42	; 66	'B'
   00F4 FC                  283 	.db #0xfc	; 252
   00F5 44                  284 	.db #0x44	; 68	'D'
   00F6 F8                  285 	.db #0xf8	; 248
   00F7 48                  286 	.db #0x48	; 72	'H'
   00F8 F1                  287 	.db #0xf1	; 241
   00F9 90                  288 	.db #0x90	; 144
   00FA E4                  289 	.db #0xe4	; 228
   00FB A0                  290 	.db #0xa0	; 160
   00FC C2                  291 	.db #0xc2	; 194
   00FD C0                  292 	.db #0xc0	; 192
   00FE 91                  293 	.db #0x91	; 145
   00FF 80                  294 	.db #0x80	; 128
   0100 49                  295 	.db #0x49	; 73	'I'
   0101 00                  296 	.db #0x00	; 0
   0102 00                  297 	.db #0x00	; 0
   0103 00                  298 	.db #0x00	; 0
   0104 9F                  299 	.db #0x9f	; 159
   0105 1F                  300 	.db #0x1f	; 31
   0106 37                  301 	.db #0x37	; 55	'7'
   0107 39                  302 	.db #0x39	; 57	'9'
   0108 7B                  303 	.db #0x7b	; 123
   0109 4E                  304 	.db #0x4e	; 78	'N'
   010A FF                  305 	.db #0xff	; 255
   010B 84                  306 	.db #0x84	; 132
   010C FF                  307 	.db #0xff	; 255
   010D FF                  308 	.db #0xff	; 255
   010E F7                  309 	.db #0xf7	; 247
   010F 8C                  310 	.db #0x8c	; 140
   0110 FF                  311 	.db #0xff	; 255
   0111 84                  312 	.db #0x84	; 132
   0112 7B                  313 	.db #0x7b	; 123
   0113 46                  314 	.db #0x46	; 70	'F'
   0114 3B                  315 	.db #0x3b	; 59
   0115 26                  316 	.db #0x26	; 38
   0116 1B                  317 	.db #0x1b	; 27
   0117 16                  318 	.db #0x16	; 22
   0118 4D                  319 	.db #0x4d	; 77	'M'
   0119 0B                  320 	.db #0x0b	; 11
   011A 85                  321 	.db #0x85	; 133
   011B 07                  322 	.db #0x07	; 7
   011C 13                  323 	.db #0x13	; 19
   011D 03                  324 	.db #0x03	; 3
   011E 21                  325 	.db #0x21	; 33
   011F 01                  326 	.db #0x01	; 1
   0120 92                  327 	.db #0x92	; 146
   0121 00                  328 	.db #0x00	; 0
   0122 00                  329 	.db #0x00	; 0
   0123 00                  330 	.db #0x00	; 0
   0124 F9                  331 	.db #0xf9	; 249
   0125 F8                  332 	.db #0xf8	; 248
   0126 FC                  333 	.db #0xfc	; 252
   0127 8C                  334 	.db #0x8c	; 140
   0128 FE                  335 	.db #0xfe	; 254
   0129 52                  336 	.db #0x52	; 82	'R'
   012A FF                  337 	.db #0xff	; 255
   012B 21                  338 	.db #0x21	; 33
   012C FF                  339 	.db #0xff	; 255
   012D FF                  340 	.db #0xff	; 255
   012E FF                  341 	.db #0xff	; 255
   012F 21                  342 	.db #0x21	; 33
   0130 FF                  343 	.db #0xff	; 255
   0131 21                  344 	.db #0x21	; 33
   0132 FE                  345 	.db #0xfe	; 254
   0133 42                  346 	.db #0x42	; 66	'B'
   0134 FC                  347 	.db #0xfc	; 252
   0135 44                  348 	.db #0x44	; 68	'D'
   0136 F8                  349 	.db #0xf8	; 248
   0137 48                  350 	.db #0x48	; 72	'H'
   0138 F2                  351 	.db #0xf2	; 242
   0139 90                  352 	.db #0x90	; 144
   013A E1                  353 	.db #0xe1	; 225
   013B A0                  354 	.db #0xa0	; 160
   013C C8                  355 	.db #0xc8	; 200
   013D C0                  356 	.db #0xc0	; 192
   013E 84                  357 	.db #0x84	; 132
   013F 80                  358 	.db #0x80	; 128
   0140 46                  359 	.db #0x46	; 70	'F'
   0141 00                  360 	.db #0x00	; 0
   0142 00                  361 	.db #0x00	; 0
   0143 00                  362 	.db #0x00	; 0
   0144 9F                  363 	.db #0x9f	; 159
   0145 1F                  364 	.db #0x1f	; 31
   0146 3F                  365 	.db #0x3f	; 63
   0147 31                  366 	.db #0x31	; 49	'1'
   0148 5F                  367 	.db #0x5f	; 95
   0149 6A                  368 	.db #0x6a	; 106	'j'
   014A BF                  369 	.db #0xbf	; 191
   014B C4                  370 	.db #0xc4	; 196
   014C FF                  371 	.db #0xff	; 255
   014D FF                  372 	.db #0xff	; 255
   014E BF                  373 	.db #0xbf	; 191
   014F C4                  374 	.db #0xc4	; 196
   0150 BF                  375 	.db #0xbf	; 191
   0151 C4                  376 	.db #0xc4	; 196
   0152 5F                  377 	.db #0x5f	; 95
   0153 62                  378 	.db #0x62	; 98	'b'
   0154 2F                  379 	.db #0x2f	; 47
   0155 32                  380 	.db #0x32	; 50	'2'
   0156 17                  381 	.db #0x17	; 23
   0157 1A                  382 	.db #0x1a	; 26
   0158 8B                  383 	.db #0x8b	; 139
   0159 0D                  384 	.db #0x0d	; 13
   015A 25                  385 	.db #0x25	; 37
   015B 07                  386 	.db #0x07	; 7
   015C 43                  387 	.db #0x43	; 67	'C'
   015D 03                  388 	.db #0x03	; 3
   015E 89                  389 	.db #0x89	; 137
   015F 01                  390 	.db #0x01	; 1
   0160 62                  391 	.db #0x62	; 98	'b'
   0161 00                  392 	.db #0x00	; 0
   0162 00                  393 	.db #0x00	; 0
   0163 00                  394 	.db #0x00	; 0
   0164 F9                  395 	.db #0xf9	; 249
   0165 F8                  396 	.db #0xf8	; 248
   0166 FC                  397 	.db #0xfc	; 252
   0167 8C                  398 	.db #0x8c	; 140
   0168 FE                  399 	.db #0xfe	; 254
   0169 52                  400 	.db #0x52	; 82	'R'
   016A FF                  401 	.db #0xff	; 255
   016B 21                  402 	.db #0x21	; 33
   016C FF                  403 	.db #0xff	; 255
   016D FF                  404 	.db #0xff	; 255
   016E FF                  405 	.db #0xff	; 255
   016F 21                  406 	.db #0x21	; 33
   0170 FF                  407 	.db #0xff	; 255
   0171 21                  408 	.db #0x21	; 33
   0172 FE                  409 	.db #0xfe	; 254
   0173 42                  410 	.db #0x42	; 66	'B'
   0174 FC                  411 	.db #0xfc	; 252
   0175 44                  412 	.db #0x44	; 68	'D'
   0176 F8                  413 	.db #0xf8	; 248
   0177 48                  414 	.db #0x48	; 72	'H'
   0178 F1                  415 	.db #0xf1	; 241
   0179 90                  416 	.db #0x90	; 144
   017A E4                  417 	.db #0xe4	; 228
   017B A0                  418 	.db #0xa0	; 160
   017C C2                  419 	.db #0xc2	; 194
   017D C0                  420 	.db #0xc0	; 192
   017E 91                  421 	.db #0x91	; 145
   017F 80                  422 	.db #0x80	; 128
   0180 49                  423 	.db #0x49	; 73	'I'
   0181 00                  424 	.db #0x00	; 0
   0182 00                  425 	.db #0x00	; 0
   0183 00                  426 	.db #0x00	; 0
   0184 9F                  427 	.db #0x9f	; 159
   0185 1F                  428 	.db #0x1f	; 31
   0186 3F                  429 	.db #0x3f	; 63
   0187 31                  430 	.db #0x31	; 49	'1'
   0188 7F                  431 	.db #0x7f	; 127
   0189 4A                  432 	.db #0x4a	; 74	'J'
   018A FF                  433 	.db #0xff	; 255
   018B 84                  434 	.db #0x84	; 132
   018C FF                  435 	.db #0xff	; 255
   018D FF                  436 	.db #0xff	; 255
   018E FF                  437 	.db #0xff	; 255
   018F 84                  438 	.db #0x84	; 132
   0190 FF                  439 	.db #0xff	; 255
   0191 84                  440 	.db #0x84	; 132
   0192 7F                  441 	.db #0x7f	; 127
   0193 42                  442 	.db #0x42	; 66	'B'
   0194 3F                  443 	.db #0x3f	; 63
   0195 22                  444 	.db #0x22	; 34
   0196 1F                  445 	.db #0x1f	; 31
   0197 12                  446 	.db #0x12	; 18
   0198 4F                  447 	.db #0x4f	; 79	'O'
   0199 09                  448 	.db #0x09	; 9
   019A 87                  449 	.db #0x87	; 135
   019B 05                  450 	.db #0x05	; 5
   019C 13                  451 	.db #0x13	; 19
   019D 03                  452 	.db #0x03	; 3
   019E 21                  453 	.db #0x21	; 33
   019F 01                  454 	.db #0x01	; 1
   01A0 92                  455 	.db #0x92	; 146
   01A1 00                  456 	.db #0x00	; 0
   01A2 00                  457 	.db #0x00	; 0
   01A3 00                  458 	.db #0x00	; 0
   01A4 F9                  459 	.db #0xf9	; 249
   01A5 F8                  460 	.db #0xf8	; 248
   01A6 FC                  461 	.db #0xfc	; 252
   01A7 8C                  462 	.db #0x8c	; 140
   01A8 FE                  463 	.db #0xfe	; 254
   01A9 52                  464 	.db #0x52	; 82	'R'
   01AA FF                  465 	.db #0xff	; 255
   01AB 21                  466 	.db #0x21	; 33
   01AC FF                  467 	.db #0xff	; 255
   01AD FF                  468 	.db #0xff	; 255
   01AE FF                  469 	.db #0xff	; 255
   01AF 21                  470 	.db #0x21	; 33
   01B0 FF                  471 	.db #0xff	; 255
   01B1 21                  472 	.db #0x21	; 33
   01B2 FE                  473 	.db #0xfe	; 254
   01B3 42                  474 	.db #0x42	; 66	'B'
   01B4 FC                  475 	.db #0xfc	; 252
   01B5 44                  476 	.db #0x44	; 68	'D'
   01B6 F8                  477 	.db #0xf8	; 248
   01B7 48                  478 	.db #0x48	; 72	'H'
   01B8 F2                  479 	.db #0xf2	; 242
   01B9 90                  480 	.db #0x90	; 144
   01BA E1                  481 	.db #0xe1	; 225
   01BB A0                  482 	.db #0xa0	; 160
   01BC C8                  483 	.db #0xc8	; 200
   01BD C0                  484 	.db #0xc0	; 192
   01BE 84                  485 	.db #0x84	; 132
   01BF 80                  486 	.db #0x80	; 128
                            487 	.area _CABS (ABS)
