                              1 ;--------------------------------------------------------
                              2 ; File Created by SDCC : free open source ANSI-C Compiler
                              3 ; Version 3.6.0 #9615 (MINGW64)
                              4 ;--------------------------------------------------------
                              5 	.module door_b3
                              6 	.optsdcc -mgbz80
                              7 	
                              8 ;--------------------------------------------------------
                              9 ; Public variables in this module
                             10 ;--------------------------------------------------------
                             11 	.globl _door
                             12 ;--------------------------------------------------------
                             13 ; ram data
                             14 ;--------------------------------------------------------
                             15 	.area _DATA
                             16 ;--------------------------------------------------------
                             17 ; absolute external ram data
                             18 ;--------------------------------------------------------
                             19 	.area _DABS (ABS)
                             20 ;--------------------------------------------------------
                             21 ; global & static initialisations
                             22 ;--------------------------------------------------------
                             23 	.area _HOME
                             24 	.area _GSINIT
                             25 	.area _GSFINAL
                             26 	.area _GSINIT
                             27 ;--------------------------------------------------------
                             28 ; Home
                             29 ;--------------------------------------------------------
                             30 	.area _HOME
                             31 	.area _HOME
                             32 ;--------------------------------------------------------
                             33 ; code
                             34 ;--------------------------------------------------------
                             35 	.area _CODE
                             36 	.area _CODE
                             37 	.area _CODE_3
   0000                      38 _door:
   0000 1F                   39 	.db #0x1f	; 31
   0001 1F                   40 	.db #0x1f	; 31
   0002 30                   41 	.db #0x30	; 48	'0'
   0003 3F                   42 	.db #0x3f	; 63
   0004 60                   43 	.db #0x60	; 96
   0005 7F                   44 	.db #0x7f	; 127
   0006 C0                   45 	.db #0xc0	; 192
   0007 FF                   46 	.db #0xff	; 255
   0008 80                   47 	.db #0x80	; 128
   0009 FF                   48 	.db #0xff	; 255
   000A 80                   49 	.db #0x80	; 128
   000B FF                   50 	.db #0xff	; 255
   000C 80                   51 	.db #0x80	; 128
   000D FF                   52 	.db #0xff	; 255
   000E FF                   53 	.db #0xff	; 255
   000F 80                   54 	.db #0x80	; 128
   0010 FF                   55 	.db #0xff	; 255
   0011 80                   56 	.db #0x80	; 128
   0012 80                   57 	.db #0x80	; 128
   0013 FF                   58 	.db #0xff	; 255
   0014 80                   59 	.db #0x80	; 128
   0015 FF                   60 	.db #0xff	; 255
   0016 80                   61 	.db #0x80	; 128
   0017 FF                   62 	.db #0xff	; 255
   0018 80                   63 	.db #0x80	; 128
   0019 FF                   64 	.db #0xff	; 255
   001A 80                   65 	.db #0x80	; 128
   001B FF                   66 	.db #0xff	; 255
   001C 80                   67 	.db #0x80	; 128
   001D FF                   68 	.db #0xff	; 255
   001E FF                   69 	.db #0xff	; 255
   001F FF                   70 	.db #0xff	; 255
   0020 F8                   71 	.db #0xf8	; 248
   0021 F8                   72 	.db #0xf8	; 248
   0022 0C                   73 	.db #0x0c	; 12
   0023 FC                   74 	.db #0xfc	; 252
   0024 06                   75 	.db #0x06	; 6
   0025 FE                   76 	.db #0xfe	; 254
   0026 03                   77 	.db #0x03	; 3
   0027 FF                   78 	.db #0xff	; 255
   0028 01                   79 	.db #0x01	; 1
   0029 FF                   80 	.db #0xff	; 255
   002A 01                   81 	.db #0x01	; 1
   002B FF                   82 	.db #0xff	; 255
   002C 31                   83 	.db #0x31	; 49	'1'
   002D FF                   84 	.db #0xff	; 255
   002E FF                   85 	.db #0xff	; 255
   002F 49                   86 	.db #0x49	; 73	'I'
   0030 FF                   87 	.db #0xff	; 255
   0031 49                   88 	.db #0x49	; 73	'I'
   0032 79                   89 	.db #0x79	; 121	'y'
   0033 FF                   90 	.db #0xff	; 255
   0034 69                   91 	.db #0x69	; 105	'i'
   0035 FF                   92 	.db #0xff	; 255
   0036 79                   93 	.db #0x79	; 121	'y'
   0037 FF                   94 	.db #0xff	; 255
   0038 01                   95 	.db #0x01	; 1
   0039 FF                   96 	.db #0xff	; 255
   003A 01                   97 	.db #0x01	; 1
   003B FF                   98 	.db #0xff	; 255
   003C 01                   99 	.db #0x01	; 1
   003D FF                  100 	.db #0xff	; 255
   003E FF                  101 	.db #0xff	; 255
   003F FF                  102 	.db #0xff	; 255
                            103 	.area _CABS (ABS)
