                              1 ;--------------------------------------------------------
                              2 ; File Created by SDCC : free open source ANSI-C Compiler
                              3 ; Version 3.6.0 #9615 (MINGW64)
                              4 ;--------------------------------------------------------
                              5 	.module end_b3
                              6 	.optsdcc -mgbz80
                              7 	
                              8 ;--------------------------------------------------------
                              9 ; Public variables in this module
                             10 ;--------------------------------------------------------
                             11 	.globl _end
                             12 ;--------------------------------------------------------
                             13 ; ram data
                             14 ;--------------------------------------------------------
                             15 	.area _DATA
                             16 ;--------------------------------------------------------
                             17 ; absolute external ram data
                             18 ;--------------------------------------------------------
                             19 	.area _DABS (ABS)
                             20 ;--------------------------------------------------------
                             21 ; global & static initialisations
                             22 ;--------------------------------------------------------
                             23 	.area _HOME
                             24 	.area _GSINIT
                             25 	.area _GSFINAL
                             26 	.area _GSINIT
                             27 ;--------------------------------------------------------
                             28 ; Home
                             29 ;--------------------------------------------------------
                             30 	.area _HOME
                             31 	.area _HOME
                             32 ;--------------------------------------------------------
                             33 ; code
                             34 ;--------------------------------------------------------
                             35 	.area _CODE
                             36 	.area _CODE
                             37 	.area _CODE_3
   0000                      38 _end:
   0000 03                   39 	.db #0x03	; 3
   0001 02                   40 	.db #0x02	; 2
   0002 02                   41 	.db #0x02	; 2
   0003 02                   42 	.db #0x02	; 2
   0004 02                   43 	.db #0x02	; 2
   0005 02                   44 	.db #0x02	; 2
   0006 02                   45 	.db #0x02	; 2
   0007 02                   46 	.db #0x02	; 2
   0008 02                   47 	.db #0x02	; 2
   0009 02                   48 	.db #0x02	; 2
   000A 02                   49 	.db #0x02	; 2
   000B 02                   50 	.db #0x02	; 2
   000C 02                   51 	.db #0x02	; 2
   000D 02                   52 	.db #0x02	; 2
   000E 02                   53 	.db #0x02	; 2
   000F 02                   54 	.db #0x02	; 2
   0010 02                   55 	.db #0x02	; 2
   0011 02                   56 	.db #0x02	; 2
   0012 02                   57 	.db #0x02	; 2
   0013 03                   58 	.db #0x03	; 3
   0014 02                   59 	.db #0x02	; 2
   0015 00                   60 	.db #0x00	; 0
   0016 00                   61 	.db #0x00	; 0
   0017 00                   62 	.db #0x00	; 0
   0018 00                   63 	.db #0x00	; 0
   0019 00                   64 	.db #0x00	; 0
   001A 00                   65 	.db #0x00	; 0
   001B 00                   66 	.db #0x00	; 0
   001C 00                   67 	.db #0x00	; 0
   001D 00                   68 	.db #0x00	; 0
   001E 00                   69 	.db #0x00	; 0
   001F 00                   70 	.db #0x00	; 0
   0020 00                   71 	.db #0x00	; 0
   0021 00                   72 	.db #0x00	; 0
   0022 00                   73 	.db #0x00	; 0
   0023 00                   74 	.db #0x00	; 0
   0024 00                   75 	.db #0x00	; 0
   0025 00                   76 	.db #0x00	; 0
   0026 00                   77 	.db #0x00	; 0
   0027 02                   78 	.db #0x02	; 2
   0028 02                   79 	.db #0x02	; 2
   0029 00                   80 	.db #0x00	; 0
   002A 17                   81 	.db #0x17	; 23
   002B 1E                   82 	.db #0x1e	; 30
   002C 2A                   83 	.db #0x2a	; 42
   002D 29                   84 	.db #0x29	; 41
   002E 22                   85 	.db #0x22	; 34
   002F 2D                   86 	.db #0x2d	; 45
   0030 1C                   87 	.db #0x1c	; 28
   0031 2F                   88 	.db #0x2f	; 47
   0032 30                   89 	.db #0x30	; 48	'0'
   0033 27                   90 	.db #0x27	; 39
   0034 1C                   91 	.db #0x1c	; 28
   0035 2F                   92 	.db #0x2f	; 47
   0036 24                   93 	.db #0x24	; 36
   0037 2A                   94 	.db #0x2a	; 42
   0038 29                   95 	.db #0x29	; 41
   0039 19                   96 	.db #0x19	; 25
   003A 00                   97 	.db #0x00	; 0
   003B 02                   98 	.db #0x02	; 2
   003C 02                   99 	.db #0x02	; 2
   003D 00                  100 	.db #0x00	; 0
   003E 00                  101 	.db #0x00	; 0
   003F 00                  102 	.db #0x00	; 0
   0040 00                  103 	.db #0x00	; 0
   0041 00                  104 	.db #0x00	; 0
   0042 00                  105 	.db #0x00	; 0
   0043 00                  106 	.db #0x00	; 0
   0044 00                  107 	.db #0x00	; 0
   0045 00                  108 	.db #0x00	; 0
   0046 00                  109 	.db #0x00	; 0
   0047 00                  110 	.db #0x00	; 0
   0048 00                  111 	.db #0x00	; 0
   0049 00                  112 	.db #0x00	; 0
   004A 00                  113 	.db #0x00	; 0
   004B 00                  114 	.db #0x00	; 0
   004C 00                  115 	.db #0x00	; 0
   004D 00                  116 	.db #0x00	; 0
   004E 00                  117 	.db #0x00	; 0
   004F 02                  118 	.db #0x02	; 2
   0050 02                  119 	.db #0x02	; 2
   0051 00                  120 	.db #0x00	; 0
   0052 00                  121 	.db #0x00	; 0
   0053 00                  122 	.db #0x00	; 0
   0054 00                  123 	.db #0x00	; 0
   0055 00                  124 	.db #0x00	; 0
   0056 00                  125 	.db #0x00	; 0
   0057 00                  126 	.db #0x00	; 0
   0058 00                  127 	.db #0x00	; 0
   0059 00                  128 	.db #0x00	; 0
   005A 00                  129 	.db #0x00	; 0
   005B 00                  130 	.db #0x00	; 0
   005C 00                  131 	.db #0x00	; 0
   005D 00                  132 	.db #0x00	; 0
   005E 00                  133 	.db #0x00	; 0
   005F 00                  134 	.db #0x00	; 0
   0060 00                  135 	.db #0x00	; 0
   0061 00                  136 	.db #0x00	; 0
   0062 00                  137 	.db #0x00	; 0
   0063 02                  138 	.db #0x02	; 2
   0064 02                  139 	.db #0x02	; 2
   0065 00                  140 	.db #0x00	; 0
   0066 00                  141 	.db #0x00	; 0
   0067 00                  142 	.db #0x00	; 0
   0068 00                  143 	.db #0x00	; 0
   0069 00                  144 	.db #0x00	; 0
   006A 00                  145 	.db #0x00	; 0
   006B 00                  146 	.db #0x00	; 0
   006C 00                  147 	.db #0x00	; 0
   006D 00                  148 	.db #0x00	; 0
   006E 00                  149 	.db #0x00	; 0
   006F 00                  150 	.db #0x00	; 0
   0070 00                  151 	.db #0x00	; 0
   0071 00                  152 	.db #0x00	; 0
   0072 00                  153 	.db #0x00	; 0
   0073 00                  154 	.db #0x00	; 0
   0074 00                  155 	.db #0x00	; 0
   0075 00                  156 	.db #0x00	; 0
   0076 00                  157 	.db #0x00	; 0
   0077 02                  158 	.db #0x02	; 2
   0078 02                  159 	.db #0x02	; 2
   0079 00                  160 	.db #0x00	; 0
   007A 00                  161 	.db #0x00	; 0
   007B 00                  162 	.db #0x00	; 0
   007C 00                  163 	.db #0x00	; 0
   007D 00                  164 	.db #0x00	; 0
   007E 00                  165 	.db #0x00	; 0
   007F 00                  166 	.db #0x00	; 0
   0080 00                  167 	.db #0x00	; 0
   0081 00                  168 	.db #0x00	; 0
   0082 00                  169 	.db #0x00	; 0
   0083 00                  170 	.db #0x00	; 0
   0084 00                  171 	.db #0x00	; 0
   0085 00                  172 	.db #0x00	; 0
   0086 00                  173 	.db #0x00	; 0
   0087 00                  174 	.db #0x00	; 0
   0088 00                  175 	.db #0x00	; 0
   0089 00                  176 	.db #0x00	; 0
   008A 00                  177 	.db #0x00	; 0
   008B 02                  178 	.db #0x02	; 2
   008C 02                  179 	.db #0x02	; 2
   008D 00                  180 	.db #0x00	; 0
   008E 00                  181 	.db #0x00	; 0
   008F 00                  182 	.db #0x00	; 0
   0090 00                  183 	.db #0x00	; 0
   0091 00                  184 	.db #0x00	; 0
   0092 00                  185 	.db #0x00	; 0
   0093 00                  186 	.db #0x00	; 0
   0094 00                  187 	.db #0x00	; 0
   0095 00                  188 	.db #0x00	; 0
   0096 00                  189 	.db #0x00	; 0
   0097 00                  190 	.db #0x00	; 0
   0098 00                  191 	.db #0x00	; 0
   0099 00                  192 	.db #0x00	; 0
   009A 00                  193 	.db #0x00	; 0
   009B 00                  194 	.db #0x00	; 0
   009C 00                  195 	.db #0x00	; 0
   009D 00                  196 	.db #0x00	; 0
   009E 00                  197 	.db #0x00	; 0
   009F 02                  198 	.db #0x02	; 2
   00A0 02                  199 	.db #0x02	; 2
   00A1 00                  200 	.db #0x00	; 0
   00A2 00                  201 	.db #0x00	; 0
   00A3 00                  202 	.db #0x00	; 0
   00A4 00                  203 	.db #0x00	; 0
   00A5 00                  204 	.db #0x00	; 0
   00A6 00                  205 	.db #0x00	; 0
   00A7 00                  206 	.db #0x00	; 0
   00A8 00                  207 	.db #0x00	; 0
   00A9 00                  208 	.db #0x00	; 0
   00AA 00                  209 	.db #0x00	; 0
   00AB 00                  210 	.db #0x00	; 0
   00AC 00                  211 	.db #0x00	; 0
   00AD 00                  212 	.db #0x00	; 0
   00AE 00                  213 	.db #0x00	; 0
   00AF 00                  214 	.db #0x00	; 0
   00B0 00                  215 	.db #0x00	; 0
   00B1 00                  216 	.db #0x00	; 0
   00B2 00                  217 	.db #0x00	; 0
   00B3 02                  218 	.db #0x02	; 2
   00B4 02                  219 	.db #0x02	; 2
   00B5 00                  220 	.db #0x00	; 0
   00B6 00                  221 	.db #0x00	; 0
   00B7 00                  222 	.db #0x00	; 0
   00B8 00                  223 	.db #0x00	; 0
   00B9 00                  224 	.db #0x00	; 0
   00BA 00                  225 	.db #0x00	; 0
   00BB 00                  226 	.db #0x00	; 0
   00BC 00                  227 	.db #0x00	; 0
   00BD 00                  228 	.db #0x00	; 0
   00BE 00                  229 	.db #0x00	; 0
   00BF 00                  230 	.db #0x00	; 0
   00C0 00                  231 	.db #0x00	; 0
   00C1 00                  232 	.db #0x00	; 0
   00C2 00                  233 	.db #0x00	; 0
   00C3 00                  234 	.db #0x00	; 0
   00C4 00                  235 	.db #0x00	; 0
   00C5 00                  236 	.db #0x00	; 0
   00C6 00                  237 	.db #0x00	; 0
   00C7 02                  238 	.db #0x02	; 2
   00C8 02                  239 	.db #0x02	; 2
   00C9 00                  240 	.db #0x00	; 0
   00CA 00                  241 	.db #0x00	; 0
   00CB 00                  242 	.db #0x00	; 0
   00CC 00                  243 	.db #0x00	; 0
   00CD 00                  244 	.db #0x00	; 0
   00CE 00                  245 	.db #0x00	; 0
   00CF 00                  246 	.db #0x00	; 0
   00D0 00                  247 	.db #0x00	; 0
   00D1 00                  248 	.db #0x00	; 0
   00D2 00                  249 	.db #0x00	; 0
   00D3 00                  250 	.db #0x00	; 0
   00D4 00                  251 	.db #0x00	; 0
   00D5 00                  252 	.db #0x00	; 0
   00D6 00                  253 	.db #0x00	; 0
   00D7 00                  254 	.db #0x00	; 0
   00D8 00                  255 	.db #0x00	; 0
   00D9 00                  256 	.db #0x00	; 0
   00DA 00                  257 	.db #0x00	; 0
   00DB 02                  258 	.db #0x02	; 2
   00DC 02                  259 	.db #0x02	; 2
   00DD 00                  260 	.db #0x00	; 0
   00DE 00                  261 	.db #0x00	; 0
   00DF 00                  262 	.db #0x00	; 0
   00E0 00                  263 	.db #0x00	; 0
   00E1 00                  264 	.db #0x00	; 0
   00E2 00                  265 	.db #0x00	; 0
   00E3 00                  266 	.db #0x00	; 0
   00E4 00                  267 	.db #0x00	; 0
   00E5 04                  268 	.db #0x04	; 4
   00E6 04                  269 	.db #0x04	; 4
   00E7 04                  270 	.db #0x04	; 4
   00E8 00                  271 	.db #0x00	; 0
   00E9 00                  272 	.db #0x00	; 0
   00EA 00                  273 	.db #0x00	; 0
   00EB 00                  274 	.db #0x00	; 0
   00EC 00                  275 	.db #0x00	; 0
   00ED 00                  276 	.db #0x00	; 0
   00EE 00                  277 	.db #0x00	; 0
   00EF 02                  278 	.db #0x02	; 2
   00F0 02                  279 	.db #0x02	; 2
   00F1 00                  280 	.db #0x00	; 0
   00F2 00                  281 	.db #0x00	; 0
   00F3 00                  282 	.db #0x00	; 0
   00F4 00                  283 	.db #0x00	; 0
   00F5 00                  284 	.db #0x00	; 0
   00F6 00                  285 	.db #0x00	; 0
   00F7 00                  286 	.db #0x00	; 0
   00F8 04                  287 	.db #0x04	; 4
   00F9 04                  288 	.db #0x04	; 4
   00FA 04                  289 	.db #0x04	; 4
   00FB 04                  290 	.db #0x04	; 4
   00FC 04                  291 	.db #0x04	; 4
   00FD 00                  292 	.db #0x00	; 0
   00FE 00                  293 	.db #0x00	; 0
   00FF 00                  294 	.db #0x00	; 0
   0100 00                  295 	.db #0x00	; 0
   0101 00                  296 	.db #0x00	; 0
   0102 00                  297 	.db #0x00	; 0
   0103 02                  298 	.db #0x02	; 2
   0104 02                  299 	.db #0x02	; 2
   0105 00                  300 	.db #0x00	; 0
   0106 00                  301 	.db #0x00	; 0
   0107 00                  302 	.db #0x00	; 0
   0108 00                  303 	.db #0x00	; 0
   0109 00                  304 	.db #0x00	; 0
   010A 00                  305 	.db #0x00	; 0
   010B 04                  306 	.db #0x04	; 4
   010C 04                  307 	.db #0x04	; 4
   010D 04                  308 	.db #0x04	; 4
   010E 04                  309 	.db #0x04	; 4
   010F 04                  310 	.db #0x04	; 4
   0110 04                  311 	.db #0x04	; 4
   0111 04                  312 	.db #0x04	; 4
   0112 00                  313 	.db #0x00	; 0
   0113 00                  314 	.db #0x00	; 0
   0114 00                  315 	.db #0x00	; 0
   0115 00                  316 	.db #0x00	; 0
   0116 00                  317 	.db #0x00	; 0
   0117 02                  318 	.db #0x02	; 2
   0118 02                  319 	.db #0x02	; 2
   0119 00                  320 	.db #0x00	; 0
   011A 00                  321 	.db #0x00	; 0
   011B 00                  322 	.db #0x00	; 0
   011C 00                  323 	.db #0x00	; 0
   011D 00                  324 	.db #0x00	; 0
   011E 04                  325 	.db #0x04	; 4
   011F 04                  326 	.db #0x04	; 4
   0120 04                  327 	.db #0x04	; 4
   0121 04                  328 	.db #0x04	; 4
   0122 04                  329 	.db #0x04	; 4
   0123 04                  330 	.db #0x04	; 4
   0124 04                  331 	.db #0x04	; 4
   0125 04                  332 	.db #0x04	; 4
   0126 04                  333 	.db #0x04	; 4
   0127 00                  334 	.db #0x00	; 0
   0128 00                  335 	.db #0x00	; 0
   0129 00                  336 	.db #0x00	; 0
   012A 00                  337 	.db #0x00	; 0
   012B 02                  338 	.db #0x02	; 2
   012C 02                  339 	.db #0x02	; 2
   012D 00                  340 	.db #0x00	; 0
   012E 00                  341 	.db #0x00	; 0
   012F 00                  342 	.db #0x00	; 0
   0130 00                  343 	.db #0x00	; 0
   0131 04                  344 	.db #0x04	; 4
   0132 04                  345 	.db #0x04	; 4
   0133 04                  346 	.db #0x04	; 4
   0134 04                  347 	.db #0x04	; 4
   0135 04                  348 	.db #0x04	; 4
   0136 04                  349 	.db #0x04	; 4
   0137 04                  350 	.db #0x04	; 4
   0138 04                  351 	.db #0x04	; 4
   0139 04                  352 	.db #0x04	; 4
   013A 04                  353 	.db #0x04	; 4
   013B 04                  354 	.db #0x04	; 4
   013C 00                  355 	.db #0x00	; 0
   013D 00                  356 	.db #0x00	; 0
   013E 00                  357 	.db #0x00	; 0
   013F 02                  358 	.db #0x02	; 2
   0140 02                  359 	.db #0x02	; 2
   0141 00                  360 	.db #0x00	; 0
   0142 00                  361 	.db #0x00	; 0
   0143 04                  362 	.db #0x04	; 4
   0144 04                  363 	.db #0x04	; 4
   0145 04                  364 	.db #0x04	; 4
   0146 04                  365 	.db #0x04	; 4
   0147 04                  366 	.db #0x04	; 4
   0148 04                  367 	.db #0x04	; 4
   0149 04                  368 	.db #0x04	; 4
   014A 04                  369 	.db #0x04	; 4
   014B 04                  370 	.db #0x04	; 4
   014C 04                  371 	.db #0x04	; 4
   014D 04                  372 	.db #0x04	; 4
   014E 04                  373 	.db #0x04	; 4
   014F 04                  374 	.db #0x04	; 4
   0150 04                  375 	.db #0x04	; 4
   0151 00                  376 	.db #0x00	; 0
   0152 00                  377 	.db #0x00	; 0
   0153 02                  378 	.db #0x02	; 2
   0154 03                  379 	.db #0x03	; 3
   0155 02                  380 	.db #0x02	; 2
   0156 02                  381 	.db #0x02	; 2
   0157 02                  382 	.db #0x02	; 2
   0158 02                  383 	.db #0x02	; 2
   0159 02                  384 	.db #0x02	; 2
   015A 02                  385 	.db #0x02	; 2
   015B 02                  386 	.db #0x02	; 2
   015C 02                  387 	.db #0x02	; 2
   015D 02                  388 	.db #0x02	; 2
   015E 02                  389 	.db #0x02	; 2
   015F 02                  390 	.db #0x02	; 2
   0160 02                  391 	.db #0x02	; 2
   0161 02                  392 	.db #0x02	; 2
   0162 02                  393 	.db #0x02	; 2
   0163 02                  394 	.db #0x02	; 2
   0164 02                  395 	.db #0x02	; 2
   0165 02                  396 	.db #0x02	; 2
   0166 02                  397 	.db #0x02	; 2
   0167 03                  398 	.db #0x03	; 3
                            399 	.area _CABS (ABS)
