                              1 ;--------------------------------------------------------
                              2 ; File Created by SDCC : free open source ANSI-C Compiler
                              3 ; Version 3.6.0 #9615 (MINGW64)
                              4 ;--------------------------------------------------------
                              5 	.module enemy3_b3
                              6 	.optsdcc -mgbz80
                              7 	
                              8 ;--------------------------------------------------------
                              9 ; Public variables in this module
                             10 ;--------------------------------------------------------
                             11 	.globl _enemy3
                             12 ;--------------------------------------------------------
                             13 ; ram data
                             14 ;--------------------------------------------------------
                             15 	.area _DATA
                             16 ;--------------------------------------------------------
                             17 ; absolute external ram data
                             18 ;--------------------------------------------------------
                             19 	.area _DABS (ABS)
                             20 ;--------------------------------------------------------
                             21 ; global & static initialisations
                             22 ;--------------------------------------------------------
                             23 	.area _HOME
                             24 	.area _GSINIT
                             25 	.area _GSFINAL
                             26 	.area _GSINIT
                             27 ;--------------------------------------------------------
                             28 ; Home
                             29 ;--------------------------------------------------------
                             30 	.area _HOME
                             31 	.area _HOME
                             32 ;--------------------------------------------------------
                             33 ; code
                             34 ;--------------------------------------------------------
                             35 	.area _CODE
                             36 	.area _CODE
                             37 	.area _CODE_3
   0000                      38 _enemy3:
   0000 00                   39 	.db #0x00	; 0
   0001 00                   40 	.db #0x00	; 0
   0002 00                   41 	.db #0x00	; 0
   0003 0F                   42 	.db #0x0f	; 15
   0004 00                   43 	.db #0x00	; 0
   0005 10                   44 	.db #0x10	; 16
   0006 00                   45 	.db #0x00	; 0
   0007 10                   46 	.db #0x10	; 16
   0008 00                   47 	.db #0x00	; 0
   0009 37                   48 	.db #0x37	; 55	'7'
   000A 00                   49 	.db #0x00	; 0
   000B 25                   50 	.db #0x25	; 37
   000C 02                   51 	.db #0x02	; 2
   000D 27                   52 	.db #0x27	; 39
   000E 00                   53 	.db #0x00	; 0
   000F 27                   54 	.db #0x27	; 39
   0010 00                   55 	.db #0x00	; 0
   0011 20                   56 	.db #0x20	; 32
   0012 00                   57 	.db #0x00	; 0
   0013 67                   58 	.db #0x67	; 103	'g'
   0014 01                   59 	.db #0x01	; 1
   0015 47                   60 	.db #0x47	; 71	'G'
   0016 00                   61 	.db #0x00	; 0
   0017 43                   62 	.db #0x43	; 67	'C'
   0018 00                   63 	.db #0x00	; 0
   0019 6C                   64 	.db #0x6c	; 108	'l'
   001A 00                   65 	.db #0x00	; 0
   001B 3E                   66 	.db #0x3e	; 62
   001C 00                   67 	.db #0x00	; 0
   001D 23                   68 	.db #0x23	; 35
   001E 00                   69 	.db #0x00	; 0
   001F 00                   70 	.db #0x00	; 0
   0020 00                   71 	.db #0x00	; 0
   0021 00                   72 	.db #0x00	; 0
   0022 00                   73 	.db #0x00	; 0
   0023 F0                   74 	.db #0xf0	; 240
   0024 00                   75 	.db #0x00	; 0
   0025 18                   76 	.db #0x18	; 24
   0026 00                   77 	.db #0x00	; 0
   0027 04                   78 	.db #0x04	; 4
   0028 00                   79 	.db #0x00	; 0
   0029 74                   80 	.db #0x74	; 116	't'
   002A 00                   81 	.db #0x00	; 0
   002B 54                   82 	.db #0x54	; 84	'T'
   002C 20                   83 	.db #0x20	; 32
   002D 74                   84 	.db #0x74	; 116	't'
   002E 00                   85 	.db #0x00	; 0
   002F 74                   86 	.db #0x74	; 116	't'
   0030 00                   87 	.db #0x00	; 0
   0031 04                   88 	.db #0x04	; 4
   0032 00                   89 	.db #0x00	; 0
   0033 C6                   90 	.db #0xc6	; 198
   0034 C0                   91 	.db #0xc0	; 192
   0035 E2                   92 	.db #0xe2	; 226
   0036 00                   93 	.db #0x00	; 0
   0037 E2                   94 	.db #0xe2	; 226
   0038 00                   95 	.db #0x00	; 0
   0039 02                   96 	.db #0x02	; 2
   003A 00                   97 	.db #0x00	; 0
   003B EE                   98 	.db #0xee	; 238
   003C 00                   99 	.db #0x00	; 0
   003D 34                  100 	.db #0x34	; 52	'4'
   003E 00                  101 	.db #0x00	; 0
   003F 00                  102 	.db #0x00	; 0
   0040 00                  103 	.db #0x00	; 0
   0041 00                  104 	.db #0x00	; 0
   0042 00                  105 	.db #0x00	; 0
   0043 0F                  106 	.db #0x0f	; 15
   0044 0F                  107 	.db #0x0f	; 15
   0045 1F                  108 	.db #0x1f	; 31
   0046 0F                  109 	.db #0x0f	; 15
   0047 1F                  110 	.db #0x1f	; 31
   0048 08                  111 	.db #0x08	; 8
   0049 3F                  112 	.db #0x3f	; 63
   004A 18                  113 	.db #0x18	; 24
   004B 3D                  114 	.db #0x3d	; 61
   004C 1A                  115 	.db #0x1a	; 26
   004D 3F                  116 	.db #0x3f	; 63
   004E 18                  117 	.db #0x18	; 24
   004F 3F                  118 	.db #0x3f	; 63
   0050 1F                  119 	.db #0x1f	; 31
   0051 3F                  120 	.db #0x3f	; 63
   0052 18                  121 	.db #0x18	; 24
   0053 7F                  122 	.db #0x7f	; 127
   0054 39                  123 	.db #0x39	; 57	'9'
   0055 7F                  124 	.db #0x7f	; 127
   0056 3C                  125 	.db #0x3c	; 60
   0057 7F                  126 	.db #0x7f	; 127
   0058 13                  127 	.db #0x13	; 19
   0059 7F                  128 	.db #0x7f	; 127
   005A 01                  129 	.db #0x01	; 1
   005B 3F                  130 	.db #0x3f	; 63
   005C 00                  131 	.db #0x00	; 0
   005D 23                  132 	.db #0x23	; 35
   005E 00                  133 	.db #0x00	; 0
   005F 00                  134 	.db #0x00	; 0
   0060 00                  135 	.db #0x00	; 0
   0061 00                  136 	.db #0x00	; 0
   0062 00                  137 	.db #0x00	; 0
   0063 F0                  138 	.db #0xf0	; 240
   0064 E0                  139 	.db #0xe0	; 224
   0065 F8                  140 	.db #0xf8	; 248
   0066 F8                  141 	.db #0xf8	; 248
   0067 FC                  142 	.db #0xfc	; 252
   0068 88                  143 	.db #0x88	; 136
   0069 FC                  144 	.db #0xfc	; 252
   006A 88                  145 	.db #0x88	; 136
   006B DC                  146 	.db #0xdc	; 220
   006C A8                  147 	.db #0xa8	; 168
   006D FC                  148 	.db #0xfc	; 252
   006E 88                  149 	.db #0x88	; 136
   006F FC                  150 	.db #0xfc	; 252
   0070 F8                  151 	.db #0xf8	; 248
   0071 FC                  152 	.db #0xfc	; 252
   0072 38                  153 	.db #0x38	; 56	'8'
   0073 FE                  154 	.db #0xfe	; 254
   0074 DC                  155 	.db #0xdc	; 220
   0075 FE                  156 	.db #0xfe	; 254
   0076 1C                  157 	.db #0x1c	; 28
   0077 FE                  158 	.db #0xfe	; 254
   0078 FC                  159 	.db #0xfc	; 252
   0079 FE                  160 	.db #0xfe	; 254
   007A 10                  161 	.db #0x10	; 16
   007B FE                  162 	.db #0xfe	; 254
   007C 00                  163 	.db #0x00	; 0
   007D 34                  164 	.db #0x34	; 52	'4'
   007E 00                  165 	.db #0x00	; 0
   007F 00                  166 	.db #0x00	; 0
   0080 00                  167 	.db #0x00	; 0
   0081 00                  168 	.db #0x00	; 0
   0082 00                  169 	.db #0x00	; 0
   0083 0F                  170 	.db #0x0f	; 15
   0084 0F                  171 	.db #0x0f	; 15
   0085 10                  172 	.db #0x10	; 16
   0086 0F                  173 	.db #0x0f	; 15
   0087 10                  174 	.db #0x10	; 16
   0088 08                  175 	.db #0x08	; 8
   0089 37                  176 	.db #0x37	; 55	'7'
   008A 18                  177 	.db #0x18	; 24
   008B 25                  178 	.db #0x25	; 37
   008C 1A                  179 	.db #0x1a	; 26
   008D 27                  180 	.db #0x27	; 39
   008E 18                  181 	.db #0x18	; 24
   008F 27                  182 	.db #0x27	; 39
   0090 1F                  183 	.db #0x1f	; 31
   0091 20                  184 	.db #0x20	; 32
   0092 18                  185 	.db #0x18	; 24
   0093 67                  186 	.db #0x67	; 103	'g'
   0094 39                  187 	.db #0x39	; 57	'9'
   0095 47                  188 	.db #0x47	; 71	'G'
   0096 3C                  189 	.db #0x3c	; 60
   0097 43                  190 	.db #0x43	; 67	'C'
   0098 13                  191 	.db #0x13	; 19
   0099 6C                  192 	.db #0x6c	; 108	'l'
   009A 01                  193 	.db #0x01	; 1
   009B 3E                  194 	.db #0x3e	; 62
   009C 00                  195 	.db #0x00	; 0
   009D 23                  196 	.db #0x23	; 35
   009E 00                  197 	.db #0x00	; 0
   009F 00                  198 	.db #0x00	; 0
   00A0 00                  199 	.db #0x00	; 0
   00A1 00                  200 	.db #0x00	; 0
   00A2 00                  201 	.db #0x00	; 0
   00A3 F0                  202 	.db #0xf0	; 240
   00A4 E0                  203 	.db #0xe0	; 224
   00A5 18                  204 	.db #0x18	; 24
   00A6 F8                  205 	.db #0xf8	; 248
   00A7 04                  206 	.db #0x04	; 4
   00A8 88                  207 	.db #0x88	; 136
   00A9 74                  208 	.db #0x74	; 116	't'
   00AA 88                  209 	.db #0x88	; 136
   00AB 54                  210 	.db #0x54	; 84	'T'
   00AC A8                  211 	.db #0xa8	; 168
   00AD 74                  212 	.db #0x74	; 116	't'
   00AE 88                  213 	.db #0x88	; 136
   00AF 74                  214 	.db #0x74	; 116	't'
   00B0 F8                  215 	.db #0xf8	; 248
   00B1 04                  216 	.db #0x04	; 4
   00B2 38                  217 	.db #0x38	; 56	'8'
   00B3 C6                  218 	.db #0xc6	; 198
   00B4 DC                  219 	.db #0xdc	; 220
   00B5 E2                  220 	.db #0xe2	; 226
   00B6 1C                  221 	.db #0x1c	; 28
   00B7 E2                  222 	.db #0xe2	; 226
   00B8 FC                  223 	.db #0xfc	; 252
   00B9 02                  224 	.db #0x02	; 2
   00BA 10                  225 	.db #0x10	; 16
   00BB EE                  226 	.db #0xee	; 238
   00BC 00                  227 	.db #0x00	; 0
   00BD 34                  228 	.db #0x34	; 52	'4'
   00BE 00                  229 	.db #0x00	; 0
   00BF 00                  230 	.db #0x00	; 0
                            231 	.area _CABS (ABS)
