                              1 ;--------------------------------------------------------
                              2 ; File Created by SDCC : free open source ANSI-C Compiler
                              3 ; Version 3.6.0 #9615 (MINGW64)
                              4 ;--------------------------------------------------------
                              5 	.module key_b3
                              6 	.optsdcc -mgbz80
                              7 	
                              8 ;--------------------------------------------------------
                              9 ; Public variables in this module
                             10 ;--------------------------------------------------------
                             11 	.globl _key
                             12 ;--------------------------------------------------------
                             13 ; ram data
                             14 ;--------------------------------------------------------
                             15 	.area _DATA
                             16 ;--------------------------------------------------------
                             17 ; absolute external ram data
                             18 ;--------------------------------------------------------
                             19 	.area _DABS (ABS)
                             20 ;--------------------------------------------------------
                             21 ; global & static initialisations
                             22 ;--------------------------------------------------------
                             23 	.area _HOME
                             24 	.area _GSINIT
                             25 	.area _GSFINAL
                             26 	.area _GSINIT
                             27 ;--------------------------------------------------------
                             28 ; Home
                             29 ;--------------------------------------------------------
                             30 	.area _HOME
                             31 	.area _HOME
                             32 ;--------------------------------------------------------
                             33 ; code
                             34 ;--------------------------------------------------------
                             35 	.area _CODE
                             36 	.area _CODE
                             37 	.area _CODE_3
   0000                      38 _key:
   0000 00                   39 	.db #0x00	; 0
   0001 00                   40 	.db #0x00	; 0
   0002 07                   41 	.db #0x07	; 7
   0003 07                   42 	.db #0x07	; 7
   0004 07                   43 	.db #0x07	; 7
   0005 07                   44 	.db #0x07	; 7
   0006 06                   45 	.db #0x06	; 6
   0007 06                   46 	.db #0x06	; 6
   0008 06                   47 	.db #0x06	; 6
   0009 06                   48 	.db #0x06	; 6
   000A 07                   49 	.db #0x07	; 7
   000B 07                   50 	.db #0x07	; 7
   000C 07                   51 	.db #0x07	; 7
   000D 07                   52 	.db #0x07	; 7
   000E 01                   53 	.db #0x01	; 1
   000F 01                   54 	.db #0x01	; 1
   0010 01                   55 	.db #0x01	; 1
   0011 01                   56 	.db #0x01	; 1
   0012 01                   57 	.db #0x01	; 1
   0013 01                   58 	.db #0x01	; 1
   0014 01                   59 	.db #0x01	; 1
   0015 01                   60 	.db #0x01	; 1
   0016 01                   61 	.db #0x01	; 1
   0017 01                   62 	.db #0x01	; 1
   0018 01                   63 	.db #0x01	; 1
   0019 01                   64 	.db #0x01	; 1
   001A 01                   65 	.db #0x01	; 1
   001B 01                   66 	.db #0x01	; 1
   001C 00                   67 	.db #0x00	; 0
   001D 00                   68 	.db #0x00	; 0
   001E 00                   69 	.db #0x00	; 0
   001F 00                   70 	.db #0x00	; 0
   0020 00                   71 	.db #0x00	; 0
   0021 00                   72 	.db #0x00	; 0
   0022 E0                   73 	.db #0xe0	; 224
   0023 E0                   74 	.db #0xe0	; 224
   0024 E0                   75 	.db #0xe0	; 224
   0025 E0                   76 	.db #0xe0	; 224
   0026 60                   77 	.db #0x60	; 96
   0027 60                   78 	.db #0x60	; 96
   0028 60                   79 	.db #0x60	; 96
   0029 60                   80 	.db #0x60	; 96
   002A E0                   81 	.db #0xe0	; 224
   002B E0                   82 	.db #0xe0	; 224
   002C E0                   83 	.db #0xe0	; 224
   002D E0                   84 	.db #0xe0	; 224
   002E 80                   85 	.db #0x80	; 128
   002F 80                   86 	.db #0x80	; 128
   0030 C0                   87 	.db #0xc0	; 192
   0031 C0                   88 	.db #0xc0	; 192
   0032 C0                   89 	.db #0xc0	; 192
   0033 C0                   90 	.db #0xc0	; 192
   0034 80                   91 	.db #0x80	; 128
   0035 80                   92 	.db #0x80	; 128
   0036 E0                   93 	.db #0xe0	; 224
   0037 E0                   94 	.db #0xe0	; 224
   0038 80                   95 	.db #0x80	; 128
   0039 80                   96 	.db #0x80	; 128
   003A C0                   97 	.db #0xc0	; 192
   003B C0                   98 	.db #0xc0	; 192
   003C 00                   99 	.db #0x00	; 0
   003D 00                  100 	.db #0x00	; 0
   003E 00                  101 	.db #0x00	; 0
   003F 00                  102 	.db #0x00	; 0
   0040 00                  103 	.db #0x00	; 0
   0041 00                  104 	.db #0x00	; 0
   0042 01                  105 	.db #0x01	; 1
   0043 01                  106 	.db #0x01	; 1
   0044 01                  107 	.db #0x01	; 1
   0045 01                  108 	.db #0x01	; 1
   0046 01                  109 	.db #0x01	; 1
   0047 01                  110 	.db #0x01	; 1
   0048 01                  111 	.db #0x01	; 1
   0049 01                  112 	.db #0x01	; 1
   004A 01                  113 	.db #0x01	; 1
   004B 01                  114 	.db #0x01	; 1
   004C 01                  115 	.db #0x01	; 1
   004D 01                  116 	.db #0x01	; 1
   004E 01                  117 	.db #0x01	; 1
   004F 01                  118 	.db #0x01	; 1
   0050 01                  119 	.db #0x01	; 1
   0051 01                  120 	.db #0x01	; 1
   0052 01                  121 	.db #0x01	; 1
   0053 01                  122 	.db #0x01	; 1
   0054 01                  123 	.db #0x01	; 1
   0055 01                  124 	.db #0x01	; 1
   0056 01                  125 	.db #0x01	; 1
   0057 01                  126 	.db #0x01	; 1
   0058 01                  127 	.db #0x01	; 1
   0059 01                  128 	.db #0x01	; 1
   005A 01                  129 	.db #0x01	; 1
   005B 01                  130 	.db #0x01	; 1
   005C 00                  131 	.db #0x00	; 0
   005D 00                  132 	.db #0x00	; 0
   005E 00                  133 	.db #0x00	; 0
   005F 00                  134 	.db #0x00	; 0
   0060 00                  135 	.db #0x00	; 0
   0061 00                  136 	.db #0x00	; 0
   0062 C0                  137 	.db #0xc0	; 192
   0063 C0                  138 	.db #0xc0	; 192
   0064 C0                  139 	.db #0xc0	; 192
   0065 C0                  140 	.db #0xc0	; 192
   0066 C0                  141 	.db #0xc0	; 192
   0067 C0                  142 	.db #0xc0	; 192
   0068 C0                  143 	.db #0xc0	; 192
   0069 C0                  144 	.db #0xc0	; 192
   006A C0                  145 	.db #0xc0	; 192
   006B C0                  146 	.db #0xc0	; 192
   006C C0                  147 	.db #0xc0	; 192
   006D C0                  148 	.db #0xc0	; 192
   006E C0                  149 	.db #0xc0	; 192
   006F C0                  150 	.db #0xc0	; 192
   0070 80                  151 	.db #0x80	; 128
   0071 80                  152 	.db #0x80	; 128
   0072 80                  153 	.db #0x80	; 128
   0073 80                  154 	.db #0x80	; 128
   0074 80                  155 	.db #0x80	; 128
   0075 80                  156 	.db #0x80	; 128
   0076 C0                  157 	.db #0xc0	; 192
   0077 C0                  158 	.db #0xc0	; 192
   0078 80                  159 	.db #0x80	; 128
   0079 80                  160 	.db #0x80	; 128
   007A 80                  161 	.db #0x80	; 128
   007B 80                  162 	.db #0x80	; 128
   007C 00                  163 	.db #0x00	; 0
   007D 00                  164 	.db #0x00	; 0
   007E 00                  165 	.db #0x00	; 0
   007F 00                  166 	.db #0x00	; 0
   0080 00                  167 	.db #0x00	; 0
   0081 00                  168 	.db #0x00	; 0
   0082 01                  169 	.db #0x01	; 1
   0083 01                  170 	.db #0x01	; 1
   0084 01                  171 	.db #0x01	; 1
   0085 01                  172 	.db #0x01	; 1
   0086 01                  173 	.db #0x01	; 1
   0087 01                  174 	.db #0x01	; 1
   0088 01                  175 	.db #0x01	; 1
   0089 01                  176 	.db #0x01	; 1
   008A 01                  177 	.db #0x01	; 1
   008B 01                  178 	.db #0x01	; 1
   008C 01                  179 	.db #0x01	; 1
   008D 01                  180 	.db #0x01	; 1
   008E 01                  181 	.db #0x01	; 1
   008F 01                  182 	.db #0x01	; 1
   0090 01                  183 	.db #0x01	; 1
   0091 01                  184 	.db #0x01	; 1
   0092 01                  185 	.db #0x01	; 1
   0093 01                  186 	.db #0x01	; 1
   0094 01                  187 	.db #0x01	; 1
   0095 01                  188 	.db #0x01	; 1
   0096 01                  189 	.db #0x01	; 1
   0097 01                  190 	.db #0x01	; 1
   0098 01                  191 	.db #0x01	; 1
   0099 01                  192 	.db #0x01	; 1
   009A 01                  193 	.db #0x01	; 1
   009B 01                  194 	.db #0x01	; 1
   009C 00                  195 	.db #0x00	; 0
   009D 00                  196 	.db #0x00	; 0
   009E 00                  197 	.db #0x00	; 0
   009F 00                  198 	.db #0x00	; 0
   00A0 00                  199 	.db #0x00	; 0
   00A1 00                  200 	.db #0x00	; 0
   00A2 80                  201 	.db #0x80	; 128
   00A3 80                  202 	.db #0x80	; 128
   00A4 80                  203 	.db #0x80	; 128
   00A5 80                  204 	.db #0x80	; 128
   00A6 80                  205 	.db #0x80	; 128
   00A7 80                  206 	.db #0x80	; 128
   00A8 80                  207 	.db #0x80	; 128
   00A9 80                  208 	.db #0x80	; 128
   00AA 80                  209 	.db #0x80	; 128
   00AB 80                  210 	.db #0x80	; 128
   00AC 80                  211 	.db #0x80	; 128
   00AD 80                  212 	.db #0x80	; 128
   00AE 80                  213 	.db #0x80	; 128
   00AF 80                  214 	.db #0x80	; 128
   00B0 80                  215 	.db #0x80	; 128
   00B1 80                  216 	.db #0x80	; 128
   00B2 80                  217 	.db #0x80	; 128
   00B3 80                  218 	.db #0x80	; 128
   00B4 80                  219 	.db #0x80	; 128
   00B5 80                  220 	.db #0x80	; 128
   00B6 80                  221 	.db #0x80	; 128
   00B7 80                  222 	.db #0x80	; 128
   00B8 80                  223 	.db #0x80	; 128
   00B9 80                  224 	.db #0x80	; 128
   00BA 80                  225 	.db #0x80	; 128
   00BB 80                  226 	.db #0x80	; 128
   00BC 00                  227 	.db #0x00	; 0
   00BD 00                  228 	.db #0x00	; 0
   00BE 00                  229 	.db #0x00	; 0
   00BF 00                  230 	.db #0x00	; 0
   00C0 00                  231 	.db #0x00	; 0
   00C1 00                  232 	.db #0x00	; 0
   00C2 07                  233 	.db #0x07	; 7
   00C3 07                  234 	.db #0x07	; 7
   00C4 07                  235 	.db #0x07	; 7
   00C5 07                  236 	.db #0x07	; 7
   00C6 06                  237 	.db #0x06	; 6
   00C7 06                  238 	.db #0x06	; 6
   00C8 06                  239 	.db #0x06	; 6
   00C9 06                  240 	.db #0x06	; 6
   00CA 07                  241 	.db #0x07	; 7
   00CB 07                  242 	.db #0x07	; 7
   00CC 07                  243 	.db #0x07	; 7
   00CD 07                  244 	.db #0x07	; 7
   00CE 01                  245 	.db #0x01	; 1
   00CF 01                  246 	.db #0x01	; 1
   00D0 03                  247 	.db #0x03	; 3
   00D1 03                  248 	.db #0x03	; 3
   00D2 03                  249 	.db #0x03	; 3
   00D3 03                  250 	.db #0x03	; 3
   00D4 01                  251 	.db #0x01	; 1
   00D5 01                  252 	.db #0x01	; 1
   00D6 07                  253 	.db #0x07	; 7
   00D7 07                  254 	.db #0x07	; 7
   00D8 01                  255 	.db #0x01	; 1
   00D9 01                  256 	.db #0x01	; 1
   00DA 03                  257 	.db #0x03	; 3
   00DB 03                  258 	.db #0x03	; 3
   00DC 00                  259 	.db #0x00	; 0
   00DD 00                  260 	.db #0x00	; 0
   00DE 00                  261 	.db #0x00	; 0
   00DF 00                  262 	.db #0x00	; 0
   00E0 00                  263 	.db #0x00	; 0
   00E1 00                  264 	.db #0x00	; 0
   00E2 E0                  265 	.db #0xe0	; 224
   00E3 E0                  266 	.db #0xe0	; 224
   00E4 E0                  267 	.db #0xe0	; 224
   00E5 E0                  268 	.db #0xe0	; 224
   00E6 60                  269 	.db #0x60	; 96
   00E7 60                  270 	.db #0x60	; 96
   00E8 60                  271 	.db #0x60	; 96
   00E9 60                  272 	.db #0x60	; 96
   00EA E0                  273 	.db #0xe0	; 224
   00EB E0                  274 	.db #0xe0	; 224
   00EC E0                  275 	.db #0xe0	; 224
   00ED E0                  276 	.db #0xe0	; 224
   00EE 80                  277 	.db #0x80	; 128
   00EF 80                  278 	.db #0x80	; 128
   00F0 80                  279 	.db #0x80	; 128
   00F1 80                  280 	.db #0x80	; 128
   00F2 80                  281 	.db #0x80	; 128
   00F3 80                  282 	.db #0x80	; 128
   00F4 80                  283 	.db #0x80	; 128
   00F5 80                  284 	.db #0x80	; 128
   00F6 80                  285 	.db #0x80	; 128
   00F7 80                  286 	.db #0x80	; 128
   00F8 80                  287 	.db #0x80	; 128
   00F9 80                  288 	.db #0x80	; 128
   00FA 80                  289 	.db #0x80	; 128
   00FB 80                  290 	.db #0x80	; 128
   00FC 00                  291 	.db #0x00	; 0
   00FD 00                  292 	.db #0x00	; 0
   00FE 00                  293 	.db #0x00	; 0
   00FF 00                  294 	.db #0x00	; 0
   0100 00                  295 	.db #0x00	; 0
   0101 00                  296 	.db #0x00	; 0
   0102 03                  297 	.db #0x03	; 3
   0103 03                  298 	.db #0x03	; 3
   0104 03                  299 	.db #0x03	; 3
   0105 03                  300 	.db #0x03	; 3
   0106 03                  301 	.db #0x03	; 3
   0107 03                  302 	.db #0x03	; 3
   0108 03                  303 	.db #0x03	; 3
   0109 03                  304 	.db #0x03	; 3
   010A 03                  305 	.db #0x03	; 3
   010B 03                  306 	.db #0x03	; 3
   010C 03                  307 	.db #0x03	; 3
   010D 03                  308 	.db #0x03	; 3
   010E 03                  309 	.db #0x03	; 3
   010F 03                  310 	.db #0x03	; 3
   0110 01                  311 	.db #0x01	; 1
   0111 01                  312 	.db #0x01	; 1
   0112 01                  313 	.db #0x01	; 1
   0113 01                  314 	.db #0x01	; 1
   0114 01                  315 	.db #0x01	; 1
   0115 01                  316 	.db #0x01	; 1
   0116 03                  317 	.db #0x03	; 3
   0117 03                  318 	.db #0x03	; 3
   0118 01                  319 	.db #0x01	; 1
   0119 01                  320 	.db #0x01	; 1
   011A 01                  321 	.db #0x01	; 1
   011B 01                  322 	.db #0x01	; 1
   011C 00                  323 	.db #0x00	; 0
   011D 00                  324 	.db #0x00	; 0
   011E 00                  325 	.db #0x00	; 0
   011F 00                  326 	.db #0x00	; 0
   0120 00                  327 	.db #0x00	; 0
   0121 00                  328 	.db #0x00	; 0
   0122 80                  329 	.db #0x80	; 128
   0123 80                  330 	.db #0x80	; 128
   0124 80                  331 	.db #0x80	; 128
   0125 80                  332 	.db #0x80	; 128
   0126 80                  333 	.db #0x80	; 128
   0127 80                  334 	.db #0x80	; 128
   0128 80                  335 	.db #0x80	; 128
   0129 80                  336 	.db #0x80	; 128
   012A 80                  337 	.db #0x80	; 128
   012B 80                  338 	.db #0x80	; 128
   012C 80                  339 	.db #0x80	; 128
   012D 80                  340 	.db #0x80	; 128
   012E 80                  341 	.db #0x80	; 128
   012F 80                  342 	.db #0x80	; 128
   0130 80                  343 	.db #0x80	; 128
   0131 80                  344 	.db #0x80	; 128
   0132 80                  345 	.db #0x80	; 128
   0133 80                  346 	.db #0x80	; 128
   0134 80                  347 	.db #0x80	; 128
   0135 80                  348 	.db #0x80	; 128
   0136 80                  349 	.db #0x80	; 128
   0137 80                  350 	.db #0x80	; 128
   0138 80                  351 	.db #0x80	; 128
   0139 80                  352 	.db #0x80	; 128
   013A 80                  353 	.db #0x80	; 128
   013B 80                  354 	.db #0x80	; 128
   013C 00                  355 	.db #0x00	; 0
   013D 00                  356 	.db #0x00	; 0
   013E 00                  357 	.db #0x00	; 0
   013F 00                  358 	.db #0x00	; 0
   0140 00                  359 	.db #0x00	; 0
   0141 00                  360 	.db #0x00	; 0
   0142 01                  361 	.db #0x01	; 1
   0143 01                  362 	.db #0x01	; 1
   0144 01                  363 	.db #0x01	; 1
   0145 01                  364 	.db #0x01	; 1
   0146 01                  365 	.db #0x01	; 1
   0147 01                  366 	.db #0x01	; 1
   0148 01                  367 	.db #0x01	; 1
   0149 01                  368 	.db #0x01	; 1
   014A 01                  369 	.db #0x01	; 1
   014B 01                  370 	.db #0x01	; 1
   014C 01                  371 	.db #0x01	; 1
   014D 01                  372 	.db #0x01	; 1
   014E 01                  373 	.db #0x01	; 1
   014F 01                  374 	.db #0x01	; 1
   0150 01                  375 	.db #0x01	; 1
   0151 01                  376 	.db #0x01	; 1
   0152 01                  377 	.db #0x01	; 1
   0153 01                  378 	.db #0x01	; 1
   0154 01                  379 	.db #0x01	; 1
   0155 01                  380 	.db #0x01	; 1
   0156 01                  381 	.db #0x01	; 1
   0157 01                  382 	.db #0x01	; 1
   0158 01                  383 	.db #0x01	; 1
   0159 01                  384 	.db #0x01	; 1
   015A 01                  385 	.db #0x01	; 1
   015B 01                  386 	.db #0x01	; 1
   015C 00                  387 	.db #0x00	; 0
   015D 00                  388 	.db #0x00	; 0
   015E 00                  389 	.db #0x00	; 0
   015F 00                  390 	.db #0x00	; 0
   0160 00                  391 	.db #0x00	; 0
   0161 00                  392 	.db #0x00	; 0
   0162 80                  393 	.db #0x80	; 128
   0163 80                  394 	.db #0x80	; 128
   0164 80                  395 	.db #0x80	; 128
   0165 80                  396 	.db #0x80	; 128
   0166 80                  397 	.db #0x80	; 128
   0167 80                  398 	.db #0x80	; 128
   0168 80                  399 	.db #0x80	; 128
   0169 80                  400 	.db #0x80	; 128
   016A 80                  401 	.db #0x80	; 128
   016B 80                  402 	.db #0x80	; 128
   016C 80                  403 	.db #0x80	; 128
   016D 80                  404 	.db #0x80	; 128
   016E 80                  405 	.db #0x80	; 128
   016F 80                  406 	.db #0x80	; 128
   0170 80                  407 	.db #0x80	; 128
   0171 80                  408 	.db #0x80	; 128
   0172 80                  409 	.db #0x80	; 128
   0173 80                  410 	.db #0x80	; 128
   0174 80                  411 	.db #0x80	; 128
   0175 80                  412 	.db #0x80	; 128
   0176 80                  413 	.db #0x80	; 128
   0177 80                  414 	.db #0x80	; 128
   0178 80                  415 	.db #0x80	; 128
   0179 80                  416 	.db #0x80	; 128
   017A 80                  417 	.db #0x80	; 128
   017B 80                  418 	.db #0x80	; 128
   017C 00                  419 	.db #0x00	; 0
   017D 00                  420 	.db #0x00	; 0
   017E 00                  421 	.db #0x00	; 0
   017F 00                  422 	.db #0x00	; 0
                            423 	.area _CABS (ABS)
