                              1 ;--------------------------------------------------------
                              2 ; File Created by SDCC : free open source ANSI-C Compiler
                              3 ; Version 3.6.0 #9615 (MINGW64)
                              4 ;--------------------------------------------------------
                              5 	.module map_b3
                              6 	.optsdcc -mgbz80
                              7 	
                              8 ;--------------------------------------------------------
                              9 ; Public variables in this module
                             10 ;--------------------------------------------------------
                             11 	.globl _map
                             12 ;--------------------------------------------------------
                             13 ; ram data
                             14 ;--------------------------------------------------------
                             15 	.area _DATA
                             16 ;--------------------------------------------------------
                             17 ; absolute external ram data
                             18 ;--------------------------------------------------------
                             19 	.area _DABS (ABS)
                             20 ;--------------------------------------------------------
                             21 ; global & static initialisations
                             22 ;--------------------------------------------------------
                             23 	.area _HOME
                             24 	.area _GSINIT
                             25 	.area _GSFINAL
                             26 	.area _GSINIT
                             27 ;--------------------------------------------------------
                             28 ; Home
                             29 ;--------------------------------------------------------
                             30 	.area _HOME
                             31 	.area _HOME
                             32 ;--------------------------------------------------------
                             33 ; code
                             34 ;--------------------------------------------------------
                             35 	.area _CODE
                             36 	.area _CODE
                             37 	.area _CODE_3
   0000                      38 _map:
   0000 01                   39 	.db #0x01	; 1
   0001 01                   40 	.db #0x01	; 1
   0002 01                   41 	.db #0x01	; 1
   0003 01                   42 	.db #0x01	; 1
   0004 01                   43 	.db #0x01	; 1
   0005 01                   44 	.db #0x01	; 1
   0006 01                   45 	.db #0x01	; 1
   0007 01                   46 	.db #0x01	; 1
   0008 01                   47 	.db #0x01	; 1
   0009 01                   48 	.db #0x01	; 1
   000A 01                   49 	.db #0x01	; 1
   000B 01                   50 	.db #0x01	; 1
   000C 01                   51 	.db #0x01	; 1
   000D 01                   52 	.db #0x01	; 1
   000E 01                   53 	.db #0x01	; 1
   000F 01                   54 	.db #0x01	; 1
   0010 01                   55 	.db #0x01	; 1
   0011 01                   56 	.db #0x01	; 1
   0012 01                   57 	.db #0x01	; 1
   0013 01                   58 	.db #0x01	; 1
   0014 01                   59 	.db #0x01	; 1
   0015 01                   60 	.db #0x01	; 1
   0016 01                   61 	.db #0x01	; 1
   0017 01                   62 	.db #0x01	; 1
   0018 01                   63 	.db #0x01	; 1
   0019 01                   64 	.db #0x01	; 1
   001A 01                   65 	.db #0x01	; 1
   001B 01                   66 	.db #0x01	; 1
   001C 01                   67 	.db #0x01	; 1
   001D 01                   68 	.db #0x01	; 1
   001E 01                   69 	.db #0x01	; 1
   001F 01                   70 	.db #0x01	; 1
   0020 01                   71 	.db #0x01	; 1
   0021 01                   72 	.db #0x01	; 1
   0022 01                   73 	.db #0x01	; 1
   0023 01                   74 	.db #0x01	; 1
   0024 01                   75 	.db #0x01	; 1
   0025 01                   76 	.db #0x01	; 1
   0026 01                   77 	.db #0x01	; 1
   0027 01                   78 	.db #0x01	; 1
   0028 01                   79 	.db #0x01	; 1
   0029 00                   80 	.db #0x00	; 0
   002A 00                   81 	.db #0x00	; 0
   002B 00                   82 	.db #0x00	; 0
   002C 00                   83 	.db #0x00	; 0
   002D 00                   84 	.db #0x00	; 0
   002E 00                   85 	.db #0x00	; 0
   002F 01                   86 	.db #0x01	; 1
   0030 01                   87 	.db #0x01	; 1
   0031 01                   88 	.db #0x01	; 1
   0032 01                   89 	.db #0x01	; 1
   0033 01                   90 	.db #0x01	; 1
   0034 01                   91 	.db #0x01	; 1
   0035 01                   92 	.db #0x01	; 1
   0036 01                   93 	.db #0x01	; 1
   0037 01                   94 	.db #0x01	; 1
   0038 01                   95 	.db #0x01	; 1
   0039 01                   96 	.db #0x01	; 1
   003A 01                   97 	.db #0x01	; 1
   003B 00                   98 	.db #0x00	; 0
   003C 00                   99 	.db #0x00	; 0
   003D 00                  100 	.db #0x00	; 0
   003E 00                  101 	.db #0x00	; 0
   003F 00                  102 	.db #0x00	; 0
   0040 00                  103 	.db #0x00	; 0
   0041 00                  104 	.db #0x00	; 0
   0042 00                  105 	.db #0x00	; 0
   0043 00                  106 	.db #0x00	; 0
   0044 00                  107 	.db #0x00	; 0
   0045 00                  108 	.db #0x00	; 0
   0046 00                  109 	.db #0x00	; 0
   0047 00                  110 	.db #0x00	; 0
   0048 00                  111 	.db #0x00	; 0
   0049 00                  112 	.db #0x00	; 0
   004A 00                  113 	.db #0x00	; 0
   004B 00                  114 	.db #0x00	; 0
   004C 00                  115 	.db #0x00	; 0
   004D 00                  116 	.db #0x00	; 0
   004E 00                  117 	.db #0x00	; 0
   004F 01                  118 	.db #0x01	; 1
   0050 01                  119 	.db #0x01	; 1
   0051 00                  120 	.db #0x00	; 0
   0052 00                  121 	.db #0x00	; 0
   0053 00                  122 	.db #0x00	; 0
   0054 00                  123 	.db #0x00	; 0
   0055 00                  124 	.db #0x00	; 0
   0056 00                  125 	.db #0x00	; 0
   0057 01                  126 	.db #0x01	; 1
   0058 01                  127 	.db #0x01	; 1
   0059 01                  128 	.db #0x01	; 1
   005A 01                  129 	.db #0x01	; 1
   005B 01                  130 	.db #0x01	; 1
   005C 01                  131 	.db #0x01	; 1
   005D 01                  132 	.db #0x01	; 1
   005E 01                  133 	.db #0x01	; 1
   005F 01                  134 	.db #0x01	; 1
   0060 01                  135 	.db #0x01	; 1
   0061 01                  136 	.db #0x01	; 1
   0062 01                  137 	.db #0x01	; 1
   0063 00                  138 	.db #0x00	; 0
   0064 00                  139 	.db #0x00	; 0
   0065 00                  140 	.db #0x00	; 0
   0066 00                  141 	.db #0x00	; 0
   0067 00                  142 	.db #0x00	; 0
   0068 00                  143 	.db #0x00	; 0
   0069 00                  144 	.db #0x00	; 0
   006A 00                  145 	.db #0x00	; 0
   006B 00                  146 	.db #0x00	; 0
   006C 00                  147 	.db #0x00	; 0
   006D 00                  148 	.db #0x00	; 0
   006E 00                  149 	.db #0x00	; 0
   006F 00                  150 	.db #0x00	; 0
   0070 00                  151 	.db #0x00	; 0
   0071 00                  152 	.db #0x00	; 0
   0072 00                  153 	.db #0x00	; 0
   0073 00                  154 	.db #0x00	; 0
   0074 00                  155 	.db #0x00	; 0
   0075 00                  156 	.db #0x00	; 0
   0076 00                  157 	.db #0x00	; 0
   0077 01                  158 	.db #0x01	; 1
   0078 01                  159 	.db #0x01	; 1
   0079 00                  160 	.db #0x00	; 0
   007A 00                  161 	.db #0x00	; 0
   007B 00                  162 	.db #0x00	; 0
   007C 00                  163 	.db #0x00	; 0
   007D 00                  164 	.db #0x00	; 0
   007E 00                  165 	.db #0x00	; 0
   007F 00                  166 	.db #0x00	; 0
   0080 00                  167 	.db #0x00	; 0
   0081 00                  168 	.db #0x00	; 0
   0082 00                  169 	.db #0x00	; 0
   0083 00                  170 	.db #0x00	; 0
   0084 00                  171 	.db #0x00	; 0
   0085 00                  172 	.db #0x00	; 0
   0086 00                  173 	.db #0x00	; 0
   0087 00                  174 	.db #0x00	; 0
   0088 00                  175 	.db #0x00	; 0
   0089 00                  176 	.db #0x00	; 0
   008A 00                  177 	.db #0x00	; 0
   008B 00                  178 	.db #0x00	; 0
   008C 00                  179 	.db #0x00	; 0
   008D 00                  180 	.db #0x00	; 0
   008E 00                  181 	.db #0x00	; 0
   008F 00                  182 	.db #0x00	; 0
   0090 00                  183 	.db #0x00	; 0
   0091 00                  184 	.db #0x00	; 0
   0092 00                  185 	.db #0x00	; 0
   0093 00                  186 	.db #0x00	; 0
   0094 00                  187 	.db #0x00	; 0
   0095 00                  188 	.db #0x00	; 0
   0096 00                  189 	.db #0x00	; 0
   0097 00                  190 	.db #0x00	; 0
   0098 00                  191 	.db #0x00	; 0
   0099 00                  192 	.db #0x00	; 0
   009A 00                  193 	.db #0x00	; 0
   009B 00                  194 	.db #0x00	; 0
   009C 00                  195 	.db #0x00	; 0
   009D 00                  196 	.db #0x00	; 0
   009E 00                  197 	.db #0x00	; 0
   009F 01                  198 	.db #0x01	; 1
   00A0 01                  199 	.db #0x01	; 1
   00A1 00                  200 	.db #0x00	; 0
   00A2 00                  201 	.db #0x00	; 0
   00A3 00                  202 	.db #0x00	; 0
   00A4 00                  203 	.db #0x00	; 0
   00A5 FE                  204 	.db #0xfe	; 254
   00A6 FB                  205 	.db #0xfb	; 251
   00A7 00                  206 	.db #0x00	; 0
   00A8 00                  207 	.db #0x00	; 0
   00A9 00                  208 	.db #0x00	; 0
   00AA 00                  209 	.db #0x00	; 0
   00AB 00                  210 	.db #0x00	; 0
   00AC 00                  211 	.db #0x00	; 0
   00AD 00                  212 	.db #0x00	; 0
   00AE 00                  213 	.db #0x00	; 0
   00AF 00                  214 	.db #0x00	; 0
   00B0 00                  215 	.db #0x00	; 0
   00B1 00                  216 	.db #0x00	; 0
   00B2 00                  217 	.db #0x00	; 0
   00B3 00                  218 	.db #0x00	; 0
   00B4 00                  219 	.db #0x00	; 0
   00B5 00                  220 	.db #0x00	; 0
   00B6 00                  221 	.db #0x00	; 0
   00B7 00                  222 	.db #0x00	; 0
   00B8 00                  223 	.db #0x00	; 0
   00B9 00                  224 	.db #0x00	; 0
   00BA 00                  225 	.db #0x00	; 0
   00BB 00                  226 	.db #0x00	; 0
   00BC 00                  227 	.db #0x00	; 0
   00BD 00                  228 	.db #0x00	; 0
   00BE 00                  229 	.db #0x00	; 0
   00BF 00                  230 	.db #0x00	; 0
   00C0 00                  231 	.db #0x00	; 0
   00C1 00                  232 	.db #0x00	; 0
   00C2 00                  233 	.db #0x00	; 0
   00C3 00                  234 	.db #0x00	; 0
   00C4 00                  235 	.db #0x00	; 0
   00C5 00                  236 	.db #0x00	; 0
   00C6 00                  237 	.db #0x00	; 0
   00C7 01                  238 	.db #0x01	; 1
   00C8 01                  239 	.db #0x01	; 1
   00C9 00                  240 	.db #0x00	; 0
   00CA 00                  241 	.db #0x00	; 0
   00CB 00                  242 	.db #0x00	; 0
   00CC 00                  243 	.db #0x00	; 0
   00CD 00                  244 	.db #0x00	; 0
   00CE 00                  245 	.db #0x00	; 0
   00CF 00                  246 	.db #0x00	; 0
   00D0 00                  247 	.db #0x00	; 0
   00D1 00                  248 	.db #0x00	; 0
   00D2 00                  249 	.db #0x00	; 0
   00D3 00                  250 	.db #0x00	; 0
   00D4 00                  251 	.db #0x00	; 0
   00D5 00                  252 	.db #0x00	; 0
   00D6 00                  253 	.db #0x00	; 0
   00D7 00                  254 	.db #0x00	; 0
   00D8 00                  255 	.db #0x00	; 0
   00D9 00                  256 	.db #0x00	; 0
   00DA 00                  257 	.db #0x00	; 0
   00DB 00                  258 	.db #0x00	; 0
   00DC 00                  259 	.db #0x00	; 0
   00DD 00                  260 	.db #0x00	; 0
   00DE 00                  261 	.db #0x00	; 0
   00DF 00                  262 	.db #0x00	; 0
   00E0 00                  263 	.db #0x00	; 0
   00E1 00                  264 	.db #0x00	; 0
   00E2 00                  265 	.db #0x00	; 0
   00E3 00                  266 	.db #0x00	; 0
   00E4 00                  267 	.db #0x00	; 0
   00E5 00                  268 	.db #0x00	; 0
   00E6 00                  269 	.db #0x00	; 0
   00E7 00                  270 	.db #0x00	; 0
   00E8 00                  271 	.db #0x00	; 0
   00E9 00                  272 	.db #0x00	; 0
   00EA 00                  273 	.db #0x00	; 0
   00EB 00                  274 	.db #0x00	; 0
   00EC 00                  275 	.db #0x00	; 0
   00ED 00                  276 	.db #0x00	; 0
   00EE 00                  277 	.db #0x00	; 0
   00EF 01                  278 	.db #0x01	; 1
   00F0 01                  279 	.db #0x01	; 1
   00F1 00                  280 	.db #0x00	; 0
   00F2 00                  281 	.db #0x00	; 0
   00F3 00                  282 	.db #0x00	; 0
   00F4 00                  283 	.db #0x00	; 0
   00F5 00                  284 	.db #0x00	; 0
   00F6 00                  285 	.db #0x00	; 0
   00F7 00                  286 	.db #0x00	; 0
   00F8 00                  287 	.db #0x00	; 0
   00F9 00                  288 	.db #0x00	; 0
   00FA 00                  289 	.db #0x00	; 0
   00FB 00                  290 	.db #0x00	; 0
   00FC 00                  291 	.db #0x00	; 0
   00FD 00                  292 	.db #0x00	; 0
   00FE 00                  293 	.db #0x00	; 0
   00FF 01                  294 	.db #0x01	; 1
   0100 01                  295 	.db #0x01	; 1
   0101 00                  296 	.db #0x00	; 0
   0102 00                  297 	.db #0x00	; 0
   0103 00                  298 	.db #0x00	; 0
   0104 00                  299 	.db #0x00	; 0
   0105 00                  300 	.db #0x00	; 0
   0106 00                  301 	.db #0x00	; 0
   0107 00                  302 	.db #0x00	; 0
   0108 00                  303 	.db #0x00	; 0
   0109 00                  304 	.db #0x00	; 0
   010A 00                  305 	.db #0x00	; 0
   010B 00                  306 	.db #0x00	; 0
   010C 00                  307 	.db #0x00	; 0
   010D 00                  308 	.db #0x00	; 0
   010E 00                  309 	.db #0x00	; 0
   010F 00                  310 	.db #0x00	; 0
   0110 00                  311 	.db #0x00	; 0
   0111 00                  312 	.db #0x00	; 0
   0112 00                  313 	.db #0x00	; 0
   0113 00                  314 	.db #0x00	; 0
   0114 00                  315 	.db #0x00	; 0
   0115 00                  316 	.db #0x00	; 0
   0116 00                  317 	.db #0x00	; 0
   0117 01                  318 	.db #0x01	; 1
   0118 01                  319 	.db #0x01	; 1
   0119 01                  320 	.db #0x01	; 1
   011A 01                  321 	.db #0x01	; 1
   011B 01                  322 	.db #0x01	; 1
   011C 01                  323 	.db #0x01	; 1
   011D 00                  324 	.db #0x00	; 0
   011E 00                  325 	.db #0x00	; 0
   011F 00                  326 	.db #0x00	; 0
   0120 00                  327 	.db #0x00	; 0
   0121 00                  328 	.db #0x00	; 0
   0122 00                  329 	.db #0x00	; 0
   0123 00                  330 	.db #0x00	; 0
   0124 00                  331 	.db #0x00	; 0
   0125 00                  332 	.db #0x00	; 0
   0126 00                  333 	.db #0x00	; 0
   0127 01                  334 	.db #0x01	; 1
   0128 01                  335 	.db #0x01	; 1
   0129 00                  336 	.db #0x00	; 0
   012A 00                  337 	.db #0x00	; 0
   012B 00                  338 	.db #0x00	; 0
   012C 00                  339 	.db #0x00	; 0
   012D 00                  340 	.db #0x00	; 0
   012E 00                  341 	.db #0x00	; 0
   012F 00                  342 	.db #0x00	; 0
   0130 00                  343 	.db #0x00	; 0
   0131 00                  344 	.db #0x00	; 0
   0132 00                  345 	.db #0x00	; 0
   0133 00                  346 	.db #0x00	; 0
   0134 00                  347 	.db #0x00	; 0
   0135 01                  348 	.db #0x01	; 1
   0136 01                  349 	.db #0x01	; 1
   0137 01                  350 	.db #0x01	; 1
   0138 01                  351 	.db #0x01	; 1
   0139 00                  352 	.db #0x00	; 0
   013A 00                  353 	.db #0x00	; 0
   013B 00                  354 	.db #0x00	; 0
   013C 00                  355 	.db #0x00	; 0
   013D 00                  356 	.db #0x00	; 0
   013E 00                  357 	.db #0x00	; 0
   013F 01                  358 	.db #0x01	; 1
   0140 01                  359 	.db #0x01	; 1
   0141 00                  360 	.db #0x00	; 0
   0142 00                  361 	.db #0x00	; 0
   0143 00                  362 	.db #0x00	; 0
   0144 00                  363 	.db #0x00	; 0
   0145 00                  364 	.db #0x00	; 0
   0146 00                  365 	.db #0x00	; 0
   0147 00                  366 	.db #0x00	; 0
   0148 00                  367 	.db #0x00	; 0
   0149 00                  368 	.db #0x00	; 0
   014A 00                  369 	.db #0x00	; 0
   014B 00                  370 	.db #0x00	; 0
   014C 00                  371 	.db #0x00	; 0
   014D 00                  372 	.db #0x00	; 0
   014E 00                  373 	.db #0x00	; 0
   014F 00                  374 	.db #0x00	; 0
   0150 00                  375 	.db #0x00	; 0
   0151 00                  376 	.db #0x00	; 0
   0152 00                  377 	.db #0x00	; 0
   0153 00                  378 	.db #0x00	; 0
   0154 00                  379 	.db #0x00	; 0
   0155 00                  380 	.db #0x00	; 0
   0156 00                  381 	.db #0x00	; 0
   0157 00                  382 	.db #0x00	; 0
   0158 00                  383 	.db #0x00	; 0
   0159 00                  384 	.db #0x00	; 0
   015A 00                  385 	.db #0x00	; 0
   015B 00                  386 	.db #0x00	; 0
   015C 00                  387 	.db #0x00	; 0
   015D 01                  388 	.db #0x01	; 1
   015E 01                  389 	.db #0x01	; 1
   015F 01                  390 	.db #0x01	; 1
   0160 01                  391 	.db #0x01	; 1
   0161 01                  392 	.db #0x01	; 1
   0162 00                  393 	.db #0x00	; 0
   0163 00                  394 	.db #0x00	; 0
   0164 00                  395 	.db #0x00	; 0
   0165 00                  396 	.db #0x00	; 0
   0166 00                  397 	.db #0x00	; 0
   0167 01                  398 	.db #0x01	; 1
   0168 01                  399 	.db #0x01	; 1
   0169 00                  400 	.db #0x00	; 0
   016A 00                  401 	.db #0x00	; 0
   016B 00                  402 	.db #0x00	; 0
   016C 00                  403 	.db #0x00	; 0
   016D 00                  404 	.db #0x00	; 0
   016E 00                  405 	.db #0x00	; 0
   016F 00                  406 	.db #0x00	; 0
   0170 00                  407 	.db #0x00	; 0
   0171 00                  408 	.db #0x00	; 0
   0172 00                  409 	.db #0x00	; 0
   0173 00                  410 	.db #0x00	; 0
   0174 00                  411 	.db #0x00	; 0
   0175 00                  412 	.db #0x00	; 0
   0176 00                  413 	.db #0x00	; 0
   0177 00                  414 	.db #0x00	; 0
   0178 00                  415 	.db #0x00	; 0
   0179 00                  416 	.db #0x00	; 0
   017A 00                  417 	.db #0x00	; 0
   017B 00                  418 	.db #0x00	; 0
   017C 00                  419 	.db #0x00	; 0
   017D 00                  420 	.db #0x00	; 0
   017E 00                  421 	.db #0x00	; 0
   017F 00                  422 	.db #0x00	; 0
   0180 00                  423 	.db #0x00	; 0
   0181 00                  424 	.db #0x00	; 0
   0182 00                  425 	.db #0x00	; 0
   0183 00                  426 	.db #0x00	; 0
   0184 00                  427 	.db #0x00	; 0
   0185 01                  428 	.db #0x01	; 1
   0186 01                  429 	.db #0x01	; 1
   0187 01                  430 	.db #0x01	; 1
   0188 01                  431 	.db #0x01	; 1
   0189 01                  432 	.db #0x01	; 1
   018A 00                  433 	.db #0x00	; 0
   018B 00                  434 	.db #0x00	; 0
   018C 00                  435 	.db #0x00	; 0
   018D 00                  436 	.db #0x00	; 0
   018E 00                  437 	.db #0x00	; 0
   018F 01                  438 	.db #0x01	; 1
   0190 01                  439 	.db #0x01	; 1
   0191 00                  440 	.db #0x00	; 0
   0192 00                  441 	.db #0x00	; 0
   0193 00                  442 	.db #0x00	; 0
   0194 00                  443 	.db #0x00	; 0
   0195 00                  444 	.db #0x00	; 0
   0196 00                  445 	.db #0x00	; 0
   0197 00                  446 	.db #0x00	; 0
   0198 00                  447 	.db #0x00	; 0
   0199 00                  448 	.db #0x00	; 0
   019A 00                  449 	.db #0x00	; 0
   019B 00                  450 	.db #0x00	; 0
   019C 00                  451 	.db #0x00	; 0
   019D 00                  452 	.db #0x00	; 0
   019E 00                  453 	.db #0x00	; 0
   019F 00                  454 	.db #0x00	; 0
   01A0 FE                  455 	.db #0xfe	; 254
   01A1 00                  456 	.db #0x00	; 0
   01A2 00                  457 	.db #0x00	; 0
   01A3 00                  458 	.db #0x00	; 0
   01A4 00                  459 	.db #0x00	; 0
   01A5 00                  460 	.db #0x00	; 0
   01A6 00                  461 	.db #0x00	; 0
   01A7 00                  462 	.db #0x00	; 0
   01A8 00                  463 	.db #0x00	; 0
   01A9 00                  464 	.db #0x00	; 0
   01AA 00                  465 	.db #0x00	; 0
   01AB 00                  466 	.db #0x00	; 0
   01AC 00                  467 	.db #0x00	; 0
   01AD 00                  468 	.db #0x00	; 0
   01AE 01                  469 	.db #0x01	; 1
   01AF 01                  470 	.db #0x01	; 1
   01B0 01                  471 	.db #0x01	; 1
   01B1 01                  472 	.db #0x01	; 1
   01B2 00                  473 	.db #0x00	; 0
   01B3 00                  474 	.db #0x00	; 0
   01B4 00                  475 	.db #0x00	; 0
   01B5 00                  476 	.db #0x00	; 0
   01B6 00                  477 	.db #0x00	; 0
   01B7 01                  478 	.db #0x01	; 1
   01B8 01                  479 	.db #0x01	; 1
   01B9 00                  480 	.db #0x00	; 0
   01BA 00                  481 	.db #0x00	; 0
   01BB 00                  482 	.db #0x00	; 0
   01BC 00                  483 	.db #0x00	; 0
   01BD 00                  484 	.db #0x00	; 0
   01BE 00                  485 	.db #0x00	; 0
   01BF 00                  486 	.db #0x00	; 0
   01C0 01                  487 	.db #0x01	; 1
   01C1 00                  488 	.db #0x00	; 0
   01C2 00                  489 	.db #0x00	; 0
   01C3 00                  490 	.db #0x00	; 0
   01C4 00                  491 	.db #0x00	; 0
   01C5 00                  492 	.db #0x00	; 0
   01C6 00                  493 	.db #0x00	; 0
   01C7 00                  494 	.db #0x00	; 0
   01C8 00                  495 	.db #0x00	; 0
   01C9 00                  496 	.db #0x00	; 0
   01CA 00                  497 	.db #0x00	; 0
   01CB 00                  498 	.db #0x00	; 0
   01CC 01                  499 	.db #0x01	; 1
   01CD 00                  500 	.db #0x00	; 0
   01CE 00                  501 	.db #0x00	; 0
   01CF 00                  502 	.db #0x00	; 0
   01D0 00                  503 	.db #0x00	; 0
   01D1 00                  504 	.db #0x00	; 0
   01D2 00                  505 	.db #0x00	; 0
   01D3 00                  506 	.db #0x00	; 0
   01D4 00                  507 	.db #0x00	; 0
   01D5 00                  508 	.db #0x00	; 0
   01D6 00                  509 	.db #0x00	; 0
   01D7 00                  510 	.db #0x00	; 0
   01D8 00                  511 	.db #0x00	; 0
   01D9 01                  512 	.db #0x01	; 1
   01DA 00                  513 	.db #0x00	; 0
   01DB 00                  514 	.db #0x00	; 0
   01DC 00                  515 	.db #0x00	; 0
   01DD 00                  516 	.db #0x00	; 0
   01DE 00                  517 	.db #0x00	; 0
   01DF 01                  518 	.db #0x01	; 1
   01E0 01                  519 	.db #0x01	; 1
   01E1 00                  520 	.db #0x00	; 0
   01E2 00                  521 	.db #0x00	; 0
   01E3 00                  522 	.db #0x00	; 0
   01E4 00                  523 	.db #0x00	; 0
   01E5 00                  524 	.db #0x00	; 0
   01E6 00                  525 	.db #0x00	; 0
   01E7 00                  526 	.db #0x00	; 0
   01E8 01                  527 	.db #0x01	; 1
   01E9 00                  528 	.db #0x00	; 0
   01EA 00                  529 	.db #0x00	; 0
   01EB 00                  530 	.db #0x00	; 0
   01EC 00                  531 	.db #0x00	; 0
   01ED 00                  532 	.db #0x00	; 0
   01EE 00                  533 	.db #0x00	; 0
   01EF 00                  534 	.db #0x00	; 0
   01F0 00                  535 	.db #0x00	; 0
   01F1 00                  536 	.db #0x00	; 0
   01F2 00                  537 	.db #0x00	; 0
   01F3 00                  538 	.db #0x00	; 0
   01F4 01                  539 	.db #0x01	; 1
   01F5 00                  540 	.db #0x00	; 0
   01F6 00                  541 	.db #0x00	; 0
   01F7 00                  542 	.db #0x00	; 0
   01F8 00                  543 	.db #0x00	; 0
   01F9 00                  544 	.db #0x00	; 0
   01FA 00                  545 	.db #0x00	; 0
   01FB 00                  546 	.db #0x00	; 0
   01FC 00                  547 	.db #0x00	; 0
   01FD 00                  548 	.db #0x00	; 0
   01FE 00                  549 	.db #0x00	; 0
   01FF 00                  550 	.db #0x00	; 0
   0200 00                  551 	.db #0x00	; 0
   0201 01                  552 	.db #0x01	; 1
   0202 00                  553 	.db #0x00	; 0
   0203 00                  554 	.db #0x00	; 0
   0204 FE                  555 	.db #0xfe	; 254
   0205 00                  556 	.db #0x00	; 0
   0206 00                  557 	.db #0x00	; 0
   0207 01                  558 	.db #0x01	; 1
   0208 01                  559 	.db #0x01	; 1
   0209 00                  560 	.db #0x00	; 0
   020A 00                  561 	.db #0x00	; 0
   020B 00                  562 	.db #0x00	; 0
   020C 00                  563 	.db #0x00	; 0
   020D 00                  564 	.db #0x00	; 0
   020E 00                  565 	.db #0x00	; 0
   020F 00                  566 	.db #0x00	; 0
   0210 01                  567 	.db #0x01	; 1
   0211 00                  568 	.db #0x00	; 0
   0212 00                  569 	.db #0x00	; 0
   0213 00                  570 	.db #0x00	; 0
   0214 00                  571 	.db #0x00	; 0
   0215 00                  572 	.db #0x00	; 0
   0216 00                  573 	.db #0x00	; 0
   0217 00                  574 	.db #0x00	; 0
   0218 00                  575 	.db #0x00	; 0
   0219 00                  576 	.db #0x00	; 0
   021A 00                  577 	.db #0x00	; 0
   021B 01                  578 	.db #0x01	; 1
   021C 01                  579 	.db #0x01	; 1
   021D 00                  580 	.db #0x00	; 0
   021E 00                  581 	.db #0x00	; 0
   021F 00                  582 	.db #0x00	; 0
   0220 00                  583 	.db #0x00	; 0
   0221 00                  584 	.db #0x00	; 0
   0222 00                  585 	.db #0x00	; 0
   0223 00                  586 	.db #0x00	; 0
   0224 00                  587 	.db #0x00	; 0
   0225 00                  588 	.db #0x00	; 0
   0226 00                  589 	.db #0x00	; 0
   0227 00                  590 	.db #0x00	; 0
   0228 00                  591 	.db #0x00	; 0
   0229 01                  592 	.db #0x01	; 1
   022A 00                  593 	.db #0x00	; 0
   022B 00                  594 	.db #0x00	; 0
   022C 00                  595 	.db #0x00	; 0
   022D 00                  596 	.db #0x00	; 0
   022E 00                  597 	.db #0x00	; 0
   022F 01                  598 	.db #0x01	; 1
   0230 01                  599 	.db #0x01	; 1
   0231 00                  600 	.db #0x00	; 0
   0232 00                  601 	.db #0x00	; 0
   0233 00                  602 	.db #0x00	; 0
   0234 00                  603 	.db #0x00	; 0
   0235 00                  604 	.db #0x00	; 0
   0236 00                  605 	.db #0x00	; 0
   0237 00                  606 	.db #0x00	; 0
   0238 01                  607 	.db #0x01	; 1
   0239 01                  608 	.db #0x01	; 1
   023A 01                  609 	.db #0x01	; 1
   023B 01                  610 	.db #0x01	; 1
   023C 01                  611 	.db #0x01	; 1
   023D 01                  612 	.db #0x01	; 1
   023E 01                  613 	.db #0x01	; 1
   023F 01                  614 	.db #0x01	; 1
   0240 00                  615 	.db #0x00	; 0
   0241 00                  616 	.db #0x00	; 0
   0242 00                  617 	.db #0x00	; 0
   0243 01                  618 	.db #0x01	; 1
   0244 00                  619 	.db #0x00	; 0
   0245 00                  620 	.db #0x00	; 0
   0246 00                  621 	.db #0x00	; 0
   0247 00                  622 	.db #0x00	; 0
   0248 00                  623 	.db #0x00	; 0
   0249 FE                  624 	.db #0xfe	; 254
   024A 00                  625 	.db #0x00	; 0
   024B 00                  626 	.db #0x00	; 0
   024C 00                  627 	.db #0x00	; 0
   024D 00                  628 	.db #0x00	; 0
   024E 00                  629 	.db #0x00	; 0
   024F 00                  630 	.db #0x00	; 0
   0250 00                  631 	.db #0x00	; 0
   0251 01                  632 	.db #0x01	; 1
   0252 00                  633 	.db #0x00	; 0
   0253 00                  634 	.db #0x00	; 0
   0254 00                  635 	.db #0x00	; 0
   0255 00                  636 	.db #0x00	; 0
   0256 00                  637 	.db #0x00	; 0
   0257 01                  638 	.db #0x01	; 1
   0258 01                  639 	.db #0x01	; 1
   0259 00                  640 	.db #0x00	; 0
   025A 00                  641 	.db #0x00	; 0
   025B 00                  642 	.db #0x00	; 0
   025C 00                  643 	.db #0x00	; 0
   025D 00                  644 	.db #0x00	; 0
   025E 00                  645 	.db #0x00	; 0
   025F 00                  646 	.db #0x00	; 0
   0260 01                  647 	.db #0x01	; 1
   0261 01                  648 	.db #0x01	; 1
   0262 01                  649 	.db #0x01	; 1
   0263 01                  650 	.db #0x01	; 1
   0264 01                  651 	.db #0x01	; 1
   0265 01                  652 	.db #0x01	; 1
   0266 01                  653 	.db #0x01	; 1
   0267 01                  654 	.db #0x01	; 1
   0268 00                  655 	.db #0x00	; 0
   0269 00                  656 	.db #0x00	; 0
   026A 00                  657 	.db #0x00	; 0
   026B 01                  658 	.db #0x01	; 1
   026C 00                  659 	.db #0x00	; 0
   026D 00                  660 	.db #0x00	; 0
   026E 00                  661 	.db #0x00	; 0
   026F 00                  662 	.db #0x00	; 0
   0270 00                  663 	.db #0x00	; 0
   0271 00                  664 	.db #0x00	; 0
   0272 00                  665 	.db #0x00	; 0
   0273 00                  666 	.db #0x00	; 0
   0274 00                  667 	.db #0x00	; 0
   0275 00                  668 	.db #0x00	; 0
   0276 00                  669 	.db #0x00	; 0
   0277 00                  670 	.db #0x00	; 0
   0278 00                  671 	.db #0x00	; 0
   0279 01                  672 	.db #0x01	; 1
   027A 00                  673 	.db #0x00	; 0
   027B 00                  674 	.db #0x00	; 0
   027C 00                  675 	.db #0x00	; 0
   027D 00                  676 	.db #0x00	; 0
   027E 00                  677 	.db #0x00	; 0
   027F 01                  678 	.db #0x01	; 1
   0280 01                  679 	.db #0x01	; 1
   0281 00                  680 	.db #0x00	; 0
   0282 00                  681 	.db #0x00	; 0
   0283 00                  682 	.db #0x00	; 0
   0284 00                  683 	.db #0x00	; 0
   0285 00                  684 	.db #0x00	; 0
   0286 00                  685 	.db #0x00	; 0
   0287 00                  686 	.db #0x00	; 0
   0288 01                  687 	.db #0x01	; 1
   0289 01                  688 	.db #0x01	; 1
   028A 01                  689 	.db #0x01	; 1
   028B 01                  690 	.db #0x01	; 1
   028C 01                  691 	.db #0x01	; 1
   028D 01                  692 	.db #0x01	; 1
   028E 01                  693 	.db #0x01	; 1
   028F 01                  694 	.db #0x01	; 1
   0290 00                  695 	.db #0x00	; 0
   0291 00                  696 	.db #0x00	; 0
   0292 00                  697 	.db #0x00	; 0
   0293 01                  698 	.db #0x01	; 1
   0294 01                  699 	.db #0x01	; 1
   0295 00                  700 	.db #0x00	; 0
   0296 00                  701 	.db #0x00	; 0
   0297 00                  702 	.db #0x00	; 0
   0298 00                  703 	.db #0x00	; 0
   0299 00                  704 	.db #0x00	; 0
   029A 00                  705 	.db #0x00	; 0
   029B 00                  706 	.db #0x00	; 0
   029C 00                  707 	.db #0x00	; 0
   029D 00                  708 	.db #0x00	; 0
   029E 01                  709 	.db #0x01	; 1
   029F 01                  710 	.db #0x01	; 1
   02A0 01                  711 	.db #0x01	; 1
   02A1 01                  712 	.db #0x01	; 1
   02A2 00                  713 	.db #0x00	; 0
   02A3 00                  714 	.db #0x00	; 0
   02A4 00                  715 	.db #0x00	; 0
   02A5 00                  716 	.db #0x00	; 0
   02A6 00                  717 	.db #0x00	; 0
   02A7 01                  718 	.db #0x01	; 1
   02A8 01                  719 	.db #0x01	; 1
   02A9 01                  720 	.db #0x01	; 1
   02AA 01                  721 	.db #0x01	; 1
   02AB 01                  722 	.db #0x01	; 1
   02AC 01                  723 	.db #0x01	; 1
   02AD 01                  724 	.db #0x01	; 1
   02AE 01                  725 	.db #0x01	; 1
   02AF 01                  726 	.db #0x01	; 1
   02B0 01                  727 	.db #0x01	; 1
   02B1 01                  728 	.db #0x01	; 1
   02B2 01                  729 	.db #0x01	; 1
   02B3 01                  730 	.db #0x01	; 1
   02B4 01                  731 	.db #0x01	; 1
   02B5 01                  732 	.db #0x01	; 1
   02B6 01                  733 	.db #0x01	; 1
   02B7 01                  734 	.db #0x01	; 1
   02B8 01                  735 	.db #0x01	; 1
   02B9 01                  736 	.db #0x01	; 1
   02BA 01                  737 	.db #0x01	; 1
   02BB 01                  738 	.db #0x01	; 1
   02BC 01                  739 	.db #0x01	; 1
   02BD 01                  740 	.db #0x01	; 1
   02BE 01                  741 	.db #0x01	; 1
   02BF 01                  742 	.db #0x01	; 1
   02C0 01                  743 	.db #0x01	; 1
   02C1 01                  744 	.db #0x01	; 1
   02C2 01                  745 	.db #0x01	; 1
   02C3 01                  746 	.db #0x01	; 1
   02C4 01                  747 	.db #0x01	; 1
   02C5 01                  748 	.db #0x01	; 1
   02C6 01                  749 	.db #0x01	; 1
   02C7 01                  750 	.db #0x01	; 1
   02C8 01                  751 	.db #0x01	; 1
   02C9 01                  752 	.db #0x01	; 1
   02CA 01                  753 	.db #0x01	; 1
   02CB 01                  754 	.db #0x01	; 1
   02CC 01                  755 	.db #0x01	; 1
   02CD 01                  756 	.db #0x01	; 1
   02CE 01                  757 	.db #0x01	; 1
   02CF 01                  758 	.db #0x01	; 1
                            759 	.area _CABS (ABS)
