                              1 ;--------------------------------------------------------
                              2 ; File Created by SDCC : free open source ANSI-C Compiler
                              3 ; Version 3.6.0 #9615 (MINGW64)
                              4 ;--------------------------------------------------------
                              5 	.module map2_b3
                              6 	.optsdcc -mgbz80
                              7 	
                              8 ;--------------------------------------------------------
                              9 ; Public variables in this module
                             10 ;--------------------------------------------------------
                             11 	.globl _map2
                             12 ;--------------------------------------------------------
                             13 ; ram data
                             14 ;--------------------------------------------------------
                             15 	.area _DATA
                             16 ;--------------------------------------------------------
                             17 ; absolute external ram data
                             18 ;--------------------------------------------------------
                             19 	.area _DABS (ABS)
                             20 ;--------------------------------------------------------
                             21 ; global & static initialisations
                             22 ;--------------------------------------------------------
                             23 	.area _HOME
                             24 	.area _GSINIT
                             25 	.area _GSFINAL
                             26 	.area _GSINIT
                             27 ;--------------------------------------------------------
                             28 ; Home
                             29 ;--------------------------------------------------------
                             30 	.area _HOME
                             31 	.area _HOME
                             32 ;--------------------------------------------------------
                             33 ; code
                             34 ;--------------------------------------------------------
                             35 	.area _CODE
                             36 	.area _CODE
                             37 	.area _CODE_3
   0000                      38 _map2:
   0000 02                   39 	.db #0x02	; 2
   0001 02                   40 	.db #0x02	; 2
   0002 02                   41 	.db #0x02	; 2
   0003 02                   42 	.db #0x02	; 2
   0004 02                   43 	.db #0x02	; 2
   0005 02                   44 	.db #0x02	; 2
   0006 02                   45 	.db #0x02	; 2
   0007 02                   46 	.db #0x02	; 2
   0008 02                   47 	.db #0x02	; 2
   0009 02                   48 	.db #0x02	; 2
   000A 02                   49 	.db #0x02	; 2
   000B 02                   50 	.db #0x02	; 2
   000C 02                   51 	.db #0x02	; 2
   000D 02                   52 	.db #0x02	; 2
   000E 02                   53 	.db #0x02	; 2
   000F 02                   54 	.db #0x02	; 2
   0010 02                   55 	.db #0x02	; 2
   0011 02                   56 	.db #0x02	; 2
   0012 02                   57 	.db #0x02	; 2
   0013 02                   58 	.db #0x02	; 2
   0014 02                   59 	.db #0x02	; 2
   0015 02                   60 	.db #0x02	; 2
   0016 02                   61 	.db #0x02	; 2
   0017 02                   62 	.db #0x02	; 2
   0018 02                   63 	.db #0x02	; 2
   0019 02                   64 	.db #0x02	; 2
   001A 02                   65 	.db #0x02	; 2
   001B 02                   66 	.db #0x02	; 2
   001C 02                   67 	.db #0x02	; 2
   001D 02                   68 	.db #0x02	; 2
   001E 02                   69 	.db #0x02	; 2
   001F 02                   70 	.db #0x02	; 2
   0020 02                   71 	.db #0x02	; 2
   0021 02                   72 	.db #0x02	; 2
   0022 02                   73 	.db #0x02	; 2
   0023 02                   74 	.db #0x02	; 2
   0024 02                   75 	.db #0x02	; 2
   0025 02                   76 	.db #0x02	; 2
   0026 02                   77 	.db #0x02	; 2
   0027 02                   78 	.db #0x02	; 2
   0028 02                   79 	.db #0x02	; 2
   0029 02                   80 	.db #0x02	; 2
   002A 02                   81 	.db #0x02	; 2
   002B 02                   82 	.db #0x02	; 2
   002C 02                   83 	.db #0x02	; 2
   002D 02                   84 	.db #0x02	; 2
   002E 02                   85 	.db #0x02	; 2
   002F 02                   86 	.db #0x02	; 2
   0030 02                   87 	.db #0x02	; 2
   0031 02                   88 	.db #0x02	; 2
   0032 02                   89 	.db #0x02	; 2
   0033 02                   90 	.db #0x02	; 2
   0034 00                   91 	.db #0x00	; 0
   0035 00                   92 	.db #0x00	; 0
   0036 00                   93 	.db #0x00	; 0
   0037 00                   94 	.db #0x00	; 0
   0038 00                   95 	.db #0x00	; 0
   0039 00                   96 	.db #0x00	; 0
   003A 00                   97 	.db #0x00	; 0
   003B 00                   98 	.db #0x00	; 0
   003C 00                   99 	.db #0x00	; 0
   003D 00                  100 	.db #0x00	; 0
   003E 00                  101 	.db #0x00	; 0
   003F 00                  102 	.db #0x00	; 0
   0040 00                  103 	.db #0x00	; 0
   0041 00                  104 	.db #0x00	; 0
   0042 00                  105 	.db #0x00	; 0
   0043 00                  106 	.db #0x00	; 0
   0044 00                  107 	.db #0x00	; 0
   0045 00                  108 	.db #0x00	; 0
   0046 00                  109 	.db #0x00	; 0
   0047 00                  110 	.db #0x00	; 0
   0048 00                  111 	.db #0x00	; 0
   0049 00                  112 	.db #0x00	; 0
   004A 00                  113 	.db #0x00	; 0
   004B 00                  114 	.db #0x00	; 0
   004C 00                  115 	.db #0x00	; 0
   004D 00                  116 	.db #0x00	; 0
   004E 00                  117 	.db #0x00	; 0
   004F 02                  118 	.db #0x02	; 2
   0050 02                  119 	.db #0x02	; 2
   0051 00                  120 	.db #0x00	; 0
   0052 00                  121 	.db #0x00	; 0
   0053 00                  122 	.db #0x00	; 0
   0054 00                  123 	.db #0x00	; 0
   0055 00                  124 	.db #0x00	; 0
   0056 00                  125 	.db #0x00	; 0
   0057 00                  126 	.db #0x00	; 0
   0058 00                  127 	.db #0x00	; 0
   0059 00                  128 	.db #0x00	; 0
   005A 00                  129 	.db #0x00	; 0
   005B 02                  130 	.db #0x02	; 2
   005C 00                  131 	.db #0x00	; 0
   005D 00                  132 	.db #0x00	; 0
   005E 00                  133 	.db #0x00	; 0
   005F 00                  134 	.db #0x00	; 0
   0060 00                  135 	.db #0x00	; 0
   0061 00                  136 	.db #0x00	; 0
   0062 00                  137 	.db #0x00	; 0
   0063 00                  138 	.db #0x00	; 0
   0064 00                  139 	.db #0x00	; 0
   0065 00                  140 	.db #0x00	; 0
   0066 00                  141 	.db #0x00	; 0
   0067 00                  142 	.db #0x00	; 0
   0068 00                  143 	.db #0x00	; 0
   0069 00                  144 	.db #0x00	; 0
   006A 00                  145 	.db #0x00	; 0
   006B 00                  146 	.db #0x00	; 0
   006C 00                  147 	.db #0x00	; 0
   006D 00                  148 	.db #0x00	; 0
   006E 00                  149 	.db #0x00	; 0
   006F 00                  150 	.db #0x00	; 0
   0070 00                  151 	.db #0x00	; 0
   0071 00                  152 	.db #0x00	; 0
   0072 00                  153 	.db #0x00	; 0
   0073 00                  154 	.db #0x00	; 0
   0074 00                  155 	.db #0x00	; 0
   0075 00                  156 	.db #0x00	; 0
   0076 00                  157 	.db #0x00	; 0
   0077 02                  158 	.db #0x02	; 2
   0078 02                  159 	.db #0x02	; 2
   0079 00                  160 	.db #0x00	; 0
   007A 00                  161 	.db #0x00	; 0
   007B 00                  162 	.db #0x00	; 0
   007C 00                  163 	.db #0x00	; 0
   007D 00                  164 	.db #0x00	; 0
   007E 00                  165 	.db #0x00	; 0
   007F 00                  166 	.db #0x00	; 0
   0080 00                  167 	.db #0x00	; 0
   0081 00                  168 	.db #0x00	; 0
   0082 00                  169 	.db #0x00	; 0
   0083 02                  170 	.db #0x02	; 2
   0084 00                  171 	.db #0x00	; 0
   0085 00                  172 	.db #0x00	; 0
   0086 00                  173 	.db #0x00	; 0
   0087 00                  174 	.db #0x00	; 0
   0088 00                  175 	.db #0x00	; 0
   0089 00                  176 	.db #0x00	; 0
   008A 00                  177 	.db #0x00	; 0
   008B 00                  178 	.db #0x00	; 0
   008C 00                  179 	.db #0x00	; 0
   008D 00                  180 	.db #0x00	; 0
   008E 00                  181 	.db #0x00	; 0
   008F 00                  182 	.db #0x00	; 0
   0090 00                  183 	.db #0x00	; 0
   0091 00                  184 	.db #0x00	; 0
   0092 00                  185 	.db #0x00	; 0
   0093 00                  186 	.db #0x00	; 0
   0094 00                  187 	.db #0x00	; 0
   0095 00                  188 	.db #0x00	; 0
   0096 00                  189 	.db #0x00	; 0
   0097 00                  190 	.db #0x00	; 0
   0098 00                  191 	.db #0x00	; 0
   0099 00                  192 	.db #0x00	; 0
   009A 00                  193 	.db #0x00	; 0
   009B 00                  194 	.db #0x00	; 0
   009C 00                  195 	.db #0x00	; 0
   009D 00                  196 	.db #0x00	; 0
   009E 00                  197 	.db #0x00	; 0
   009F 02                  198 	.db #0x02	; 2
   00A0 02                  199 	.db #0x02	; 2
   00A1 00                  200 	.db #0x00	; 0
   00A2 00                  201 	.db #0x00	; 0
   00A3 00                  202 	.db #0x00	; 0
   00A4 00                  203 	.db #0x00	; 0
   00A5 00                  204 	.db #0x00	; 0
   00A6 FB                  205 	.db #0xfb	; 251
   00A7 00                  206 	.db #0x00	; 0
   00A8 00                  207 	.db #0x00	; 0
   00A9 00                  208 	.db #0x00	; 0
   00AA 00                  209 	.db #0x00	; 0
   00AB 02                  210 	.db #0x02	; 2
   00AC 00                  211 	.db #0x00	; 0
   00AD 00                  212 	.db #0x00	; 0
   00AE 00                  213 	.db #0x00	; 0
   00AF 00                  214 	.db #0x00	; 0
   00B0 00                  215 	.db #0x00	; 0
   00B1 00                  216 	.db #0x00	; 0
   00B2 00                  217 	.db #0x00	; 0
   00B3 00                  218 	.db #0x00	; 0
   00B4 00                  219 	.db #0x00	; 0
   00B5 01                  220 	.db #0x01	; 1
   00B6 01                  221 	.db #0x01	; 1
   00B7 01                  222 	.db #0x01	; 1
   00B8 00                  223 	.db #0x00	; 0
   00B9 00                  224 	.db #0x00	; 0
   00BA 00                  225 	.db #0x00	; 0
   00BB 00                  226 	.db #0x00	; 0
   00BC 00                  227 	.db #0x00	; 0
   00BD 00                  228 	.db #0x00	; 0
   00BE 00                  229 	.db #0x00	; 0
   00BF 01                  230 	.db #0x01	; 1
   00C0 00                  231 	.db #0x00	; 0
   00C1 00                  232 	.db #0x00	; 0
   00C2 00                  233 	.db #0x00	; 0
   00C3 00                  234 	.db #0x00	; 0
   00C4 00                  235 	.db #0x00	; 0
   00C5 00                  236 	.db #0x00	; 0
   00C6 00                  237 	.db #0x00	; 0
   00C7 02                  238 	.db #0x02	; 2
   00C8 02                  239 	.db #0x02	; 2
   00C9 00                  240 	.db #0x00	; 0
   00CA 00                  241 	.db #0x00	; 0
   00CB 00                  242 	.db #0x00	; 0
   00CC 00                  243 	.db #0x00	; 0
   00CD 00                  244 	.db #0x00	; 0
   00CE 00                  245 	.db #0x00	; 0
   00CF 00                  246 	.db #0x00	; 0
   00D0 00                  247 	.db #0x00	; 0
   00D1 00                  248 	.db #0x00	; 0
   00D2 00                  249 	.db #0x00	; 0
   00D3 02                  250 	.db #0x02	; 2
   00D4 00                  251 	.db #0x00	; 0
   00D5 00                  252 	.db #0x00	; 0
   00D6 00                  253 	.db #0x00	; 0
   00D7 00                  254 	.db #0x00	; 0
   00D8 00                  255 	.db #0x00	; 0
   00D9 00                  256 	.db #0x00	; 0
   00DA 00                  257 	.db #0x00	; 0
   00DB 00                  258 	.db #0x00	; 0
   00DC 01                  259 	.db #0x01	; 1
   00DD 01                  260 	.db #0x01	; 1
   00DE 01                  261 	.db #0x01	; 1
   00DF 01                  262 	.db #0x01	; 1
   00E0 01                  263 	.db #0x01	; 1
   00E1 00                  264 	.db #0x00	; 0
   00E2 00                  265 	.db #0x00	; 0
   00E3 00                  266 	.db #0x00	; 0
   00E4 00                  267 	.db #0x00	; 0
   00E5 00                  268 	.db #0x00	; 0
   00E6 01                  269 	.db #0x01	; 1
   00E7 01                  270 	.db #0x01	; 1
   00E8 01                  271 	.db #0x01	; 1
   00E9 00                  272 	.db #0x00	; 0
   00EA 00                  273 	.db #0x00	; 0
   00EB 00                  274 	.db #0x00	; 0
   00EC 00                  275 	.db #0x00	; 0
   00ED 00                  276 	.db #0x00	; 0
   00EE 00                  277 	.db #0x00	; 0
   00EF 02                  278 	.db #0x02	; 2
   00F0 02                  279 	.db #0x02	; 2
   00F1 00                  280 	.db #0x00	; 0
   00F2 00                  281 	.db #0x00	; 0
   00F3 00                  282 	.db #0x00	; 0
   00F4 00                  283 	.db #0x00	; 0
   00F5 00                  284 	.db #0x00	; 0
   00F6 00                  285 	.db #0x00	; 0
   00F7 00                  286 	.db #0x00	; 0
   00F8 00                  287 	.db #0x00	; 0
   00F9 00                  288 	.db #0x00	; 0
   00FA 00                  289 	.db #0x00	; 0
   00FB 02                  290 	.db #0x02	; 2
   00FC 00                  291 	.db #0x00	; 0
   00FD 00                  292 	.db #0x00	; 0
   00FE 00                  293 	.db #0x00	; 0
   00FF 00                  294 	.db #0x00	; 0
   0100 00                  295 	.db #0x00	; 0
   0101 00                  296 	.db #0x00	; 0
   0102 00                  297 	.db #0x00	; 0
   0103 01                  298 	.db #0x01	; 1
   0104 01                  299 	.db #0x01	; 1
   0105 01                  300 	.db #0x01	; 1
   0106 01                  301 	.db #0x01	; 1
   0107 01                  302 	.db #0x01	; 1
   0108 01                  303 	.db #0x01	; 1
   0109 00                  304 	.db #0x00	; 0
   010A 00                  305 	.db #0x00	; 0
   010B 00                  306 	.db #0x00	; 0
   010C 00                  307 	.db #0x00	; 0
   010D 00                  308 	.db #0x00	; 0
   010E 01                  309 	.db #0x01	; 1
   010F 01                  310 	.db #0x01	; 1
   0110 01                  311 	.db #0x01	; 1
   0111 01                  312 	.db #0x01	; 1
   0112 00                  313 	.db #0x00	; 0
   0113 00                  314 	.db #0x00	; 0
   0114 00                  315 	.db #0x00	; 0
   0115 00                  316 	.db #0x00	; 0
   0116 00                  317 	.db #0x00	; 0
   0117 02                  318 	.db #0x02	; 2
   0118 02                  319 	.db #0x02	; 2
   0119 00                  320 	.db #0x00	; 0
   011A 00                  321 	.db #0x00	; 0
   011B 00                  322 	.db #0x00	; 0
   011C 00                  323 	.db #0x00	; 0
   011D 00                  324 	.db #0x00	; 0
   011E 00                  325 	.db #0x00	; 0
   011F 00                  326 	.db #0x00	; 0
   0120 00                  327 	.db #0x00	; 0
   0121 00                  328 	.db #0x00	; 0
   0122 00                  329 	.db #0x00	; 0
   0123 02                  330 	.db #0x02	; 2
   0124 00                  331 	.db #0x00	; 0
   0125 00                  332 	.db #0x00	; 0
   0126 00                  333 	.db #0x00	; 0
   0127 00                  334 	.db #0x00	; 0
   0128 00                  335 	.db #0x00	; 0
   0129 00                  336 	.db #0x00	; 0
   012A 01                  337 	.db #0x01	; 1
   012B 01                  338 	.db #0x01	; 1
   012C 01                  339 	.db #0x01	; 1
   012D 01                  340 	.db #0x01	; 1
   012E 01                  341 	.db #0x01	; 1
   012F 01                  342 	.db #0x01	; 1
   0130 01                  343 	.db #0x01	; 1
   0131 01                  344 	.db #0x01	; 1
   0132 00                  345 	.db #0x00	; 0
   0133 00                  346 	.db #0x00	; 0
   0134 00                  347 	.db #0x00	; 0
   0135 00                  348 	.db #0x00	; 0
   0136 01                  349 	.db #0x01	; 1
   0137 01                  350 	.db #0x01	; 1
   0138 01                  351 	.db #0x01	; 1
   0139 00                  352 	.db #0x00	; 0
   013A 00                  353 	.db #0x00	; 0
   013B 00                  354 	.db #0x00	; 0
   013C 00                  355 	.db #0x00	; 0
   013D 00                  356 	.db #0x00	; 0
   013E 00                  357 	.db #0x00	; 0
   013F 02                  358 	.db #0x02	; 2
   0140 02                  359 	.db #0x02	; 2
   0141 00                  360 	.db #0x00	; 0
   0142 00                  361 	.db #0x00	; 0
   0143 00                  362 	.db #0x00	; 0
   0144 00                  363 	.db #0x00	; 0
   0145 00                  364 	.db #0x00	; 0
   0146 00                  365 	.db #0x00	; 0
   0147 00                  366 	.db #0x00	; 0
   0148 00                  367 	.db #0x00	; 0
   0149 00                  368 	.db #0x00	; 0
   014A 00                  369 	.db #0x00	; 0
   014B 02                  370 	.db #0x02	; 2
   014C 00                  371 	.db #0x00	; 0
   014D 00                  372 	.db #0x00	; 0
   014E 00                  373 	.db #0x00	; 0
   014F 00                  374 	.db #0x00	; 0
   0150 00                  375 	.db #0x00	; 0
   0151 00                  376 	.db #0x00	; 0
   0152 01                  377 	.db #0x01	; 1
   0153 01                  378 	.db #0x01	; 1
   0154 01                  379 	.db #0x01	; 1
   0155 01                  380 	.db #0x01	; 1
   0156 01                  381 	.db #0x01	; 1
   0157 01                  382 	.db #0x01	; 1
   0158 01                  383 	.db #0x01	; 1
   0159 01                  384 	.db #0x01	; 1
   015A 00                  385 	.db #0x00	; 0
   015B 00                  386 	.db #0x00	; 0
   015C 00                  387 	.db #0x00	; 0
   015D 00                  388 	.db #0x00	; 0
   015E 01                  389 	.db #0x01	; 1
   015F 01                  390 	.db #0x01	; 1
   0160 00                  391 	.db #0x00	; 0
   0161 00                  392 	.db #0x00	; 0
   0162 00                  393 	.db #0x00	; 0
   0163 00                  394 	.db #0x00	; 0
   0164 00                  395 	.db #0x00	; 0
   0165 00                  396 	.db #0x00	; 0
   0166 00                  397 	.db #0x00	; 0
   0167 02                  398 	.db #0x02	; 2
   0168 02                  399 	.db #0x02	; 2
   0169 00                  400 	.db #0x00	; 0
   016A 00                  401 	.db #0x00	; 0
   016B 00                  402 	.db #0x00	; 0
   016C 00                  403 	.db #0x00	; 0
   016D 00                  404 	.db #0x00	; 0
   016E 00                  405 	.db #0x00	; 0
   016F 00                  406 	.db #0x00	; 0
   0170 00                  407 	.db #0x00	; 0
   0171 00                  408 	.db #0x00	; 0
   0172 00                  409 	.db #0x00	; 0
   0173 00                  410 	.db #0x00	; 0
   0174 00                  411 	.db #0x00	; 0
   0175 00                  412 	.db #0x00	; 0
   0176 00                  413 	.db #0x00	; 0
   0177 00                  414 	.db #0x00	; 0
   0178 00                  415 	.db #0x00	; 0
   0179 00                  416 	.db #0x00	; 0
   017A 01                  417 	.db #0x01	; 1
   017B 01                  418 	.db #0x01	; 1
   017C 01                  419 	.db #0x01	; 1
   017D 01                  420 	.db #0x01	; 1
   017E 01                  421 	.db #0x01	; 1
   017F 01                  422 	.db #0x01	; 1
   0180 01                  423 	.db #0x01	; 1
   0181 01                  424 	.db #0x01	; 1
   0182 01                  425 	.db #0x01	; 1
   0183 01                  426 	.db #0x01	; 1
   0184 01                  427 	.db #0x01	; 1
   0185 01                  428 	.db #0x01	; 1
   0186 00                  429 	.db #0x00	; 0
   0187 00                  430 	.db #0x00	; 0
   0188 00                  431 	.db #0x00	; 0
   0189 00                  432 	.db #0x00	; 0
   018A 00                  433 	.db #0x00	; 0
   018B 00                  434 	.db #0x00	; 0
   018C 00                  435 	.db #0x00	; 0
   018D 00                  436 	.db #0x00	; 0
   018E 00                  437 	.db #0x00	; 0
   018F 02                  438 	.db #0x02	; 2
   0190 02                  439 	.db #0x02	; 2
   0191 00                  440 	.db #0x00	; 0
   0192 00                  441 	.db #0x00	; 0
   0193 00                  442 	.db #0x00	; 0
   0194 00                  443 	.db #0x00	; 0
   0195 00                  444 	.db #0x00	; 0
   0196 00                  445 	.db #0x00	; 0
   0197 00                  446 	.db #0x00	; 0
   0198 00                  447 	.db #0x00	; 0
   0199 00                  448 	.db #0x00	; 0
   019A 00                  449 	.db #0x00	; 0
   019B 00                  450 	.db #0x00	; 0
   019C 00                  451 	.db #0x00	; 0
   019D 00                  452 	.db #0x00	; 0
   019E 00                  453 	.db #0x00	; 0
   019F 00                  454 	.db #0x00	; 0
   01A0 00                  455 	.db #0x00	; 0
   01A1 01                  456 	.db #0x01	; 1
   01A2 01                  457 	.db #0x01	; 1
   01A3 01                  458 	.db #0x01	; 1
   01A4 01                  459 	.db #0x01	; 1
   01A5 00                  460 	.db #0x00	; 0
   01A6 00                  461 	.db #0x00	; 0
   01A7 00                  462 	.db #0x00	; 0
   01A8 00                  463 	.db #0x00	; 0
   01A9 00                  464 	.db #0x00	; 0
   01AA 00                  465 	.db #0x00	; 0
   01AB 00                  466 	.db #0x00	; 0
   01AC 00                  467 	.db #0x00	; 0
   01AD 00                  468 	.db #0x00	; 0
   01AE 00                  469 	.db #0x00	; 0
   01AF 00                  470 	.db #0x00	; 0
   01B0 00                  471 	.db #0x00	; 0
   01B1 00                  472 	.db #0x00	; 0
   01B2 01                  473 	.db #0x01	; 1
   01B3 00                  474 	.db #0x00	; 0
   01B4 00                  475 	.db #0x00	; 0
   01B5 00                  476 	.db #0x00	; 0
   01B6 00                  477 	.db #0x00	; 0
   01B7 02                  478 	.db #0x02	; 2
   01B8 02                  479 	.db #0x02	; 2
   01B9 00                  480 	.db #0x00	; 0
   01BA 00                  481 	.db #0x00	; 0
   01BB 00                  482 	.db #0x00	; 0
   01BC 00                  483 	.db #0x00	; 0
   01BD 00                  484 	.db #0x00	; 0
   01BE 00                  485 	.db #0x00	; 0
   01BF 00                  486 	.db #0x00	; 0
   01C0 00                  487 	.db #0x00	; 0
   01C1 00                  488 	.db #0x00	; 0
   01C2 00                  489 	.db #0x00	; 0
   01C3 00                  490 	.db #0x00	; 0
   01C4 00                  491 	.db #0x00	; 0
   01C5 00                  492 	.db #0x00	; 0
   01C6 00                  493 	.db #0x00	; 0
   01C7 00                  494 	.db #0x00	; 0
   01C8 00                  495 	.db #0x00	; 0
   01C9 01                  496 	.db #0x01	; 1
   01CA 01                  497 	.db #0x01	; 1
   01CB 01                  498 	.db #0x01	; 1
   01CC 01                  499 	.db #0x01	; 1
   01CD 00                  500 	.db #0x00	; 0
   01CE 00                  501 	.db #0x00	; 0
   01CF 00                  502 	.db #0x00	; 0
   01D0 00                  503 	.db #0x00	; 0
   01D1 00                  504 	.db #0x00	; 0
   01D2 00                  505 	.db #0x00	; 0
   01D3 00                  506 	.db #0x00	; 0
   01D4 00                  507 	.db #0x00	; 0
   01D5 00                  508 	.db #0x00	; 0
   01D6 00                  509 	.db #0x00	; 0
   01D7 00                  510 	.db #0x00	; 0
   01D8 00                  511 	.db #0x00	; 0
   01D9 00                  512 	.db #0x00	; 0
   01DA 01                  513 	.db #0x01	; 1
   01DB 00                  514 	.db #0x00	; 0
   01DC 00                  515 	.db #0x00	; 0
   01DD 00                  516 	.db #0x00	; 0
   01DE 00                  517 	.db #0x00	; 0
   01DF 02                  518 	.db #0x02	; 2
   01E0 02                  519 	.db #0x02	; 2
   01E1 00                  520 	.db #0x00	; 0
   01E2 00                  521 	.db #0x00	; 0
   01E3 00                  522 	.db #0x00	; 0
   01E4 00                  523 	.db #0x00	; 0
   01E5 00                  524 	.db #0x00	; 0
   01E6 00                  525 	.db #0x00	; 0
   01E7 00                  526 	.db #0x00	; 0
   01E8 00                  527 	.db #0x00	; 0
   01E9 00                  528 	.db #0x00	; 0
   01EA 00                  529 	.db #0x00	; 0
   01EB 00                  530 	.db #0x00	; 0
   01EC 00                  531 	.db #0x00	; 0
   01ED 00                  532 	.db #0x00	; 0
   01EE 00                  533 	.db #0x00	; 0
   01EF 00                  534 	.db #0x00	; 0
   01F0 00                  535 	.db #0x00	; 0
   01F1 01                  536 	.db #0x01	; 1
   01F2 01                  537 	.db #0x01	; 1
   01F3 01                  538 	.db #0x01	; 1
   01F4 01                  539 	.db #0x01	; 1
   01F5 00                  540 	.db #0x00	; 0
   01F6 00                  541 	.db #0x00	; 0
   01F7 00                  542 	.db #0x00	; 0
   01F8 00                  543 	.db #0x00	; 0
   01F9 00                  544 	.db #0x00	; 0
   01FA 00                  545 	.db #0x00	; 0
   01FB 00                  546 	.db #0x00	; 0
   01FC 00                  547 	.db #0x00	; 0
   01FD 00                  548 	.db #0x00	; 0
   01FE 00                  549 	.db #0x00	; 0
   01FF 00                  550 	.db #0x00	; 0
   0200 00                  551 	.db #0x00	; 0
   0201 01                  552 	.db #0x01	; 1
   0202 00                  553 	.db #0x00	; 0
   0203 00                  554 	.db #0x00	; 0
   0204 00                  555 	.db #0x00	; 0
   0205 00                  556 	.db #0x00	; 0
   0206 00                  557 	.db #0x00	; 0
   0207 02                  558 	.db #0x02	; 2
   0208 02                  559 	.db #0x02	; 2
   0209 00                  560 	.db #0x00	; 0
   020A 00                  561 	.db #0x00	; 0
   020B 00                  562 	.db #0x00	; 0
   020C 00                  563 	.db #0x00	; 0
   020D 00                  564 	.db #0x00	; 0
   020E 00                  565 	.db #0x00	; 0
   020F 00                  566 	.db #0x00	; 0
   0210 00                  567 	.db #0x00	; 0
   0211 00                  568 	.db #0x00	; 0
   0212 00                  569 	.db #0x00	; 0
   0213 00                  570 	.db #0x00	; 0
   0214 00                  571 	.db #0x00	; 0
   0215 00                  572 	.db #0x00	; 0
   0216 00                  573 	.db #0x00	; 0
   0217 00                  574 	.db #0x00	; 0
   0218 00                  575 	.db #0x00	; 0
   0219 00                  576 	.db #0x00	; 0
   021A 00                  577 	.db #0x00	; 0
   021B 01                  578 	.db #0x01	; 1
   021C 01                  579 	.db #0x01	; 1
   021D 01                  580 	.db #0x01	; 1
   021E 01                  581 	.db #0x01	; 1
   021F 01                  582 	.db #0x01	; 1
   0220 01                  583 	.db #0x01	; 1
   0221 01                  584 	.db #0x01	; 1
   0222 01                  585 	.db #0x01	; 1
   0223 01                  586 	.db #0x01	; 1
   0224 01                  587 	.db #0x01	; 1
   0225 01                  588 	.db #0x01	; 1
   0226 01                  589 	.db #0x01	; 1
   0227 01                  590 	.db #0x01	; 1
   0228 01                  591 	.db #0x01	; 1
   0229 01                  592 	.db #0x01	; 1
   022A 00                  593 	.db #0x00	; 0
   022B 00                  594 	.db #0x00	; 0
   022C 00                  595 	.db #0x00	; 0
   022D 00                  596 	.db #0x00	; 0
   022E 00                  597 	.db #0x00	; 0
   022F 02                  598 	.db #0x02	; 2
   0230 02                  599 	.db #0x02	; 2
   0231 00                  600 	.db #0x00	; 0
   0232 00                  601 	.db #0x00	; 0
   0233 00                  602 	.db #0x00	; 0
   0234 00                  603 	.db #0x00	; 0
   0235 00                  604 	.db #0x00	; 0
   0236 00                  605 	.db #0x00	; 0
   0237 00                  606 	.db #0x00	; 0
   0238 00                  607 	.db #0x00	; 0
   0239 00                  608 	.db #0x00	; 0
   023A 00                  609 	.db #0x00	; 0
   023B 00                  610 	.db #0x00	; 0
   023C 00                  611 	.db #0x00	; 0
   023D 00                  612 	.db #0x00	; 0
   023E 00                  613 	.db #0x00	; 0
   023F 00                  614 	.db #0x00	; 0
   0240 00                  615 	.db #0x00	; 0
   0241 00                  616 	.db #0x00	; 0
   0242 00                  617 	.db #0x00	; 0
   0243 00                  618 	.db #0x00	; 0
   0244 00                  619 	.db #0x00	; 0
   0245 00                  620 	.db #0x00	; 0
   0246 00                  621 	.db #0x00	; 0
   0247 00                  622 	.db #0x00	; 0
   0248 00                  623 	.db #0x00	; 0
   0249 00                  624 	.db #0x00	; 0
   024A 00                  625 	.db #0x00	; 0
   024B 00                  626 	.db #0x00	; 0
   024C 00                  627 	.db #0x00	; 0
   024D 00                  628 	.db #0x00	; 0
   024E 00                  629 	.db #0x00	; 0
   024F 00                  630 	.db #0x00	; 0
   0250 00                  631 	.db #0x00	; 0
   0251 00                  632 	.db #0x00	; 0
   0252 00                  633 	.db #0x00	; 0
   0253 00                  634 	.db #0x00	; 0
   0254 00                  635 	.db #0x00	; 0
   0255 00                  636 	.db #0x00	; 0
   0256 00                  637 	.db #0x00	; 0
   0257 02                  638 	.db #0x02	; 2
   0258 02                  639 	.db #0x02	; 2
   0259 00                  640 	.db #0x00	; 0
   025A 00                  641 	.db #0x00	; 0
   025B 00                  642 	.db #0x00	; 0
   025C 00                  643 	.db #0x00	; 0
   025D 00                  644 	.db #0x00	; 0
   025E 00                  645 	.db #0x00	; 0
   025F 00                  646 	.db #0x00	; 0
   0260 00                  647 	.db #0x00	; 0
   0261 00                  648 	.db #0x00	; 0
   0262 00                  649 	.db #0x00	; 0
   0263 00                  650 	.db #0x00	; 0
   0264 00                  651 	.db #0x00	; 0
   0265 00                  652 	.db #0x00	; 0
   0266 00                  653 	.db #0x00	; 0
   0267 00                  654 	.db #0x00	; 0
   0268 00                  655 	.db #0x00	; 0
   0269 00                  656 	.db #0x00	; 0
   026A 00                  657 	.db #0x00	; 0
   026B 00                  658 	.db #0x00	; 0
   026C 00                  659 	.db #0x00	; 0
   026D 00                  660 	.db #0x00	; 0
   026E 00                  661 	.db #0x00	; 0
   026F 00                  662 	.db #0x00	; 0
   0270 00                  663 	.db #0x00	; 0
   0271 00                  664 	.db #0x00	; 0
   0272 00                  665 	.db #0x00	; 0
   0273 00                  666 	.db #0x00	; 0
   0274 00                  667 	.db #0x00	; 0
   0275 00                  668 	.db #0x00	; 0
   0276 00                  669 	.db #0x00	; 0
   0277 00                  670 	.db #0x00	; 0
   0278 00                  671 	.db #0x00	; 0
   0279 00                  672 	.db #0x00	; 0
   027A 00                  673 	.db #0x00	; 0
   027B 00                  674 	.db #0x00	; 0
   027C 00                  675 	.db #0x00	; 0
   027D 00                  676 	.db #0x00	; 0
   027E 00                  677 	.db #0x00	; 0
   027F 02                  678 	.db #0x02	; 2
   0280 02                  679 	.db #0x02	; 2
   0281 00                  680 	.db #0x00	; 0
   0282 00                  681 	.db #0x00	; 0
   0283 00                  682 	.db #0x00	; 0
   0284 00                  683 	.db #0x00	; 0
   0285 00                  684 	.db #0x00	; 0
   0286 00                  685 	.db #0x00	; 0
   0287 00                  686 	.db #0x00	; 0
   0288 00                  687 	.db #0x00	; 0
   0289 00                  688 	.db #0x00	; 0
   028A 00                  689 	.db #0x00	; 0
   028B 00                  690 	.db #0x00	; 0
   028C 00                  691 	.db #0x00	; 0
   028D 00                  692 	.db #0x00	; 0
   028E 00                  693 	.db #0x00	; 0
   028F 00                  694 	.db #0x00	; 0
   0290 00                  695 	.db #0x00	; 0
   0291 00                  696 	.db #0x00	; 0
   0292 00                  697 	.db #0x00	; 0
   0293 00                  698 	.db #0x00	; 0
   0294 00                  699 	.db #0x00	; 0
   0295 00                  700 	.db #0x00	; 0
   0296 00                  701 	.db #0x00	; 0
   0297 00                  702 	.db #0x00	; 0
   0298 00                  703 	.db #0x00	; 0
   0299 00                  704 	.db #0x00	; 0
   029A 00                  705 	.db #0x00	; 0
   029B 00                  706 	.db #0x00	; 0
   029C 00                  707 	.db #0x00	; 0
   029D 00                  708 	.db #0x00	; 0
   029E 00                  709 	.db #0x00	; 0
   029F 00                  710 	.db #0x00	; 0
   02A0 00                  711 	.db #0x00	; 0
   02A1 00                  712 	.db #0x00	; 0
   02A2 00                  713 	.db #0x00	; 0
   02A3 00                  714 	.db #0x00	; 0
   02A4 00                  715 	.db #0x00	; 0
   02A5 00                  716 	.db #0x00	; 0
   02A6 00                  717 	.db #0x00	; 0
   02A7 02                  718 	.db #0x02	; 2
   02A8 02                  719 	.db #0x02	; 2
   02A9 02                  720 	.db #0x02	; 2
   02AA 02                  721 	.db #0x02	; 2
   02AB 02                  722 	.db #0x02	; 2
   02AC 02                  723 	.db #0x02	; 2
   02AD 02                  724 	.db #0x02	; 2
   02AE 02                  725 	.db #0x02	; 2
   02AF 02                  726 	.db #0x02	; 2
   02B0 02                  727 	.db #0x02	; 2
   02B1 02                  728 	.db #0x02	; 2
   02B2 02                  729 	.db #0x02	; 2
   02B3 02                  730 	.db #0x02	; 2
   02B4 02                  731 	.db #0x02	; 2
   02B5 02                  732 	.db #0x02	; 2
   02B6 02                  733 	.db #0x02	; 2
   02B7 02                  734 	.db #0x02	; 2
   02B8 02                  735 	.db #0x02	; 2
   02B9 02                  736 	.db #0x02	; 2
   02BA 02                  737 	.db #0x02	; 2
   02BB 02                  738 	.db #0x02	; 2
   02BC 02                  739 	.db #0x02	; 2
   02BD 02                  740 	.db #0x02	; 2
   02BE 02                  741 	.db #0x02	; 2
   02BF 02                  742 	.db #0x02	; 2
   02C0 02                  743 	.db #0x02	; 2
   02C1 02                  744 	.db #0x02	; 2
   02C2 02                  745 	.db #0x02	; 2
   02C3 02                  746 	.db #0x02	; 2
   02C4 02                  747 	.db #0x02	; 2
   02C5 02                  748 	.db #0x02	; 2
   02C6 02                  749 	.db #0x02	; 2
   02C7 02                  750 	.db #0x02	; 2
   02C8 02                  751 	.db #0x02	; 2
   02C9 02                  752 	.db #0x02	; 2
   02CA 02                  753 	.db #0x02	; 2
   02CB 02                  754 	.db #0x02	; 2
   02CC 02                  755 	.db #0x02	; 2
   02CD 02                  756 	.db #0x02	; 2
   02CE 02                  757 	.db #0x02	; 2
   02CF 02                  758 	.db #0x02	; 2
                            759 	.area _CABS (ABS)
