                              1 ;--------------------------------------------------------
                              2 ; File Created by SDCC : free open source ANSI-C Compiler
                              3 ; Version 3.6.0 #9615 (MINGW64)
                              4 ;--------------------------------------------------------
                              5 	.module map5_b3
                              6 	.optsdcc -mgbz80
                              7 	
                              8 ;--------------------------------------------------------
                              9 ; Public variables in this module
                             10 ;--------------------------------------------------------
                             11 	.globl _map5
                             12 ;--------------------------------------------------------
                             13 ; ram data
                             14 ;--------------------------------------------------------
                             15 	.area _DATA
                             16 ;--------------------------------------------------------
                             17 ; absolute external ram data
                             18 ;--------------------------------------------------------
                             19 	.area _DABS (ABS)
                             20 ;--------------------------------------------------------
                             21 ; global & static initialisations
                             22 ;--------------------------------------------------------
                             23 	.area _HOME
                             24 	.area _GSINIT
                             25 	.area _GSFINAL
                             26 	.area _GSINIT
                             27 ;--------------------------------------------------------
                             28 ; Home
                             29 ;--------------------------------------------------------
                             30 	.area _HOME
                             31 	.area _HOME
                             32 ;--------------------------------------------------------
                             33 ; code
                             34 ;--------------------------------------------------------
                             35 	.area _CODE
                             36 	.area _CODE
                             37 	.area _CODE_3
   0000                      38 _map5:
   0000 02                   39 	.db #0x02	; 2
   0001 02                   40 	.db #0x02	; 2
   0002 02                   41 	.db #0x02	; 2
   0003 02                   42 	.db #0x02	; 2
   0004 02                   43 	.db #0x02	; 2
   0005 02                   44 	.db #0x02	; 2
   0006 02                   45 	.db #0x02	; 2
   0007 02                   46 	.db #0x02	; 2
   0008 02                   47 	.db #0x02	; 2
   0009 02                   48 	.db #0x02	; 2
   000A 02                   49 	.db #0x02	; 2
   000B 02                   50 	.db #0x02	; 2
   000C 02                   51 	.db #0x02	; 2
   000D 02                   52 	.db #0x02	; 2
   000E 02                   53 	.db #0x02	; 2
   000F 02                   54 	.db #0x02	; 2
   0010 02                   55 	.db #0x02	; 2
   0011 02                   56 	.db #0x02	; 2
   0012 02                   57 	.db #0x02	; 2
   0013 02                   58 	.db #0x02	; 2
   0014 02                   59 	.db #0x02	; 2
   0015 02                   60 	.db #0x02	; 2
   0016 02                   61 	.db #0x02	; 2
   0017 02                   62 	.db #0x02	; 2
   0018 02                   63 	.db #0x02	; 2
   0019 02                   64 	.db #0x02	; 2
   001A 02                   65 	.db #0x02	; 2
   001B 02                   66 	.db #0x02	; 2
   001C 02                   67 	.db #0x02	; 2
   001D 02                   68 	.db #0x02	; 2
   001E 02                   69 	.db #0x02	; 2
   001F 02                   70 	.db #0x02	; 2
   0020 02                   71 	.db #0x02	; 2
   0021 02                   72 	.db #0x02	; 2
   0022 02                   73 	.db #0x02	; 2
   0023 02                   74 	.db #0x02	; 2
   0024 02                   75 	.db #0x02	; 2
   0025 02                   76 	.db #0x02	; 2
   0026 02                   77 	.db #0x02	; 2
   0027 02                   78 	.db #0x02	; 2
   0028 02                   79 	.db #0x02	; 2
   0029 02                   80 	.db #0x02	; 2
   002A 02                   81 	.db #0x02	; 2
   002B 02                   82 	.db #0x02	; 2
   002C 02                   83 	.db #0x02	; 2
   002D 02                   84 	.db #0x02	; 2
   002E 02                   85 	.db #0x02	; 2
   002F 02                   86 	.db #0x02	; 2
   0030 02                   87 	.db #0x02	; 2
   0031 02                   88 	.db #0x02	; 2
   0032 02                   89 	.db #0x02	; 2
   0033 02                   90 	.db #0x02	; 2
   0034 02                   91 	.db #0x02	; 2
   0035 02                   92 	.db #0x02	; 2
   0036 02                   93 	.db #0x02	; 2
   0037 02                   94 	.db #0x02	; 2
   0038 02                   95 	.db #0x02	; 2
   0039 00                   96 	.db #0x00	; 0
   003A 00                   97 	.db #0x00	; 0
   003B 00                   98 	.db #0x00	; 0
   003C 00                   99 	.db #0x00	; 0
   003D 00                  100 	.db #0x00	; 0
   003E 00                  101 	.db #0x00	; 0
   003F 00                  102 	.db #0x00	; 0
   0040 00                  103 	.db #0x00	; 0
   0041 00                  104 	.db #0x00	; 0
   0042 00                  105 	.db #0x00	; 0
   0043 00                  106 	.db #0x00	; 0
   0044 02                  107 	.db #0x02	; 2
   0045 00                  108 	.db #0x00	; 0
   0046 00                  109 	.db #0x00	; 0
   0047 00                  110 	.db #0x00	; 0
   0048 00                  111 	.db #0x00	; 0
   0049 00                  112 	.db #0x00	; 0
   004A 00                  113 	.db #0x00	; 0
   004B 00                  114 	.db #0x00	; 0
   004C 00                  115 	.db #0x00	; 0
   004D 00                  116 	.db #0x00	; 0
   004E 00                  117 	.db #0x00	; 0
   004F 00                  118 	.db #0x00	; 0
   0050 00                  119 	.db #0x00	; 0
   0051 00                  120 	.db #0x00	; 0
   0052 00                  121 	.db #0x00	; 0
   0053 00                  122 	.db #0x00	; 0
   0054 00                  123 	.db #0x00	; 0
   0055 00                  124 	.db #0x00	; 0
   0056 00                  125 	.db #0x00	; 0
   0057 00                  126 	.db #0x00	; 0
   0058 00                  127 	.db #0x00	; 0
   0059 00                  128 	.db #0x00	; 0
   005A 02                  129 	.db #0x02	; 2
   005B 00                  130 	.db #0x00	; 0
   005C 00                  131 	.db #0x00	; 0
   005D 00                  132 	.db #0x00	; 0
   005E 00                  133 	.db #0x00	; 0
   005F 00                  134 	.db #0x00	; 0
   0060 00                  135 	.db #0x00	; 0
   0061 00                  136 	.db #0x00	; 0
   0062 00                  137 	.db #0x00	; 0
   0063 00                  138 	.db #0x00	; 0
   0064 00                  139 	.db #0x00	; 0
   0065 00                  140 	.db #0x00	; 0
   0066 00                  141 	.db #0x00	; 0
   0067 00                  142 	.db #0x00	; 0
   0068 00                  143 	.db #0x00	; 0
   0069 00                  144 	.db #0x00	; 0
   006A 00                  145 	.db #0x00	; 0
   006B 00                  146 	.db #0x00	; 0
   006C 00                  147 	.db #0x00	; 0
   006D 00                  148 	.db #0x00	; 0
   006E 00                  149 	.db #0x00	; 0
   006F 02                  150 	.db #0x02	; 2
   0070 02                  151 	.db #0x02	; 2
   0071 00                  152 	.db #0x00	; 0
   0072 00                  153 	.db #0x00	; 0
   0073 00                  154 	.db #0x00	; 0
   0074 00                  155 	.db #0x00	; 0
   0075 00                  156 	.db #0x00	; 0
   0076 00                  157 	.db #0x00	; 0
   0077 00                  158 	.db #0x00	; 0
   0078 00                  159 	.db #0x00	; 0
   0079 00                  160 	.db #0x00	; 0
   007A 00                  161 	.db #0x00	; 0
   007B 00                  162 	.db #0x00	; 0
   007C 02                  163 	.db #0x02	; 2
   007D 00                  164 	.db #0x00	; 0
   007E 00                  165 	.db #0x00	; 0
   007F 00                  166 	.db #0x00	; 0
   0080 00                  167 	.db #0x00	; 0
   0081 00                  168 	.db #0x00	; 0
   0082 00                  169 	.db #0x00	; 0
   0083 00                  170 	.db #0x00	; 0
   0084 00                  171 	.db #0x00	; 0
   0085 00                  172 	.db #0x00	; 0
   0086 00                  173 	.db #0x00	; 0
   0087 00                  174 	.db #0x00	; 0
   0088 00                  175 	.db #0x00	; 0
   0089 00                  176 	.db #0x00	; 0
   008A 00                  177 	.db #0x00	; 0
   008B 00                  178 	.db #0x00	; 0
   008C 00                  179 	.db #0x00	; 0
   008D 00                  180 	.db #0x00	; 0
   008E 00                  181 	.db #0x00	; 0
   008F 00                  182 	.db #0x00	; 0
   0090 00                  183 	.db #0x00	; 0
   0091 00                  184 	.db #0x00	; 0
   0092 02                  185 	.db #0x02	; 2
   0093 00                  186 	.db #0x00	; 0
   0094 00                  187 	.db #0x00	; 0
   0095 00                  188 	.db #0x00	; 0
   0096 00                  189 	.db #0x00	; 0
   0097 00                  190 	.db #0x00	; 0
   0098 00                  191 	.db #0x00	; 0
   0099 00                  192 	.db #0x00	; 0
   009A 00                  193 	.db #0x00	; 0
   009B 00                  194 	.db #0x00	; 0
   009C 00                  195 	.db #0x00	; 0
   009D 00                  196 	.db #0x00	; 0
   009E 00                  197 	.db #0x00	; 0
   009F 00                  198 	.db #0x00	; 0
   00A0 00                  199 	.db #0x00	; 0
   00A1 00                  200 	.db #0x00	; 0
   00A2 00                  201 	.db #0x00	; 0
   00A3 00                  202 	.db #0x00	; 0
   00A4 00                  203 	.db #0x00	; 0
   00A5 00                  204 	.db #0x00	; 0
   00A6 00                  205 	.db #0x00	; 0
   00A7 02                  206 	.db #0x02	; 2
   00A8 02                  207 	.db #0x02	; 2
   00A9 00                  208 	.db #0x00	; 0
   00AA 00                  209 	.db #0x00	; 0
   00AB 00                  210 	.db #0x00	; 0
   00AC 00                  211 	.db #0x00	; 0
   00AD 00                  212 	.db #0x00	; 0
   00AE 00                  213 	.db #0x00	; 0
   00AF 00                  214 	.db #0x00	; 0
   00B0 00                  215 	.db #0x00	; 0
   00B1 00                  216 	.db #0x00	; 0
   00B2 00                  217 	.db #0x00	; 0
   00B3 00                  218 	.db #0x00	; 0
   00B4 02                  219 	.db #0x02	; 2
   00B5 00                  220 	.db #0x00	; 0
   00B6 00                  221 	.db #0x00	; 0
   00B7 00                  222 	.db #0x00	; 0
   00B8 00                  223 	.db #0x00	; 0
   00B9 00                  224 	.db #0x00	; 0
   00BA 00                  225 	.db #0x00	; 0
   00BB 00                  226 	.db #0x00	; 0
   00BC 00                  227 	.db #0x00	; 0
   00BD 00                  228 	.db #0x00	; 0
   00BE 00                  229 	.db #0x00	; 0
   00BF 00                  230 	.db #0x00	; 0
   00C0 00                  231 	.db #0x00	; 0
   00C1 00                  232 	.db #0x00	; 0
   00C2 00                  233 	.db #0x00	; 0
   00C3 00                  234 	.db #0x00	; 0
   00C4 00                  235 	.db #0x00	; 0
   00C5 00                  236 	.db #0x00	; 0
   00C6 00                  237 	.db #0x00	; 0
   00C7 00                  238 	.db #0x00	; 0
   00C8 00                  239 	.db #0x00	; 0
   00C9 00                  240 	.db #0x00	; 0
   00CA 02                  241 	.db #0x02	; 2
   00CB 00                  242 	.db #0x00	; 0
   00CC 00                  243 	.db #0x00	; 0
   00CD 00                  244 	.db #0x00	; 0
   00CE 00                  245 	.db #0x00	; 0
   00CF 00                  246 	.db #0x00	; 0
   00D0 00                  247 	.db #0x00	; 0
   00D1 00                  248 	.db #0x00	; 0
   00D2 00                  249 	.db #0x00	; 0
   00D3 00                  250 	.db #0x00	; 0
   00D4 00                  251 	.db #0x00	; 0
   00D5 00                  252 	.db #0x00	; 0
   00D6 00                  253 	.db #0x00	; 0
   00D7 00                  254 	.db #0x00	; 0
   00D8 00                  255 	.db #0x00	; 0
   00D9 00                  256 	.db #0x00	; 0
   00DA 00                  257 	.db #0x00	; 0
   00DB 00                  258 	.db #0x00	; 0
   00DC 00                  259 	.db #0x00	; 0
   00DD 00                  260 	.db #0x00	; 0
   00DE 00                  261 	.db #0x00	; 0
   00DF 02                  262 	.db #0x02	; 2
   00E0 02                  263 	.db #0x02	; 2
   00E1 00                  264 	.db #0x00	; 0
   00E2 00                  265 	.db #0x00	; 0
   00E3 00                  266 	.db #0x00	; 0
   00E4 00                  267 	.db #0x00	; 0
   00E5 00                  268 	.db #0x00	; 0
   00E6 FB                  269 	.db #0xfb	; 251
   00E7 00                  270 	.db #0x00	; 0
   00E8 00                  271 	.db #0x00	; 0
   00E9 00                  272 	.db #0x00	; 0
   00EA 00                  273 	.db #0x00	; 0
   00EB 00                  274 	.db #0x00	; 0
   00EC 02                  275 	.db #0x02	; 2
   00ED 00                  276 	.db #0x00	; 0
   00EE 00                  277 	.db #0x00	; 0
   00EF 00                  278 	.db #0x00	; 0
   00F0 00                  279 	.db #0x00	; 0
   00F1 00                  280 	.db #0x00	; 0
   00F2 00                  281 	.db #0x00	; 0
   00F3 00                  282 	.db #0x00	; 0
   00F4 00                  283 	.db #0x00	; 0
   00F5 00                  284 	.db #0x00	; 0
   00F6 00                  285 	.db #0x00	; 0
   00F7 00                  286 	.db #0x00	; 0
   00F8 00                  287 	.db #0x00	; 0
   00F9 00                  288 	.db #0x00	; 0
   00FA 00                  289 	.db #0x00	; 0
   00FB 00                  290 	.db #0x00	; 0
   00FC 00                  291 	.db #0x00	; 0
   00FD 00                  292 	.db #0x00	; 0
   00FE 00                  293 	.db #0x00	; 0
   00FF 00                  294 	.db #0x00	; 0
   0100 00                  295 	.db #0x00	; 0
   0101 00                  296 	.db #0x00	; 0
   0102 02                  297 	.db #0x02	; 2
   0103 00                  298 	.db #0x00	; 0
   0104 00                  299 	.db #0x00	; 0
   0105 00                  300 	.db #0x00	; 0
   0106 00                  301 	.db #0x00	; 0
   0107 00                  302 	.db #0x00	; 0
   0108 00                  303 	.db #0x00	; 0
   0109 00                  304 	.db #0x00	; 0
   010A 00                  305 	.db #0x00	; 0
   010B 00                  306 	.db #0x00	; 0
   010C 00                  307 	.db #0x00	; 0
   010D 00                  308 	.db #0x00	; 0
   010E 00                  309 	.db #0x00	; 0
   010F 00                  310 	.db #0x00	; 0
   0110 00                  311 	.db #0x00	; 0
   0111 00                  312 	.db #0x00	; 0
   0112 00                  313 	.db #0x00	; 0
   0113 00                  314 	.db #0x00	; 0
   0114 00                  315 	.db #0x00	; 0
   0115 00                  316 	.db #0x00	; 0
   0116 00                  317 	.db #0x00	; 0
   0117 02                  318 	.db #0x02	; 2
   0118 02                  319 	.db #0x02	; 2
   0119 00                  320 	.db #0x00	; 0
   011A 00                  321 	.db #0x00	; 0
   011B 00                  322 	.db #0x00	; 0
   011C 00                  323 	.db #0x00	; 0
   011D 00                  324 	.db #0x00	; 0
   011E 00                  325 	.db #0x00	; 0
   011F 00                  326 	.db #0x00	; 0
   0120 00                  327 	.db #0x00	; 0
   0121 00                  328 	.db #0x00	; 0
   0122 00                  329 	.db #0x00	; 0
   0123 00                  330 	.db #0x00	; 0
   0124 02                  331 	.db #0x02	; 2
   0125 00                  332 	.db #0x00	; 0
   0126 00                  333 	.db #0x00	; 0
   0127 00                  334 	.db #0x00	; 0
   0128 00                  335 	.db #0x00	; 0
   0129 00                  336 	.db #0x00	; 0
   012A 00                  337 	.db #0x00	; 0
   012B 00                  338 	.db #0x00	; 0
   012C 00                  339 	.db #0x00	; 0
   012D 00                  340 	.db #0x00	; 0
   012E 00                  341 	.db #0x00	; 0
   012F 00                  342 	.db #0x00	; 0
   0130 00                  343 	.db #0x00	; 0
   0131 00                  344 	.db #0x00	; 0
   0132 00                  345 	.db #0x00	; 0
   0133 00                  346 	.db #0x00	; 0
   0134 00                  347 	.db #0x00	; 0
   0135 00                  348 	.db #0x00	; 0
   0136 00                  349 	.db #0x00	; 0
   0137 00                  350 	.db #0x00	; 0
   0138 00                  351 	.db #0x00	; 0
   0139 00                  352 	.db #0x00	; 0
   013A 02                  353 	.db #0x02	; 2
   013B 00                  354 	.db #0x00	; 0
   013C 00                  355 	.db #0x00	; 0
   013D 00                  356 	.db #0x00	; 0
   013E 00                  357 	.db #0x00	; 0
   013F 00                  358 	.db #0x00	; 0
   0140 00                  359 	.db #0x00	; 0
   0141 00                  360 	.db #0x00	; 0
   0142 00                  361 	.db #0x00	; 0
   0143 00                  362 	.db #0x00	; 0
   0144 00                  363 	.db #0x00	; 0
   0145 00                  364 	.db #0x00	; 0
   0146 00                  365 	.db #0x00	; 0
   0147 00                  366 	.db #0x00	; 0
   0148 00                  367 	.db #0x00	; 0
   0149 00                  368 	.db #0x00	; 0
   014A 00                  369 	.db #0x00	; 0
   014B 00                  370 	.db #0x00	; 0
   014C 00                  371 	.db #0x00	; 0
   014D 00                  372 	.db #0x00	; 0
   014E 00                  373 	.db #0x00	; 0
   014F 02                  374 	.db #0x02	; 2
   0150 02                  375 	.db #0x02	; 2
   0151 00                  376 	.db #0x00	; 0
   0152 00                  377 	.db #0x00	; 0
   0153 00                  378 	.db #0x00	; 0
   0154 00                  379 	.db #0x00	; 0
   0155 00                  380 	.db #0x00	; 0
   0156 00                  381 	.db #0x00	; 0
   0157 00                  382 	.db #0x00	; 0
   0158 00                  383 	.db #0x00	; 0
   0159 00                  384 	.db #0x00	; 0
   015A 00                  385 	.db #0x00	; 0
   015B 00                  386 	.db #0x00	; 0
   015C 02                  387 	.db #0x02	; 2
   015D 00                  388 	.db #0x00	; 0
   015E 00                  389 	.db #0x00	; 0
   015F 00                  390 	.db #0x00	; 0
   0160 00                  391 	.db #0x00	; 0
   0161 00                  392 	.db #0x00	; 0
   0162 00                  393 	.db #0x00	; 0
   0163 00                  394 	.db #0x00	; 0
   0164 00                  395 	.db #0x00	; 0
   0165 00                  396 	.db #0x00	; 0
   0166 00                  397 	.db #0x00	; 0
   0167 00                  398 	.db #0x00	; 0
   0168 00                  399 	.db #0x00	; 0
   0169 00                  400 	.db #0x00	; 0
   016A 00                  401 	.db #0x00	; 0
   016B 00                  402 	.db #0x00	; 0
   016C 00                  403 	.db #0x00	; 0
   016D 00                  404 	.db #0x00	; 0
   016E 00                  405 	.db #0x00	; 0
   016F 00                  406 	.db #0x00	; 0
   0170 00                  407 	.db #0x00	; 0
   0171 00                  408 	.db #0x00	; 0
   0172 02                  409 	.db #0x02	; 2
   0173 00                  410 	.db #0x00	; 0
   0174 00                  411 	.db #0x00	; 0
   0175 00                  412 	.db #0x00	; 0
   0176 00                  413 	.db #0x00	; 0
   0177 00                  414 	.db #0x00	; 0
   0178 00                  415 	.db #0x00	; 0
   0179 00                  416 	.db #0x00	; 0
   017A 00                  417 	.db #0x00	; 0
   017B 00                  418 	.db #0x00	; 0
   017C 00                  419 	.db #0x00	; 0
   017D 00                  420 	.db #0x00	; 0
   017E 00                  421 	.db #0x00	; 0
   017F 00                  422 	.db #0x00	; 0
   0180 00                  423 	.db #0x00	; 0
   0181 00                  424 	.db #0x00	; 0
   0182 00                  425 	.db #0x00	; 0
   0183 00                  426 	.db #0x00	; 0
   0184 00                  427 	.db #0x00	; 0
   0185 00                  428 	.db #0x00	; 0
   0186 00                  429 	.db #0x00	; 0
   0187 02                  430 	.db #0x02	; 2
   0188 02                  431 	.db #0x02	; 2
   0189 00                  432 	.db #0x00	; 0
   018A 00                  433 	.db #0x00	; 0
   018B 00                  434 	.db #0x00	; 0
   018C 00                  435 	.db #0x00	; 0
   018D 00                  436 	.db #0x00	; 0
   018E 00                  437 	.db #0x00	; 0
   018F 00                  438 	.db #0x00	; 0
   0190 00                  439 	.db #0x00	; 0
   0191 00                  440 	.db #0x00	; 0
   0192 00                  441 	.db #0x00	; 0
   0193 00                  442 	.db #0x00	; 0
   0194 02                  443 	.db #0x02	; 2
   0195 00                  444 	.db #0x00	; 0
   0196 00                  445 	.db #0x00	; 0
   0197 00                  446 	.db #0x00	; 0
   0198 00                  447 	.db #0x00	; 0
   0199 00                  448 	.db #0x00	; 0
   019A 00                  449 	.db #0x00	; 0
   019B 00                  450 	.db #0x00	; 0
   019C 00                  451 	.db #0x00	; 0
   019D 00                  452 	.db #0x00	; 0
   019E 00                  453 	.db #0x00	; 0
   019F 00                  454 	.db #0x00	; 0
   01A0 00                  455 	.db #0x00	; 0
   01A1 00                  456 	.db #0x00	; 0
   01A2 00                  457 	.db #0x00	; 0
   01A3 00                  458 	.db #0x00	; 0
   01A4 00                  459 	.db #0x00	; 0
   01A5 00                  460 	.db #0x00	; 0
   01A6 00                  461 	.db #0x00	; 0
   01A7 00                  462 	.db #0x00	; 0
   01A8 00                  463 	.db #0x00	; 0
   01A9 00                  464 	.db #0x00	; 0
   01AA 02                  465 	.db #0x02	; 2
   01AB 00                  466 	.db #0x00	; 0
   01AC 00                  467 	.db #0x00	; 0
   01AD 00                  468 	.db #0x00	; 0
   01AE 00                  469 	.db #0x00	; 0
   01AF 00                  470 	.db #0x00	; 0
   01B0 00                  471 	.db #0x00	; 0
   01B1 00                  472 	.db #0x00	; 0
   01B2 00                  473 	.db #0x00	; 0
   01B3 00                  474 	.db #0x00	; 0
   01B4 00                  475 	.db #0x00	; 0
   01B5 00                  476 	.db #0x00	; 0
   01B6 00                  477 	.db #0x00	; 0
   01B7 00                  478 	.db #0x00	; 0
   01B8 00                  479 	.db #0x00	; 0
   01B9 00                  480 	.db #0x00	; 0
   01BA 00                  481 	.db #0x00	; 0
   01BB 00                  482 	.db #0x00	; 0
   01BC 00                  483 	.db #0x00	; 0
   01BD 00                  484 	.db #0x00	; 0
   01BE 00                  485 	.db #0x00	; 0
   01BF 02                  486 	.db #0x02	; 2
   01C0 02                  487 	.db #0x02	; 2
   01C1 00                  488 	.db #0x00	; 0
   01C2 00                  489 	.db #0x00	; 0
   01C3 00                  490 	.db #0x00	; 0
   01C4 00                  491 	.db #0x00	; 0
   01C5 00                  492 	.db #0x00	; 0
   01C6 00                  493 	.db #0x00	; 0
   01C7 00                  494 	.db #0x00	; 0
   01C8 00                  495 	.db #0x00	; 0
   01C9 00                  496 	.db #0x00	; 0
   01CA 00                  497 	.db #0x00	; 0
   01CB 00                  498 	.db #0x00	; 0
   01CC 02                  499 	.db #0x02	; 2
   01CD 00                  500 	.db #0x00	; 0
   01CE 00                  501 	.db #0x00	; 0
   01CF 00                  502 	.db #0x00	; 0
   01D0 00                  503 	.db #0x00	; 0
   01D1 00                  504 	.db #0x00	; 0
   01D2 00                  505 	.db #0x00	; 0
   01D3 00                  506 	.db #0x00	; 0
   01D4 00                  507 	.db #0x00	; 0
   01D5 00                  508 	.db #0x00	; 0
   01D6 00                  509 	.db #0x00	; 0
   01D7 00                  510 	.db #0x00	; 0
   01D8 00                  511 	.db #0x00	; 0
   01D9 00                  512 	.db #0x00	; 0
   01DA 00                  513 	.db #0x00	; 0
   01DB 00                  514 	.db #0x00	; 0
   01DC 00                  515 	.db #0x00	; 0
   01DD 00                  516 	.db #0x00	; 0
   01DE 00                  517 	.db #0x00	; 0
   01DF 00                  518 	.db #0x00	; 0
   01E0 00                  519 	.db #0x00	; 0
   01E1 00                  520 	.db #0x00	; 0
   01E2 02                  521 	.db #0x02	; 2
   01E3 00                  522 	.db #0x00	; 0
   01E4 00                  523 	.db #0x00	; 0
   01E5 00                  524 	.db #0x00	; 0
   01E6 00                  525 	.db #0x00	; 0
   01E7 00                  526 	.db #0x00	; 0
   01E8 00                  527 	.db #0x00	; 0
   01E9 00                  528 	.db #0x00	; 0
   01EA 00                  529 	.db #0x00	; 0
   01EB 00                  530 	.db #0x00	; 0
   01EC 00                  531 	.db #0x00	; 0
   01ED 00                  532 	.db #0x00	; 0
   01EE 00                  533 	.db #0x00	; 0
   01EF 00                  534 	.db #0x00	; 0
   01F0 00                  535 	.db #0x00	; 0
   01F1 00                  536 	.db #0x00	; 0
   01F2 00                  537 	.db #0x00	; 0
   01F3 00                  538 	.db #0x00	; 0
   01F4 00                  539 	.db #0x00	; 0
   01F5 00                  540 	.db #0x00	; 0
   01F6 00                  541 	.db #0x00	; 0
   01F7 02                  542 	.db #0x02	; 2
   01F8 02                  543 	.db #0x02	; 2
   01F9 00                  544 	.db #0x00	; 0
   01FA 00                  545 	.db #0x00	; 0
   01FB 00                  546 	.db #0x00	; 0
   01FC 00                  547 	.db #0x00	; 0
   01FD 00                  548 	.db #0x00	; 0
   01FE 00                  549 	.db #0x00	; 0
   01FF 00                  550 	.db #0x00	; 0
   0200 00                  551 	.db #0x00	; 0
   0201 00                  552 	.db #0x00	; 0
   0202 00                  553 	.db #0x00	; 0
   0203 00                  554 	.db #0x00	; 0
   0204 00                  555 	.db #0x00	; 0
   0205 00                  556 	.db #0x00	; 0
   0206 00                  557 	.db #0x00	; 0
   0207 00                  558 	.db #0x00	; 0
   0208 00                  559 	.db #0x00	; 0
   0209 00                  560 	.db #0x00	; 0
   020A 00                  561 	.db #0x00	; 0
   020B 00                  562 	.db #0x00	; 0
   020C 00                  563 	.db #0x00	; 0
   020D 00                  564 	.db #0x00	; 0
   020E 00                  565 	.db #0x00	; 0
   020F 00                  566 	.db #0x00	; 0
   0210 00                  567 	.db #0x00	; 0
   0211 00                  568 	.db #0x00	; 0
   0212 00                  569 	.db #0x00	; 0
   0213 00                  570 	.db #0x00	; 0
   0214 00                  571 	.db #0x00	; 0
   0215 00                  572 	.db #0x00	; 0
   0216 00                  573 	.db #0x00	; 0
   0217 00                  574 	.db #0x00	; 0
   0218 00                  575 	.db #0x00	; 0
   0219 00                  576 	.db #0x00	; 0
   021A 00                  577 	.db #0x00	; 0
   021B 00                  578 	.db #0x00	; 0
   021C 00                  579 	.db #0x00	; 0
   021D 00                  580 	.db #0x00	; 0
   021E 00                  581 	.db #0x00	; 0
   021F 00                  582 	.db #0x00	; 0
   0220 00                  583 	.db #0x00	; 0
   0221 00                  584 	.db #0x00	; 0
   0222 00                  585 	.db #0x00	; 0
   0223 00                  586 	.db #0x00	; 0
   0224 00                  587 	.db #0x00	; 0
   0225 00                  588 	.db #0x00	; 0
   0226 00                  589 	.db #0x00	; 0
   0227 00                  590 	.db #0x00	; 0
   0228 00                  591 	.db #0x00	; 0
   0229 00                  592 	.db #0x00	; 0
   022A 00                  593 	.db #0x00	; 0
   022B 00                  594 	.db #0x00	; 0
   022C 00                  595 	.db #0x00	; 0
   022D 00                  596 	.db #0x00	; 0
   022E 00                  597 	.db #0x00	; 0
   022F 02                  598 	.db #0x02	; 2
   0230 02                  599 	.db #0x02	; 2
   0231 00                  600 	.db #0x00	; 0
   0232 00                  601 	.db #0x00	; 0
   0233 00                  602 	.db #0x00	; 0
   0234 00                  603 	.db #0x00	; 0
   0235 00                  604 	.db #0x00	; 0
   0236 00                  605 	.db #0x00	; 0
   0237 00                  606 	.db #0x00	; 0
   0238 00                  607 	.db #0x00	; 0
   0239 00                  608 	.db #0x00	; 0
   023A 00                  609 	.db #0x00	; 0
   023B 00                  610 	.db #0x00	; 0
   023C 00                  611 	.db #0x00	; 0
   023D 00                  612 	.db #0x00	; 0
   023E 00                  613 	.db #0x00	; 0
   023F 00                  614 	.db #0x00	; 0
   0240 00                  615 	.db #0x00	; 0
   0241 00                  616 	.db #0x00	; 0
   0242 00                  617 	.db #0x00	; 0
   0243 00                  618 	.db #0x00	; 0
   0244 00                  619 	.db #0x00	; 0
   0245 00                  620 	.db #0x00	; 0
   0246 02                  621 	.db #0x02	; 2
   0247 00                  622 	.db #0x00	; 0
   0248 00                  623 	.db #0x00	; 0
   0249 00                  624 	.db #0x00	; 0
   024A 00                  625 	.db #0x00	; 0
   024B 00                  626 	.db #0x00	; 0
   024C 00                  627 	.db #0x00	; 0
   024D 00                  628 	.db #0x00	; 0
   024E 00                  629 	.db #0x00	; 0
   024F 00                  630 	.db #0x00	; 0
   0250 00                  631 	.db #0x00	; 0
   0251 00                  632 	.db #0x00	; 0
   0252 00                  633 	.db #0x00	; 0
   0253 00                  634 	.db #0x00	; 0
   0254 00                  635 	.db #0x00	; 0
   0255 00                  636 	.db #0x00	; 0
   0256 00                  637 	.db #0x00	; 0
   0257 00                  638 	.db #0x00	; 0
   0258 00                  639 	.db #0x00	; 0
   0259 00                  640 	.db #0x00	; 0
   025A 00                  641 	.db #0x00	; 0
   025B 00                  642 	.db #0x00	; 0
   025C 02                  643 	.db #0x02	; 2
   025D 00                  644 	.db #0x00	; 0
   025E 00                  645 	.db #0x00	; 0
   025F 00                  646 	.db #0x00	; 0
   0260 00                  647 	.db #0x00	; 0
   0261 00                  648 	.db #0x00	; 0
   0262 00                  649 	.db #0x00	; 0
   0263 00                  650 	.db #0x00	; 0
   0264 00                  651 	.db #0x00	; 0
   0265 00                  652 	.db #0x00	; 0
   0266 00                  653 	.db #0x00	; 0
   0267 02                  654 	.db #0x02	; 2
   0268 02                  655 	.db #0x02	; 2
   0269 00                  656 	.db #0x00	; 0
   026A 00                  657 	.db #0x00	; 0
   026B 00                  658 	.db #0x00	; 0
   026C 00                  659 	.db #0x00	; 0
   026D 00                  660 	.db #0x00	; 0
   026E 00                  661 	.db #0x00	; 0
   026F 00                  662 	.db #0x00	; 0
   0270 00                  663 	.db #0x00	; 0
   0271 00                  664 	.db #0x00	; 0
   0272 00                  665 	.db #0x00	; 0
   0273 00                  666 	.db #0x00	; 0
   0274 00                  667 	.db #0x00	; 0
   0275 00                  668 	.db #0x00	; 0
   0276 00                  669 	.db #0x00	; 0
   0277 00                  670 	.db #0x00	; 0
   0278 00                  671 	.db #0x00	; 0
   0279 00                  672 	.db #0x00	; 0
   027A 00                  673 	.db #0x00	; 0
   027B 00                  674 	.db #0x00	; 0
   027C 00                  675 	.db #0x00	; 0
   027D 00                  676 	.db #0x00	; 0
   027E 02                  677 	.db #0x02	; 2
   027F 00                  678 	.db #0x00	; 0
   0280 00                  679 	.db #0x00	; 0
   0281 00                  680 	.db #0x00	; 0
   0282 00                  681 	.db #0x00	; 0
   0283 00                  682 	.db #0x00	; 0
   0284 00                  683 	.db #0x00	; 0
   0285 00                  684 	.db #0x00	; 0
   0286 00                  685 	.db #0x00	; 0
   0287 00                  686 	.db #0x00	; 0
   0288 00                  687 	.db #0x00	; 0
   0289 00                  688 	.db #0x00	; 0
   028A 00                  689 	.db #0x00	; 0
   028B 00                  690 	.db #0x00	; 0
   028C 00                  691 	.db #0x00	; 0
   028D 00                  692 	.db #0x00	; 0
   028E 00                  693 	.db #0x00	; 0
   028F 00                  694 	.db #0x00	; 0
   0290 00                  695 	.db #0x00	; 0
   0291 00                  696 	.db #0x00	; 0
   0292 00                  697 	.db #0x00	; 0
   0293 00                  698 	.db #0x00	; 0
   0294 02                  699 	.db #0x02	; 2
   0295 00                  700 	.db #0x00	; 0
   0296 00                  701 	.db #0x00	; 0
   0297 00                  702 	.db #0x00	; 0
   0298 00                  703 	.db #0x00	; 0
   0299 00                  704 	.db #0x00	; 0
   029A 00                  705 	.db #0x00	; 0
   029B 00                  706 	.db #0x00	; 0
   029C 00                  707 	.db #0x00	; 0
   029D 00                  708 	.db #0x00	; 0
   029E 00                  709 	.db #0x00	; 0
   029F 02                  710 	.db #0x02	; 2
   02A0 02                  711 	.db #0x02	; 2
   02A1 00                  712 	.db #0x00	; 0
   02A2 00                  713 	.db #0x00	; 0
   02A3 00                  714 	.db #0x00	; 0
   02A4 00                  715 	.db #0x00	; 0
   02A5 00                  716 	.db #0x00	; 0
   02A6 00                  717 	.db #0x00	; 0
   02A7 00                  718 	.db #0x00	; 0
   02A8 00                  719 	.db #0x00	; 0
   02A9 00                  720 	.db #0x00	; 0
   02AA 00                  721 	.db #0x00	; 0
   02AB 00                  722 	.db #0x00	; 0
   02AC 00                  723 	.db #0x00	; 0
   02AD 00                  724 	.db #0x00	; 0
   02AE 00                  725 	.db #0x00	; 0
   02AF 00                  726 	.db #0x00	; 0
   02B0 00                  727 	.db #0x00	; 0
   02B1 00                  728 	.db #0x00	; 0
   02B2 00                  729 	.db #0x00	; 0
   02B3 00                  730 	.db #0x00	; 0
   02B4 00                  731 	.db #0x00	; 0
   02B5 00                  732 	.db #0x00	; 0
   02B6 02                  733 	.db #0x02	; 2
   02B7 00                  734 	.db #0x00	; 0
   02B8 00                  735 	.db #0x00	; 0
   02B9 00                  736 	.db #0x00	; 0
   02BA 00                  737 	.db #0x00	; 0
   02BB 00                  738 	.db #0x00	; 0
   02BC 00                  739 	.db #0x00	; 0
   02BD 00                  740 	.db #0x00	; 0
   02BE 00                  741 	.db #0x00	; 0
   02BF 00                  742 	.db #0x00	; 0
   02C0 00                  743 	.db #0x00	; 0
   02C1 00                  744 	.db #0x00	; 0
   02C2 00                  745 	.db #0x00	; 0
   02C3 00                  746 	.db #0x00	; 0
   02C4 00                  747 	.db #0x00	; 0
   02C5 00                  748 	.db #0x00	; 0
   02C6 00                  749 	.db #0x00	; 0
   02C7 00                  750 	.db #0x00	; 0
   02C8 00                  751 	.db #0x00	; 0
   02C9 00                  752 	.db #0x00	; 0
   02CA 00                  753 	.db #0x00	; 0
   02CB 00                  754 	.db #0x00	; 0
   02CC 02                  755 	.db #0x02	; 2
   02CD 00                  756 	.db #0x00	; 0
   02CE 00                  757 	.db #0x00	; 0
   02CF 00                  758 	.db #0x00	; 0
   02D0 00                  759 	.db #0x00	; 0
   02D1 00                  760 	.db #0x00	; 0
   02D2 00                  761 	.db #0x00	; 0
   02D3 00                  762 	.db #0x00	; 0
   02D4 00                  763 	.db #0x00	; 0
   02D5 00                  764 	.db #0x00	; 0
   02D6 00                  765 	.db #0x00	; 0
   02D7 02                  766 	.db #0x02	; 2
   02D8 02                  767 	.db #0x02	; 2
   02D9 00                  768 	.db #0x00	; 0
   02DA 00                  769 	.db #0x00	; 0
   02DB 00                  770 	.db #0x00	; 0
   02DC 00                  771 	.db #0x00	; 0
   02DD 00                  772 	.db #0x00	; 0
   02DE 00                  773 	.db #0x00	; 0
   02DF 00                  774 	.db #0x00	; 0
   02E0 00                  775 	.db #0x00	; 0
   02E1 00                  776 	.db #0x00	; 0
   02E2 00                  777 	.db #0x00	; 0
   02E3 00                  778 	.db #0x00	; 0
   02E4 00                  779 	.db #0x00	; 0
   02E5 00                  780 	.db #0x00	; 0
   02E6 00                  781 	.db #0x00	; 0
   02E7 00                  782 	.db #0x00	; 0
   02E8 00                  783 	.db #0x00	; 0
   02E9 00                  784 	.db #0x00	; 0
   02EA 00                  785 	.db #0x00	; 0
   02EB 00                  786 	.db #0x00	; 0
   02EC 00                  787 	.db #0x00	; 0
   02ED 00                  788 	.db #0x00	; 0
   02EE 02                  789 	.db #0x02	; 2
   02EF 00                  790 	.db #0x00	; 0
   02F0 00                  791 	.db #0x00	; 0
   02F1 00                  792 	.db #0x00	; 0
   02F2 00                  793 	.db #0x00	; 0
   02F3 00                  794 	.db #0x00	; 0
   02F4 00                  795 	.db #0x00	; 0
   02F5 00                  796 	.db #0x00	; 0
   02F6 00                  797 	.db #0x00	; 0
   02F7 00                  798 	.db #0x00	; 0
   02F8 00                  799 	.db #0x00	; 0
   02F9 00                  800 	.db #0x00	; 0
   02FA 00                  801 	.db #0x00	; 0
   02FB 00                  802 	.db #0x00	; 0
   02FC 00                  803 	.db #0x00	; 0
   02FD 00                  804 	.db #0x00	; 0
   02FE 00                  805 	.db #0x00	; 0
   02FF 00                  806 	.db #0x00	; 0
   0300 00                  807 	.db #0x00	; 0
   0301 00                  808 	.db #0x00	; 0
   0302 00                  809 	.db #0x00	; 0
   0303 00                  810 	.db #0x00	; 0
   0304 02                  811 	.db #0x02	; 2
   0305 00                  812 	.db #0x00	; 0
   0306 00                  813 	.db #0x00	; 0
   0307 00                  814 	.db #0x00	; 0
   0308 00                  815 	.db #0x00	; 0
   0309 00                  816 	.db #0x00	; 0
   030A 00                  817 	.db #0x00	; 0
   030B 00                  818 	.db #0x00	; 0
   030C 00                  819 	.db #0x00	; 0
   030D 00                  820 	.db #0x00	; 0
   030E 00                  821 	.db #0x00	; 0
   030F 02                  822 	.db #0x02	; 2
   0310 02                  823 	.db #0x02	; 2
   0311 00                  824 	.db #0x00	; 0
   0312 00                  825 	.db #0x00	; 0
   0313 00                  826 	.db #0x00	; 0
   0314 00                  827 	.db #0x00	; 0
   0315 00                  828 	.db #0x00	; 0
   0316 00                  829 	.db #0x00	; 0
   0317 00                  830 	.db #0x00	; 0
   0318 00                  831 	.db #0x00	; 0
   0319 00                  832 	.db #0x00	; 0
   031A 00                  833 	.db #0x00	; 0
   031B 00                  834 	.db #0x00	; 0
   031C 00                  835 	.db #0x00	; 0
   031D 00                  836 	.db #0x00	; 0
   031E 00                  837 	.db #0x00	; 0
   031F 00                  838 	.db #0x00	; 0
   0320 00                  839 	.db #0x00	; 0
   0321 00                  840 	.db #0x00	; 0
   0322 00                  841 	.db #0x00	; 0
   0323 00                  842 	.db #0x00	; 0
   0324 00                  843 	.db #0x00	; 0
   0325 00                  844 	.db #0x00	; 0
   0326 02                  845 	.db #0x02	; 2
   0327 00                  846 	.db #0x00	; 0
   0328 00                  847 	.db #0x00	; 0
   0329 00                  848 	.db #0x00	; 0
   032A 00                  849 	.db #0x00	; 0
   032B 00                  850 	.db #0x00	; 0
   032C 00                  851 	.db #0x00	; 0
   032D 00                  852 	.db #0x00	; 0
   032E 00                  853 	.db #0x00	; 0
   032F 00                  854 	.db #0x00	; 0
   0330 00                  855 	.db #0x00	; 0
   0331 00                  856 	.db #0x00	; 0
   0332 00                  857 	.db #0x00	; 0
   0333 00                  858 	.db #0x00	; 0
   0334 00                  859 	.db #0x00	; 0
   0335 00                  860 	.db #0x00	; 0
   0336 00                  861 	.db #0x00	; 0
   0337 00                  862 	.db #0x00	; 0
   0338 00                  863 	.db #0x00	; 0
   0339 00                  864 	.db #0x00	; 0
   033A 00                  865 	.db #0x00	; 0
   033B 00                  866 	.db #0x00	; 0
   033C 02                  867 	.db #0x02	; 2
   033D 00                  868 	.db #0x00	; 0
   033E 00                  869 	.db #0x00	; 0
   033F 00                  870 	.db #0x00	; 0
   0340 00                  871 	.db #0x00	; 0
   0341 00                  872 	.db #0x00	; 0
   0342 00                  873 	.db #0x00	; 0
   0343 00                  874 	.db #0x00	; 0
   0344 00                  875 	.db #0x00	; 0
   0345 00                  876 	.db #0x00	; 0
   0346 00                  877 	.db #0x00	; 0
   0347 02                  878 	.db #0x02	; 2
   0348 02                  879 	.db #0x02	; 2
   0349 00                  880 	.db #0x00	; 0
   034A 00                  881 	.db #0x00	; 0
   034B 00                  882 	.db #0x00	; 0
   034C 00                  883 	.db #0x00	; 0
   034D 00                  884 	.db #0x00	; 0
   034E 00                  885 	.db #0x00	; 0
   034F 00                  886 	.db #0x00	; 0
   0350 00                  887 	.db #0x00	; 0
   0351 00                  888 	.db #0x00	; 0
   0352 00                  889 	.db #0x00	; 0
   0353 00                  890 	.db #0x00	; 0
   0354 00                  891 	.db #0x00	; 0
   0355 00                  892 	.db #0x00	; 0
   0356 00                  893 	.db #0x00	; 0
   0357 00                  894 	.db #0x00	; 0
   0358 00                  895 	.db #0x00	; 0
   0359 00                  896 	.db #0x00	; 0
   035A 00                  897 	.db #0x00	; 0
   035B 00                  898 	.db #0x00	; 0
   035C 00                  899 	.db #0x00	; 0
   035D 00                  900 	.db #0x00	; 0
   035E 02                  901 	.db #0x02	; 2
   035F 00                  902 	.db #0x00	; 0
   0360 00                  903 	.db #0x00	; 0
   0361 00                  904 	.db #0x00	; 0
   0362 00                  905 	.db #0x00	; 0
   0363 00                  906 	.db #0x00	; 0
   0364 00                  907 	.db #0x00	; 0
   0365 00                  908 	.db #0x00	; 0
   0366 00                  909 	.db #0x00	; 0
   0367 00                  910 	.db #0x00	; 0
   0368 00                  911 	.db #0x00	; 0
   0369 00                  912 	.db #0x00	; 0
   036A 00                  913 	.db #0x00	; 0
   036B 00                  914 	.db #0x00	; 0
   036C 00                  915 	.db #0x00	; 0
   036D 00                  916 	.db #0x00	; 0
   036E 00                  917 	.db #0x00	; 0
   036F 00                  918 	.db #0x00	; 0
   0370 00                  919 	.db #0x00	; 0
   0371 00                  920 	.db #0x00	; 0
   0372 00                  921 	.db #0x00	; 0
   0373 00                  922 	.db #0x00	; 0
   0374 02                  923 	.db #0x02	; 2
   0375 00                  924 	.db #0x00	; 0
   0376 00                  925 	.db #0x00	; 0
   0377 00                  926 	.db #0x00	; 0
   0378 00                  927 	.db #0x00	; 0
   0379 00                  928 	.db #0x00	; 0
   037A 00                  929 	.db #0x00	; 0
   037B 00                  930 	.db #0x00	; 0
   037C 00                  931 	.db #0x00	; 0
   037D 00                  932 	.db #0x00	; 0
   037E 00                  933 	.db #0x00	; 0
   037F 02                  934 	.db #0x02	; 2
   0380 02                  935 	.db #0x02	; 2
   0381 00                  936 	.db #0x00	; 0
   0382 00                  937 	.db #0x00	; 0
   0383 00                  938 	.db #0x00	; 0
   0384 00                  939 	.db #0x00	; 0
   0385 00                  940 	.db #0x00	; 0
   0386 00                  941 	.db #0x00	; 0
   0387 00                  942 	.db #0x00	; 0
   0388 00                  943 	.db #0x00	; 0
   0389 00                  944 	.db #0x00	; 0
   038A 00                  945 	.db #0x00	; 0
   038B 00                  946 	.db #0x00	; 0
   038C 00                  947 	.db #0x00	; 0
   038D 00                  948 	.db #0x00	; 0
   038E 00                  949 	.db #0x00	; 0
   038F 00                  950 	.db #0x00	; 0
   0390 00                  951 	.db #0x00	; 0
   0391 00                  952 	.db #0x00	; 0
   0392 00                  953 	.db #0x00	; 0
   0393 00                  954 	.db #0x00	; 0
   0394 00                  955 	.db #0x00	; 0
   0395 00                  956 	.db #0x00	; 0
   0396 02                  957 	.db #0x02	; 2
   0397 00                  958 	.db #0x00	; 0
   0398 00                  959 	.db #0x00	; 0
   0399 00                  960 	.db #0x00	; 0
   039A 00                  961 	.db #0x00	; 0
   039B 00                  962 	.db #0x00	; 0
   039C 00                  963 	.db #0x00	; 0
   039D 00                  964 	.db #0x00	; 0
   039E 00                  965 	.db #0x00	; 0
   039F 00                  966 	.db #0x00	; 0
   03A0 00                  967 	.db #0x00	; 0
   03A1 00                  968 	.db #0x00	; 0
   03A2 00                  969 	.db #0x00	; 0
   03A3 00                  970 	.db #0x00	; 0
   03A4 00                  971 	.db #0x00	; 0
   03A5 00                  972 	.db #0x00	; 0
   03A6 00                  973 	.db #0x00	; 0
   03A7 00                  974 	.db #0x00	; 0
   03A8 00                  975 	.db #0x00	; 0
   03A9 00                  976 	.db #0x00	; 0
   03AA 00                  977 	.db #0x00	; 0
   03AB 00                  978 	.db #0x00	; 0
   03AC 02                  979 	.db #0x02	; 2
   03AD 00                  980 	.db #0x00	; 0
   03AE 00                  981 	.db #0x00	; 0
   03AF 00                  982 	.db #0x00	; 0
   03B0 00                  983 	.db #0x00	; 0
   03B1 00                  984 	.db #0x00	; 0
   03B2 00                  985 	.db #0x00	; 0
   03B3 00                  986 	.db #0x00	; 0
   03B4 00                  987 	.db #0x00	; 0
   03B5 00                  988 	.db #0x00	; 0
   03B6 00                  989 	.db #0x00	; 0
   03B7 02                  990 	.db #0x02	; 2
   03B8 02                  991 	.db #0x02	; 2
   03B9 00                  992 	.db #0x00	; 0
   03BA 00                  993 	.db #0x00	; 0
   03BB 00                  994 	.db #0x00	; 0
   03BC 00                  995 	.db #0x00	; 0
   03BD 00                  996 	.db #0x00	; 0
   03BE 00                  997 	.db #0x00	; 0
   03BF 00                  998 	.db #0x00	; 0
   03C0 00                  999 	.db #0x00	; 0
   03C1 00                 1000 	.db #0x00	; 0
   03C2 00                 1001 	.db #0x00	; 0
   03C3 00                 1002 	.db #0x00	; 0
   03C4 00                 1003 	.db #0x00	; 0
   03C5 00                 1004 	.db #0x00	; 0
   03C6 00                 1005 	.db #0x00	; 0
   03C7 00                 1006 	.db #0x00	; 0
   03C8 00                 1007 	.db #0x00	; 0
   03C9 00                 1008 	.db #0x00	; 0
   03CA 00                 1009 	.db #0x00	; 0
   03CB 00                 1010 	.db #0x00	; 0
   03CC 00                 1011 	.db #0x00	; 0
   03CD 00                 1012 	.db #0x00	; 0
   03CE 02                 1013 	.db #0x02	; 2
   03CF 00                 1014 	.db #0x00	; 0
   03D0 00                 1015 	.db #0x00	; 0
   03D1 00                 1016 	.db #0x00	; 0
   03D2 00                 1017 	.db #0x00	; 0
   03D3 00                 1018 	.db #0x00	; 0
   03D4 00                 1019 	.db #0x00	; 0
   03D5 00                 1020 	.db #0x00	; 0
   03D6 00                 1021 	.db #0x00	; 0
   03D7 00                 1022 	.db #0x00	; 0
   03D8 00                 1023 	.db #0x00	; 0
   03D9 00                 1024 	.db #0x00	; 0
   03DA 00                 1025 	.db #0x00	; 0
   03DB 00                 1026 	.db #0x00	; 0
   03DC 00                 1027 	.db #0x00	; 0
   03DD 00                 1028 	.db #0x00	; 0
   03DE 00                 1029 	.db #0x00	; 0
   03DF 00                 1030 	.db #0x00	; 0
   03E0 00                 1031 	.db #0x00	; 0
   03E1 00                 1032 	.db #0x00	; 0
   03E2 00                 1033 	.db #0x00	; 0
   03E3 00                 1034 	.db #0x00	; 0
   03E4 02                 1035 	.db #0x02	; 2
   03E5 00                 1036 	.db #0x00	; 0
   03E6 00                 1037 	.db #0x00	; 0
   03E7 00                 1038 	.db #0x00	; 0
   03E8 00                 1039 	.db #0x00	; 0
   03E9 00                 1040 	.db #0x00	; 0
   03EA 00                 1041 	.db #0x00	; 0
   03EB 00                 1042 	.db #0x00	; 0
   03EC 00                 1043 	.db #0x00	; 0
   03ED 00                 1044 	.db #0x00	; 0
   03EE 00                 1045 	.db #0x00	; 0
   03EF 02                 1046 	.db #0x02	; 2
   03F0 02                 1047 	.db #0x02	; 2
   03F1 00                 1048 	.db #0x00	; 0
   03F2 00                 1049 	.db #0x00	; 0
   03F3 00                 1050 	.db #0x00	; 0
   03F4 00                 1051 	.db #0x00	; 0
   03F5 00                 1052 	.db #0x00	; 0
   03F6 00                 1053 	.db #0x00	; 0
   03F7 00                 1054 	.db #0x00	; 0
   03F8 00                 1055 	.db #0x00	; 0
   03F9 00                 1056 	.db #0x00	; 0
   03FA 00                 1057 	.db #0x00	; 0
   03FB 00                 1058 	.db #0x00	; 0
   03FC 00                 1059 	.db #0x00	; 0
   03FD 00                 1060 	.db #0x00	; 0
   03FE 00                 1061 	.db #0x00	; 0
   03FF 00                 1062 	.db #0x00	; 0
   0400 00                 1063 	.db #0x00	; 0
   0401 00                 1064 	.db #0x00	; 0
   0402 00                 1065 	.db #0x00	; 0
   0403 00                 1066 	.db #0x00	; 0
   0404 00                 1067 	.db #0x00	; 0
   0405 00                 1068 	.db #0x00	; 0
   0406 02                 1069 	.db #0x02	; 2
   0407 00                 1070 	.db #0x00	; 0
   0408 00                 1071 	.db #0x00	; 0
   0409 00                 1072 	.db #0x00	; 0
   040A 00                 1073 	.db #0x00	; 0
   040B 00                 1074 	.db #0x00	; 0
   040C 00                 1075 	.db #0x00	; 0
   040D 00                 1076 	.db #0x00	; 0
   040E 00                 1077 	.db #0x00	; 0
   040F 00                 1078 	.db #0x00	; 0
   0410 00                 1079 	.db #0x00	; 0
   0411 00                 1080 	.db #0x00	; 0
   0412 00                 1081 	.db #0x00	; 0
   0413 00                 1082 	.db #0x00	; 0
   0414 00                 1083 	.db #0x00	; 0
   0415 00                 1084 	.db #0x00	; 0
   0416 00                 1085 	.db #0x00	; 0
   0417 00                 1086 	.db #0x00	; 0
   0418 00                 1087 	.db #0x00	; 0
   0419 00                 1088 	.db #0x00	; 0
   041A 00                 1089 	.db #0x00	; 0
   041B 00                 1090 	.db #0x00	; 0
   041C 02                 1091 	.db #0x02	; 2
   041D 00                 1092 	.db #0x00	; 0
   041E 00                 1093 	.db #0x00	; 0
   041F 00                 1094 	.db #0x00	; 0
   0420 00                 1095 	.db #0x00	; 0
   0421 00                 1096 	.db #0x00	; 0
   0422 00                 1097 	.db #0x00	; 0
   0423 00                 1098 	.db #0x00	; 0
   0424 00                 1099 	.db #0x00	; 0
   0425 00                 1100 	.db #0x00	; 0
   0426 00                 1101 	.db #0x00	; 0
   0427 02                 1102 	.db #0x02	; 2
   0428 02                 1103 	.db #0x02	; 2
   0429 02                 1104 	.db #0x02	; 2
   042A 02                 1105 	.db #0x02	; 2
   042B 02                 1106 	.db #0x02	; 2
   042C 02                 1107 	.db #0x02	; 2
   042D 02                 1108 	.db #0x02	; 2
   042E 02                 1109 	.db #0x02	; 2
   042F 02                 1110 	.db #0x02	; 2
   0430 02                 1111 	.db #0x02	; 2
   0431 02                 1112 	.db #0x02	; 2
   0432 02                 1113 	.db #0x02	; 2
   0433 02                 1114 	.db #0x02	; 2
   0434 02                 1115 	.db #0x02	; 2
   0435 02                 1116 	.db #0x02	; 2
   0436 02                 1117 	.db #0x02	; 2
   0437 02                 1118 	.db #0x02	; 2
   0438 02                 1119 	.db #0x02	; 2
   0439 02                 1120 	.db #0x02	; 2
   043A 02                 1121 	.db #0x02	; 2
   043B 02                 1122 	.db #0x02	; 2
   043C 02                 1123 	.db #0x02	; 2
   043D 02                 1124 	.db #0x02	; 2
   043E 02                 1125 	.db #0x02	; 2
   043F 02                 1126 	.db #0x02	; 2
   0440 02                 1127 	.db #0x02	; 2
   0441 02                 1128 	.db #0x02	; 2
   0442 02                 1129 	.db #0x02	; 2
   0443 02                 1130 	.db #0x02	; 2
   0444 02                 1131 	.db #0x02	; 2
   0445 02                 1132 	.db #0x02	; 2
   0446 02                 1133 	.db #0x02	; 2
   0447 02                 1134 	.db #0x02	; 2
   0448 02                 1135 	.db #0x02	; 2
   0449 02                 1136 	.db #0x02	; 2
   044A 02                 1137 	.db #0x02	; 2
   044B 02                 1138 	.db #0x02	; 2
   044C 02                 1139 	.db #0x02	; 2
   044D 02                 1140 	.db #0x02	; 2
   044E 02                 1141 	.db #0x02	; 2
   044F 02                 1142 	.db #0x02	; 2
   0450 00                 1143 	.db #0x00	; 0
   0451 00                 1144 	.db #0x00	; 0
   0452 00                 1145 	.db #0x00	; 0
   0453 00                 1146 	.db #0x00	; 0
   0454 02                 1147 	.db #0x02	; 2
   0455 02                 1148 	.db #0x02	; 2
   0456 02                 1149 	.db #0x02	; 2
   0457 02                 1150 	.db #0x02	; 2
   0458 02                 1151 	.db #0x02	; 2
   0459 02                 1152 	.db #0x02	; 2
   045A 02                 1153 	.db #0x02	; 2
   045B 02                 1154 	.db #0x02	; 2
   045C 02                 1155 	.db #0x02	; 2
   045D 02                 1156 	.db #0x02	; 2
   045E 02                 1157 	.db #0x02	; 2
   045F 02                 1158 	.db #0x02	; 2
   0460 02                 1159 	.db #0x02	; 2
   0461 02                 1160 	.db #0x02	; 2
   0462 02                 1161 	.db #0x02	; 2
   0463 02                 1162 	.db #0x02	; 2
   0464 02                 1163 	.db #0x02	; 2
   0465 02                 1164 	.db #0x02	; 2
   0466 02                 1165 	.db #0x02	; 2
   0467 02                 1166 	.db #0x02	; 2
   0468 02                 1167 	.db #0x02	; 2
   0469 02                 1168 	.db #0x02	; 2
   046A 02                 1169 	.db #0x02	; 2
   046B 02                 1170 	.db #0x02	; 2
   046C 02                 1171 	.db #0x02	; 2
   046D 02                 1172 	.db #0x02	; 2
   046E 02                 1173 	.db #0x02	; 2
   046F 02                 1174 	.db #0x02	; 2
   0470 02                 1175 	.db #0x02	; 2
   0471 02                 1176 	.db #0x02	; 2
   0472 02                 1177 	.db #0x02	; 2
   0473 02                 1178 	.db #0x02	; 2
   0474 02                 1179 	.db #0x02	; 2
   0475 02                 1180 	.db #0x02	; 2
   0476 02                 1181 	.db #0x02	; 2
   0477 00                 1182 	.db #0x00	; 0
   0478 00                 1183 	.db #0x00	; 0
   0479 00                 1184 	.db #0x00	; 0
   047A 00                 1185 	.db #0x00	; 0
   047B 00                 1186 	.db #0x00	; 0
   047C 00                 1187 	.db #0x00	; 0
   047D 00                 1188 	.db #0x00	; 0
   047E 00                 1189 	.db #0x00	; 0
   047F 00                 1190 	.db #0x00	; 0
   0480 00                 1191 	.db #0x00	; 0
   0481 00                 1192 	.db #0x00	; 0
   0482 00                 1193 	.db #0x00	; 0
   0483 00                 1194 	.db #0x00	; 0
   0484 00                 1195 	.db #0x00	; 0
   0485 00                 1196 	.db #0x00	; 0
   0486 00                 1197 	.db #0x00	; 0
   0487 00                 1198 	.db #0x00	; 0
   0488 00                 1199 	.db #0x00	; 0
   0489 00                 1200 	.db #0x00	; 0
   048A 00                 1201 	.db #0x00	; 0
   048B 00                 1202 	.db #0x00	; 0
   048C 00                 1203 	.db #0x00	; 0
   048D 00                 1204 	.db #0x00	; 0
   048E 00                 1205 	.db #0x00	; 0
   048F 00                 1206 	.db #0x00	; 0
   0490 00                 1207 	.db #0x00	; 0
   0491 00                 1208 	.db #0x00	; 0
   0492 00                 1209 	.db #0x00	; 0
   0493 00                 1210 	.db #0x00	; 0
   0494 00                 1211 	.db #0x00	; 0
   0495 00                 1212 	.db #0x00	; 0
   0496 00                 1213 	.db #0x00	; 0
   0497 02                 1214 	.db #0x02	; 2
   0498 02                 1215 	.db #0x02	; 2
   0499 02                 1216 	.db #0x02	; 2
   049A 02                 1217 	.db #0x02	; 2
   049B 02                 1218 	.db #0x02	; 2
   049C 02                 1219 	.db #0x02	; 2
   049D 02                 1220 	.db #0x02	; 2
   049E 02                 1221 	.db #0x02	; 2
   049F 02                 1222 	.db #0x02	; 2
   04A0 02                 1223 	.db #0x02	; 2
   04A1 02                 1224 	.db #0x02	; 2
   04A2 02                 1225 	.db #0x02	; 2
   04A3 02                 1226 	.db #0x02	; 2
   04A4 02                 1227 	.db #0x02	; 2
   04A5 02                 1228 	.db #0x02	; 2
   04A6 02                 1229 	.db #0x02	; 2
   04A7 02                 1230 	.db #0x02	; 2
   04A8 02                 1231 	.db #0x02	; 2
   04A9 02                 1232 	.db #0x02	; 2
   04AA 02                 1233 	.db #0x02	; 2
   04AB 02                 1234 	.db #0x02	; 2
   04AC 02                 1235 	.db #0x02	; 2
   04AD 02                 1236 	.db #0x02	; 2
   04AE 02                 1237 	.db #0x02	; 2
   04AF 00                 1238 	.db #0x00	; 0
   04B0 00                 1239 	.db #0x00	; 0
   04B1 00                 1240 	.db #0x00	; 0
   04B2 00                 1241 	.db #0x00	; 0
   04B3 00                 1242 	.db #0x00	; 0
   04B4 00                 1243 	.db #0x00	; 0
   04B5 00                 1244 	.db #0x00	; 0
   04B6 00                 1245 	.db #0x00	; 0
   04B7 00                 1246 	.db #0x00	; 0
   04B8 00                 1247 	.db #0x00	; 0
   04B9 00                 1248 	.db #0x00	; 0
   04BA 00                 1249 	.db #0x00	; 0
   04BB 00                 1250 	.db #0x00	; 0
   04BC 00                 1251 	.db #0x00	; 0
   04BD 00                 1252 	.db #0x00	; 0
   04BE 00                 1253 	.db #0x00	; 0
   04BF 00                 1254 	.db #0x00	; 0
   04C0 00                 1255 	.db #0x00	; 0
   04C1 00                 1256 	.db #0x00	; 0
   04C2 00                 1257 	.db #0x00	; 0
   04C3 00                 1258 	.db #0x00	; 0
   04C4 00                 1259 	.db #0x00	; 0
   04C5 00                 1260 	.db #0x00	; 0
   04C6 00                 1261 	.db #0x00	; 0
   04C7 00                 1262 	.db #0x00	; 0
   04C8 00                 1263 	.db #0x00	; 0
   04C9 00                 1264 	.db #0x00	; 0
   04CA 00                 1265 	.db #0x00	; 0
   04CB 00                 1266 	.db #0x00	; 0
   04CC 00                 1267 	.db #0x00	; 0
   04CD 00                 1268 	.db #0x00	; 0
   04CE 00                 1269 	.db #0x00	; 0
   04CF 02                 1270 	.db #0x02	; 2
   04D0 02                 1271 	.db #0x02	; 2
   04D1 02                 1272 	.db #0x02	; 2
   04D2 02                 1273 	.db #0x02	; 2
   04D3 02                 1274 	.db #0x02	; 2
   04D4 02                 1275 	.db #0x02	; 2
   04D5 02                 1276 	.db #0x02	; 2
   04D6 02                 1277 	.db #0x02	; 2
   04D7 02                 1278 	.db #0x02	; 2
   04D8 02                 1279 	.db #0x02	; 2
   04D9 02                 1280 	.db #0x02	; 2
   04DA 02                 1281 	.db #0x02	; 2
   04DB 02                 1282 	.db #0x02	; 2
   04DC 02                 1283 	.db #0x02	; 2
   04DD 02                 1284 	.db #0x02	; 2
   04DE 02                 1285 	.db #0x02	; 2
   04DF 02                 1286 	.db #0x02	; 2
   04E0 02                 1287 	.db #0x02	; 2
   04E1 02                 1288 	.db #0x02	; 2
   04E2 02                 1289 	.db #0x02	; 2
   04E3 02                 1290 	.db #0x02	; 2
   04E4 02                 1291 	.db #0x02	; 2
   04E5 02                 1292 	.db #0x02	; 2
   04E6 02                 1293 	.db #0x02	; 2
   04E7 00                 1294 	.db #0x00	; 0
   04E8 00                 1295 	.db #0x00	; 0
   04E9 00                 1296 	.db #0x00	; 0
   04EA 00                 1297 	.db #0x00	; 0
   04EB 00                 1298 	.db #0x00	; 0
   04EC 00                 1299 	.db #0x00	; 0
   04ED 00                 1300 	.db #0x00	; 0
   04EE 00                 1301 	.db #0x00	; 0
   04EF 00                 1302 	.db #0x00	; 0
   04F0 00                 1303 	.db #0x00	; 0
   04F1 00                 1304 	.db #0x00	; 0
   04F2 00                 1305 	.db #0x00	; 0
   04F3 00                 1306 	.db #0x00	; 0
   04F4 00                 1307 	.db #0x00	; 0
   04F5 00                 1308 	.db #0x00	; 0
   04F6 00                 1309 	.db #0x00	; 0
   04F7 00                 1310 	.db #0x00	; 0
   04F8 00                 1311 	.db #0x00	; 0
   04F9 00                 1312 	.db #0x00	; 0
   04FA 00                 1313 	.db #0x00	; 0
   04FB 00                 1314 	.db #0x00	; 0
   04FC 00                 1315 	.db #0x00	; 0
   04FD 00                 1316 	.db #0x00	; 0
   04FE 00                 1317 	.db #0x00	; 0
   04FF 00                 1318 	.db #0x00	; 0
   0500 00                 1319 	.db #0x00	; 0
   0501 00                 1320 	.db #0x00	; 0
   0502 00                 1321 	.db #0x00	; 0
   0503 00                 1322 	.db #0x00	; 0
   0504 00                 1323 	.db #0x00	; 0
   0505 00                 1324 	.db #0x00	; 0
   0506 00                 1325 	.db #0x00	; 0
   0507 02                 1326 	.db #0x02	; 2
   0508 02                 1327 	.db #0x02	; 2
   0509 02                 1328 	.db #0x02	; 2
   050A 02                 1329 	.db #0x02	; 2
   050B 02                 1330 	.db #0x02	; 2
   050C 02                 1331 	.db #0x02	; 2
   050D 02                 1332 	.db #0x02	; 2
   050E 02                 1333 	.db #0x02	; 2
   050F 02                 1334 	.db #0x02	; 2
   0510 02                 1335 	.db #0x02	; 2
   0511 02                 1336 	.db #0x02	; 2
   0512 02                 1337 	.db #0x02	; 2
   0513 02                 1338 	.db #0x02	; 2
   0514 02                 1339 	.db #0x02	; 2
   0515 02                 1340 	.db #0x02	; 2
   0516 02                 1341 	.db #0x02	; 2
   0517 02                 1342 	.db #0x02	; 2
   0518 02                 1343 	.db #0x02	; 2
   0519 02                 1344 	.db #0x02	; 2
   051A 02                 1345 	.db #0x02	; 2
   051B 02                 1346 	.db #0x02	; 2
   051C 02                 1347 	.db #0x02	; 2
   051D 02                 1348 	.db #0x02	; 2
   051E 02                 1349 	.db #0x02	; 2
   051F 00                 1350 	.db #0x00	; 0
   0520 00                 1351 	.db #0x00	; 0
   0521 00                 1352 	.db #0x00	; 0
   0522 00                 1353 	.db #0x00	; 0
   0523 00                 1354 	.db #0x00	; 0
   0524 00                 1355 	.db #0x00	; 0
   0525 00                 1356 	.db #0x00	; 0
   0526 00                 1357 	.db #0x00	; 0
   0527 00                 1358 	.db #0x00	; 0
   0528 00                 1359 	.db #0x00	; 0
   0529 00                 1360 	.db #0x00	; 0
   052A 00                 1361 	.db #0x00	; 0
   052B 00                 1362 	.db #0x00	; 0
   052C 00                 1363 	.db #0x00	; 0
   052D 00                 1364 	.db #0x00	; 0
   052E 00                 1365 	.db #0x00	; 0
   052F 00                 1366 	.db #0x00	; 0
   0530 00                 1367 	.db #0x00	; 0
   0531 00                 1368 	.db #0x00	; 0
   0532 00                 1369 	.db #0x00	; 0
   0533 00                 1370 	.db #0x00	; 0
   0534 00                 1371 	.db #0x00	; 0
   0535 00                 1372 	.db #0x00	; 0
   0536 00                 1373 	.db #0x00	; 0
   0537 00                 1374 	.db #0x00	; 0
   0538 00                 1375 	.db #0x00	; 0
   0539 00                 1376 	.db #0x00	; 0
   053A 00                 1377 	.db #0x00	; 0
   053B 00                 1378 	.db #0x00	; 0
   053C 00                 1379 	.db #0x00	; 0
   053D 00                 1380 	.db #0x00	; 0
   053E 00                 1381 	.db #0x00	; 0
   053F 02                 1382 	.db #0x02	; 2
   0540 02                 1383 	.db #0x02	; 2
   0541 02                 1384 	.db #0x02	; 2
   0542 02                 1385 	.db #0x02	; 2
   0543 02                 1386 	.db #0x02	; 2
   0544 02                 1387 	.db #0x02	; 2
   0545 02                 1388 	.db #0x02	; 2
   0546 02                 1389 	.db #0x02	; 2
   0547 02                 1390 	.db #0x02	; 2
   0548 02                 1391 	.db #0x02	; 2
   0549 02                 1392 	.db #0x02	; 2
   054A 02                 1393 	.db #0x02	; 2
   054B 02                 1394 	.db #0x02	; 2
   054C 02                 1395 	.db #0x02	; 2
   054D 02                 1396 	.db #0x02	; 2
   054E 02                 1397 	.db #0x02	; 2
   054F 02                 1398 	.db #0x02	; 2
   0550 02                 1399 	.db #0x02	; 2
   0551 02                 1400 	.db #0x02	; 2
   0552 02                 1401 	.db #0x02	; 2
   0553 02                 1402 	.db #0x02	; 2
   0554 02                 1403 	.db #0x02	; 2
   0555 02                 1404 	.db #0x02	; 2
   0556 02                 1405 	.db #0x02	; 2
   0557 02                 1406 	.db #0x02	; 2
   0558 02                 1407 	.db #0x02	; 2
   0559 02                 1408 	.db #0x02	; 2
   055A 02                 1409 	.db #0x02	; 2
   055B 02                 1410 	.db #0x02	; 2
   055C 02                 1411 	.db #0x02	; 2
   055D 02                 1412 	.db #0x02	; 2
   055E 02                 1413 	.db #0x02	; 2
   055F 02                 1414 	.db #0x02	; 2
   0560 02                 1415 	.db #0x02	; 2
   0561 02                 1416 	.db #0x02	; 2
   0562 02                 1417 	.db #0x02	; 2
   0563 02                 1418 	.db #0x02	; 2
   0564 02                 1419 	.db #0x02	; 2
   0565 02                 1420 	.db #0x02	; 2
   0566 02                 1421 	.db #0x02	; 2
   0567 02                 1422 	.db #0x02	; 2
   0568 02                 1423 	.db #0x02	; 2
   0569 02                 1424 	.db #0x02	; 2
   056A 02                 1425 	.db #0x02	; 2
   056B 02                 1426 	.db #0x02	; 2
   056C 02                 1427 	.db #0x02	; 2
   056D 02                 1428 	.db #0x02	; 2
   056E 02                 1429 	.db #0x02	; 2
   056F 02                 1430 	.db #0x02	; 2
   0570 02                 1431 	.db #0x02	; 2
   0571 02                 1432 	.db #0x02	; 2
   0572 02                 1433 	.db #0x02	; 2
   0573 02                 1434 	.db #0x02	; 2
   0574 02                 1435 	.db #0x02	; 2
   0575 02                 1436 	.db #0x02	; 2
   0576 02                 1437 	.db #0x02	; 2
   0577 02                 1438 	.db #0x02	; 2
                           1439 	.area _CABS (ABS)
