                              1 ;--------------------------------------------------------
                              2 ; File Created by SDCC : free open source ANSI-C Compiler
                              3 ; Version 3.6.0 #9615 (MINGW64)
                              4 ;--------------------------------------------------------
                              5 	.module map6_b3
                              6 	.optsdcc -mgbz80
                              7 	
                              8 ;--------------------------------------------------------
                              9 ; Public variables in this module
                             10 ;--------------------------------------------------------
                             11 	.globl _map6
                             12 ;--------------------------------------------------------
                             13 ; ram data
                             14 ;--------------------------------------------------------
                             15 	.area _DATA
                             16 ;--------------------------------------------------------
                             17 ; absolute external ram data
                             18 ;--------------------------------------------------------
                             19 	.area _DABS (ABS)
                             20 ;--------------------------------------------------------
                             21 ; global & static initialisations
                             22 ;--------------------------------------------------------
                             23 	.area _HOME
                             24 	.area _GSINIT
                             25 	.area _GSFINAL
                             26 	.area _GSINIT
                             27 ;--------------------------------------------------------
                             28 ; Home
                             29 ;--------------------------------------------------------
                             30 	.area _HOME
                             31 	.area _HOME
                             32 ;--------------------------------------------------------
                             33 ; code
                             34 ;--------------------------------------------------------
                             35 	.area _CODE
                             36 	.area _CODE
                             37 	.area _CODE_3
   0000                      38 _map6:
   0000 04                   39 	.db #0x04	; 4
   0001 04                   40 	.db #0x04	; 4
   0002 04                   41 	.db #0x04	; 4
   0003 04                   42 	.db #0x04	; 4
   0004 04                   43 	.db #0x04	; 4
   0005 04                   44 	.db #0x04	; 4
   0006 04                   45 	.db #0x04	; 4
   0007 04                   46 	.db #0x04	; 4
   0008 04                   47 	.db #0x04	; 4
   0009 04                   48 	.db #0x04	; 4
   000A 04                   49 	.db #0x04	; 4
   000B 04                   50 	.db #0x04	; 4
   000C 04                   51 	.db #0x04	; 4
   000D 04                   52 	.db #0x04	; 4
   000E 04                   53 	.db #0x04	; 4
   000F 04                   54 	.db #0x04	; 4
   0010 04                   55 	.db #0x04	; 4
   0011 04                   56 	.db #0x04	; 4
   0012 04                   57 	.db #0x04	; 4
   0013 04                   58 	.db #0x04	; 4
   0014 01                   59 	.db #0x01	; 1
   0015 01                   60 	.db #0x01	; 1
   0016 01                   61 	.db #0x01	; 1
   0017 01                   62 	.db #0x01	; 1
   0018 01                   63 	.db #0x01	; 1
   0019 01                   64 	.db #0x01	; 1
   001A 01                   65 	.db #0x01	; 1
   001B 01                   66 	.db #0x01	; 1
   001C 01                   67 	.db #0x01	; 1
   001D 01                   68 	.db #0x01	; 1
   001E 01                   69 	.db #0x01	; 1
   001F 01                   70 	.db #0x01	; 1
   0020 01                   71 	.db #0x01	; 1
   0021 01                   72 	.db #0x01	; 1
   0022 01                   73 	.db #0x01	; 1
   0023 01                   74 	.db #0x01	; 1
   0024 01                   75 	.db #0x01	; 1
   0025 01                   76 	.db #0x01	; 1
   0026 01                   77 	.db #0x01	; 1
   0027 01                   78 	.db #0x01	; 1
   0028 04                   79 	.db #0x04	; 4
   0029 00                   80 	.db #0x00	; 0
   002A 00                   81 	.db #0x00	; 0
   002B 00                   82 	.db #0x00	; 0
   002C 00                   83 	.db #0x00	; 0
   002D 04                   84 	.db #0x04	; 4
   002E 00                   85 	.db #0x00	; 0
   002F 00                   86 	.db #0x00	; 0
   0030 00                   87 	.db #0x00	; 0
   0031 00                   88 	.db #0x00	; 0
   0032 00                   89 	.db #0x00	; 0
   0033 00                   90 	.db #0x00	; 0
   0034 00                   91 	.db #0x00	; 0
   0035 00                   92 	.db #0x00	; 0
   0036 04                   93 	.db #0x04	; 4
   0037 00                   94 	.db #0x00	; 0
   0038 00                   95 	.db #0x00	; 0
   0039 00                   96 	.db #0x00	; 0
   003A 00                   97 	.db #0x00	; 0
   003B 04                   98 	.db #0x04	; 4
   003C 01                   99 	.db #0x01	; 1
   003D 01                  100 	.db #0x01	; 1
   003E 01                  101 	.db #0x01	; 1
   003F 01                  102 	.db #0x01	; 1
   0040 01                  103 	.db #0x01	; 1
   0041 01                  104 	.db #0x01	; 1
   0042 01                  105 	.db #0x01	; 1
   0043 01                  106 	.db #0x01	; 1
   0044 01                  107 	.db #0x01	; 1
   0045 01                  108 	.db #0x01	; 1
   0046 01                  109 	.db #0x01	; 1
   0047 01                  110 	.db #0x01	; 1
   0048 01                  111 	.db #0x01	; 1
   0049 01                  112 	.db #0x01	; 1
   004A 01                  113 	.db #0x01	; 1
   004B 01                  114 	.db #0x01	; 1
   004C 01                  115 	.db #0x01	; 1
   004D 01                  116 	.db #0x01	; 1
   004E 01                  117 	.db #0x01	; 1
   004F 01                  118 	.db #0x01	; 1
   0050 04                  119 	.db #0x04	; 4
   0051 00                  120 	.db #0x00	; 0
   0052 00                  121 	.db #0x00	; 0
   0053 00                  122 	.db #0x00	; 0
   0054 00                  123 	.db #0x00	; 0
   0055 04                  124 	.db #0x04	; 4
   0056 00                  125 	.db #0x00	; 0
   0057 00                  126 	.db #0x00	; 0
   0058 00                  127 	.db #0x00	; 0
   0059 00                  128 	.db #0x00	; 0
   005A 00                  129 	.db #0x00	; 0
   005B 00                  130 	.db #0x00	; 0
   005C 00                  131 	.db #0x00	; 0
   005D 00                  132 	.db #0x00	; 0
   005E 04                  133 	.db #0x04	; 4
   005F 00                  134 	.db #0x00	; 0
   0060 00                  135 	.db #0x00	; 0
   0061 00                  136 	.db #0x00	; 0
   0062 00                  137 	.db #0x00	; 0
   0063 04                  138 	.db #0x04	; 4
   0064 01                  139 	.db #0x01	; 1
   0065 01                  140 	.db #0x01	; 1
   0066 01                  141 	.db #0x01	; 1
   0067 01                  142 	.db #0x01	; 1
   0068 01                  143 	.db #0x01	; 1
   0069 01                  144 	.db #0x01	; 1
   006A 01                  145 	.db #0x01	; 1
   006B 01                  146 	.db #0x01	; 1
   006C 01                  147 	.db #0x01	; 1
   006D 01                  148 	.db #0x01	; 1
   006E 01                  149 	.db #0x01	; 1
   006F 01                  150 	.db #0x01	; 1
   0070 01                  151 	.db #0x01	; 1
   0071 01                  152 	.db #0x01	; 1
   0072 01                  153 	.db #0x01	; 1
   0073 01                  154 	.db #0x01	; 1
   0074 01                  155 	.db #0x01	; 1
   0075 01                  156 	.db #0x01	; 1
   0076 01                  157 	.db #0x01	; 1
   0077 01                  158 	.db #0x01	; 1
   0078 04                  159 	.db #0x04	; 4
   0079 00                  160 	.db #0x00	; 0
   007A 00                  161 	.db #0x00	; 0
   007B 00                  162 	.db #0x00	; 0
   007C 00                  163 	.db #0x00	; 0
   007D 04                  164 	.db #0x04	; 4
   007E 00                  165 	.db #0x00	; 0
   007F 00                  166 	.db #0x00	; 0
   0080 00                  167 	.db #0x00	; 0
   0081 00                  168 	.db #0x00	; 0
   0082 00                  169 	.db #0x00	; 0
   0083 00                  170 	.db #0x00	; 0
   0084 00                  171 	.db #0x00	; 0
   0085 00                  172 	.db #0x00	; 0
   0086 04                  173 	.db #0x04	; 4
   0087 00                  174 	.db #0x00	; 0
   0088 00                  175 	.db #0x00	; 0
   0089 00                  176 	.db #0x00	; 0
   008A 00                  177 	.db #0x00	; 0
   008B 04                  178 	.db #0x04	; 4
   008C 01                  179 	.db #0x01	; 1
   008D 01                  180 	.db #0x01	; 1
   008E 01                  181 	.db #0x01	; 1
   008F 01                  182 	.db #0x01	; 1
   0090 01                  183 	.db #0x01	; 1
   0091 01                  184 	.db #0x01	; 1
   0092 01                  185 	.db #0x01	; 1
   0093 01                  186 	.db #0x01	; 1
   0094 01                  187 	.db #0x01	; 1
   0095 01                  188 	.db #0x01	; 1
   0096 01                  189 	.db #0x01	; 1
   0097 01                  190 	.db #0x01	; 1
   0098 01                  191 	.db #0x01	; 1
   0099 01                  192 	.db #0x01	; 1
   009A 01                  193 	.db #0x01	; 1
   009B 01                  194 	.db #0x01	; 1
   009C 01                  195 	.db #0x01	; 1
   009D 01                  196 	.db #0x01	; 1
   009E 01                  197 	.db #0x01	; 1
   009F 01                  198 	.db #0x01	; 1
   00A0 04                  199 	.db #0x04	; 4
   00A1 00                  200 	.db #0x00	; 0
   00A2 00                  201 	.db #0x00	; 0
   00A3 00                  202 	.db #0x00	; 0
   00A4 00                  203 	.db #0x00	; 0
   00A5 04                  204 	.db #0x04	; 4
   00A6 00                  205 	.db #0x00	; 0
   00A7 00                  206 	.db #0x00	; 0
   00A8 00                  207 	.db #0x00	; 0
   00A9 00                  208 	.db #0x00	; 0
   00AA 00                  209 	.db #0x00	; 0
   00AB 00                  210 	.db #0x00	; 0
   00AC 00                  211 	.db #0x00	; 0
   00AD 00                  212 	.db #0x00	; 0
   00AE 04                  213 	.db #0x04	; 4
   00AF 00                  214 	.db #0x00	; 0
   00B0 00                  215 	.db #0x00	; 0
   00B1 00                  216 	.db #0x00	; 0
   00B2 00                  217 	.db #0x00	; 0
   00B3 04                  218 	.db #0x04	; 4
   00B4 01                  219 	.db #0x01	; 1
   00B5 01                  220 	.db #0x01	; 1
   00B6 01                  221 	.db #0x01	; 1
   00B7 01                  222 	.db #0x01	; 1
   00B8 01                  223 	.db #0x01	; 1
   00B9 01                  224 	.db #0x01	; 1
   00BA 01                  225 	.db #0x01	; 1
   00BB 01                  226 	.db #0x01	; 1
   00BC 01                  227 	.db #0x01	; 1
   00BD 01                  228 	.db #0x01	; 1
   00BE 01                  229 	.db #0x01	; 1
   00BF 01                  230 	.db #0x01	; 1
   00C0 01                  231 	.db #0x01	; 1
   00C1 01                  232 	.db #0x01	; 1
   00C2 01                  233 	.db #0x01	; 1
   00C3 01                  234 	.db #0x01	; 1
   00C4 01                  235 	.db #0x01	; 1
   00C5 01                  236 	.db #0x01	; 1
   00C6 01                  237 	.db #0x01	; 1
   00C7 01                  238 	.db #0x01	; 1
   00C8 04                  239 	.db #0x04	; 4
   00C9 00                  240 	.db #0x00	; 0
   00CA 00                  241 	.db #0x00	; 0
   00CB 00                  242 	.db #0x00	; 0
   00CC 00                  243 	.db #0x00	; 0
   00CD 04                  244 	.db #0x04	; 4
   00CE 04                  245 	.db #0x04	; 4
   00CF 00                  246 	.db #0x00	; 0
   00D0 00                  247 	.db #0x00	; 0
   00D1 00                  248 	.db #0x00	; 0
   00D2 00                  249 	.db #0x00	; 0
   00D3 00                  250 	.db #0x00	; 0
   00D4 00                  251 	.db #0x00	; 0
   00D5 04                  252 	.db #0x04	; 4
   00D6 04                  253 	.db #0x04	; 4
   00D7 00                  254 	.db #0x00	; 0
   00D8 00                  255 	.db #0x00	; 0
   00D9 00                  256 	.db #0x00	; 0
   00DA 00                  257 	.db #0x00	; 0
   00DB 04                  258 	.db #0x04	; 4
   00DC 03                  259 	.db #0x03	; 3
   00DD 03                  260 	.db #0x03	; 3
   00DE 03                  261 	.db #0x03	; 3
   00DF 03                  262 	.db #0x03	; 3
   00E0 03                  263 	.db #0x03	; 3
   00E1 03                  264 	.db #0x03	; 3
   00E2 03                  265 	.db #0x03	; 3
   00E3 03                  266 	.db #0x03	; 3
   00E4 03                  267 	.db #0x03	; 3
   00E5 03                  268 	.db #0x03	; 3
   00E6 03                  269 	.db #0x03	; 3
   00E7 03                  270 	.db #0x03	; 3
   00E8 03                  271 	.db #0x03	; 3
   00E9 03                  272 	.db #0x03	; 3
   00EA 03                  273 	.db #0x03	; 3
   00EB 03                  274 	.db #0x03	; 3
   00EC 03                  275 	.db #0x03	; 3
   00ED 03                  276 	.db #0x03	; 3
   00EE 03                  277 	.db #0x03	; 3
   00EF 01                  278 	.db #0x01	; 1
   00F0 04                  279 	.db #0x04	; 4
   00F1 00                  280 	.db #0x00	; 0
   00F2 00                  281 	.db #0x00	; 0
   00F3 00                  282 	.db #0x00	; 0
   00F4 00                  283 	.db #0x00	; 0
   00F5 00                  284 	.db #0x00	; 0
   00F6 00                  285 	.db #0x00	; 0
   00F7 00                  286 	.db #0x00	; 0
   00F8 00                  287 	.db #0x00	; 0
   00F9 00                  288 	.db #0x00	; 0
   00FA 00                  289 	.db #0x00	; 0
   00FB 00                  290 	.db #0x00	; 0
   00FC 00                  291 	.db #0x00	; 0
   00FD 00                  292 	.db #0x00	; 0
   00FE 00                  293 	.db #0x00	; 0
   00FF 00                  294 	.db #0x00	; 0
   0100 00                  295 	.db #0x00	; 0
   0101 00                  296 	.db #0x00	; 0
   0102 00                  297 	.db #0x00	; 0
   0103 00                  298 	.db #0x00	; 0
   0104 00                  299 	.db #0x00	; 0
   0105 00                  300 	.db #0x00	; 0
   0106 00                  301 	.db #0x00	; 0
   0107 00                  302 	.db #0x00	; 0
   0108 00                  303 	.db #0x00	; 0
   0109 00                  304 	.db #0x00	; 0
   010A 00                  305 	.db #0x00	; 0
   010B 00                  306 	.db #0x00	; 0
   010C 00                  307 	.db #0x00	; 0
   010D 00                  308 	.db #0x00	; 0
   010E 00                  309 	.db #0x00	; 0
   010F 00                  310 	.db #0x00	; 0
   0110 00                  311 	.db #0x00	; 0
   0111 00                  312 	.db #0x00	; 0
   0112 00                  313 	.db #0x00	; 0
   0113 00                  314 	.db #0x00	; 0
   0114 00                  315 	.db #0x00	; 0
   0115 00                  316 	.db #0x00	; 0
   0116 03                  317 	.db #0x03	; 3
   0117 01                  318 	.db #0x01	; 1
   0118 04                  319 	.db #0x04	; 4
   0119 00                  320 	.db #0x00	; 0
   011A 00                  321 	.db #0x00	; 0
   011B 00                  322 	.db #0x00	; 0
   011C 00                  323 	.db #0x00	; 0
   011D 00                  324 	.db #0x00	; 0
   011E 00                  325 	.db #0x00	; 0
   011F 00                  326 	.db #0x00	; 0
   0120 00                  327 	.db #0x00	; 0
   0121 00                  328 	.db #0x00	; 0
   0122 00                  329 	.db #0x00	; 0
   0123 00                  330 	.db #0x00	; 0
   0124 00                  331 	.db #0x00	; 0
   0125 00                  332 	.db #0x00	; 0
   0126 00                  333 	.db #0x00	; 0
   0127 00                  334 	.db #0x00	; 0
   0128 00                  335 	.db #0x00	; 0
   0129 00                  336 	.db #0x00	; 0
   012A 00                  337 	.db #0x00	; 0
   012B 00                  338 	.db #0x00	; 0
   012C 00                  339 	.db #0x00	; 0
   012D 00                  340 	.db #0x00	; 0
   012E 00                  341 	.db #0x00	; 0
   012F 00                  342 	.db #0x00	; 0
   0130 00                  343 	.db #0x00	; 0
   0131 00                  344 	.db #0x00	; 0
   0132 00                  345 	.db #0x00	; 0
   0133 00                  346 	.db #0x00	; 0
   0134 00                  347 	.db #0x00	; 0
   0135 00                  348 	.db #0x00	; 0
   0136 00                  349 	.db #0x00	; 0
   0137 00                  350 	.db #0x00	; 0
   0138 00                  351 	.db #0x00	; 0
   0139 00                  352 	.db #0x00	; 0
   013A 00                  353 	.db #0x00	; 0
   013B 00                  354 	.db #0x00	; 0
   013C 00                  355 	.db #0x00	; 0
   013D 00                  356 	.db #0x00	; 0
   013E 03                  357 	.db #0x03	; 3
   013F 01                  358 	.db #0x01	; 1
   0140 04                  359 	.db #0x04	; 4
   0141 00                  360 	.db #0x00	; 0
   0142 00                  361 	.db #0x00	; 0
   0143 00                  362 	.db #0x00	; 0
   0144 00                  363 	.db #0x00	; 0
   0145 00                  364 	.db #0x00	; 0
   0146 00                  365 	.db #0x00	; 0
   0147 00                  366 	.db #0x00	; 0
   0148 00                  367 	.db #0x00	; 0
   0149 00                  368 	.db #0x00	; 0
   014A 00                  369 	.db #0x00	; 0
   014B 00                  370 	.db #0x00	; 0
   014C 00                  371 	.db #0x00	; 0
   014D 00                  372 	.db #0x00	; 0
   014E 00                  373 	.db #0x00	; 0
   014F 00                  374 	.db #0x00	; 0
   0150 00                  375 	.db #0x00	; 0
   0151 00                  376 	.db #0x00	; 0
   0152 00                  377 	.db #0x00	; 0
   0153 00                  378 	.db #0x00	; 0
   0154 00                  379 	.db #0x00	; 0
   0155 00                  380 	.db #0x00	; 0
   0156 00                  381 	.db #0x00	; 0
   0157 00                  382 	.db #0x00	; 0
   0158 00                  383 	.db #0x00	; 0
   0159 00                  384 	.db #0x00	; 0
   015A 00                  385 	.db #0x00	; 0
   015B 00                  386 	.db #0x00	; 0
   015C 00                  387 	.db #0x00	; 0
   015D 00                  388 	.db #0x00	; 0
   015E 00                  389 	.db #0x00	; 0
   015F 00                  390 	.db #0x00	; 0
   0160 00                  391 	.db #0x00	; 0
   0161 00                  392 	.db #0x00	; 0
   0162 00                  393 	.db #0x00	; 0
   0163 00                  394 	.db #0x00	; 0
   0164 00                  395 	.db #0x00	; 0
   0165 00                  396 	.db #0x00	; 0
   0166 03                  397 	.db #0x03	; 3
   0167 01                  398 	.db #0x01	; 1
   0168 04                  399 	.db #0x04	; 4
   0169 00                  400 	.db #0x00	; 0
   016A 00                  401 	.db #0x00	; 0
   016B 00                  402 	.db #0x00	; 0
   016C 00                  403 	.db #0x00	; 0
   016D 00                  404 	.db #0x00	; 0
   016E 00                  405 	.db #0x00	; 0
   016F 00                  406 	.db #0x00	; 0
   0170 00                  407 	.db #0x00	; 0
   0171 00                  408 	.db #0x00	; 0
   0172 00                  409 	.db #0x00	; 0
   0173 00                  410 	.db #0x00	; 0
   0174 00                  411 	.db #0x00	; 0
   0175 00                  412 	.db #0x00	; 0
   0176 00                  413 	.db #0x00	; 0
   0177 00                  414 	.db #0x00	; 0
   0178 00                  415 	.db #0x00	; 0
   0179 00                  416 	.db #0x00	; 0
   017A 00                  417 	.db #0x00	; 0
   017B 00                  418 	.db #0x00	; 0
   017C 00                  419 	.db #0x00	; 0
   017D 00                  420 	.db #0x00	; 0
   017E 00                  421 	.db #0x00	; 0
   017F 00                  422 	.db #0x00	; 0
   0180 00                  423 	.db #0x00	; 0
   0181 00                  424 	.db #0x00	; 0
   0182 00                  425 	.db #0x00	; 0
   0183 00                  426 	.db #0x00	; 0
   0184 00                  427 	.db #0x00	; 0
   0185 00                  428 	.db #0x00	; 0
   0186 00                  429 	.db #0x00	; 0
   0187 00                  430 	.db #0x00	; 0
   0188 00                  431 	.db #0x00	; 0
   0189 00                  432 	.db #0x00	; 0
   018A 00                  433 	.db #0x00	; 0
   018B 00                  434 	.db #0x00	; 0
   018C 00                  435 	.db #0x00	; 0
   018D 00                  436 	.db #0x00	; 0
   018E 03                  437 	.db #0x03	; 3
   018F 01                  438 	.db #0x01	; 1
   0190 04                  439 	.db #0x04	; 4
   0191 00                  440 	.db #0x00	; 0
   0192 00                  441 	.db #0x00	; 0
   0193 00                  442 	.db #0x00	; 0
   0194 00                  443 	.db #0x00	; 0
   0195 00                  444 	.db #0x00	; 0
   0196 00                  445 	.db #0x00	; 0
   0197 00                  446 	.db #0x00	; 0
   0198 00                  447 	.db #0x00	; 0
   0199 00                  448 	.db #0x00	; 0
   019A 00                  449 	.db #0x00	; 0
   019B 00                  450 	.db #0x00	; 0
   019C 00                  451 	.db #0x00	; 0
   019D 00                  452 	.db #0x00	; 0
   019E 00                  453 	.db #0x00	; 0
   019F 00                  454 	.db #0x00	; 0
   01A0 00                  455 	.db #0x00	; 0
   01A1 00                  456 	.db #0x00	; 0
   01A2 00                  457 	.db #0x00	; 0
   01A3 00                  458 	.db #0x00	; 0
   01A4 00                  459 	.db #0x00	; 0
   01A5 00                  460 	.db #0x00	; 0
   01A6 00                  461 	.db #0x00	; 0
   01A7 00                  462 	.db #0x00	; 0
   01A8 00                  463 	.db #0x00	; 0
   01A9 00                  464 	.db #0x00	; 0
   01AA 00                  465 	.db #0x00	; 0
   01AB 00                  466 	.db #0x00	; 0
   01AC 00                  467 	.db #0x00	; 0
   01AD 00                  468 	.db #0x00	; 0
   01AE 00                  469 	.db #0x00	; 0
   01AF 00                  470 	.db #0x00	; 0
   01B0 00                  471 	.db #0x00	; 0
   01B1 00                  472 	.db #0x00	; 0
   01B2 00                  473 	.db #0x00	; 0
   01B3 00                  474 	.db #0x00	; 0
   01B4 00                  475 	.db #0x00	; 0
   01B5 00                  476 	.db #0x00	; 0
   01B6 03                  477 	.db #0x03	; 3
   01B7 01                  478 	.db #0x01	; 1
   01B8 04                  479 	.db #0x04	; 4
   01B9 00                  480 	.db #0x00	; 0
   01BA 00                  481 	.db #0x00	; 0
   01BB 00                  482 	.db #0x00	; 0
   01BC 00                  483 	.db #0x00	; 0
   01BD 00                  484 	.db #0x00	; 0
   01BE 00                  485 	.db #0x00	; 0
   01BF 00                  486 	.db #0x00	; 0
   01C0 00                  487 	.db #0x00	; 0
   01C1 00                  488 	.db #0x00	; 0
   01C2 00                  489 	.db #0x00	; 0
   01C3 00                  490 	.db #0x00	; 0
   01C4 00                  491 	.db #0x00	; 0
   01C5 00                  492 	.db #0x00	; 0
   01C6 00                  493 	.db #0x00	; 0
   01C7 00                  494 	.db #0x00	; 0
   01C8 00                  495 	.db #0x00	; 0
   01C9 00                  496 	.db #0x00	; 0
   01CA 00                  497 	.db #0x00	; 0
   01CB 04                  498 	.db #0x04	; 4
   01CC 03                  499 	.db #0x03	; 3
   01CD 03                  500 	.db #0x03	; 3
   01CE 03                  501 	.db #0x03	; 3
   01CF 03                  502 	.db #0x03	; 3
   01D0 03                  503 	.db #0x03	; 3
   01D1 03                  504 	.db #0x03	; 3
   01D2 03                  505 	.db #0x03	; 3
   01D3 03                  506 	.db #0x03	; 3
   01D4 03                  507 	.db #0x03	; 3
   01D5 03                  508 	.db #0x03	; 3
   01D6 03                  509 	.db #0x03	; 3
   01D7 03                  510 	.db #0x03	; 3
   01D8 03                  511 	.db #0x03	; 3
   01D9 00                  512 	.db #0x00	; 0
   01DA 00                  513 	.db #0x00	; 0
   01DB 00                  514 	.db #0x00	; 0
   01DC 00                  515 	.db #0x00	; 0
   01DD 00                  516 	.db #0x00	; 0
   01DE 03                  517 	.db #0x03	; 3
   01DF 01                  518 	.db #0x01	; 1
   01E0 04                  519 	.db #0x04	; 4
   01E1 00                  520 	.db #0x00	; 0
   01E2 00                  521 	.db #0x00	; 0
   01E3 00                  522 	.db #0x00	; 0
   01E4 00                  523 	.db #0x00	; 0
   01E5 04                  524 	.db #0x04	; 4
   01E6 04                  525 	.db #0x04	; 4
   01E7 03                  526 	.db #0x03	; 3
   01E8 03                  527 	.db #0x03	; 3
   01E9 03                  528 	.db #0x03	; 3
   01EA 03                  529 	.db #0x03	; 3
   01EB 03                  530 	.db #0x03	; 3
   01EC 03                  531 	.db #0x03	; 3
   01ED 04                  532 	.db #0x04	; 4
   01EE 04                  533 	.db #0x04	; 4
   01EF 00                  534 	.db #0x00	; 0
   01F0 00                  535 	.db #0x00	; 0
   01F1 00                  536 	.db #0x00	; 0
   01F2 00                  537 	.db #0x00	; 0
   01F3 04                  538 	.db #0x04	; 4
   01F4 01                  539 	.db #0x01	; 1
   01F5 01                  540 	.db #0x01	; 1
   01F6 01                  541 	.db #0x01	; 1
   01F7 01                  542 	.db #0x01	; 1
   01F8 01                  543 	.db #0x01	; 1
   01F9 01                  544 	.db #0x01	; 1
   01FA 01                  545 	.db #0x01	; 1
   01FB 01                  546 	.db #0x01	; 1
   01FC 01                  547 	.db #0x01	; 1
   01FD 01                  548 	.db #0x01	; 1
   01FE 01                  549 	.db #0x01	; 1
   01FF 01                  550 	.db #0x01	; 1
   0200 03                  551 	.db #0x03	; 3
   0201 00                  552 	.db #0x00	; 0
   0202 00                  553 	.db #0x00	; 0
   0203 00                  554 	.db #0x00	; 0
   0204 00                  555 	.db #0x00	; 0
   0205 00                  556 	.db #0x00	; 0
   0206 03                  557 	.db #0x03	; 3
   0207 01                  558 	.db #0x01	; 1
   0208 04                  559 	.db #0x04	; 4
   0209 00                  560 	.db #0x00	; 0
   020A 00                  561 	.db #0x00	; 0
   020B 00                  562 	.db #0x00	; 0
   020C 00                  563 	.db #0x00	; 0
   020D 04                  564 	.db #0x04	; 4
   020E 00                  565 	.db #0x00	; 0
   020F 00                  566 	.db #0x00	; 0
   0210 00                  567 	.db #0x00	; 0
   0211 00                  568 	.db #0x00	; 0
   0212 00                  569 	.db #0x00	; 0
   0213 00                  570 	.db #0x00	; 0
   0214 00                  571 	.db #0x00	; 0
   0215 00                  572 	.db #0x00	; 0
   0216 04                  573 	.db #0x04	; 4
   0217 00                  574 	.db #0x00	; 0
   0218 00                  575 	.db #0x00	; 0
   0219 00                  576 	.db #0x00	; 0
   021A 00                  577 	.db #0x00	; 0
   021B 04                  578 	.db #0x04	; 4
   021C 01                  579 	.db #0x01	; 1
   021D 01                  580 	.db #0x01	; 1
   021E 01                  581 	.db #0x01	; 1
   021F 01                  582 	.db #0x01	; 1
   0220 01                  583 	.db #0x01	; 1
   0221 01                  584 	.db #0x01	; 1
   0222 01                  585 	.db #0x01	; 1
   0223 01                  586 	.db #0x01	; 1
   0224 01                  587 	.db #0x01	; 1
   0225 01                  588 	.db #0x01	; 1
   0226 01                  589 	.db #0x01	; 1
   0227 01                  590 	.db #0x01	; 1
   0228 03                  591 	.db #0x03	; 3
   0229 00                  592 	.db #0x00	; 0
   022A 00                  593 	.db #0x00	; 0
   022B 00                  594 	.db #0x00	; 0
   022C 00                  595 	.db #0x00	; 0
   022D 00                  596 	.db #0x00	; 0
   022E 03                  597 	.db #0x03	; 3
   022F 01                  598 	.db #0x01	; 1
   0230 04                  599 	.db #0x04	; 4
   0231 00                  600 	.db #0x00	; 0
   0232 00                  601 	.db #0x00	; 0
   0233 00                  602 	.db #0x00	; 0
   0234 00                  603 	.db #0x00	; 0
   0235 04                  604 	.db #0x04	; 4
   0236 00                  605 	.db #0x00	; 0
   0237 00                  606 	.db #0x00	; 0
   0238 00                  607 	.db #0x00	; 0
   0239 00                  608 	.db #0x00	; 0
   023A 00                  609 	.db #0x00	; 0
   023B 00                  610 	.db #0x00	; 0
   023C 00                  611 	.db #0x00	; 0
   023D 00                  612 	.db #0x00	; 0
   023E 04                  613 	.db #0x04	; 4
   023F 00                  614 	.db #0x00	; 0
   0240 00                  615 	.db #0x00	; 0
   0241 00                  616 	.db #0x00	; 0
   0242 00                  617 	.db #0x00	; 0
   0243 04                  618 	.db #0x04	; 4
   0244 01                  619 	.db #0x01	; 1
   0245 01                  620 	.db #0x01	; 1
   0246 01                  621 	.db #0x01	; 1
   0247 01                  622 	.db #0x01	; 1
   0248 01                  623 	.db #0x01	; 1
   0249 01                  624 	.db #0x01	; 1
   024A 01                  625 	.db #0x01	; 1
   024B 01                  626 	.db #0x01	; 1
   024C 01                  627 	.db #0x01	; 1
   024D 01                  628 	.db #0x01	; 1
   024E 01                  629 	.db #0x01	; 1
   024F 01                  630 	.db #0x01	; 1
   0250 03                  631 	.db #0x03	; 3
   0251 00                  632 	.db #0x00	; 0
   0252 00                  633 	.db #0x00	; 0
   0253 00                  634 	.db #0x00	; 0
   0254 00                  635 	.db #0x00	; 0
   0255 00                  636 	.db #0x00	; 0
   0256 03                  637 	.db #0x03	; 3
   0257 01                  638 	.db #0x01	; 1
   0258 04                  639 	.db #0x04	; 4
   0259 00                  640 	.db #0x00	; 0
   025A 00                  641 	.db #0x00	; 0
   025B 00                  642 	.db #0x00	; 0
   025C 00                  643 	.db #0x00	; 0
   025D 04                  644 	.db #0x04	; 4
   025E 00                  645 	.db #0x00	; 0
   025F 00                  646 	.db #0x00	; 0
   0260 00                  647 	.db #0x00	; 0
   0261 00                  648 	.db #0x00	; 0
   0262 00                  649 	.db #0x00	; 0
   0263 00                  650 	.db #0x00	; 0
   0264 00                  651 	.db #0x00	; 0
   0265 00                  652 	.db #0x00	; 0
   0266 04                  653 	.db #0x04	; 4
   0267 00                  654 	.db #0x00	; 0
   0268 00                  655 	.db #0x00	; 0
   0269 00                  656 	.db #0x00	; 0
   026A 00                  657 	.db #0x00	; 0
   026B 04                  658 	.db #0x04	; 4
   026C 01                  659 	.db #0x01	; 1
   026D 01                  660 	.db #0x01	; 1
   026E 01                  661 	.db #0x01	; 1
   026F 01                  662 	.db #0x01	; 1
   0270 01                  663 	.db #0x01	; 1
   0271 01                  664 	.db #0x01	; 1
   0272 01                  665 	.db #0x01	; 1
   0273 01                  666 	.db #0x01	; 1
   0274 01                  667 	.db #0x01	; 1
   0275 01                  668 	.db #0x01	; 1
   0276 01                  669 	.db #0x01	; 1
   0277 01                  670 	.db #0x01	; 1
   0278 03                  671 	.db #0x03	; 3
   0279 00                  672 	.db #0x00	; 0
   027A 00                  673 	.db #0x00	; 0
   027B 00                  674 	.db #0x00	; 0
   027C 00                  675 	.db #0x00	; 0
   027D 00                  676 	.db #0x00	; 0
   027E 03                  677 	.db #0x03	; 3
   027F 01                  678 	.db #0x01	; 1
   0280 04                  679 	.db #0x04	; 4
   0281 00                  680 	.db #0x00	; 0
   0282 00                  681 	.db #0x00	; 0
   0283 00                  682 	.db #0x00	; 0
   0284 00                  683 	.db #0x00	; 0
   0285 04                  684 	.db #0x04	; 4
   0286 00                  685 	.db #0x00	; 0
   0287 00                  686 	.db #0x00	; 0
   0288 00                  687 	.db #0x00	; 0
   0289 00                  688 	.db #0x00	; 0
   028A 00                  689 	.db #0x00	; 0
   028B 00                  690 	.db #0x00	; 0
   028C 00                  691 	.db #0x00	; 0
   028D 00                  692 	.db #0x00	; 0
   028E 04                  693 	.db #0x04	; 4
   028F 00                  694 	.db #0x00	; 0
   0290 00                  695 	.db #0x00	; 0
   0291 00                  696 	.db #0x00	; 0
   0292 00                  697 	.db #0x00	; 0
   0293 04                  698 	.db #0x04	; 4
   0294 01                  699 	.db #0x01	; 1
   0295 01                  700 	.db #0x01	; 1
   0296 01                  701 	.db #0x01	; 1
   0297 01                  702 	.db #0x01	; 1
   0298 01                  703 	.db #0x01	; 1
   0299 01                  704 	.db #0x01	; 1
   029A 01                  705 	.db #0x01	; 1
   029B 01                  706 	.db #0x01	; 1
   029C 01                  707 	.db #0x01	; 1
   029D 01                  708 	.db #0x01	; 1
   029E 01                  709 	.db #0x01	; 1
   029F 01                  710 	.db #0x01	; 1
   02A0 03                  711 	.db #0x03	; 3
   02A1 00                  712 	.db #0x00	; 0
   02A2 00                  713 	.db #0x00	; 0
   02A3 00                  714 	.db #0x00	; 0
   02A4 00                  715 	.db #0x00	; 0
   02A5 00                  716 	.db #0x00	; 0
   02A6 03                  717 	.db #0x03	; 3
   02A7 01                  718 	.db #0x01	; 1
   02A8 04                  719 	.db #0x04	; 4
   02A9 04                  720 	.db #0x04	; 4
   02AA 04                  721 	.db #0x04	; 4
   02AB 04                  722 	.db #0x04	; 4
   02AC 04                  723 	.db #0x04	; 4
   02AD 04                  724 	.db #0x04	; 4
   02AE 04                  725 	.db #0x04	; 4
   02AF 04                  726 	.db #0x04	; 4
   02B0 00                  727 	.db #0x00	; 0
   02B1 00                  728 	.db #0x00	; 0
   02B2 00                  729 	.db #0x00	; 0
   02B3 04                  730 	.db #0x04	; 4
   02B4 04                  731 	.db #0x04	; 4
   02B5 04                  732 	.db #0x04	; 4
   02B6 04                  733 	.db #0x04	; 4
   02B7 04                  734 	.db #0x04	; 4
   02B8 04                  735 	.db #0x04	; 4
   02B9 04                  736 	.db #0x04	; 4
   02BA 04                  737 	.db #0x04	; 4
   02BB 04                  738 	.db #0x04	; 4
   02BC 01                  739 	.db #0x01	; 1
   02BD 01                  740 	.db #0x01	; 1
   02BE 01                  741 	.db #0x01	; 1
   02BF 01                  742 	.db #0x01	; 1
   02C0 01                  743 	.db #0x01	; 1
   02C1 01                  744 	.db #0x01	; 1
   02C2 01                  745 	.db #0x01	; 1
   02C3 01                  746 	.db #0x01	; 1
   02C4 01                  747 	.db #0x01	; 1
   02C5 01                  748 	.db #0x01	; 1
   02C6 01                  749 	.db #0x01	; 1
   02C7 01                  750 	.db #0x01	; 1
   02C8 03                  751 	.db #0x03	; 3
   02C9 00                  752 	.db #0x00	; 0
   02CA 00                  753 	.db #0x00	; 0
   02CB 00                  754 	.db #0x00	; 0
   02CC 00                  755 	.db #0x00	; 0
   02CD 00                  756 	.db #0x00	; 0
   02CE 03                  757 	.db #0x03	; 3
   02CF 01                  758 	.db #0x01	; 1
   02D0 01                  759 	.db #0x01	; 1
   02D1 01                  760 	.db #0x01	; 1
   02D2 01                  761 	.db #0x01	; 1
   02D3 01                  762 	.db #0x01	; 1
   02D4 01                  763 	.db #0x01	; 1
   02D5 01                  764 	.db #0x01	; 1
   02D6 03                  765 	.db #0x03	; 3
   02D7 00                  766 	.db #0x00	; 0
   02D8 00                  767 	.db #0x00	; 0
   02D9 00                  768 	.db #0x00	; 0
   02DA 00                  769 	.db #0x00	; 0
   02DB 00                  770 	.db #0x00	; 0
   02DC 00                  771 	.db #0x00	; 0
   02DD 03                  772 	.db #0x03	; 3
   02DE 01                  773 	.db #0x01	; 1
   02DF 01                  774 	.db #0x01	; 1
   02E0 01                  775 	.db #0x01	; 1
   02E1 01                  776 	.db #0x01	; 1
   02E2 01                  777 	.db #0x01	; 1
   02E3 01                  778 	.db #0x01	; 1
   02E4 01                  779 	.db #0x01	; 1
   02E5 01                  780 	.db #0x01	; 1
   02E6 01                  781 	.db #0x01	; 1
   02E7 01                  782 	.db #0x01	; 1
   02E8 01                  783 	.db #0x01	; 1
   02E9 01                  784 	.db #0x01	; 1
   02EA 01                  785 	.db #0x01	; 1
   02EB 01                  786 	.db #0x01	; 1
   02EC 01                  787 	.db #0x01	; 1
   02ED 01                  788 	.db #0x01	; 1
   02EE 01                  789 	.db #0x01	; 1
   02EF 01                  790 	.db #0x01	; 1
   02F0 03                  791 	.db #0x03	; 3
   02F1 00                  792 	.db #0x00	; 0
   02F2 00                  793 	.db #0x00	; 0
   02F3 00                  794 	.db #0x00	; 0
   02F4 00                  795 	.db #0x00	; 0
   02F5 00                  796 	.db #0x00	; 0
   02F6 03                  797 	.db #0x03	; 3
   02F7 01                  798 	.db #0x01	; 1
   02F8 01                  799 	.db #0x01	; 1
   02F9 01                  800 	.db #0x01	; 1
   02FA 01                  801 	.db #0x01	; 1
   02FB 01                  802 	.db #0x01	; 1
   02FC 01                  803 	.db #0x01	; 1
   02FD 01                  804 	.db #0x01	; 1
   02FE 03                  805 	.db #0x03	; 3
   02FF 00                  806 	.db #0x00	; 0
   0300 00                  807 	.db #0x00	; 0
   0301 00                  808 	.db #0x00	; 0
   0302 00                  809 	.db #0x00	; 0
   0303 00                  810 	.db #0x00	; 0
   0304 00                  811 	.db #0x00	; 0
   0305 03                  812 	.db #0x03	; 3
   0306 01                  813 	.db #0x01	; 1
   0307 01                  814 	.db #0x01	; 1
   0308 01                  815 	.db #0x01	; 1
   0309 01                  816 	.db #0x01	; 1
   030A 01                  817 	.db #0x01	; 1
   030B 01                  818 	.db #0x01	; 1
   030C 01                  819 	.db #0x01	; 1
   030D 01                  820 	.db #0x01	; 1
   030E 01                  821 	.db #0x01	; 1
   030F 01                  822 	.db #0x01	; 1
   0310 01                  823 	.db #0x01	; 1
   0311 01                  824 	.db #0x01	; 1
   0312 01                  825 	.db #0x01	; 1
   0313 01                  826 	.db #0x01	; 1
   0314 01                  827 	.db #0x01	; 1
   0315 01                  828 	.db #0x01	; 1
   0316 01                  829 	.db #0x01	; 1
   0317 01                  830 	.db #0x01	; 1
   0318 03                  831 	.db #0x03	; 3
   0319 00                  832 	.db #0x00	; 0
   031A 00                  833 	.db #0x00	; 0
   031B 00                  834 	.db #0x00	; 0
   031C 00                  835 	.db #0x00	; 0
   031D 00                  836 	.db #0x00	; 0
   031E 03                  837 	.db #0x03	; 3
   031F 01                  838 	.db #0x01	; 1
   0320 01                  839 	.db #0x01	; 1
   0321 01                  840 	.db #0x01	; 1
   0322 01                  841 	.db #0x01	; 1
   0323 01                  842 	.db #0x01	; 1
   0324 01                  843 	.db #0x01	; 1
   0325 01                  844 	.db #0x01	; 1
   0326 03                  845 	.db #0x03	; 3
   0327 00                  846 	.db #0x00	; 0
   0328 00                  847 	.db #0x00	; 0
   0329 00                  848 	.db #0x00	; 0
   032A 00                  849 	.db #0x00	; 0
   032B 00                  850 	.db #0x00	; 0
   032C 00                  851 	.db #0x00	; 0
   032D 03                  852 	.db #0x03	; 3
   032E 01                  853 	.db #0x01	; 1
   032F 01                  854 	.db #0x01	; 1
   0330 01                  855 	.db #0x01	; 1
   0331 01                  856 	.db #0x01	; 1
   0332 01                  857 	.db #0x01	; 1
   0333 01                  858 	.db #0x01	; 1
   0334 01                  859 	.db #0x01	; 1
   0335 01                  860 	.db #0x01	; 1
   0336 01                  861 	.db #0x01	; 1
   0337 01                  862 	.db #0x01	; 1
   0338 01                  863 	.db #0x01	; 1
   0339 01                  864 	.db #0x01	; 1
   033A 01                  865 	.db #0x01	; 1
   033B 01                  866 	.db #0x01	; 1
   033C 01                  867 	.db #0x01	; 1
   033D 01                  868 	.db #0x01	; 1
   033E 01                  869 	.db #0x01	; 1
   033F 01                  870 	.db #0x01	; 1
   0340 03                  871 	.db #0x03	; 3
   0341 00                  872 	.db #0x00	; 0
   0342 00                  873 	.db #0x00	; 0
   0343 00                  874 	.db #0x00	; 0
   0344 00                  875 	.db #0x00	; 0
   0345 00                  876 	.db #0x00	; 0
   0346 03                  877 	.db #0x03	; 3
   0347 01                  878 	.db #0x01	; 1
   0348 01                  879 	.db #0x01	; 1
   0349 01                  880 	.db #0x01	; 1
   034A 01                  881 	.db #0x01	; 1
   034B 01                  882 	.db #0x01	; 1
   034C 01                  883 	.db #0x01	; 1
   034D 01                  884 	.db #0x01	; 1
   034E 03                  885 	.db #0x03	; 3
   034F 00                  886 	.db #0x00	; 0
   0350 00                  887 	.db #0x00	; 0
   0351 00                  888 	.db #0x00	; 0
   0352 00                  889 	.db #0x00	; 0
   0353 00                  890 	.db #0x00	; 0
   0354 00                  891 	.db #0x00	; 0
   0355 03                  892 	.db #0x03	; 3
   0356 01                  893 	.db #0x01	; 1
   0357 01                  894 	.db #0x01	; 1
   0358 01                  895 	.db #0x01	; 1
   0359 01                  896 	.db #0x01	; 1
   035A 01                  897 	.db #0x01	; 1
   035B 01                  898 	.db #0x01	; 1
   035C 01                  899 	.db #0x01	; 1
   035D 01                  900 	.db #0x01	; 1
   035E 01                  901 	.db #0x01	; 1
   035F 01                  902 	.db #0x01	; 1
   0360 01                  903 	.db #0x01	; 1
   0361 01                  904 	.db #0x01	; 1
   0362 01                  905 	.db #0x01	; 1
   0363 01                  906 	.db #0x01	; 1
   0364 01                  907 	.db #0x01	; 1
   0365 01                  908 	.db #0x01	; 1
   0366 01                  909 	.db #0x01	; 1
   0367 01                  910 	.db #0x01	; 1
   0368 03                  911 	.db #0x03	; 3
   0369 00                  912 	.db #0x00	; 0
   036A 00                  913 	.db #0x00	; 0
   036B 00                  914 	.db #0x00	; 0
   036C 00                  915 	.db #0x00	; 0
   036D 00                  916 	.db #0x00	; 0
   036E 03                  917 	.db #0x03	; 3
   036F 01                  918 	.db #0x01	; 1
   0370 01                  919 	.db #0x01	; 1
   0371 01                  920 	.db #0x01	; 1
   0372 01                  921 	.db #0x01	; 1
   0373 01                  922 	.db #0x01	; 1
   0374 01                  923 	.db #0x01	; 1
   0375 01                  924 	.db #0x01	; 1
   0376 03                  925 	.db #0x03	; 3
   0377 00                  926 	.db #0x00	; 0
   0378 00                  927 	.db #0x00	; 0
   0379 00                  928 	.db #0x00	; 0
   037A 00                  929 	.db #0x00	; 0
   037B 00                  930 	.db #0x00	; 0
   037C 00                  931 	.db #0x00	; 0
   037D 03                  932 	.db #0x03	; 3
   037E 01                  933 	.db #0x01	; 1
   037F 01                  934 	.db #0x01	; 1
   0380 01                  935 	.db #0x01	; 1
   0381 01                  936 	.db #0x01	; 1
   0382 01                  937 	.db #0x01	; 1
   0383 01                  938 	.db #0x01	; 1
   0384 01                  939 	.db #0x01	; 1
   0385 01                  940 	.db #0x01	; 1
   0386 01                  941 	.db #0x01	; 1
   0387 01                  942 	.db #0x01	; 1
   0388 01                  943 	.db #0x01	; 1
   0389 01                  944 	.db #0x01	; 1
   038A 01                  945 	.db #0x01	; 1
   038B 01                  946 	.db #0x01	; 1
   038C 01                  947 	.db #0x01	; 1
   038D 01                  948 	.db #0x01	; 1
   038E 01                  949 	.db #0x01	; 1
   038F 01                  950 	.db #0x01	; 1
   0390 03                  951 	.db #0x03	; 3
   0391 00                  952 	.db #0x00	; 0
   0392 00                  953 	.db #0x00	; 0
   0393 00                  954 	.db #0x00	; 0
   0394 00                  955 	.db #0x00	; 0
   0395 00                  956 	.db #0x00	; 0
   0396 03                  957 	.db #0x03	; 3
   0397 01                  958 	.db #0x01	; 1
   0398 01                  959 	.db #0x01	; 1
   0399 01                  960 	.db #0x01	; 1
   039A 01                  961 	.db #0x01	; 1
   039B 01                  962 	.db #0x01	; 1
   039C 01                  963 	.db #0x01	; 1
   039D 01                  964 	.db #0x01	; 1
   039E 03                  965 	.db #0x03	; 3
   039F 00                  966 	.db #0x00	; 0
   03A0 00                  967 	.db #0x00	; 0
   03A1 00                  968 	.db #0x00	; 0
   03A2 00                  969 	.db #0x00	; 0
   03A3 00                  970 	.db #0x00	; 0
   03A4 00                  971 	.db #0x00	; 0
   03A5 03                  972 	.db #0x03	; 3
   03A6 01                  973 	.db #0x01	; 1
   03A7 01                  974 	.db #0x01	; 1
   03A8 01                  975 	.db #0x01	; 1
   03A9 01                  976 	.db #0x01	; 1
   03AA 01                  977 	.db #0x01	; 1
   03AB 01                  978 	.db #0x01	; 1
   03AC 01                  979 	.db #0x01	; 1
   03AD 01                  980 	.db #0x01	; 1
   03AE 01                  981 	.db #0x01	; 1
   03AF 01                  982 	.db #0x01	; 1
   03B0 01                  983 	.db #0x01	; 1
   03B1 01                  984 	.db #0x01	; 1
   03B2 01                  985 	.db #0x01	; 1
   03B3 01                  986 	.db #0x01	; 1
   03B4 01                  987 	.db #0x01	; 1
   03B5 01                  988 	.db #0x01	; 1
   03B6 01                  989 	.db #0x01	; 1
   03B7 01                  990 	.db #0x01	; 1
   03B8 03                  991 	.db #0x03	; 3
   03B9 00                  992 	.db #0x00	; 0
   03BA 00                  993 	.db #0x00	; 0
   03BB 00                  994 	.db #0x00	; 0
   03BC 00                  995 	.db #0x00	; 0
   03BD 00                  996 	.db #0x00	; 0
   03BE 03                  997 	.db #0x03	; 3
   03BF 01                  998 	.db #0x01	; 1
   03C0 01                  999 	.db #0x01	; 1
   03C1 01                 1000 	.db #0x01	; 1
   03C2 01                 1001 	.db #0x01	; 1
   03C3 01                 1002 	.db #0x01	; 1
   03C4 01                 1003 	.db #0x01	; 1
   03C5 01                 1004 	.db #0x01	; 1
   03C6 03                 1005 	.db #0x03	; 3
   03C7 00                 1006 	.db #0x00	; 0
   03C8 00                 1007 	.db #0x00	; 0
   03C9 00                 1008 	.db #0x00	; 0
   03CA 00                 1009 	.db #0x00	; 0
   03CB 00                 1010 	.db #0x00	; 0
   03CC 00                 1011 	.db #0x00	; 0
   03CD 03                 1012 	.db #0x03	; 3
   03CE 03                 1013 	.db #0x03	; 3
   03CF 03                 1014 	.db #0x03	; 3
   03D0 03                 1015 	.db #0x03	; 3
   03D1 03                 1016 	.db #0x03	; 3
   03D2 03                 1017 	.db #0x03	; 3
   03D3 03                 1018 	.db #0x03	; 3
   03D4 03                 1019 	.db #0x03	; 3
   03D5 03                 1020 	.db #0x03	; 3
   03D6 03                 1021 	.db #0x03	; 3
   03D7 03                 1022 	.db #0x03	; 3
   03D8 03                 1023 	.db #0x03	; 3
   03D9 03                 1024 	.db #0x03	; 3
   03DA 03                 1025 	.db #0x03	; 3
   03DB 03                 1026 	.db #0x03	; 3
   03DC 03                 1027 	.db #0x03	; 3
   03DD 03                 1028 	.db #0x03	; 3
   03DE 03                 1029 	.db #0x03	; 3
   03DF 03                 1030 	.db #0x03	; 3
   03E0 03                 1031 	.db #0x03	; 3
   03E1 00                 1032 	.db #0x00	; 0
   03E2 00                 1033 	.db #0x00	; 0
   03E3 00                 1034 	.db #0x00	; 0
   03E4 00                 1035 	.db #0x00	; 0
   03E5 00                 1036 	.db #0x00	; 0
   03E6 03                 1037 	.db #0x03	; 3
   03E7 01                 1038 	.db #0x01	; 1
   03E8 01                 1039 	.db #0x01	; 1
   03E9 01                 1040 	.db #0x01	; 1
   03EA 01                 1041 	.db #0x01	; 1
   03EB 01                 1042 	.db #0x01	; 1
   03EC 01                 1043 	.db #0x01	; 1
   03ED 01                 1044 	.db #0x01	; 1
   03EE 03                 1045 	.db #0x03	; 3
   03EF 00                 1046 	.db #0x00	; 0
   03F0 00                 1047 	.db #0x00	; 0
   03F1 00                 1048 	.db #0x00	; 0
   03F2 00                 1049 	.db #0x00	; 0
   03F3 00                 1050 	.db #0x00	; 0
   03F4 00                 1051 	.db #0x00	; 0
   03F5 00                 1052 	.db #0x00	; 0
   03F6 00                 1053 	.db #0x00	; 0
   03F7 00                 1054 	.db #0x00	; 0
   03F8 00                 1055 	.db #0x00	; 0
   03F9 00                 1056 	.db #0x00	; 0
   03FA 00                 1057 	.db #0x00	; 0
   03FB 00                 1058 	.db #0x00	; 0
   03FC 00                 1059 	.db #0x00	; 0
   03FD 00                 1060 	.db #0x00	; 0
   03FE 00                 1061 	.db #0x00	; 0
   03FF 00                 1062 	.db #0x00	; 0
   0400 00                 1063 	.db #0x00	; 0
   0401 00                 1064 	.db #0x00	; 0
   0402 00                 1065 	.db #0x00	; 0
   0403 00                 1066 	.db #0x00	; 0
   0404 00                 1067 	.db #0x00	; 0
   0405 00                 1068 	.db #0x00	; 0
   0406 00                 1069 	.db #0x00	; 0
   0407 00                 1070 	.db #0x00	; 0
   0408 00                 1071 	.db #0x00	; 0
   0409 00                 1072 	.db #0x00	; 0
   040A 00                 1073 	.db #0x00	; 0
   040B 00                 1074 	.db #0x00	; 0
   040C 00                 1075 	.db #0x00	; 0
   040D 00                 1076 	.db #0x00	; 0
   040E 03                 1077 	.db #0x03	; 3
   040F 01                 1078 	.db #0x01	; 1
   0410 01                 1079 	.db #0x01	; 1
   0411 01                 1080 	.db #0x01	; 1
   0412 01                 1081 	.db #0x01	; 1
   0413 01                 1082 	.db #0x01	; 1
   0414 01                 1083 	.db #0x01	; 1
   0415 01                 1084 	.db #0x01	; 1
   0416 03                 1085 	.db #0x03	; 3
   0417 00                 1086 	.db #0x00	; 0
   0418 00                 1087 	.db #0x00	; 0
   0419 00                 1088 	.db #0x00	; 0
   041A 00                 1089 	.db #0x00	; 0
   041B 00                 1090 	.db #0x00	; 0
   041C 00                 1091 	.db #0x00	; 0
   041D 00                 1092 	.db #0x00	; 0
   041E 00                 1093 	.db #0x00	; 0
   041F 00                 1094 	.db #0x00	; 0
   0420 00                 1095 	.db #0x00	; 0
   0421 00                 1096 	.db #0x00	; 0
   0422 00                 1097 	.db #0x00	; 0
   0423 00                 1098 	.db #0x00	; 0
   0424 00                 1099 	.db #0x00	; 0
   0425 00                 1100 	.db #0x00	; 0
   0426 00                 1101 	.db #0x00	; 0
   0427 00                 1102 	.db #0x00	; 0
   0428 00                 1103 	.db #0x00	; 0
   0429 00                 1104 	.db #0x00	; 0
   042A 00                 1105 	.db #0x00	; 0
   042B 00                 1106 	.db #0x00	; 0
   042C 00                 1107 	.db #0x00	; 0
   042D 00                 1108 	.db #0x00	; 0
   042E 00                 1109 	.db #0x00	; 0
   042F 00                 1110 	.db #0x00	; 0
   0430 00                 1111 	.db #0x00	; 0
   0431 00                 1112 	.db #0x00	; 0
   0432 00                 1113 	.db #0x00	; 0
   0433 00                 1114 	.db #0x00	; 0
   0434 00                 1115 	.db #0x00	; 0
   0435 00                 1116 	.db #0x00	; 0
   0436 03                 1117 	.db #0x03	; 3
   0437 01                 1118 	.db #0x01	; 1
   0438 01                 1119 	.db #0x01	; 1
   0439 01                 1120 	.db #0x01	; 1
   043A 01                 1121 	.db #0x01	; 1
   043B 01                 1122 	.db #0x01	; 1
   043C 01                 1123 	.db #0x01	; 1
   043D 01                 1124 	.db #0x01	; 1
   043E 03                 1125 	.db #0x03	; 3
   043F 00                 1126 	.db #0x00	; 0
   0440 00                 1127 	.db #0x00	; 0
   0441 00                 1128 	.db #0x00	; 0
   0442 00                 1129 	.db #0x00	; 0
   0443 00                 1130 	.db #0x00	; 0
   0444 00                 1131 	.db #0x00	; 0
   0445 00                 1132 	.db #0x00	; 0
   0446 00                 1133 	.db #0x00	; 0
   0447 00                 1134 	.db #0x00	; 0
   0448 00                 1135 	.db #0x00	; 0
   0449 00                 1136 	.db #0x00	; 0
   044A 00                 1137 	.db #0x00	; 0
   044B 00                 1138 	.db #0x00	; 0
   044C 00                 1139 	.db #0x00	; 0
   044D 00                 1140 	.db #0x00	; 0
   044E 00                 1141 	.db #0x00	; 0
   044F 00                 1142 	.db #0x00	; 0
   0450 00                 1143 	.db #0x00	; 0
   0451 00                 1144 	.db #0x00	; 0
   0452 00                 1145 	.db #0x00	; 0
   0453 00                 1146 	.db #0x00	; 0
   0454 00                 1147 	.db #0x00	; 0
   0455 00                 1148 	.db #0x00	; 0
   0456 00                 1149 	.db #0x00	; 0
   0457 00                 1150 	.db #0x00	; 0
   0458 00                 1151 	.db #0x00	; 0
   0459 00                 1152 	.db #0x00	; 0
   045A 00                 1153 	.db #0x00	; 0
   045B 00                 1154 	.db #0x00	; 0
   045C 00                 1155 	.db #0x00	; 0
   045D 00                 1156 	.db #0x00	; 0
   045E 03                 1157 	.db #0x03	; 3
   045F 01                 1158 	.db #0x01	; 1
   0460 01                 1159 	.db #0x01	; 1
   0461 01                 1160 	.db #0x01	; 1
   0462 01                 1161 	.db #0x01	; 1
   0463 01                 1162 	.db #0x01	; 1
   0464 01                 1163 	.db #0x01	; 1
   0465 01                 1164 	.db #0x01	; 1
   0466 03                 1165 	.db #0x03	; 3
   0467 00                 1166 	.db #0x00	; 0
   0468 00                 1167 	.db #0x00	; 0
   0469 00                 1168 	.db #0x00	; 0
   046A 00                 1169 	.db #0x00	; 0
   046B 00                 1170 	.db #0x00	; 0
   046C 00                 1171 	.db #0x00	; 0
   046D 00                 1172 	.db #0x00	; 0
   046E 00                 1173 	.db #0x00	; 0
   046F 00                 1174 	.db #0x00	; 0
   0470 00                 1175 	.db #0x00	; 0
   0471 00                 1176 	.db #0x00	; 0
   0472 00                 1177 	.db #0x00	; 0
   0473 00                 1178 	.db #0x00	; 0
   0474 00                 1179 	.db #0x00	; 0
   0475 00                 1180 	.db #0x00	; 0
   0476 00                 1181 	.db #0x00	; 0
   0477 00                 1182 	.db #0x00	; 0
   0478 00                 1183 	.db #0x00	; 0
   0479 00                 1184 	.db #0x00	; 0
   047A 00                 1185 	.db #0x00	; 0
   047B 00                 1186 	.db #0x00	; 0
   047C 00                 1187 	.db #0x00	; 0
   047D 00                 1188 	.db #0x00	; 0
   047E 00                 1189 	.db #0x00	; 0
   047F 00                 1190 	.db #0x00	; 0
   0480 00                 1191 	.db #0x00	; 0
   0481 00                 1192 	.db #0x00	; 0
   0482 00                 1193 	.db #0x00	; 0
   0483 00                 1194 	.db #0x00	; 0
   0484 00                 1195 	.db #0x00	; 0
   0485 00                 1196 	.db #0x00	; 0
   0486 03                 1197 	.db #0x03	; 3
   0487 01                 1198 	.db #0x01	; 1
   0488 01                 1199 	.db #0x01	; 1
   0489 01                 1200 	.db #0x01	; 1
   048A 01                 1201 	.db #0x01	; 1
   048B 01                 1202 	.db #0x01	; 1
   048C 01                 1203 	.db #0x01	; 1
   048D 01                 1204 	.db #0x01	; 1
   048E 03                 1205 	.db #0x03	; 3
   048F 00                 1206 	.db #0x00	; 0
   0490 00                 1207 	.db #0x00	; 0
   0491 00                 1208 	.db #0x00	; 0
   0492 00                 1209 	.db #0x00	; 0
   0493 00                 1210 	.db #0x00	; 0
   0494 00                 1211 	.db #0x00	; 0
   0495 00                 1212 	.db #0x00	; 0
   0496 00                 1213 	.db #0x00	; 0
   0497 00                 1214 	.db #0x00	; 0
   0498 00                 1215 	.db #0x00	; 0
   0499 00                 1216 	.db #0x00	; 0
   049A 00                 1217 	.db #0x00	; 0
   049B 00                 1218 	.db #0x00	; 0
   049C 00                 1219 	.db #0x00	; 0
   049D 00                 1220 	.db #0x00	; 0
   049E 00                 1221 	.db #0x00	; 0
   049F 00                 1222 	.db #0x00	; 0
   04A0 00                 1223 	.db #0x00	; 0
   04A1 00                 1224 	.db #0x00	; 0
   04A2 00                 1225 	.db #0x00	; 0
   04A3 00                 1226 	.db #0x00	; 0
   04A4 00                 1227 	.db #0x00	; 0
   04A5 00                 1228 	.db #0x00	; 0
   04A6 00                 1229 	.db #0x00	; 0
   04A7 00                 1230 	.db #0x00	; 0
   04A8 00                 1231 	.db #0x00	; 0
   04A9 00                 1232 	.db #0x00	; 0
   04AA 00                 1233 	.db #0x00	; 0
   04AB 00                 1234 	.db #0x00	; 0
   04AC 00                 1235 	.db #0x00	; 0
   04AD 00                 1236 	.db #0x00	; 0
   04AE 03                 1237 	.db #0x03	; 3
   04AF 01                 1238 	.db #0x01	; 1
   04B0 01                 1239 	.db #0x01	; 1
   04B1 01                 1240 	.db #0x01	; 1
   04B2 01                 1241 	.db #0x01	; 1
   04B3 01                 1242 	.db #0x01	; 1
   04B4 01                 1243 	.db #0x01	; 1
   04B5 01                 1244 	.db #0x01	; 1
   04B6 03                 1245 	.db #0x03	; 3
   04B7 03                 1246 	.db #0x03	; 3
   04B8 03                 1247 	.db #0x03	; 3
   04B9 03                 1248 	.db #0x03	; 3
   04BA 03                 1249 	.db #0x03	; 3
   04BB 03                 1250 	.db #0x03	; 3
   04BC 03                 1251 	.db #0x03	; 3
   04BD 03                 1252 	.db #0x03	; 3
   04BE 03                 1253 	.db #0x03	; 3
   04BF 03                 1254 	.db #0x03	; 3
   04C0 03                 1255 	.db #0x03	; 3
   04C1 03                 1256 	.db #0x03	; 3
   04C2 03                 1257 	.db #0x03	; 3
   04C3 03                 1258 	.db #0x03	; 3
   04C4 03                 1259 	.db #0x03	; 3
   04C5 03                 1260 	.db #0x03	; 3
   04C6 03                 1261 	.db #0x03	; 3
   04C7 03                 1262 	.db #0x03	; 3
   04C8 03                 1263 	.db #0x03	; 3
   04C9 03                 1264 	.db #0x03	; 3
   04CA 03                 1265 	.db #0x03	; 3
   04CB 03                 1266 	.db #0x03	; 3
   04CC 03                 1267 	.db #0x03	; 3
   04CD 03                 1268 	.db #0x03	; 3
   04CE 03                 1269 	.db #0x03	; 3
   04CF 03                 1270 	.db #0x03	; 3
   04D0 03                 1271 	.db #0x03	; 3
   04D1 03                 1272 	.db #0x03	; 3
   04D2 03                 1273 	.db #0x03	; 3
   04D3 03                 1274 	.db #0x03	; 3
   04D4 03                 1275 	.db #0x03	; 3
   04D5 03                 1276 	.db #0x03	; 3
   04D6 03                 1277 	.db #0x03	; 3
   04D7 01                 1278 	.db #0x01	; 1
   04D8 01                 1279 	.db #0x01	; 1
   04D9 01                 1280 	.db #0x01	; 1
   04DA 01                 1281 	.db #0x01	; 1
   04DB 01                 1282 	.db #0x01	; 1
   04DC 01                 1283 	.db #0x01	; 1
   04DD 01                 1284 	.db #0x01	; 1
   04DE 01                 1285 	.db #0x01	; 1
   04DF 01                 1286 	.db #0x01	; 1
   04E0 01                 1287 	.db #0x01	; 1
   04E1 01                 1288 	.db #0x01	; 1
   04E2 01                 1289 	.db #0x01	; 1
   04E3 01                 1290 	.db #0x01	; 1
   04E4 01                 1291 	.db #0x01	; 1
   04E5 01                 1292 	.db #0x01	; 1
   04E6 01                 1293 	.db #0x01	; 1
   04E7 01                 1294 	.db #0x01	; 1
   04E8 01                 1295 	.db #0x01	; 1
   04E9 01                 1296 	.db #0x01	; 1
   04EA 01                 1297 	.db #0x01	; 1
   04EB 01                 1298 	.db #0x01	; 1
   04EC 01                 1299 	.db #0x01	; 1
   04ED 01                 1300 	.db #0x01	; 1
   04EE 01                 1301 	.db #0x01	; 1
   04EF 01                 1302 	.db #0x01	; 1
   04F0 01                 1303 	.db #0x01	; 1
   04F1 01                 1304 	.db #0x01	; 1
   04F2 01                 1305 	.db #0x01	; 1
   04F3 01                 1306 	.db #0x01	; 1
   04F4 01                 1307 	.db #0x01	; 1
   04F5 01                 1308 	.db #0x01	; 1
   04F6 01                 1309 	.db #0x01	; 1
   04F7 01                 1310 	.db #0x01	; 1
   04F8 01                 1311 	.db #0x01	; 1
   04F9 01                 1312 	.db #0x01	; 1
   04FA 01                 1313 	.db #0x01	; 1
   04FB 01                 1314 	.db #0x01	; 1
   04FC 01                 1315 	.db #0x01	; 1
   04FD 01                 1316 	.db #0x01	; 1
   04FE 01                 1317 	.db #0x01	; 1
   04FF 01                 1318 	.db #0x01	; 1
   0500 01                 1319 	.db #0x01	; 1
   0501 01                 1320 	.db #0x01	; 1
   0502 01                 1321 	.db #0x01	; 1
   0503 01                 1322 	.db #0x01	; 1
   0504 01                 1323 	.db #0x01	; 1
   0505 01                 1324 	.db #0x01	; 1
   0506 01                 1325 	.db #0x01	; 1
   0507 01                 1326 	.db #0x01	; 1
   0508 01                 1327 	.db #0x01	; 1
   0509 01                 1328 	.db #0x01	; 1
   050A 01                 1329 	.db #0x01	; 1
   050B 01                 1330 	.db #0x01	; 1
   050C 01                 1331 	.db #0x01	; 1
   050D 01                 1332 	.db #0x01	; 1
   050E 01                 1333 	.db #0x01	; 1
   050F 01                 1334 	.db #0x01	; 1
   0510 01                 1335 	.db #0x01	; 1
   0511 01                 1336 	.db #0x01	; 1
   0512 01                 1337 	.db #0x01	; 1
   0513 01                 1338 	.db #0x01	; 1
   0514 01                 1339 	.db #0x01	; 1
   0515 01                 1340 	.db #0x01	; 1
   0516 01                 1341 	.db #0x01	; 1
   0517 01                 1342 	.db #0x01	; 1
   0518 01                 1343 	.db #0x01	; 1
   0519 01                 1344 	.db #0x01	; 1
   051A 01                 1345 	.db #0x01	; 1
   051B 01                 1346 	.db #0x01	; 1
   051C 01                 1347 	.db #0x01	; 1
   051D 01                 1348 	.db #0x01	; 1
   051E 01                 1349 	.db #0x01	; 1
   051F 01                 1350 	.db #0x01	; 1
   0520 01                 1351 	.db #0x01	; 1
   0521 01                 1352 	.db #0x01	; 1
   0522 01                 1353 	.db #0x01	; 1
   0523 01                 1354 	.db #0x01	; 1
   0524 01                 1355 	.db #0x01	; 1
   0525 01                 1356 	.db #0x01	; 1
   0526 01                 1357 	.db #0x01	; 1
   0527 01                 1358 	.db #0x01	; 1
   0528 01                 1359 	.db #0x01	; 1
   0529 01                 1360 	.db #0x01	; 1
   052A 01                 1361 	.db #0x01	; 1
   052B 01                 1362 	.db #0x01	; 1
   052C 01                 1363 	.db #0x01	; 1
   052D 01                 1364 	.db #0x01	; 1
   052E 01                 1365 	.db #0x01	; 1
   052F 01                 1366 	.db #0x01	; 1
   0530 01                 1367 	.db #0x01	; 1
   0531 01                 1368 	.db #0x01	; 1
   0532 01                 1369 	.db #0x01	; 1
   0533 01                 1370 	.db #0x01	; 1
   0534 01                 1371 	.db #0x01	; 1
   0535 01                 1372 	.db #0x01	; 1
   0536 01                 1373 	.db #0x01	; 1
   0537 01                 1374 	.db #0x01	; 1
   0538 01                 1375 	.db #0x01	; 1
   0539 01                 1376 	.db #0x01	; 1
   053A 01                 1377 	.db #0x01	; 1
   053B 01                 1378 	.db #0x01	; 1
   053C 01                 1379 	.db #0x01	; 1
   053D 01                 1380 	.db #0x01	; 1
   053E 01                 1381 	.db #0x01	; 1
   053F 01                 1382 	.db #0x01	; 1
   0540 01                 1383 	.db #0x01	; 1
   0541 01                 1384 	.db #0x01	; 1
   0542 01                 1385 	.db #0x01	; 1
   0543 01                 1386 	.db #0x01	; 1
   0544 01                 1387 	.db #0x01	; 1
   0545 01                 1388 	.db #0x01	; 1
   0546 01                 1389 	.db #0x01	; 1
   0547 01                 1390 	.db #0x01	; 1
   0548 01                 1391 	.db #0x01	; 1
   0549 01                 1392 	.db #0x01	; 1
   054A 01                 1393 	.db #0x01	; 1
   054B 01                 1394 	.db #0x01	; 1
   054C 01                 1395 	.db #0x01	; 1
   054D 01                 1396 	.db #0x01	; 1
   054E 01                 1397 	.db #0x01	; 1
   054F 01                 1398 	.db #0x01	; 1
   0550 01                 1399 	.db #0x01	; 1
   0551 01                 1400 	.db #0x01	; 1
   0552 01                 1401 	.db #0x01	; 1
   0553 01                 1402 	.db #0x01	; 1
   0554 01                 1403 	.db #0x01	; 1
   0555 01                 1404 	.db #0x01	; 1
   0556 01                 1405 	.db #0x01	; 1
   0557 01                 1406 	.db #0x01	; 1
   0558 01                 1407 	.db #0x01	; 1
   0559 01                 1408 	.db #0x01	; 1
   055A 01                 1409 	.db #0x01	; 1
   055B 01                 1410 	.db #0x01	; 1
   055C 01                 1411 	.db #0x01	; 1
   055D 01                 1412 	.db #0x01	; 1
   055E 01                 1413 	.db #0x01	; 1
   055F 01                 1414 	.db #0x01	; 1
   0560 01                 1415 	.db #0x01	; 1
   0561 01                 1416 	.db #0x01	; 1
   0562 01                 1417 	.db #0x01	; 1
   0563 01                 1418 	.db #0x01	; 1
   0564 01                 1419 	.db #0x01	; 1
   0565 01                 1420 	.db #0x01	; 1
   0566 01                 1421 	.db #0x01	; 1
   0567 01                 1422 	.db #0x01	; 1
   0568 01                 1423 	.db #0x01	; 1
   0569 01                 1424 	.db #0x01	; 1
   056A 01                 1425 	.db #0x01	; 1
   056B 01                 1426 	.db #0x01	; 1
   056C 01                 1427 	.db #0x01	; 1
   056D 01                 1428 	.db #0x01	; 1
   056E 01                 1429 	.db #0x01	; 1
   056F 01                 1430 	.db #0x01	; 1
   0570 01                 1431 	.db #0x01	; 1
   0571 01                 1432 	.db #0x01	; 1
   0572 01                 1433 	.db #0x01	; 1
   0573 01                 1434 	.db #0x01	; 1
   0574 01                 1435 	.db #0x01	; 1
   0575 01                 1436 	.db #0x01	; 1
   0576 01                 1437 	.db #0x01	; 1
   0577 01                 1438 	.db #0x01	; 1
   0578 01                 1439 	.db #0x01	; 1
   0579 01                 1440 	.db #0x01	; 1
   057A 01                 1441 	.db #0x01	; 1
   057B 01                 1442 	.db #0x01	; 1
   057C 01                 1443 	.db #0x01	; 1
   057D 01                 1444 	.db #0x01	; 1
   057E 01                 1445 	.db #0x01	; 1
   057F 01                 1446 	.db #0x01	; 1
   0580 01                 1447 	.db #0x01	; 1
   0581 01                 1448 	.db #0x01	; 1
   0582 01                 1449 	.db #0x01	; 1
   0583 01                 1450 	.db #0x01	; 1
   0584 01                 1451 	.db #0x01	; 1
   0585 01                 1452 	.db #0x01	; 1
   0586 01                 1453 	.db #0x01	; 1
   0587 01                 1454 	.db #0x01	; 1
   0588 01                 1455 	.db #0x01	; 1
   0589 01                 1456 	.db #0x01	; 1
   058A 01                 1457 	.db #0x01	; 1
   058B 01                 1458 	.db #0x01	; 1
   058C 01                 1459 	.db #0x01	; 1
   058D 01                 1460 	.db #0x01	; 1
   058E 01                 1461 	.db #0x01	; 1
   058F 01                 1462 	.db #0x01	; 1
   0590 01                 1463 	.db #0x01	; 1
   0591 01                 1464 	.db #0x01	; 1
   0592 01                 1465 	.db #0x01	; 1
   0593 01                 1466 	.db #0x01	; 1
   0594 01                 1467 	.db #0x01	; 1
   0595 01                 1468 	.db #0x01	; 1
   0596 01                 1469 	.db #0x01	; 1
   0597 01                 1470 	.db #0x01	; 1
   0598 01                 1471 	.db #0x01	; 1
   0599 01                 1472 	.db #0x01	; 1
   059A 01                 1473 	.db #0x01	; 1
   059B 01                 1474 	.db #0x01	; 1
   059C 01                 1475 	.db #0x01	; 1
   059D 01                 1476 	.db #0x01	; 1
   059E 01                 1477 	.db #0x01	; 1
   059F 01                 1478 	.db #0x01	; 1
                           1479 	.area _CABS (ABS)
