                              1 ;--------------------------------------------------------
                              2 ; File Created by SDCC : free open source ANSI-C Compiler
                              3 ; Version 3.6.0 #9615 (MINGW64)
                              4 ;--------------------------------------------------------
                              5 	.module player_b3
                              6 	.optsdcc -mgbz80
                              7 	
                              8 ;--------------------------------------------------------
                              9 ; Public variables in this module
                             10 ;--------------------------------------------------------
                             11 	.globl _player
                             12 ;--------------------------------------------------------
                             13 ; ram data
                             14 ;--------------------------------------------------------
                             15 	.area _DATA
                             16 ;--------------------------------------------------------
                             17 ; absolute external ram data
                             18 ;--------------------------------------------------------
                             19 	.area _DABS (ABS)
                             20 ;--------------------------------------------------------
                             21 ; global & static initialisations
                             22 ;--------------------------------------------------------
                             23 	.area _HOME
                             24 	.area _GSINIT
                             25 	.area _GSFINAL
                             26 	.area _GSINIT
                             27 ;--------------------------------------------------------
                             28 ; Home
                             29 ;--------------------------------------------------------
                             30 	.area _HOME
                             31 	.area _HOME
                             32 ;--------------------------------------------------------
                             33 ; code
                             34 ;--------------------------------------------------------
                             35 	.area _CODE
                             36 	.area _CODE
                             37 	.area _CODE_3
   0000                      38 _player:
   0000 00                   39 	.db #0x00	; 0
   0001 07                   40 	.db #0x07	; 7
   0002 00                   41 	.db #0x00	; 0
   0003 3F                   42 	.db #0x3f	; 63
   0004 0F                   43 	.db #0x0f	; 15
   0005 02                   44 	.db #0x02	; 2
   0006 0F                   45 	.db #0x0f	; 15
   0007 00                   46 	.db #0x00	; 0
   0008 07                   47 	.db #0x07	; 7
   0009 03                   48 	.db #0x03	; 3
   000A 0B                   49 	.db #0x0b	; 11
   000B 3C                   50 	.db #0x3c	; 60
   000C 05                   51 	.db #0x05	; 5
   000D 7E                   52 	.db #0x7e	; 126
   000E 02                   53 	.db #0x02	; 2
   000F 6F                   54 	.db #0x6f	; 111	'o'
   0010 01                   55 	.db #0x01	; 1
   0011 6F                   56 	.db #0x6f	; 111	'o'
   0012 00                   57 	.db #0x00	; 0
   0013 6F                   58 	.db #0x6f	; 111	'o'
   0014 6F                   59 	.db #0x6f	; 111	'o'
   0015 0F                   60 	.db #0x0f	; 15
   0016 0F                   61 	.db #0x0f	; 15
   0017 0F                   62 	.db #0x0f	; 15
   0018 0C                   63 	.db #0x0c	; 12
   0019 0C                   64 	.db #0x0c	; 12
   001A 0C                   65 	.db #0x0c	; 12
   001B 0C                   66 	.db #0x0c	; 12
   001C 0C                   67 	.db #0x0c	; 12
   001D 0C                   68 	.db #0x0c	; 12
   001E 00                   69 	.db #0x00	; 0
   001F 0C                   70 	.db #0x0c	; 12
   0020 00                   71 	.db #0x00	; 0
   0021 C0                   72 	.db #0xc0	; 192
   0022 00                   73 	.db #0x00	; 0
   0023 FC                   74 	.db #0xfc	; 252
   0024 E0                   75 	.db #0xe0	; 224
   0025 80                   76 	.db #0x80	; 128
   0026 E0                   77 	.db #0xe0	; 224
   0027 00                   78 	.db #0x00	; 0
   0028 C0                   79 	.db #0xc0	; 192
   0029 80                   80 	.db #0x80	; 128
   002A 80                   81 	.db #0x80	; 128
   002B 78                   82 	.db #0x78	; 120	'x'
   002C 00                   83 	.db #0x00	; 0
   002D FC                   84 	.db #0xfc	; 252
   002E 00                   85 	.db #0x00	; 0
   002F EC                   86 	.db #0xec	; 236
   0030 00                   87 	.db #0x00	; 0
   0031 EC                   88 	.db #0xec	; 236
   0032 80                   89 	.db #0x80	; 128
   0033 EC                   90 	.db #0xec	; 236
   0034 EC                   91 	.db #0xec	; 236
   0035 E0                   92 	.db #0xe0	; 224
   0036 E0                   93 	.db #0xe0	; 224
   0037 E0                   94 	.db #0xe0	; 224
   0038 60                   95 	.db #0x60	; 96
   0039 60                   96 	.db #0x60	; 96
   003A 60                   97 	.db #0x60	; 96
   003B 60                   98 	.db #0x60	; 96
   003C 60                   99 	.db #0x60	; 96
   003D 60                  100 	.db #0x60	; 96
   003E 00                  101 	.db #0x00	; 0
   003F 60                  102 	.db #0x60	; 96
   0040 00                  103 	.db #0x00	; 0
   0041 07                  104 	.db #0x07	; 7
   0042 00                  105 	.db #0x00	; 0
   0043 3F                  106 	.db #0x3f	; 63
   0044 0F                  107 	.db #0x0f	; 15
   0045 02                  108 	.db #0x02	; 2
   0046 0F                  109 	.db #0x0f	; 15
   0047 00                  110 	.db #0x00	; 0
   0048 07                  111 	.db #0x07	; 7
   0049 03                  112 	.db #0x03	; 3
   004A 0B                  113 	.db #0x0b	; 11
   004B 3C                  114 	.db #0x3c	; 60
   004C 05                  115 	.db #0x05	; 5
   004D 7E                  116 	.db #0x7e	; 126
   004E 02                  117 	.db #0x02	; 2
   004F 6F                  118 	.db #0x6f	; 111	'o'
   0050 01                  119 	.db #0x01	; 1
   0051 6F                  120 	.db #0x6f	; 111	'o'
   0052 00                  121 	.db #0x00	; 0
   0053 6F                  122 	.db #0x6f	; 111	'o'
   0054 6F                  123 	.db #0x6f	; 111	'o'
   0055 0F                  124 	.db #0x0f	; 15
   0056 0F                  125 	.db #0x0f	; 15
   0057 0F                  126 	.db #0x0f	; 15
   0058 0C                  127 	.db #0x0c	; 12
   0059 0C                  128 	.db #0x0c	; 12
   005A 0C                  129 	.db #0x0c	; 12
   005B 0C                  130 	.db #0x0c	; 12
   005C 0C                  131 	.db #0x0c	; 12
   005D 0C                  132 	.db #0x0c	; 12
   005E 00                  133 	.db #0x00	; 0
   005F 0C                  134 	.db #0x0c	; 12
   0060 00                  135 	.db #0x00	; 0
   0061 C0                  136 	.db #0xc0	; 192
   0062 00                  137 	.db #0x00	; 0
   0063 FC                  138 	.db #0xfc	; 252
   0064 E0                  139 	.db #0xe0	; 224
   0065 80                  140 	.db #0x80	; 128
   0066 E0                  141 	.db #0xe0	; 224
   0067 00                  142 	.db #0x00	; 0
   0068 C0                  143 	.db #0xc0	; 192
   0069 80                  144 	.db #0x80	; 128
   006A 80                  145 	.db #0x80	; 128
   006B 78                  146 	.db #0x78	; 120	'x'
   006C 00                  147 	.db #0x00	; 0
   006D FE                  148 	.db #0xfe	; 254
   006E 00                  149 	.db #0x00	; 0
   006F E6                  150 	.db #0xe6	; 230
   0070 00                  151 	.db #0x00	; 0
   0071 E6                  152 	.db #0xe6	; 230
   0072 80                  153 	.db #0x80	; 128
   0073 E6                  154 	.db #0xe6	; 230
   0074 EC                  155 	.db #0xec	; 236
   0075 E0                  156 	.db #0xe0	; 224
   0076 E0                  157 	.db #0xe0	; 224
   0077 E0                  158 	.db #0xe0	; 224
   0078 60                  159 	.db #0x60	; 96
   0079 60                  160 	.db #0x60	; 96
   007A 60                  161 	.db #0x60	; 96
   007B 60                  162 	.db #0x60	; 96
   007C 00                  163 	.db #0x00	; 0
   007D 60                  164 	.db #0x60	; 96
   007E 00                  165 	.db #0x00	; 0
   007F 00                  166 	.db #0x00	; 0
   0080 00                  167 	.db #0x00	; 0
   0081 07                  168 	.db #0x07	; 7
   0082 00                  169 	.db #0x00	; 0
   0083 3F                  170 	.db #0x3f	; 63
   0084 0F                  171 	.db #0x0f	; 15
   0085 02                  172 	.db #0x02	; 2
   0086 0F                  173 	.db #0x0f	; 15
   0087 00                  174 	.db #0x00	; 0
   0088 07                  175 	.db #0x07	; 7
   0089 03                  176 	.db #0x03	; 3
   008A 0B                  177 	.db #0x0b	; 11
   008B 3C                  178 	.db #0x3c	; 60
   008C 05                  179 	.db #0x05	; 5
   008D FE                  180 	.db #0xfe	; 254
   008E 02                  181 	.db #0x02	; 2
   008F CF                  182 	.db #0xcf	; 207
   0090 01                  183 	.db #0x01	; 1
   0091 CF                  184 	.db #0xcf	; 207
   0092 00                  185 	.db #0x00	; 0
   0093 CF                  186 	.db #0xcf	; 207
   0094 6F                  187 	.db #0x6f	; 111	'o'
   0095 0F                  188 	.db #0x0f	; 15
   0096 0F                  189 	.db #0x0f	; 15
   0097 0F                  190 	.db #0x0f	; 15
   0098 0C                  191 	.db #0x0c	; 12
   0099 0C                  192 	.db #0x0c	; 12
   009A 0C                  193 	.db #0x0c	; 12
   009B 0C                  194 	.db #0x0c	; 12
   009C 00                  195 	.db #0x00	; 0
   009D 0C                  196 	.db #0x0c	; 12
   009E 00                  197 	.db #0x00	; 0
   009F 00                  198 	.db #0x00	; 0
   00A0 00                  199 	.db #0x00	; 0
   00A1 C0                  200 	.db #0xc0	; 192
   00A2 00                  201 	.db #0x00	; 0
   00A3 FC                  202 	.db #0xfc	; 252
   00A4 E0                  203 	.db #0xe0	; 224
   00A5 80                  204 	.db #0x80	; 128
   00A6 E0                  205 	.db #0xe0	; 224
   00A7 00                  206 	.db #0x00	; 0
   00A8 C0                  207 	.db #0xc0	; 192
   00A9 80                  208 	.db #0x80	; 128
   00AA 80                  209 	.db #0x80	; 128
   00AB 78                  210 	.db #0x78	; 120	'x'
   00AC 00                  211 	.db #0x00	; 0
   00AD FC                  212 	.db #0xfc	; 252
   00AE 00                  213 	.db #0x00	; 0
   00AF EC                  214 	.db #0xec	; 236
   00B0 00                  215 	.db #0x00	; 0
   00B1 EC                  216 	.db #0xec	; 236
   00B2 80                  217 	.db #0x80	; 128
   00B3 EC                  218 	.db #0xec	; 236
   00B4 EC                  219 	.db #0xec	; 236
   00B5 E0                  220 	.db #0xe0	; 224
   00B6 E0                  221 	.db #0xe0	; 224
   00B7 E0                  222 	.db #0xe0	; 224
   00B8 60                  223 	.db #0x60	; 96
   00B9 60                  224 	.db #0x60	; 96
   00BA 60                  225 	.db #0x60	; 96
   00BB 60                  226 	.db #0x60	; 96
   00BC 60                  227 	.db #0x60	; 96
   00BD 60                  228 	.db #0x60	; 96
   00BE 00                  229 	.db #0x00	; 0
   00BF 60                  230 	.db #0x60	; 96
   00C0 00                  231 	.db #0x00	; 0
   00C1 07                  232 	.db #0x07	; 7
   00C2 00                  233 	.db #0x00	; 0
   00C3 3F                  234 	.db #0x3f	; 63
   00C4 0F                  235 	.db #0x0f	; 15
   00C5 01                  236 	.db #0x01	; 1
   00C6 0F                  237 	.db #0x0f	; 15
   00C7 00                  238 	.db #0x00	; 0
   00C8 07                  239 	.db #0x07	; 7
   00C9 03                  240 	.db #0x03	; 3
   00CA 0B                  241 	.db #0x0b	; 11
   00CB 3C                  242 	.db #0x3c	; 60
   00CC 05                  243 	.db #0x05	; 5
   00CD 7E                  244 	.db #0x7e	; 126
   00CE 02                  245 	.db #0x02	; 2
   00CF 6F                  246 	.db #0x6f	; 111	'o'
   00D0 01                  247 	.db #0x01	; 1
   00D1 6F                  248 	.db #0x6f	; 111	'o'
   00D2 00                  249 	.db #0x00	; 0
   00D3 6F                  250 	.db #0x6f	; 111	'o'
   00D4 6F                  251 	.db #0x6f	; 111	'o'
   00D5 0F                  252 	.db #0x0f	; 15
   00D6 0F                  253 	.db #0x0f	; 15
   00D7 0F                  254 	.db #0x0f	; 15
   00D8 0C                  255 	.db #0x0c	; 12
   00D9 0C                  256 	.db #0x0c	; 12
   00DA 0C                  257 	.db #0x0c	; 12
   00DB 0C                  258 	.db #0x0c	; 12
   00DC 0C                  259 	.db #0x0c	; 12
   00DD 0C                  260 	.db #0x0c	; 12
   00DE 00                  261 	.db #0x00	; 0
   00DF 0C                  262 	.db #0x0c	; 12
   00E0 00                  263 	.db #0x00	; 0
   00E1 C0                  264 	.db #0xc0	; 192
   00E2 00                  265 	.db #0x00	; 0
   00E3 FC                  266 	.db #0xfc	; 252
   00E4 E0                  267 	.db #0xe0	; 224
   00E5 40                  268 	.db #0x40	; 64
   00E6 E0                  269 	.db #0xe0	; 224
   00E7 00                  270 	.db #0x00	; 0
   00E8 C0                  271 	.db #0xc0	; 192
   00E9 80                  272 	.db #0x80	; 128
   00EA 80                  273 	.db #0x80	; 128
   00EB 78                  274 	.db #0x78	; 120	'x'
   00EC 00                  275 	.db #0x00	; 0
   00ED F8                  276 	.db #0xf8	; 248
   00EE 00                  277 	.db #0x00	; 0
   00EF EC                  278 	.db #0xec	; 236
   00F0 00                  279 	.db #0x00	; 0
   00F1 EC                  280 	.db #0xec	; 236
   00F2 80                  281 	.db #0x80	; 128
   00F3 EC                  282 	.db #0xec	; 236
   00F4 E6                  283 	.db #0xe6	; 230
   00F5 E0                  284 	.db #0xe0	; 224
   00F6 E0                  285 	.db #0xe0	; 224
   00F7 E0                  286 	.db #0xe0	; 224
   00F8 60                  287 	.db #0x60	; 96
   00F9 60                  288 	.db #0x60	; 96
   00FA 60                  289 	.db #0x60	; 96
   00FB 60                  290 	.db #0x60	; 96
   00FC 00                  291 	.db #0x00	; 0
   00FD 60                  292 	.db #0x60	; 96
   00FE 00                  293 	.db #0x00	; 0
   00FF 00                  294 	.db #0x00	; 0
   0100 00                  295 	.db #0x00	; 0
   0101 07                  296 	.db #0x07	; 7
   0102 00                  297 	.db #0x00	; 0
   0103 3F                  298 	.db #0x3f	; 63
   0104 0F                  299 	.db #0x0f	; 15
   0105 01                  300 	.db #0x01	; 1
   0106 0F                  301 	.db #0x0f	; 15
   0107 00                  302 	.db #0x00	; 0
   0108 07                  303 	.db #0x07	; 7
   0109 03                  304 	.db #0x03	; 3
   010A 0B                  305 	.db #0x0b	; 11
   010B 3C                  306 	.db #0x3c	; 60
   010C 05                  307 	.db #0x05	; 5
   010D 7E                  308 	.db #0x7e	; 126
   010E 02                  309 	.db #0x02	; 2
   010F 6F                  310 	.db #0x6f	; 111	'o'
   0110 01                  311 	.db #0x01	; 1
   0111 6F                  312 	.db #0x6f	; 111	'o'
   0112 00                  313 	.db #0x00	; 0
   0113 6F                  314 	.db #0x6f	; 111	'o'
   0114 6F                  315 	.db #0x6f	; 111	'o'
   0115 0F                  316 	.db #0x0f	; 15
   0116 0F                  317 	.db #0x0f	; 15
   0117 0F                  318 	.db #0x0f	; 15
   0118 0C                  319 	.db #0x0c	; 12
   0119 0C                  320 	.db #0x0c	; 12
   011A 0C                  321 	.db #0x0c	; 12
   011B 0C                  322 	.db #0x0c	; 12
   011C 00                  323 	.db #0x00	; 0
   011D 0C                  324 	.db #0x0c	; 12
   011E 00                  325 	.db #0x00	; 0
   011F 00                  326 	.db #0x00	; 0
   0120 00                  327 	.db #0x00	; 0
   0121 C0                  328 	.db #0xc0	; 192
   0122 00                  329 	.db #0x00	; 0
   0123 FC                  330 	.db #0xfc	; 252
   0124 E0                  331 	.db #0xe0	; 224
   0125 40                  332 	.db #0x40	; 64
   0126 E0                  333 	.db #0xe0	; 224
   0127 00                  334 	.db #0x00	; 0
   0128 C0                  335 	.db #0xc0	; 192
   0129 80                  336 	.db #0x80	; 128
   012A 80                  337 	.db #0x80	; 128
   012B 78                  338 	.db #0x78	; 120	'x'
   012C 00                  339 	.db #0x00	; 0
   012D F8                  340 	.db #0xf8	; 248
   012E 00                  341 	.db #0x00	; 0
   012F EC                  342 	.db #0xec	; 236
   0130 00                  343 	.db #0x00	; 0
   0131 EC                  344 	.db #0xec	; 236
   0132 80                  345 	.db #0x80	; 128
   0133 EC                  346 	.db #0xec	; 236
   0134 E6                  347 	.db #0xe6	; 230
   0135 E0                  348 	.db #0xe0	; 224
   0136 E0                  349 	.db #0xe0	; 224
   0137 E0                  350 	.db #0xe0	; 224
   0138 60                  351 	.db #0x60	; 96
   0139 60                  352 	.db #0x60	; 96
   013A 60                  353 	.db #0x60	; 96
   013B 60                  354 	.db #0x60	; 96
   013C 60                  355 	.db #0x60	; 96
   013D 60                  356 	.db #0x60	; 96
   013E 00                  357 	.db #0x00	; 0
   013F 60                  358 	.db #0x60	; 96
   0140 00                  359 	.db #0x00	; 0
   0141 07                  360 	.db #0x07	; 7
   0142 00                  361 	.db #0x00	; 0
   0143 3F                  362 	.db #0x3f	; 63
   0144 0F                  363 	.db #0x0f	; 15
   0145 05                  364 	.db #0x05	; 5
   0146 0F                  365 	.db #0x0f	; 15
   0147 00                  366 	.db #0x00	; 0
   0148 07                  367 	.db #0x07	; 7
   0149 03                  368 	.db #0x03	; 3
   014A 0B                  369 	.db #0x0b	; 11
   014B 3C                  370 	.db #0x3c	; 60
   014C 05                  371 	.db #0x05	; 5
   014D 7E                  372 	.db #0x7e	; 126
   014E 02                  373 	.db #0x02	; 2
   014F 6F                  374 	.db #0x6f	; 111	'o'
   0150 01                  375 	.db #0x01	; 1
   0151 6F                  376 	.db #0x6f	; 111	'o'
   0152 00                  377 	.db #0x00	; 0
   0153 6F                  378 	.db #0x6f	; 111	'o'
   0154 CF                  379 	.db #0xcf	; 207
   0155 0F                  380 	.db #0x0f	; 15
   0156 0F                  381 	.db #0x0f	; 15
   0157 0F                  382 	.db #0x0f	; 15
   0158 0C                  383 	.db #0x0c	; 12
   0159 0C                  384 	.db #0x0c	; 12
   015A 0C                  385 	.db #0x0c	; 12
   015B 0C                  386 	.db #0x0c	; 12
   015C 00                  387 	.db #0x00	; 0
   015D 0C                  388 	.db #0x0c	; 12
   015E 00                  389 	.db #0x00	; 0
   015F 00                  390 	.db #0x00	; 0
   0160 00                  391 	.db #0x00	; 0
   0161 C0                  392 	.db #0xc0	; 192
   0162 00                  393 	.db #0x00	; 0
   0163 FC                  394 	.db #0xfc	; 252
   0164 E0                  395 	.db #0xe0	; 224
   0165 00                  396 	.db #0x00	; 0
   0166 E0                  397 	.db #0xe0	; 224
   0167 00                  398 	.db #0x00	; 0
   0168 C0                  399 	.db #0xc0	; 192
   0169 80                  400 	.db #0x80	; 128
   016A 80                  401 	.db #0x80	; 128
   016B 78                  402 	.db #0x78	; 120	'x'
   016C 00                  403 	.db #0x00	; 0
   016D FC                  404 	.db #0xfc	; 252
   016E 00                  405 	.db #0x00	; 0
   016F EC                  406 	.db #0xec	; 236
   0170 00                  407 	.db #0x00	; 0
   0171 EC                  408 	.db #0xec	; 236
   0172 80                  409 	.db #0x80	; 128
   0173 EC                  410 	.db #0xec	; 236
   0174 EC                  411 	.db #0xec	; 236
   0175 E0                  412 	.db #0xe0	; 224
   0176 E0                  413 	.db #0xe0	; 224
   0177 E0                  414 	.db #0xe0	; 224
   0178 60                  415 	.db #0x60	; 96
   0179 60                  416 	.db #0x60	; 96
   017A 60                  417 	.db #0x60	; 96
   017B 60                  418 	.db #0x60	; 96
   017C 60                  419 	.db #0x60	; 96
   017D 60                  420 	.db #0x60	; 96
   017E 00                  421 	.db #0x00	; 0
   017F 60                  422 	.db #0x60	; 96
   0180 00                  423 	.db #0x00	; 0
   0181 07                  424 	.db #0x07	; 7
   0182 00                  425 	.db #0x00	; 0
   0183 3F                  426 	.db #0x3f	; 63
   0184 0F                  427 	.db #0x0f	; 15
   0185 05                  428 	.db #0x05	; 5
   0186 0F                  429 	.db #0x0f	; 15
   0187 00                  430 	.db #0x00	; 0
   0188 07                  431 	.db #0x07	; 7
   0189 03                  432 	.db #0x03	; 3
   018A 0B                  433 	.db #0x0b	; 11
   018B 3C                  434 	.db #0x3c	; 60
   018C 05                  435 	.db #0x05	; 5
   018D 7E                  436 	.db #0x7e	; 126
   018E 02                  437 	.db #0x02	; 2
   018F 6F                  438 	.db #0x6f	; 111	'o'
   0190 01                  439 	.db #0x01	; 1
   0191 6F                  440 	.db #0x6f	; 111	'o'
   0192 00                  441 	.db #0x00	; 0
   0193 6F                  442 	.db #0x6f	; 111	'o'
   0194 CF                  443 	.db #0xcf	; 207
   0195 0F                  444 	.db #0x0f	; 15
   0196 0F                  445 	.db #0x0f	; 15
   0197 0F                  446 	.db #0x0f	; 15
   0198 0C                  447 	.db #0x0c	; 12
   0199 0C                  448 	.db #0x0c	; 12
   019A 0C                  449 	.db #0x0c	; 12
   019B 0C                  450 	.db #0x0c	; 12
   019C 0C                  451 	.db #0x0c	; 12
   019D 0C                  452 	.db #0x0c	; 12
   019E 00                  453 	.db #0x00	; 0
   019F 0C                  454 	.db #0x0c	; 12
   01A0 00                  455 	.db #0x00	; 0
   01A1 C0                  456 	.db #0xc0	; 192
   01A2 00                  457 	.db #0x00	; 0
   01A3 FC                  458 	.db #0xfc	; 252
   01A4 E0                  459 	.db #0xe0	; 224
   01A5 00                  460 	.db #0x00	; 0
   01A6 E0                  461 	.db #0xe0	; 224
   01A7 00                  462 	.db #0x00	; 0
   01A8 C0                  463 	.db #0xc0	; 192
   01A9 80                  464 	.db #0x80	; 128
   01AA 80                  465 	.db #0x80	; 128
   01AB 78                  466 	.db #0x78	; 120	'x'
   01AC 00                  467 	.db #0x00	; 0
   01AD FC                  468 	.db #0xfc	; 252
   01AE 00                  469 	.db #0x00	; 0
   01AF EC                  470 	.db #0xec	; 236
   01B0 00                  471 	.db #0x00	; 0
   01B1 EC                  472 	.db #0xec	; 236
   01B2 80                  473 	.db #0x80	; 128
   01B3 EC                  474 	.db #0xec	; 236
   01B4 EC                  475 	.db #0xec	; 236
   01B5 E0                  476 	.db #0xe0	; 224
   01B6 E0                  477 	.db #0xe0	; 224
   01B7 E0                  478 	.db #0xe0	; 224
   01B8 60                  479 	.db #0x60	; 96
   01B9 60                  480 	.db #0x60	; 96
   01BA 60                  481 	.db #0x60	; 96
   01BB 60                  482 	.db #0x60	; 96
   01BC 00                  483 	.db #0x00	; 0
   01BD 60                  484 	.db #0x60	; 96
   01BE 00                  485 	.db #0x00	; 0
   01BF 00                  486 	.db #0x00	; 0
   01C0 00                  487 	.db #0x00	; 0
   01C1 07                  488 	.db #0x07	; 7
   01C2 00                  489 	.db #0x00	; 0
   01C3 3F                  490 	.db #0x3f	; 63
   01C4 0F                  491 	.db #0x0f	; 15
   01C5 00                  492 	.db #0x00	; 0
   01C6 0F                  493 	.db #0x0f	; 15
   01C7 00                  494 	.db #0x00	; 0
   01C8 07                  495 	.db #0x07	; 7
   01C9 00                  496 	.db #0x00	; 0
   01CA 03                  497 	.db #0x03	; 3
   01CB 3C                  498 	.db #0x3c	; 60
   01CC 01                  499 	.db #0x01	; 1
   01CD 7E                  500 	.db #0x7e	; 126
   01CE 00                  501 	.db #0x00	; 0
   01CF 6F                  502 	.db #0x6f	; 111	'o'
   01D0 01                  503 	.db #0x01	; 1
   01D1 6F                  504 	.db #0x6f	; 111	'o'
   01D2 02                  505 	.db #0x02	; 2
   01D3 6F                  506 	.db #0x6f	; 111	'o'
   01D4 6F                  507 	.db #0x6f	; 111	'o'
   01D5 0F                  508 	.db #0x0f	; 15
   01D6 0F                  509 	.db #0x0f	; 15
   01D7 0F                  510 	.db #0x0f	; 15
   01D8 0C                  511 	.db #0x0c	; 12
   01D9 0C                  512 	.db #0x0c	; 12
   01DA 0C                  513 	.db #0x0c	; 12
   01DB 0C                  514 	.db #0x0c	; 12
   01DC 0C                  515 	.db #0x0c	; 12
   01DD 0C                  516 	.db #0x0c	; 12
   01DE 00                  517 	.db #0x00	; 0
   01DF 0C                  518 	.db #0x0c	; 12
   01E0 00                  519 	.db #0x00	; 0
   01E1 C0                  520 	.db #0xc0	; 192
   01E2 00                  521 	.db #0x00	; 0
   01E3 FC                  522 	.db #0xfc	; 252
   01E4 E0                  523 	.db #0xe0	; 224
   01E5 00                  524 	.db #0x00	; 0
   01E6 E0                  525 	.db #0xe0	; 224
   01E7 00                  526 	.db #0x00	; 0
   01E8 C0                  527 	.db #0xc0	; 192
   01E9 00                  528 	.db #0x00	; 0
   01EA A0                  529 	.db #0xa0	; 160
   01EB 78                  530 	.db #0x78	; 120	'x'
   01EC 40                  531 	.db #0x40	; 64
   01ED FE                  532 	.db #0xfe	; 254
   01EE 80                  533 	.db #0x80	; 128
   01EF E6                  534 	.db #0xe6	; 230
   01F0 00                  535 	.db #0x00	; 0
   01F1 E6                  536 	.db #0xe6	; 230
   01F2 00                  537 	.db #0x00	; 0
   01F3 E6                  538 	.db #0xe6	; 230
   01F4 EC                  539 	.db #0xec	; 236
   01F5 E0                  540 	.db #0xe0	; 224
   01F6 E0                  541 	.db #0xe0	; 224
   01F7 E0                  542 	.db #0xe0	; 224
   01F8 60                  543 	.db #0x60	; 96
   01F9 60                  544 	.db #0x60	; 96
   01FA 60                  545 	.db #0x60	; 96
   01FB 60                  546 	.db #0x60	; 96
   01FC 00                  547 	.db #0x00	; 0
   01FD 60                  548 	.db #0x60	; 96
   01FE 00                  549 	.db #0x00	; 0
   01FF 00                  550 	.db #0x00	; 0
   0200 00                  551 	.db #0x00	; 0
   0201 07                  552 	.db #0x07	; 7
   0202 00                  553 	.db #0x00	; 0
   0203 3F                  554 	.db #0x3f	; 63
   0204 0F                  555 	.db #0x0f	; 15
   0205 00                  556 	.db #0x00	; 0
   0206 0F                  557 	.db #0x0f	; 15
   0207 00                  558 	.db #0x00	; 0
   0208 07                  559 	.db #0x07	; 7
   0209 00                  560 	.db #0x00	; 0
   020A 03                  561 	.db #0x03	; 3
   020B 3C                  562 	.db #0x3c	; 60
   020C 01                  563 	.db #0x01	; 1
   020D FE                  564 	.db #0xfe	; 254
   020E 00                  565 	.db #0x00	; 0
   020F CF                  566 	.db #0xcf	; 207
   0210 01                  567 	.db #0x01	; 1
   0211 CF                  568 	.db #0xcf	; 207
   0212 02                  569 	.db #0x02	; 2
   0213 CF                  570 	.db #0xcf	; 207
   0214 6F                  571 	.db #0x6f	; 111	'o'
   0215 0F                  572 	.db #0x0f	; 15
   0216 0F                  573 	.db #0x0f	; 15
   0217 0F                  574 	.db #0x0f	; 15
   0218 0C                  575 	.db #0x0c	; 12
   0219 0C                  576 	.db #0x0c	; 12
   021A 0C                  577 	.db #0x0c	; 12
   021B 0C                  578 	.db #0x0c	; 12
   021C 00                  579 	.db #0x00	; 0
   021D 0C                  580 	.db #0x0c	; 12
   021E 00                  581 	.db #0x00	; 0
   021F 00                  582 	.db #0x00	; 0
   0220 00                  583 	.db #0x00	; 0
   0221 C0                  584 	.db #0xc0	; 192
   0222 00                  585 	.db #0x00	; 0
   0223 FC                  586 	.db #0xfc	; 252
   0224 E0                  587 	.db #0xe0	; 224
   0225 00                  588 	.db #0x00	; 0
   0226 E0                  589 	.db #0xe0	; 224
   0227 00                  590 	.db #0x00	; 0
   0228 C0                  591 	.db #0xc0	; 192
   0229 00                  592 	.db #0x00	; 0
   022A A0                  593 	.db #0xa0	; 160
   022B 78                  594 	.db #0x78	; 120	'x'
   022C 40                  595 	.db #0x40	; 64
   022D FC                  596 	.db #0xfc	; 252
   022E 80                  597 	.db #0x80	; 128
   022F EC                  598 	.db #0xec	; 236
   0230 00                  599 	.db #0x00	; 0
   0231 EC                  600 	.db #0xec	; 236
   0232 00                  601 	.db #0x00	; 0
   0233 EC                  602 	.db #0xec	; 236
   0234 EC                  603 	.db #0xec	; 236
   0235 E0                  604 	.db #0xe0	; 224
   0236 E0                  605 	.db #0xe0	; 224
   0237 E0                  606 	.db #0xe0	; 224
   0238 60                  607 	.db #0x60	; 96
   0239 60                  608 	.db #0x60	; 96
   023A 60                  609 	.db #0x60	; 96
   023B 60                  610 	.db #0x60	; 96
   023C 60                  611 	.db #0x60	; 96
   023D 60                  612 	.db #0x60	; 96
   023E 00                  613 	.db #0x00	; 0
   023F 60                  614 	.db #0x60	; 96
                            615 	.area _CABS (ABS)
