  compiling resource: ../res/src/door.b3.c
  compiling resource: ../res/src/dooropen.b3.c
  compiling resource: ../res/src/enemy.b3.c
  compiling resource: ../res/src/enemy2.b3.c
  compiling resource: ../res/src/key.b3.c
  compiling resource: ../res/src/map.b3.c
  compiling resource: ../res/src/map2.b3.c
  compiling resource: ../res/src/menu.b3.c
  compiling resource: ../res/src/player.b3.c
  compiling resource: ../res/src/tiles.b3.c
  compiling SpriteDoor.c
  In file included from C:/gbdk/ZGB/common/include/main.h:4,
                   from ../include/SpriteDoor.h:4,
                   from SpriteDoor.c:2:
C:/gbdk/include/gb/gb.h(167,1): warning G10BCEF52: "/*" within comment
C:/gbdk/include/gb/gb.h(181,1): warning G10BCEF52: "/*" within comment
  compiling SpriteDoorOpen.c
  In file included from C:/gbdk/ZGB/common/include/main.h:4,
                   from ../include/SpriteDoorOpen.h:4,
                   from SpriteDoorOpen.c:2:
C:/gbdk/include/gb/gb.h(167,1): warning G10BCEF52: "/*" within comment
C:/gbdk/include/gb/gb.h(181,1): warning G10BCEF52: "/*" within comment
  compiling SpriteEnemy.c
  In file included from C:/gbdk/ZGB/common/include/main.h:4,
                   from ../include/SpriteEnemy.h:4,
                   from SpriteEnemy.c:2:
C:/gbdk/include/gb/gb.h(167,1): warning G10BCEF52: "/*" within comment
C:/gbdk/include/gb/gb.h(181,1): warning G10BCEF52: "/*" within comment
  compiling SpriteEnemy2.c
  In file included from C:/gbdk/ZGB/common/include/main.h:4,
                   from ../include/SpriteEnemy2.h:4,
                   from SpriteEnemy2.c:2:
C:/gbdk/include/gb/gb.h(167,1): warning G10BCEF52: "/*" within comment
C:/gbdk/include/gb/gb.h(181,1): warning G10BCEF52: "/*" within comment
  compiling SpriteKey.c
  In file included from C:/gbdk/ZGB/common/include/main.h:4,
                   from ../include/SpriteKey.h:4,
                   from SpriteKey.c:2:
C:/gbdk/include/gb/gb.h(167,1): warning G10BCEF52: "/*" within comment
C:/gbdk/include/gb/gb.h(181,1): warning G10BCEF52: "/*" within comment
  compiling SpritePlayer.c
  In file included from C:/gbdk/ZGB/common/include/main.h:4,
                   from ../include/SpritePlayer.h:4,
                   from SpritePlayer.c:2:
C:/gbdk/include/gb/gb.h(167,1): warning G10BCEF52: "/*" within comment
C:/gbdk/include/gb/gb.h(181,1): warning G10BCEF52: "/*" within comment
  compiling StateGame.c
  In file included from C:/gbdk/ZGB/common/include/main.h:4,
                   from ../include/StateGame.h:4,
                   from StateGame.c:2:
C:/gbdk/include/gb/gb.h(167,1): warning G10BCEF52: "/*" within comment
C:/gbdk/include/gb/gb.h(181,1): warning G10BCEF52: "/*" within comment
  compiling StateGame2.c
  In file included from C:/gbdk/ZGB/common/include/main.h:4,
                   from ../include/StateGame.h:4,
                   from StateGame2.c:2:
C:/gbdk/include/gb/gb.h(167,1): warning G10BCEF52: "/*" within comment
C:/gbdk/include/gb/gb.h(181,1): warning G10BCEF52: "/*" within comment
  compiling StateMenu.c
  In file included from C:/gbdk/ZGB/common/include/main.h:4,
                   from ../include/StateMenu.h:4,
                   from StateMenu.c:2:
C:/gbdk/include/gb/gb.h(167,1): warning G10BCEF52: "/*" within comment
C:/gbdk/include/gb/gb.h(181,1): warning G10BCEF52: "/*" within comment
  compiling ZGBMain.c
  In file included from C:/gbdk/ZGB/common/include/main.h:4,
                   from ../include/ZGBMain.h:4,
                   from ZGBMain.c:1:
C:/gbdk/include/gb/gb.h(167,1): warning G10BCEF52: "/*" within comment
C:/gbdk/include/gb/gb.h(181,1): warning G10BCEF52: "/*" within comment
  compiling ZGBMain_Init.c
  In file included from C:/gbdk/ZGB/common/include/main.h:4,
                   from ../include/ZGBMain.h:4,
                   from ZGBMain_Init.c:2:
C:/gbdk/include/gb/gb.h(167,1): warning G10BCEF52: "/*" within comment
C:/gbdk/include/gb/gb.h(181,1): warning G10BCEF52: "/*" within comment
  Linking
  C:\gbdk/bin/lcc -Wl-yt1 -Wl-yo4 -o ../Debug/ZGB_TEMPLATE_Debug.gb ../Debug/res/door.b3.o ../Debug/res/dooropen.b3.o ../Debug/res/enemy.b3.o ../Debug/res/enemy2.b3.o ../Debug/res/font.b3.o ../Debug/res/key.b3.o ../Debug/res/map.b3.o ../Debug/res/map2.b3.o ../Debug/res/menu.b3.o ../Debug/res/player.b3.o ../Debug/res/tiles.b3.o  ../Debug/SpriteDoor.o ../Debug/SpriteDoorOpen.o ../Debug/SpriteEnemy.o ../Debug/SpriteEnemy2.o ../Debug/SpriteKey.o ../Debug/SpritePlayer.o ../Debug/StateGame.o ../Debug/StateGame2.o ../Debug/StateMenu.o ../Debug/ZGBMain.o ../Debug/ZGBMain_Init.o  C:\gbdk\ZGB\common/Debug/__sdcc_call_hl.o C:\gbdk\ZGB\common/Debug/_memcpy.o C:\gbdk\ZGB\common/Debug/BankManager.o C:\gbdk\ZGB\common/Debug/div.o C:\gbdk\ZGB\common/Debug/Fade.o C:\gbdk\ZGB\common/Debug/Fade_b.o C:\gbdk\ZGB\common/Debug/Frame.o C:\gbdk\ZGB\common/Debug/Frame_b.o C:\gbdk\ZGB\common/Debug/gbt_player.o C:\gbdk\ZGB\common/Debug/gbt_player_bank1.o C:\gbdk\ZGB\common/Debug/Keys.o C:\gbdk\ZGB\common/Debug/main.o C:\gbdk\ZGB\common/Debug/Math.o C:\gbdk\ZGB\common/Debug/mul.o C:\gbdk\ZGB\common/Debug/OAMManager.o C:\gbdk\ZGB\common/Debug/Print.o C:\gbdk\ZGB\common/Debug/Scroll.o C:\gbdk\ZGB\common/Debug/Sound.o C:\gbdk\ZGB\common/Debug/Sprite.o C:\gbdk\ZGB\common/Debug/SpriteManager.o C:\gbdk\ZGB\common/Debug/Stack.o C:\gbdk\ZGB\common/Debug/Vector.o
  mv ../Debug/ZGB_TEMPLATE_Debug.gb ../bin/ZGB_TEMPLATE_Debug.gb
  Running ../bin/ZGB_TEMPLATE_Debug.gb
