                              1 ;--------------------------------------------------------
                              2 ; File Created by SDCC : free open source ANSI-C Compiler
                              3 ; Version 3.6.0 #9615 (MINGW64)
                              4 ;--------------------------------------------------------
                              5 	.module enemy_b3
                              6 	.optsdcc -mgbz80
                              7 	
                              8 ;--------------------------------------------------------
                              9 ; Public variables in this module
                             10 ;--------------------------------------------------------
                             11 	.globl _enemy
                             12 ;--------------------------------------------------------
                             13 ; ram data
                             14 ;--------------------------------------------------------
                             15 	.area _DATA
                             16 ;--------------------------------------------------------
                             17 ; absolute external ram data
                             18 ;--------------------------------------------------------
                             19 	.area _DABS (ABS)
                             20 ;--------------------------------------------------------
                             21 ; global & static initialisations
                             22 ;--------------------------------------------------------
                             23 	.area _HOME
                             24 	.area _GSINIT
                             25 	.area _GSFINAL
                             26 	.area _GSINIT
                             27 ;--------------------------------------------------------
                             28 ; Home
                             29 ;--------------------------------------------------------
                             30 	.area _HOME
                             31 	.area _HOME
                             32 ;--------------------------------------------------------
                             33 ; code
                             34 ;--------------------------------------------------------
                             35 	.area _CODE
                             36 	.area _CODE
                             37 	.area _CODE_3
   0000                      38 _enemy:
   0000 7F                   39 	.db #0x7f	; 127
   0001 7F                   40 	.db #0x7f	; 127
   0002 7F                   41 	.db #0x7f	; 127
   0003 7F                   42 	.db #0x7f	; 127
   0004 60                   43 	.db #0x60	; 96
   0005 7F                   44 	.db #0x7f	; 127
   0006 7E                   45 	.db #0x7e	; 126
   0007 61                   46 	.db #0x61	; 97	'a'
   0008 7E                   47 	.db #0x7e	; 126
   0009 7F                   48 	.db #0x7f	; 127
   000A 22                   49 	.db #0x22	; 34
   000B 2B                   50 	.db #0x2b	; 43
   000C FF                   51 	.db #0xff	; 255
   000D FF                   52 	.db #0xff	; 255
   000E A1                   53 	.db #0xa1	; 161
   000F FF                   54 	.db #0xff	; 255
   0010 A0                   55 	.db #0xa0	; 160
   0011 FF                   56 	.db #0xff	; 255
   0012 A3                   57 	.db #0xa3	; 163
   0013 FF                   58 	.db #0xff	; 255
   0014 A4                   59 	.db #0xa4	; 164
   0015 FF                   60 	.db #0xff	; 255
   0016 E4                   61 	.db #0xe4	; 228
   0017 FC                   62 	.db #0xfc	; 252
   0018 23                   63 	.db #0x23	; 35
   0019 3F                   64 	.db #0x3f	; 63
   001A 3F                   65 	.db #0x3f	; 63
   001B 3F                   66 	.db #0x3f	; 63
   001C 1C                   67 	.db #0x1c	; 28
   001D 1C                   68 	.db #0x1c	; 28
   001E 14                   69 	.db #0x14	; 20
   001F 1C                   70 	.db #0x1c	; 28
   0020 FE                   71 	.db #0xfe	; 254
   0021 FE                   72 	.db #0xfe	; 254
   0022 FE                   73 	.db #0xfe	; 254
   0023 FE                   74 	.db #0xfe	; 254
   0024 06                   75 	.db #0x06	; 6
   0025 FE                   76 	.db #0xfe	; 254
   0026 7E                   77 	.db #0x7e	; 126
   0027 86                   78 	.db #0x86	; 134
   0028 7E                   79 	.db #0x7e	; 126
   0029 FE                   80 	.db #0xfe	; 254
   002A 44                   81 	.db #0x44	; 68	'D'
   002B D4                   82 	.db #0xd4	; 212
   002C FF                   83 	.db #0xff	; 255
   002D FF                   84 	.db #0xff	; 255
   002E 85                   85 	.db #0x85	; 133
   002F FF                   86 	.db #0xff	; 255
   0030 05                   87 	.db #0x05	; 5
   0031 FF                   88 	.db #0xff	; 255
   0032 E5                   89 	.db #0xe5	; 229
   0033 FF                   90 	.db #0xff	; 255
   0034 15                   91 	.db #0x15	; 21
   0035 3F                   92 	.db #0x3f	; 63
   0036 17                   93 	.db #0x17	; 23
   0037 DF                   94 	.db #0xdf	; 223
   0038 E4                   95 	.db #0xe4	; 228
   0039 FC                   96 	.db #0xfc	; 252
   003A FC                   97 	.db #0xfc	; 252
   003B FC                   98 	.db #0xfc	; 252
   003C 38                   99 	.db #0x38	; 56	'8'
   003D 38                  100 	.db #0x38	; 56	'8'
   003E 28                  101 	.db #0x28	; 40
   003F 38                  102 	.db #0x38	; 56	'8'
   0040 00                  103 	.db #0x00	; 0
   0041 00                  104 	.db #0x00	; 0
   0042 00                  105 	.db #0x00	; 0
   0043 00                  106 	.db #0x00	; 0
   0044 00                  107 	.db #0x00	; 0
   0045 00                  108 	.db #0x00	; 0
   0046 00                  109 	.db #0x00	; 0
   0047 00                  110 	.db #0x00	; 0
   0048 00                  111 	.db #0x00	; 0
   0049 00                  112 	.db #0x00	; 0
   004A 00                  113 	.db #0x00	; 0
   004B 00                  114 	.db #0x00	; 0
   004C 00                  115 	.db #0x00	; 0
   004D 00                  116 	.db #0x00	; 0
   004E 00                  117 	.db #0x00	; 0
   004F 00                  118 	.db #0x00	; 0
   0050 00                  119 	.db #0x00	; 0
   0051 00                  120 	.db #0x00	; 0
   0052 00                  121 	.db #0x00	; 0
   0053 00                  122 	.db #0x00	; 0
   0054 00                  123 	.db #0x00	; 0
   0055 00                  124 	.db #0x00	; 0
   0056 00                  125 	.db #0x00	; 0
   0057 00                  126 	.db #0x00	; 0
   0058 00                  127 	.db #0x00	; 0
   0059 00                  128 	.db #0x00	; 0
   005A 00                  129 	.db #0x00	; 0
   005B 00                  130 	.db #0x00	; 0
   005C 00                  131 	.db #0x00	; 0
   005D 00                  132 	.db #0x00	; 0
   005E 00                  133 	.db #0x00	; 0
   005F 00                  134 	.db #0x00	; 0
   0060 00                  135 	.db #0x00	; 0
   0061 00                  136 	.db #0x00	; 0
   0062 00                  137 	.db #0x00	; 0
   0063 00                  138 	.db #0x00	; 0
   0064 00                  139 	.db #0x00	; 0
   0065 00                  140 	.db #0x00	; 0
   0066 00                  141 	.db #0x00	; 0
   0067 00                  142 	.db #0x00	; 0
   0068 00                  143 	.db #0x00	; 0
   0069 00                  144 	.db #0x00	; 0
   006A 00                  145 	.db #0x00	; 0
   006B 00                  146 	.db #0x00	; 0
   006C 00                  147 	.db #0x00	; 0
   006D 00                  148 	.db #0x00	; 0
   006E 00                  149 	.db #0x00	; 0
   006F 00                  150 	.db #0x00	; 0
   0070 00                  151 	.db #0x00	; 0
   0071 00                  152 	.db #0x00	; 0
   0072 00                  153 	.db #0x00	; 0
   0073 00                  154 	.db #0x00	; 0
   0074 00                  155 	.db #0x00	; 0
   0075 00                  156 	.db #0x00	; 0
   0076 00                  157 	.db #0x00	; 0
   0077 00                  158 	.db #0x00	; 0
   0078 00                  159 	.db #0x00	; 0
   0079 00                  160 	.db #0x00	; 0
   007A 00                  161 	.db #0x00	; 0
   007B 00                  162 	.db #0x00	; 0
   007C 00                  163 	.db #0x00	; 0
   007D 00                  164 	.db #0x00	; 0
   007E 00                  165 	.db #0x00	; 0
   007F 00                  166 	.db #0x00	; 0
                            167 	.area _CABS (ABS)
