                              1 ;--------------------------------------------------------
                              2 ; File Created by SDCC : free open source ANSI-C Compiler
                              3 ; Version 3.6.0 #9615 (MINGW64)
                              4 ;--------------------------------------------------------
                              5 	.module font_b3
                              6 	.optsdcc -mgbz80
                              7 	
                              8 ;--------------------------------------------------------
                              9 ; Public variables in this module
                             10 ;--------------------------------------------------------
                             11 	.globl _font
                             12 ;--------------------------------------------------------
                             13 ; ram data
                             14 ;--------------------------------------------------------
                             15 	.area _DATA
                             16 ;--------------------------------------------------------
                             17 ; absolute external ram data
                             18 ;--------------------------------------------------------
                             19 	.area _DABS (ABS)
                             20 ;--------------------------------------------------------
                             21 ; global & static initialisations
                             22 ;--------------------------------------------------------
                             23 	.area _HOME
                             24 	.area _GSINIT
                             25 	.area _GSFINAL
                             26 	.area _GSINIT
                             27 ;--------------------------------------------------------
                             28 ; Home
                             29 ;--------------------------------------------------------
                             30 	.area _HOME
                             31 	.area _HOME
                             32 ;--------------------------------------------------------
                             33 ; code
                             34 ;--------------------------------------------------------
                             35 	.area _CODE
                             36 	.area _CODE
                             37 	.area _CODE_3
   0000                      38 _font:
   0000 00                   39 	.db #0x00	; 0
   0001 00                   40 	.db #0x00	; 0
   0002 00                   41 	.db #0x00	; 0
   0003 00                   42 	.db #0x00	; 0
   0004 00                   43 	.db #0x00	; 0
   0005 00                   44 	.db #0x00	; 0
   0006 00                   45 	.db #0x00	; 0
   0007 00                   46 	.db #0x00	; 0
   0008 00                   47 	.db #0x00	; 0
   0009 00                   48 	.db #0x00	; 0
   000A 00                   49 	.db #0x00	; 0
   000B 00                   50 	.db #0x00	; 0
   000C 00                   51 	.db #0x00	; 0
   000D 00                   52 	.db #0x00	; 0
   000E 00                   53 	.db #0x00	; 0
   000F 00                   54 	.db #0x00	; 0
   0010 7C                   55 	.db #0x7c	; 124
   0011 7C                   56 	.db #0x7c	; 124
   0012 82                   57 	.db #0x82	; 130
   0013 82                   58 	.db #0x82	; 130
   0014 82                   59 	.db #0x82	; 130
   0015 82                   60 	.db #0x82	; 130
   0016 FE                   61 	.db #0xfe	; 254
   0017 FE                   62 	.db #0xfe	; 254
   0018 82                   63 	.db #0x82	; 130
   0019 82                   64 	.db #0x82	; 130
   001A 82                   65 	.db #0x82	; 130
   001B 82                   66 	.db #0x82	; 130
   001C 82                   67 	.db #0x82	; 130
   001D 82                   68 	.db #0x82	; 130
   001E 00                   69 	.db #0x00	; 0
   001F 00                   70 	.db #0x00	; 0
   0020 FC                   71 	.db #0xfc	; 252
   0021 FC                   72 	.db #0xfc	; 252
   0022 82                   73 	.db #0x82	; 130
   0023 82                   74 	.db #0x82	; 130
   0024 82                   75 	.db #0x82	; 130
   0025 82                   76 	.db #0x82	; 130
   0026 FC                   77 	.db #0xfc	; 252
   0027 FC                   78 	.db #0xfc	; 252
   0028 82                   79 	.db #0x82	; 130
   0029 82                   80 	.db #0x82	; 130
   002A 82                   81 	.db #0x82	; 130
   002B 82                   82 	.db #0x82	; 130
   002C FC                   83 	.db #0xfc	; 252
   002D FC                   84 	.db #0xfc	; 252
   002E 00                   85 	.db #0x00	; 0
   002F 00                   86 	.db #0x00	; 0
   0030 7C                   87 	.db #0x7c	; 124
   0031 7C                   88 	.db #0x7c	; 124
   0032 82                   89 	.db #0x82	; 130
   0033 82                   90 	.db #0x82	; 130
   0034 80                   91 	.db #0x80	; 128
   0035 80                   92 	.db #0x80	; 128
   0036 80                   93 	.db #0x80	; 128
   0037 80                   94 	.db #0x80	; 128
   0038 80                   95 	.db #0x80	; 128
   0039 80                   96 	.db #0x80	; 128
   003A 82                   97 	.db #0x82	; 130
   003B 82                   98 	.db #0x82	; 130
   003C 7C                   99 	.db #0x7c	; 124
   003D 7C                  100 	.db #0x7c	; 124
   003E 00                  101 	.db #0x00	; 0
   003F 00                  102 	.db #0x00	; 0
   0040 F8                  103 	.db #0xf8	; 248
   0041 F8                  104 	.db #0xf8	; 248
   0042 84                  105 	.db #0x84	; 132
   0043 84                  106 	.db #0x84	; 132
   0044 82                  107 	.db #0x82	; 130
   0045 82                  108 	.db #0x82	; 130
   0046 82                  109 	.db #0x82	; 130
   0047 82                  110 	.db #0x82	; 130
   0048 82                  111 	.db #0x82	; 130
   0049 82                  112 	.db #0x82	; 130
   004A 84                  113 	.db #0x84	; 132
   004B 84                  114 	.db #0x84	; 132
   004C F8                  115 	.db #0xf8	; 248
   004D F8                  116 	.db #0xf8	; 248
   004E 00                  117 	.db #0x00	; 0
   004F 00                  118 	.db #0x00	; 0
   0050 FE                  119 	.db #0xfe	; 254
   0051 FE                  120 	.db #0xfe	; 254
   0052 80                  121 	.db #0x80	; 128
   0053 80                  122 	.db #0x80	; 128
   0054 80                  123 	.db #0x80	; 128
   0055 80                  124 	.db #0x80	; 128
   0056 F8                  125 	.db #0xf8	; 248
   0057 F8                  126 	.db #0xf8	; 248
   0058 80                  127 	.db #0x80	; 128
   0059 80                  128 	.db #0x80	; 128
   005A 80                  129 	.db #0x80	; 128
   005B 80                  130 	.db #0x80	; 128
   005C FE                  131 	.db #0xfe	; 254
   005D FE                  132 	.db #0xfe	; 254
   005E 00                  133 	.db #0x00	; 0
   005F 00                  134 	.db #0x00	; 0
   0060 FE                  135 	.db #0xfe	; 254
   0061 FE                  136 	.db #0xfe	; 254
   0062 80                  137 	.db #0x80	; 128
   0063 80                  138 	.db #0x80	; 128
   0064 80                  139 	.db #0x80	; 128
   0065 80                  140 	.db #0x80	; 128
   0066 F0                  141 	.db #0xf0	; 240
   0067 F0                  142 	.db #0xf0	; 240
   0068 80                  143 	.db #0x80	; 128
   0069 80                  144 	.db #0x80	; 128
   006A 80                  145 	.db #0x80	; 128
   006B 80                  146 	.db #0x80	; 128
   006C 80                  147 	.db #0x80	; 128
   006D 80                  148 	.db #0x80	; 128
   006E 00                  149 	.db #0x00	; 0
   006F 00                  150 	.db #0x00	; 0
   0070 7C                  151 	.db #0x7c	; 124
   0071 7C                  152 	.db #0x7c	; 124
   0072 82                  153 	.db #0x82	; 130
   0073 82                  154 	.db #0x82	; 130
   0074 80                  155 	.db #0x80	; 128
   0075 80                  156 	.db #0x80	; 128
   0076 9E                  157 	.db #0x9e	; 158
   0077 9E                  158 	.db #0x9e	; 158
   0078 82                  159 	.db #0x82	; 130
   0079 82                  160 	.db #0x82	; 130
   007A 82                  161 	.db #0x82	; 130
   007B 82                  162 	.db #0x82	; 130
   007C 7C                  163 	.db #0x7c	; 124
   007D 7C                  164 	.db #0x7c	; 124
   007E 00                  165 	.db #0x00	; 0
   007F 00                  166 	.db #0x00	; 0
   0080 82                  167 	.db #0x82	; 130
   0081 82                  168 	.db #0x82	; 130
   0082 82                  169 	.db #0x82	; 130
   0083 82                  170 	.db #0x82	; 130
   0084 82                  171 	.db #0x82	; 130
   0085 82                  172 	.db #0x82	; 130
   0086 FE                  173 	.db #0xfe	; 254
   0087 FE                  174 	.db #0xfe	; 254
   0088 82                  175 	.db #0x82	; 130
   0089 82                  176 	.db #0x82	; 130
   008A 82                  177 	.db #0x82	; 130
   008B 82                  178 	.db #0x82	; 130
   008C 82                  179 	.db #0x82	; 130
   008D 82                  180 	.db #0x82	; 130
   008E 00                  181 	.db #0x00	; 0
   008F 00                  182 	.db #0x00	; 0
   0090 FE                  183 	.db #0xfe	; 254
   0091 FE                  184 	.db #0xfe	; 254
   0092 10                  185 	.db #0x10	; 16
   0093 10                  186 	.db #0x10	; 16
   0094 10                  187 	.db #0x10	; 16
   0095 10                  188 	.db #0x10	; 16
   0096 10                  189 	.db #0x10	; 16
   0097 10                  190 	.db #0x10	; 16
   0098 10                  191 	.db #0x10	; 16
   0099 10                  192 	.db #0x10	; 16
   009A 10                  193 	.db #0x10	; 16
   009B 10                  194 	.db #0x10	; 16
   009C FE                  195 	.db #0xfe	; 254
   009D FE                  196 	.db #0xfe	; 254
   009E 00                  197 	.db #0x00	; 0
   009F 00                  198 	.db #0x00	; 0
   00A0 FE                  199 	.db #0xfe	; 254
   00A1 FE                  200 	.db #0xfe	; 254
   00A2 08                  201 	.db #0x08	; 8
   00A3 08                  202 	.db #0x08	; 8
   00A4 08                  203 	.db #0x08	; 8
   00A5 08                  204 	.db #0x08	; 8
   00A6 08                  205 	.db #0x08	; 8
   00A7 08                  206 	.db #0x08	; 8
   00A8 08                  207 	.db #0x08	; 8
   00A9 08                  208 	.db #0x08	; 8
   00AA 88                  209 	.db #0x88	; 136
   00AB 88                  210 	.db #0x88	; 136
   00AC 70                  211 	.db #0x70	; 112	'p'
   00AD 70                  212 	.db #0x70	; 112	'p'
   00AE 00                  213 	.db #0x00	; 0
   00AF 00                  214 	.db #0x00	; 0
   00B0 82                  215 	.db #0x82	; 130
   00B1 82                  216 	.db #0x82	; 130
   00B2 8C                  217 	.db #0x8c	; 140
   00B3 8C                  218 	.db #0x8c	; 140
   00B4 B0                  219 	.db #0xb0	; 176
   00B5 B0                  220 	.db #0xb0	; 176
   00B6 C0                  221 	.db #0xc0	; 192
   00B7 C0                  222 	.db #0xc0	; 192
   00B8 B0                  223 	.db #0xb0	; 176
   00B9 B0                  224 	.db #0xb0	; 176
   00BA 8C                  225 	.db #0x8c	; 140
   00BB 8C                  226 	.db #0x8c	; 140
   00BC 82                  227 	.db #0x82	; 130
   00BD 82                  228 	.db #0x82	; 130
   00BE 00                  229 	.db #0x00	; 0
   00BF 00                  230 	.db #0x00	; 0
   00C0 80                  231 	.db #0x80	; 128
   00C1 80                  232 	.db #0x80	; 128
   00C2 80                  233 	.db #0x80	; 128
   00C3 80                  234 	.db #0x80	; 128
   00C4 80                  235 	.db #0x80	; 128
   00C5 80                  236 	.db #0x80	; 128
   00C6 80                  237 	.db #0x80	; 128
   00C7 80                  238 	.db #0x80	; 128
   00C8 80                  239 	.db #0x80	; 128
   00C9 80                  240 	.db #0x80	; 128
   00CA 80                  241 	.db #0x80	; 128
   00CB 80                  242 	.db #0x80	; 128
   00CC FE                  243 	.db #0xfe	; 254
   00CD FE                  244 	.db #0xfe	; 254
   00CE 00                  245 	.db #0x00	; 0
   00CF 00                  246 	.db #0x00	; 0
   00D0 82                  247 	.db #0x82	; 130
   00D1 82                  248 	.db #0x82	; 130
   00D2 C6                  249 	.db #0xc6	; 198
   00D3 C6                  250 	.db #0xc6	; 198
   00D4 AA                  251 	.db #0xaa	; 170
   00D5 AA                  252 	.db #0xaa	; 170
   00D6 92                  253 	.db #0x92	; 146
   00D7 92                  254 	.db #0x92	; 146
   00D8 82                  255 	.db #0x82	; 130
   00D9 82                  256 	.db #0x82	; 130
   00DA 82                  257 	.db #0x82	; 130
   00DB 82                  258 	.db #0x82	; 130
   00DC 82                  259 	.db #0x82	; 130
   00DD 82                  260 	.db #0x82	; 130
   00DE 00                  261 	.db #0x00	; 0
   00DF 00                  262 	.db #0x00	; 0
   00E0 82                  263 	.db #0x82	; 130
   00E1 82                  264 	.db #0x82	; 130
   00E2 C2                  265 	.db #0xc2	; 194
   00E3 C2                  266 	.db #0xc2	; 194
   00E4 A2                  267 	.db #0xa2	; 162
   00E5 A2                  268 	.db #0xa2	; 162
   00E6 92                  269 	.db #0x92	; 146
   00E7 92                  270 	.db #0x92	; 146
   00E8 8A                  271 	.db #0x8a	; 138
   00E9 8A                  272 	.db #0x8a	; 138
   00EA 86                  273 	.db #0x86	; 134
   00EB 86                  274 	.db #0x86	; 134
   00EC 82                  275 	.db #0x82	; 130
   00ED 82                  276 	.db #0x82	; 130
   00EE 00                  277 	.db #0x00	; 0
   00EF 00                  278 	.db #0x00	; 0
   00F0 7C                  279 	.db #0x7c	; 124
   00F1 7C                  280 	.db #0x7c	; 124
   00F2 82                  281 	.db #0x82	; 130
   00F3 82                  282 	.db #0x82	; 130
   00F4 82                  283 	.db #0x82	; 130
   00F5 82                  284 	.db #0x82	; 130
   00F6 82                  285 	.db #0x82	; 130
   00F7 82                  286 	.db #0x82	; 130
   00F8 82                  287 	.db #0x82	; 130
   00F9 82                  288 	.db #0x82	; 130
   00FA 82                  289 	.db #0x82	; 130
   00FB 82                  290 	.db #0x82	; 130
   00FC 7C                  291 	.db #0x7c	; 124
   00FD 7C                  292 	.db #0x7c	; 124
   00FE 00                  293 	.db #0x00	; 0
   00FF 00                  294 	.db #0x00	; 0
   0100 FC                  295 	.db #0xfc	; 252
   0101 FC                  296 	.db #0xfc	; 252
   0102 82                  297 	.db #0x82	; 130
   0103 82                  298 	.db #0x82	; 130
   0104 82                  299 	.db #0x82	; 130
   0105 82                  300 	.db #0x82	; 130
   0106 82                  301 	.db #0x82	; 130
   0107 82                  302 	.db #0x82	; 130
   0108 FC                  303 	.db #0xfc	; 252
   0109 FC                  304 	.db #0xfc	; 252
   010A 80                  305 	.db #0x80	; 128
   010B 80                  306 	.db #0x80	; 128
   010C 80                  307 	.db #0x80	; 128
   010D 80                  308 	.db #0x80	; 128
   010E 00                  309 	.db #0x00	; 0
   010F 00                  310 	.db #0x00	; 0
   0110 7C                  311 	.db #0x7c	; 124
   0111 7C                  312 	.db #0x7c	; 124
   0112 82                  313 	.db #0x82	; 130
   0113 82                  314 	.db #0x82	; 130
   0114 82                  315 	.db #0x82	; 130
   0115 82                  316 	.db #0x82	; 130
   0116 82                  317 	.db #0x82	; 130
   0117 82                  318 	.db #0x82	; 130
   0118 82                  319 	.db #0x82	; 130
   0119 82                  320 	.db #0x82	; 130
   011A 8A                  321 	.db #0x8a	; 138
   011B 8A                  322 	.db #0x8a	; 138
   011C 7C                  323 	.db #0x7c	; 124
   011D 7C                  324 	.db #0x7c	; 124
   011E 06                  325 	.db #0x06	; 6
   011F 06                  326 	.db #0x06	; 6
   0120 FC                  327 	.db #0xfc	; 252
   0121 FC                  328 	.db #0xfc	; 252
   0122 82                  329 	.db #0x82	; 130
   0123 82                  330 	.db #0x82	; 130
   0124 82                  331 	.db #0x82	; 130
   0125 82                  332 	.db #0x82	; 130
   0126 FC                  333 	.db #0xfc	; 252
   0127 FC                  334 	.db #0xfc	; 252
   0128 88                  335 	.db #0x88	; 136
   0129 88                  336 	.db #0x88	; 136
   012A 84                  337 	.db #0x84	; 132
   012B 84                  338 	.db #0x84	; 132
   012C 82                  339 	.db #0x82	; 130
   012D 82                  340 	.db #0x82	; 130
   012E 00                  341 	.db #0x00	; 0
   012F 00                  342 	.db #0x00	; 0
   0130 7C                  343 	.db #0x7c	; 124
   0131 7C                  344 	.db #0x7c	; 124
   0132 82                  345 	.db #0x82	; 130
   0133 82                  346 	.db #0x82	; 130
   0134 80                  347 	.db #0x80	; 128
   0135 80                  348 	.db #0x80	; 128
   0136 7C                  349 	.db #0x7c	; 124
   0137 7C                  350 	.db #0x7c	; 124
   0138 02                  351 	.db #0x02	; 2
   0139 02                  352 	.db #0x02	; 2
   013A 82                  353 	.db #0x82	; 130
   013B 82                  354 	.db #0x82	; 130
   013C 7C                  355 	.db #0x7c	; 124
   013D 7C                  356 	.db #0x7c	; 124
   013E 00                  357 	.db #0x00	; 0
   013F 00                  358 	.db #0x00	; 0
   0140 FE                  359 	.db #0xfe	; 254
   0141 FE                  360 	.db #0xfe	; 254
   0142 10                  361 	.db #0x10	; 16
   0143 10                  362 	.db #0x10	; 16
   0144 10                  363 	.db #0x10	; 16
   0145 10                  364 	.db #0x10	; 16
   0146 10                  365 	.db #0x10	; 16
   0147 10                  366 	.db #0x10	; 16
   0148 10                  367 	.db #0x10	; 16
   0149 10                  368 	.db #0x10	; 16
   014A 10                  369 	.db #0x10	; 16
   014B 10                  370 	.db #0x10	; 16
   014C 10                  371 	.db #0x10	; 16
   014D 10                  372 	.db #0x10	; 16
   014E 00                  373 	.db #0x00	; 0
   014F 00                  374 	.db #0x00	; 0
   0150 82                  375 	.db #0x82	; 130
   0151 82                  376 	.db #0x82	; 130
   0152 82                  377 	.db #0x82	; 130
   0153 82                  378 	.db #0x82	; 130
   0154 82                  379 	.db #0x82	; 130
   0155 82                  380 	.db #0x82	; 130
   0156 82                  381 	.db #0x82	; 130
   0157 82                  382 	.db #0x82	; 130
   0158 82                  383 	.db #0x82	; 130
   0159 82                  384 	.db #0x82	; 130
   015A 82                  385 	.db #0x82	; 130
   015B 82                  386 	.db #0x82	; 130
   015C 7C                  387 	.db #0x7c	; 124
   015D 7C                  388 	.db #0x7c	; 124
   015E 00                  389 	.db #0x00	; 0
   015F 00                  390 	.db #0x00	; 0
   0160 82                  391 	.db #0x82	; 130
   0161 82                  392 	.db #0x82	; 130
   0162 82                  393 	.db #0x82	; 130
   0163 82                  394 	.db #0x82	; 130
   0164 44                  395 	.db #0x44	; 68	'D'
   0165 44                  396 	.db #0x44	; 68	'D'
   0166 44                  397 	.db #0x44	; 68	'D'
   0167 44                  398 	.db #0x44	; 68	'D'
   0168 28                  399 	.db #0x28	; 40
   0169 28                  400 	.db #0x28	; 40
   016A 28                  401 	.db #0x28	; 40
   016B 28                  402 	.db #0x28	; 40
   016C 10                  403 	.db #0x10	; 16
   016D 10                  404 	.db #0x10	; 16
   016E 00                  405 	.db #0x00	; 0
   016F 00                  406 	.db #0x00	; 0
   0170 82                  407 	.db #0x82	; 130
   0171 82                  408 	.db #0x82	; 130
   0172 82                  409 	.db #0x82	; 130
   0173 82                  410 	.db #0x82	; 130
   0174 82                  411 	.db #0x82	; 130
   0175 82                  412 	.db #0x82	; 130
   0176 44                  413 	.db #0x44	; 68	'D'
   0177 44                  414 	.db #0x44	; 68	'D'
   0178 54                  415 	.db #0x54	; 84	'T'
   0179 54                  416 	.db #0x54	; 84	'T'
   017A 54                  417 	.db #0x54	; 84	'T'
   017B 54                  418 	.db #0x54	; 84	'T'
   017C 38                  419 	.db #0x38	; 56	'8'
   017D 38                  420 	.db #0x38	; 56	'8'
   017E 00                  421 	.db #0x00	; 0
   017F 00                  422 	.db #0x00	; 0
   0180 82                  423 	.db #0x82	; 130
   0181 82                  424 	.db #0x82	; 130
   0182 44                  425 	.db #0x44	; 68	'D'
   0183 44                  426 	.db #0x44	; 68	'D'
   0184 28                  427 	.db #0x28	; 40
   0185 28                  428 	.db #0x28	; 40
   0186 10                  429 	.db #0x10	; 16
   0187 10                  430 	.db #0x10	; 16
   0188 28                  431 	.db #0x28	; 40
   0189 28                  432 	.db #0x28	; 40
   018A 44                  433 	.db #0x44	; 68	'D'
   018B 44                  434 	.db #0x44	; 68	'D'
   018C 82                  435 	.db #0x82	; 130
   018D 82                  436 	.db #0x82	; 130
   018E 00                  437 	.db #0x00	; 0
   018F 00                  438 	.db #0x00	; 0
   0190 82                  439 	.db #0x82	; 130
   0191 82                  440 	.db #0x82	; 130
   0192 44                  441 	.db #0x44	; 68	'D'
   0193 44                  442 	.db #0x44	; 68	'D'
   0194 28                  443 	.db #0x28	; 40
   0195 28                  444 	.db #0x28	; 40
   0196 10                  445 	.db #0x10	; 16
   0197 10                  446 	.db #0x10	; 16
   0198 10                  447 	.db #0x10	; 16
   0199 10                  448 	.db #0x10	; 16
   019A 10                  449 	.db #0x10	; 16
   019B 10                  450 	.db #0x10	; 16
   019C 10                  451 	.db #0x10	; 16
   019D 10                  452 	.db #0x10	; 16
   019E 00                  453 	.db #0x00	; 0
   019F 00                  454 	.db #0x00	; 0
   01A0 FE                  455 	.db #0xfe	; 254
   01A1 FE                  456 	.db #0xfe	; 254
   01A2 04                  457 	.db #0x04	; 4
   01A3 04                  458 	.db #0x04	; 4
   01A4 08                  459 	.db #0x08	; 8
   01A5 08                  460 	.db #0x08	; 8
   01A6 10                  461 	.db #0x10	; 16
   01A7 10                  462 	.db #0x10	; 16
   01A8 20                  463 	.db #0x20	; 32
   01A9 20                  464 	.db #0x20	; 32
   01AA 40                  465 	.db #0x40	; 64
   01AB 40                  466 	.db #0x40	; 64
   01AC FE                  467 	.db #0xfe	; 254
   01AD FE                  468 	.db #0xfe	; 254
   01AE 00                  469 	.db #0x00	; 0
   01AF 00                  470 	.db #0x00	; 0
   01B0 7C                  471 	.db #0x7c	; 124
   01B1 7C                  472 	.db #0x7c	; 124
   01B2 86                  473 	.db #0x86	; 134
   01B3 86                  474 	.db #0x86	; 134
   01B4 8A                  475 	.db #0x8a	; 138
   01B5 8A                  476 	.db #0x8a	; 138
   01B6 92                  477 	.db #0x92	; 146
   01B7 92                  478 	.db #0x92	; 146
   01B8 A2                  479 	.db #0xa2	; 162
   01B9 A2                  480 	.db #0xa2	; 162
   01BA C2                  481 	.db #0xc2	; 194
   01BB C2                  482 	.db #0xc2	; 194
   01BC 7C                  483 	.db #0x7c	; 124
   01BD 7C                  484 	.db #0x7c	; 124
   01BE 00                  485 	.db #0x00	; 0
   01BF 00                  486 	.db #0x00	; 0
   01C0 18                  487 	.db #0x18	; 24
   01C1 18                  488 	.db #0x18	; 24
   01C2 28                  489 	.db #0x28	; 40
   01C3 28                  490 	.db #0x28	; 40
   01C4 48                  491 	.db #0x48	; 72	'H'
   01C5 48                  492 	.db #0x48	; 72	'H'
   01C6 08                  493 	.db #0x08	; 8
   01C7 08                  494 	.db #0x08	; 8
   01C8 08                  495 	.db #0x08	; 8
   01C9 08                  496 	.db #0x08	; 8
   01CA 08                  497 	.db #0x08	; 8
   01CB 08                  498 	.db #0x08	; 8
   01CC 7E                  499 	.db #0x7e	; 126
   01CD 7E                  500 	.db #0x7e	; 126
   01CE 00                  501 	.db #0x00	; 0
   01CF 00                  502 	.db #0x00	; 0
   01D0 7C                  503 	.db #0x7c	; 124
   01D1 7C                  504 	.db #0x7c	; 124
   01D2 82                  505 	.db #0x82	; 130
   01D3 82                  506 	.db #0x82	; 130
   01D4 02                  507 	.db #0x02	; 2
   01D5 02                  508 	.db #0x02	; 2
   01D6 1C                  509 	.db #0x1c	; 28
   01D7 1C                  510 	.db #0x1c	; 28
   01D8 60                  511 	.db #0x60	; 96
   01D9 60                  512 	.db #0x60	; 96
   01DA 80                  513 	.db #0x80	; 128
   01DB 80                  514 	.db #0x80	; 128
   01DC FE                  515 	.db #0xfe	; 254
   01DD FE                  516 	.db #0xfe	; 254
   01DE 00                  517 	.db #0x00	; 0
   01DF 00                  518 	.db #0x00	; 0
   01E0 7C                  519 	.db #0x7c	; 124
   01E1 7C                  520 	.db #0x7c	; 124
   01E2 82                  521 	.db #0x82	; 130
   01E3 82                  522 	.db #0x82	; 130
   01E4 02                  523 	.db #0x02	; 2
   01E5 02                  524 	.db #0x02	; 2
   01E6 1C                  525 	.db #0x1c	; 28
   01E7 1C                  526 	.db #0x1c	; 28
   01E8 02                  527 	.db #0x02	; 2
   01E9 02                  528 	.db #0x02	; 2
   01EA 82                  529 	.db #0x82	; 130
   01EB 82                  530 	.db #0x82	; 130
   01EC 7C                  531 	.db #0x7c	; 124
   01ED 7C                  532 	.db #0x7c	; 124
   01EE 00                  533 	.db #0x00	; 0
   01EF 00                  534 	.db #0x00	; 0
   01F0 18                  535 	.db #0x18	; 24
   01F1 18                  536 	.db #0x18	; 24
   01F2 28                  537 	.db #0x28	; 40
   01F3 28                  538 	.db #0x28	; 40
   01F4 48                  539 	.db #0x48	; 72	'H'
   01F5 48                  540 	.db #0x48	; 72	'H'
   01F6 88                  541 	.db #0x88	; 136
   01F7 88                  542 	.db #0x88	; 136
   01F8 FE                  543 	.db #0xfe	; 254
   01F9 FE                  544 	.db #0xfe	; 254
   01FA 08                  545 	.db #0x08	; 8
   01FB 08                  546 	.db #0x08	; 8
   01FC 08                  547 	.db #0x08	; 8
   01FD 08                  548 	.db #0x08	; 8
   01FE 00                  549 	.db #0x00	; 0
   01FF 00                  550 	.db #0x00	; 0
   0200 FE                  551 	.db #0xfe	; 254
   0201 FE                  552 	.db #0xfe	; 254
   0202 80                  553 	.db #0x80	; 128
   0203 80                  554 	.db #0x80	; 128
   0204 80                  555 	.db #0x80	; 128
   0205 80                  556 	.db #0x80	; 128
   0206 FC                  557 	.db #0xfc	; 252
   0207 FC                  558 	.db #0xfc	; 252
   0208 02                  559 	.db #0x02	; 2
   0209 02                  560 	.db #0x02	; 2
   020A 82                  561 	.db #0x82	; 130
   020B 82                  562 	.db #0x82	; 130
   020C 7C                  563 	.db #0x7c	; 124
   020D 7C                  564 	.db #0x7c	; 124
   020E 00                  565 	.db #0x00	; 0
   020F 00                  566 	.db #0x00	; 0
   0210 7C                  567 	.db #0x7c	; 124
   0211 7C                  568 	.db #0x7c	; 124
   0212 82                  569 	.db #0x82	; 130
   0213 82                  570 	.db #0x82	; 130
   0214 80                  571 	.db #0x80	; 128
   0215 80                  572 	.db #0x80	; 128
   0216 FC                  573 	.db #0xfc	; 252
   0217 FC                  574 	.db #0xfc	; 252
   0218 82                  575 	.db #0x82	; 130
   0219 82                  576 	.db #0x82	; 130
   021A 82                  577 	.db #0x82	; 130
   021B 82                  578 	.db #0x82	; 130
   021C 7C                  579 	.db #0x7c	; 124
   021D 7C                  580 	.db #0x7c	; 124
   021E 00                  581 	.db #0x00	; 0
   021F 00                  582 	.db #0x00	; 0
   0220 FE                  583 	.db #0xfe	; 254
   0221 FE                  584 	.db #0xfe	; 254
   0222 82                  585 	.db #0x82	; 130
   0223 82                  586 	.db #0x82	; 130
   0224 04                  587 	.db #0x04	; 4
   0225 04                  588 	.db #0x04	; 4
   0226 1E                  589 	.db #0x1e	; 30
   0227 1E                  590 	.db #0x1e	; 30
   0228 08                  591 	.db #0x08	; 8
   0229 08                  592 	.db #0x08	; 8
   022A 08                  593 	.db #0x08	; 8
   022B 08                  594 	.db #0x08	; 8
   022C 10                  595 	.db #0x10	; 16
   022D 10                  596 	.db #0x10	; 16
   022E 00                  597 	.db #0x00	; 0
   022F 00                  598 	.db #0x00	; 0
   0230 7C                  599 	.db #0x7c	; 124
   0231 7C                  600 	.db #0x7c	; 124
   0232 82                  601 	.db #0x82	; 130
   0233 82                  602 	.db #0x82	; 130
   0234 82                  603 	.db #0x82	; 130
   0235 82                  604 	.db #0x82	; 130
   0236 7C                  605 	.db #0x7c	; 124
   0237 7C                  606 	.db #0x7c	; 124
   0238 82                  607 	.db #0x82	; 130
   0239 82                  608 	.db #0x82	; 130
   023A 82                  609 	.db #0x82	; 130
   023B 82                  610 	.db #0x82	; 130
   023C 7C                  611 	.db #0x7c	; 124
   023D 7C                  612 	.db #0x7c	; 124
   023E 00                  613 	.db #0x00	; 0
   023F 00                  614 	.db #0x00	; 0
   0240 7C                  615 	.db #0x7c	; 124
   0241 7C                  616 	.db #0x7c	; 124
   0242 82                  617 	.db #0x82	; 130
   0243 82                  618 	.db #0x82	; 130
   0244 86                  619 	.db #0x86	; 134
   0245 86                  620 	.db #0x86	; 134
   0246 7A                  621 	.db #0x7a	; 122	'z'
   0247 7A                  622 	.db #0x7a	; 122	'z'
   0248 02                  623 	.db #0x02	; 2
   0249 02                  624 	.db #0x02	; 2
   024A 82                  625 	.db #0x82	; 130
   024B 82                  626 	.db #0x82	; 130
   024C 7C                  627 	.db #0x7c	; 124
   024D 7C                  628 	.db #0x7c	; 124
   024E 00                  629 	.db #0x00	; 0
   024F 00                  630 	.db #0x00	; 0
   0250 10                  631 	.db #0x10	; 16
   0251 10                  632 	.db #0x10	; 16
   0252 10                  633 	.db #0x10	; 16
   0253 10                  634 	.db #0x10	; 16
   0254 10                  635 	.db #0x10	; 16
   0255 10                  636 	.db #0x10	; 16
   0256 10                  637 	.db #0x10	; 16
   0257 10                  638 	.db #0x10	; 16
   0258 10                  639 	.db #0x10	; 16
   0259 10                  640 	.db #0x10	; 16
   025A 00                  641 	.db #0x00	; 0
   025B 00                  642 	.db #0x00	; 0
   025C 10                  643 	.db #0x10	; 16
   025D 10                  644 	.db #0x10	; 16
   025E 00                  645 	.db #0x00	; 0
   025F 00                  646 	.db #0x00	; 0
   0260 08                  647 	.db #0x08	; 8
   0261 08                  648 	.db #0x08	; 8
   0262 08                  649 	.db #0x08	; 8
   0263 08                  650 	.db #0x08	; 8
   0264 10                  651 	.db #0x10	; 16
   0265 10                  652 	.db #0x10	; 16
   0266 00                  653 	.db #0x00	; 0
   0267 00                  654 	.db #0x00	; 0
   0268 00                  655 	.db #0x00	; 0
   0269 00                  656 	.db #0x00	; 0
   026A 00                  657 	.db #0x00	; 0
   026B 00                  658 	.db #0x00	; 0
   026C 00                  659 	.db #0x00	; 0
   026D 00                  660 	.db #0x00	; 0
   026E 00                  661 	.db #0x00	; 0
   026F 00                  662 	.db #0x00	; 0
   0270 10                  663 	.db #0x10	; 16
   0271 10                  664 	.db #0x10	; 16
   0272 20                  665 	.db #0x20	; 32
   0273 20                  666 	.db #0x20	; 32
   0274 20                  667 	.db #0x20	; 32
   0275 20                  668 	.db #0x20	; 32
   0276 20                  669 	.db #0x20	; 32
   0277 20                  670 	.db #0x20	; 32
   0278 20                  671 	.db #0x20	; 32
   0279 20                  672 	.db #0x20	; 32
   027A 20                  673 	.db #0x20	; 32
   027B 20                  674 	.db #0x20	; 32
   027C 10                  675 	.db #0x10	; 16
   027D 10                  676 	.db #0x10	; 16
   027E 00                  677 	.db #0x00	; 0
   027F 00                  678 	.db #0x00	; 0
   0280 10                  679 	.db #0x10	; 16
   0281 10                  680 	.db #0x10	; 16
   0282 08                  681 	.db #0x08	; 8
   0283 08                  682 	.db #0x08	; 8
   0284 08                  683 	.db #0x08	; 8
   0285 08                  684 	.db #0x08	; 8
   0286 08                  685 	.db #0x08	; 8
   0287 08                  686 	.db #0x08	; 8
   0288 08                  687 	.db #0x08	; 8
   0289 08                  688 	.db #0x08	; 8
   028A 08                  689 	.db #0x08	; 8
   028B 08                  690 	.db #0x08	; 8
   028C 10                  691 	.db #0x10	; 16
   028D 10                  692 	.db #0x10	; 16
   028E 00                  693 	.db #0x00	; 0
   028F 00                  694 	.db #0x00	; 0
   0290 00                  695 	.db #0x00	; 0
   0291 00                  696 	.db #0x00	; 0
   0292 00                  697 	.db #0x00	; 0
   0293 00                  698 	.db #0x00	; 0
   0294 00                  699 	.db #0x00	; 0
   0295 00                  700 	.db #0x00	; 0
   0296 7C                  701 	.db #0x7c	; 124
   0297 7C                  702 	.db #0x7c	; 124
   0298 00                  703 	.db #0x00	; 0
   0299 00                  704 	.db #0x00	; 0
   029A 00                  705 	.db #0x00	; 0
   029B 00                  706 	.db #0x00	; 0
   029C 00                  707 	.db #0x00	; 0
   029D 00                  708 	.db #0x00	; 0
   029E 00                  709 	.db #0x00	; 0
   029F 00                  710 	.db #0x00	; 0
   02A0 00                  711 	.db #0x00	; 0
   02A1 00                  712 	.db #0x00	; 0
   02A2 00                  713 	.db #0x00	; 0
   02A3 00                  714 	.db #0x00	; 0
   02A4 00                  715 	.db #0x00	; 0
   02A5 00                  716 	.db #0x00	; 0
   02A6 00                  717 	.db #0x00	; 0
   02A7 00                  718 	.db #0x00	; 0
   02A8 00                  719 	.db #0x00	; 0
   02A9 00                  720 	.db #0x00	; 0
   02AA 00                  721 	.db #0x00	; 0
   02AB 00                  722 	.db #0x00	; 0
   02AC 10                  723 	.db #0x10	; 16
   02AD 10                  724 	.db #0x10	; 16
   02AE 00                  725 	.db #0x00	; 0
   02AF 00                  726 	.db #0x00	; 0
   02B0 00                  727 	.db #0x00	; 0
   02B1 00                  728 	.db #0x00	; 0
   02B2 00                  729 	.db #0x00	; 0
   02B3 00                  730 	.db #0x00	; 0
   02B4 10                  731 	.db #0x10	; 16
   02B5 10                  732 	.db #0x10	; 16
   02B6 00                  733 	.db #0x00	; 0
   02B7 00                  734 	.db #0x00	; 0
   02B8 00                  735 	.db #0x00	; 0
   02B9 00                  736 	.db #0x00	; 0
   02BA 00                  737 	.db #0x00	; 0
   02BB 00                  738 	.db #0x00	; 0
   02BC 10                  739 	.db #0x10	; 16
   02BD 10                  740 	.db #0x10	; 16
   02BE 00                  741 	.db #0x00	; 0
   02BF 00                  742 	.db #0x00	; 0
   02C0 7C                  743 	.db #0x7c	; 124
   02C1 7C                  744 	.db #0x7c	; 124
   02C2 82                  745 	.db #0x82	; 130
   02C3 82                  746 	.db #0x82	; 130
   02C4 02                  747 	.db #0x02	; 2
   02C5 02                  748 	.db #0x02	; 2
   02C6 0C                  749 	.db #0x0c	; 12
   02C7 0C                  750 	.db #0x0c	; 12
   02C8 10                  751 	.db #0x10	; 16
   02C9 10                  752 	.db #0x10	; 16
   02CA 00                  753 	.db #0x00	; 0
   02CB 00                  754 	.db #0x00	; 0
   02CC 10                  755 	.db #0x10	; 16
   02CD 10                  756 	.db #0x10	; 16
   02CE 00                  757 	.db #0x00	; 0
   02CF 00                  758 	.db #0x00	; 0
                            759 	.area _CABS (ABS)
