                              1 ;--------------------------------------------------------
                              2 ; File Created by SDCC : free open source ANSI-C Compiler
                              3 ; Version 3.6.0 #9615 (MINGW64)
                              4 ;--------------------------------------------------------
                              5 	.module player_b3
                              6 	.optsdcc -mgbz80
                              7 	
                              8 ;--------------------------------------------------------
                              9 ; Public variables in this module
                             10 ;--------------------------------------------------------
                             11 	.globl _player
                             12 ;--------------------------------------------------------
                             13 ; ram data
                             14 ;--------------------------------------------------------
                             15 	.area _DATA
                             16 ;--------------------------------------------------------
                             17 ; absolute external ram data
                             18 ;--------------------------------------------------------
                             19 	.area _DABS (ABS)
                             20 ;--------------------------------------------------------
                             21 ; global & static initialisations
                             22 ;--------------------------------------------------------
                             23 	.area _HOME
                             24 	.area _GSINIT
                             25 	.area _GSFINAL
                             26 	.area _GSINIT
                             27 ;--------------------------------------------------------
                             28 ; Home
                             29 ;--------------------------------------------------------
                             30 	.area _HOME
                             31 	.area _HOME
                             32 ;--------------------------------------------------------
                             33 ; code
                             34 ;--------------------------------------------------------
                             35 	.area _CODE
                             36 	.area _CODE
                             37 	.area _CODE_3
   0000                      38 _player:
   0000 07                   39 	.db #0x07	; 7
   0001 07                   40 	.db #0x07	; 7
   0002 08                   41 	.db #0x08	; 8
   0003 08                   42 	.db #0x08	; 8
   0004 0A                   43 	.db #0x0a	; 10
   0005 0B                   44 	.db #0x0b	; 11
   0006 08                   45 	.db #0x08	; 8
   0007 08                   46 	.db #0x08	; 8
   0008 04                   47 	.db #0x04	; 4
   0009 04                   48 	.db #0x04	; 4
   000A 7C                   49 	.db #0x7c	; 124
   000B 67                   50 	.db #0x67	; 103	'g'
   000C 7E                   51 	.db #0x7e	; 126
   000D 63                   52 	.db #0x63	; 99	'c'
   000E 7F                   53 	.db #0x7f	; 127
   000F 61                   54 	.db #0x61	; 97	'a'
   0010 7F                   55 	.db #0x7f	; 127
   0011 60                   56 	.db #0x60	; 96
   0012 7F                   57 	.db #0x7f	; 127
   0013 60                   58 	.db #0x60	; 96
   0014 1F                   59 	.db #0x1f	; 31
   0015 60                   60 	.db #0x60	; 96
   0016 1F                   61 	.db #0x1f	; 31
   0017 1F                   62 	.db #0x1f	; 31
   0018 1F                   63 	.db #0x1f	; 31
   0019 1F                   64 	.db #0x1f	; 31
   001A 1C                   65 	.db #0x1c	; 28
   001B 1C                   66 	.db #0x1c	; 28
   001C 1C                   67 	.db #0x1c	; 28
   001D 1C                   68 	.db #0x1c	; 28
   001E 1C                   69 	.db #0x1c	; 28
   001F 1C                   70 	.db #0x1c	; 28
   0020 E0                   71 	.db #0xe0	; 224
   0021 E0                   72 	.db #0xe0	; 224
   0022 10                   73 	.db #0x10	; 16
   0023 10                   74 	.db #0x10	; 16
   0024 30                   75 	.db #0x30	; 48	'0'
   0025 70                   76 	.db #0x70	; 112	'p'
   0026 10                   77 	.db #0x10	; 16
   0027 10                   78 	.db #0x10	; 16
   0028 20                   79 	.db #0x20	; 32
   0029 20                   80 	.db #0x20	; 32
   002A 3E                   81 	.db #0x3e	; 62
   002B E6                   82 	.db #0xe6	; 230
   002C 7E                   83 	.db #0x7e	; 126
   002D C6                   84 	.db #0xc6	; 198
   002E FE                   85 	.db #0xfe	; 254
   002F 86                   86 	.db #0x86	; 134
   0030 FE                   87 	.db #0xfe	; 254
   0031 06                   88 	.db #0x06	; 6
   0032 FE                   89 	.db #0xfe	; 254
   0033 06                   90 	.db #0x06	; 6
   0034 F8                   91 	.db #0xf8	; 248
   0035 06                   92 	.db #0x06	; 6
   0036 F8                   93 	.db #0xf8	; 248
   0037 F8                   94 	.db #0xf8	; 248
   0038 F8                   95 	.db #0xf8	; 248
   0039 F8                   96 	.db #0xf8	; 248
   003A 38                   97 	.db #0x38	; 56	'8'
   003B 38                   98 	.db #0x38	; 56	'8'
   003C 38                   99 	.db #0x38	; 56	'8'
   003D 38                  100 	.db #0x38	; 56	'8'
   003E 38                  101 	.db #0x38	; 56	'8'
   003F 38                  102 	.db #0x38	; 56	'8'
   0040 07                  103 	.db #0x07	; 7
   0041 07                  104 	.db #0x07	; 7
   0042 08                  105 	.db #0x08	; 8
   0043 08                  106 	.db #0x08	; 8
   0044 0A                  107 	.db #0x0a	; 10
   0045 0B                  108 	.db #0x0b	; 11
   0046 08                  109 	.db #0x08	; 8
   0047 08                  110 	.db #0x08	; 8
   0048 04                  111 	.db #0x04	; 4
   0049 04                  112 	.db #0x04	; 4
   004A 7C                  113 	.db #0x7c	; 124
   004B 67                  114 	.db #0x67	; 103	'g'
   004C 7E                  115 	.db #0x7e	; 126
   004D 63                  116 	.db #0x63	; 99	'c'
   004E 7F                  117 	.db #0x7f	; 127
   004F 61                  118 	.db #0x61	; 97	'a'
   0050 7F                  119 	.db #0x7f	; 127
   0051 60                  120 	.db #0x60	; 96
   0052 5F                  121 	.db #0x5f	; 95
   0053 20                  122 	.db #0x20	; 32
   0054 1F                  123 	.db #0x1f	; 31
   0055 00                  124 	.db #0x00	; 0
   0056 1F                  125 	.db #0x1f	; 31
   0057 1F                  126 	.db #0x1f	; 31
   0058 1F                  127 	.db #0x1f	; 31
   0059 1F                  128 	.db #0x1f	; 31
   005A 1C                  129 	.db #0x1c	; 28
   005B 1C                  130 	.db #0x1c	; 28
   005C 1C                  131 	.db #0x1c	; 28
   005D 1C                  132 	.db #0x1c	; 28
   005E 1C                  133 	.db #0x1c	; 28
   005F 1C                  134 	.db #0x1c	; 28
   0060 E0                  135 	.db #0xe0	; 224
   0061 E0                  136 	.db #0xe0	; 224
   0062 10                  137 	.db #0x10	; 16
   0063 10                  138 	.db #0x10	; 16
   0064 30                  139 	.db #0x30	; 48	'0'
   0065 70                  140 	.db #0x70	; 112	'p'
   0066 10                  141 	.db #0x10	; 16
   0067 10                  142 	.db #0x10	; 16
   0068 20                  143 	.db #0x20	; 32
   0069 20                  144 	.db #0x20	; 32
   006A 3E                  145 	.db #0x3e	; 62
   006B E6                  146 	.db #0xe6	; 230
   006C 7E                  147 	.db #0x7e	; 126
   006D C6                  148 	.db #0xc6	; 198
   006E FE                  149 	.db #0xfe	; 254
   006F 86                  150 	.db #0x86	; 134
   0070 FE                  151 	.db #0xfe	; 254
   0071 06                  152 	.db #0x06	; 6
   0072 FE                  153 	.db #0xfe	; 254
   0073 06                  154 	.db #0x06	; 6
   0074 FA                  155 	.db #0xfa	; 250
   0075 04                  156 	.db #0x04	; 4
   0076 F8                  157 	.db #0xf8	; 248
   0077 F8                  158 	.db #0xf8	; 248
   0078 F8                  159 	.db #0xf8	; 248
   0079 F8                  160 	.db #0xf8	; 248
   007A 38                  161 	.db #0x38	; 56	'8'
   007B 38                  162 	.db #0x38	; 56	'8'
   007C 38                  163 	.db #0x38	; 56	'8'
   007D 38                  164 	.db #0x38	; 56	'8'
   007E 00                  165 	.db #0x00	; 0
   007F 00                  166 	.db #0x00	; 0
   0080 07                  167 	.db #0x07	; 7
   0081 07                  168 	.db #0x07	; 7
   0082 08                  169 	.db #0x08	; 8
   0083 08                  170 	.db #0x08	; 8
   0084 0A                  171 	.db #0x0a	; 10
   0085 0E                  172 	.db #0x0e	; 14
   0086 08                  173 	.db #0x08	; 8
   0087 08                  174 	.db #0x08	; 8
   0088 04                  175 	.db #0x04	; 4
   0089 04                  176 	.db #0x04	; 4
   008A 7C                  177 	.db #0x7c	; 124
   008B 67                  178 	.db #0x67	; 103	'g'
   008C 7E                  179 	.db #0x7e	; 126
   008D 63                  180 	.db #0x63	; 99	'c'
   008E 7F                  181 	.db #0x7f	; 127
   008F 61                  182 	.db #0x61	; 97	'a'
   0090 7F                  183 	.db #0x7f	; 127
   0091 60                  184 	.db #0x60	; 96
   0092 7F                  185 	.db #0x7f	; 127
   0093 60                  186 	.db #0x60	; 96
   0094 5F                  187 	.db #0x5f	; 95
   0095 20                  188 	.db #0x20	; 32
   0096 1F                  189 	.db #0x1f	; 31
   0097 1F                  190 	.db #0x1f	; 31
   0098 1F                  191 	.db #0x1f	; 31
   0099 1F                  192 	.db #0x1f	; 31
   009A 1C                  193 	.db #0x1c	; 28
   009B 1C                  194 	.db #0x1c	; 28
   009C 1C                  195 	.db #0x1c	; 28
   009D 1C                  196 	.db #0x1c	; 28
   009E 00                  197 	.db #0x00	; 0
   009F 00                  198 	.db #0x00	; 0
   00A0 E0                  199 	.db #0xe0	; 224
   00A1 E0                  200 	.db #0xe0	; 224
   00A2 10                  201 	.db #0x10	; 16
   00A3 10                  202 	.db #0x10	; 16
   00A4 50                  203 	.db #0x50	; 80	'P'
   00A5 D0                  204 	.db #0xd0	; 208
   00A6 10                  205 	.db #0x10	; 16
   00A7 10                  206 	.db #0x10	; 16
   00A8 20                  207 	.db #0x20	; 32
   00A9 20                  208 	.db #0x20	; 32
   00AA 3E                  209 	.db #0x3e	; 62
   00AB E6                  210 	.db #0xe6	; 230
   00AC 7E                  211 	.db #0x7e	; 126
   00AD C6                  212 	.db #0xc6	; 198
   00AE FE                  213 	.db #0xfe	; 254
   00AF 86                  214 	.db #0x86	; 134
   00B0 FE                  215 	.db #0xfe	; 254
   00B1 06                  216 	.db #0x06	; 6
   00B2 FA                  217 	.db #0xfa	; 250
   00B3 04                  218 	.db #0x04	; 4
   00B4 F8                  219 	.db #0xf8	; 248
   00B5 00                  220 	.db #0x00	; 0
   00B6 F8                  221 	.db #0xf8	; 248
   00B7 F8                  222 	.db #0xf8	; 248
   00B8 F8                  223 	.db #0xf8	; 248
   00B9 F8                  224 	.db #0xf8	; 248
   00BA 38                  225 	.db #0x38	; 56	'8'
   00BB 38                  226 	.db #0x38	; 56	'8'
   00BC 38                  227 	.db #0x38	; 56	'8'
   00BD 38                  228 	.db #0x38	; 56	'8'
   00BE 38                  229 	.db #0x38	; 56	'8'
   00BF 38                  230 	.db #0x38	; 56	'8'
                            231 	.area _CABS (ABS)
