                              1 ;--------------------------------------------------------
                              2 ; File Created by SDCC : free open source ANSI-C Compiler
                              3 ; Version 3.6.0 #9615 (MINGW64)
                              4 ;--------------------------------------------------------
                              5 	.module SpriteBomb
                              6 	.optsdcc -mgbz80
                              7 	
                              8 ;--------------------------------------------------------
                              9 ; Public variables in this module
                             10 ;--------------------------------------------------------
                             11 	.globl _TranslateSprite
                             12 	.globl _SetSpriteAnim
                             13 	.globl _bank_SPRITE_BOMB
                             14 	.globl _anim_bomb
                             15 	.globl _Start_SPRITE_BOMB
                             16 	.globl _Update_SPRITE_BOMB
                             17 	.globl _Destroy_SPRITE_BOMB
                             18 ;--------------------------------------------------------
                             19 ; ram data
                             20 ;--------------------------------------------------------
                             21 	.area _DATA
   0000                      22 _bank_SPRITE_BOMB::
   0000                      23 	.ds 1
                             24 ;--------------------------------------------------------
                             25 ; absolute external ram data
                             26 ;--------------------------------------------------------
                             27 	.area _DABS (ABS)
                             28 ;--------------------------------------------------------
                             29 ; global & static initialisations
                             30 ;--------------------------------------------------------
                             31 	.area _HOME
                             32 	.area _GSINIT
                             33 	.area _GSFINAL
                             34 	.area _GSINIT
                             35 ;SpriteBomb.c:3: UINT8 bank_SPRITE_BOMB = 2;
   0000 21r00r00             36 	ld	hl,#_bank_SPRITE_BOMB
   0003 36 02                37 	ld	(hl),#0x02
                             38 ;--------------------------------------------------------
                             39 ; Home
                             40 ;--------------------------------------------------------
                             41 	.area _HOME
                             42 	.area _HOME
                             43 ;--------------------------------------------------------
                             44 ; code
                             45 ;--------------------------------------------------------
                             46 	.area _CODE_2
                             47 ;SpriteBomb.c:17: void Start_SPRITE_BOMB() {
                             48 ;	---------------------------------
                             49 ; Function Start_SPRITE_BOMB
                             50 ; ---------------------------------
   0000                      51 _Start_SPRITE_BOMB::
   0000 E8 FC                52 	add	sp, #-4
                             53 ;SpriteBomb.c:20: struct EnemyInfo* data = (struct EnemyInfo*)THIS->custom_data;
   0002 21r01r00             54 	ld	hl,#_THIS + 1
   0005 2B                   55 	dec	hl
   0006 4E                   56 	ld	c,(hl)
   0007 23                   57 	inc	hl
   0008 46                   58 	ld	b,(hl)
   0009 21 18 00             59 	ld	hl,#0x0018
   000C 09                   60 	add	hl,bc
   000D 7D                   61 	ld	a,l
   000E 54                   62 	ld	d,h
   000F F8 02                63 	ldhl	sp,#2
   0011 22                   64 	ld	(hl+),a
   0012 72                   65 	ld	(hl),d
   0013 2B                   66 	dec	hl
   0014 2A                   67 	ld	a,(hl+)
   0015 5E                   68 	ld	e, (hl)
   0016 F8 00                69 	ldhl	sp,#0
   0018 22                   70 	ld	(hl+),a
   0019 73                   71 	ld	(hl),e
                             72 ;SpriteBomb.c:22: THIS->lim_x = 9999;
   001A 21 12 00             73 	ld	hl,#0x0012
   001D 09                   74 	add	hl,bc
   001E 4D                   75 	ld	c,l
   001F 44                   76 	ld	b,h
   0020 3E 0F                77 	ld	a,#0x0f
   0022 02                   78 	ld	(bc),a
   0023 03                   79 	inc	bc
   0024 3E 27                80 	ld	a,#0x27
   0026 02                   81 	ld	(bc),a
                             82 ;SpriteBomb.c:23: THIS->lim_y = 9999;
   0027 21r01r00             83 	ld	hl,#_THIS + 1
   002A 2B                   84 	dec	hl
   002B 4E                   85 	ld	c,(hl)
   002C 23                   86 	inc	hl
   002D 46                   87 	ld	b,(hl)
   002E 21 14 00             88 	ld	hl,#0x0014
   0031 09                   89 	add	hl,bc
   0032 4D                   90 	ld	c,l
   0033 44                   91 	ld	b,h
   0034 3E 0F                92 	ld	a,#0x0f
   0036 02                   93 	ld	(bc),a
   0037 03                   94 	inc	bc
   0038 3E 27                95 	ld	a,#0x27
   003A 02                   96 	ld	(bc),a
                             97 ;SpriteBomb.c:25: data->vy = 2;
   003B E1                   98 	pop	hl
   003C E5                   99 	push	hl
   003D 36 02               100 	ld	(hl),#0x02
                            101 ;SpriteBomb.c:26: data->vx = 2;
   003F C1                  102 	pop	bc
   0040 C5                  103 	push	bc
   0041 03                  104 	inc	bc
   0042 3E 02               105 	ld	a,#0x02
   0044 02                  106 	ld	(bc),a
                            107 ;SpriteBomb.c:28: SetSpriteAnim(THIS, anim_bomb, 15);
   0045 3E 0F               108 	ld	a,#0x0f
   0047 F5                  109 	push	af
   0048 33                  110 	inc	sp
   0049 21r5Cr00            111 	ld	hl,#_anim_bomb
   004C E5                  112 	push	hl
   004D 21r00r00            113 	ld	hl,#_THIS
   0050 2A                  114 	ld	a,(hl+)
   0051 66                  115 	ld	h,(hl)
   0052 6F                  116 	ld	l,a
   0053 E5                  117 	push	hl
   0054 CDr00r00            118 	call	_SetSpriteAnim
   0057 E8 05               119 	add	sp, #5
   0059 E8 04               120 	add	sp, #4
   005B C9                  121 	ret
   005C                     122 _anim_bomb:
   005C 04                  123 	.db #0x04	; 4
   005D 00                  124 	.db #0x00	; 0
   005E 01                  125 	.db #0x01	; 1
   005F 02                  126 	.db #0x02	; 2
   0060 03                  127 	.db #0x03	; 3
                            128 ;SpriteBomb.c:33: void Update_SPRITE_BOMB() {
                            129 ;	---------------------------------
                            130 ; Function Update_SPRITE_BOMB
                            131 ; ---------------------------------
   0061                     132 _Update_SPRITE_BOMB::
                            133 ;SpriteBomb.c:34: struct EnemyInfo* data = (struct EnemyInfo*)THIS->custom_data;
   0061 21r01r00            134 	ld	hl,#_THIS + 1
   0064 2B                  135 	dec	hl
   0065 4E                  136 	ld	c,(hl)
   0066 23                  137 	inc	hl
   0067 46                  138 	ld	b,(hl)
   0068 21 18 00            139 	ld	hl,#0x0018
   006B 09                  140 	add	hl,bc
   006C 4D                  141 	ld	c,l
   006D 44                  142 	ld	b,h
                            143 ;SpriteBomb.c:35: TranslateSprite(THIS, data->vx << delta_time, 0);
   006E 03                  144 	inc	bc
   006F 0A                  145 	ld	a,(bc)
   0070 47                  146 	ld	b,a
   0071 21r00r00            147 	ld	hl,#_delta_time
   0074 7E                  148 	ld	a,(hl)
   0075 3C                  149 	inc	a
   0076 18 02               150 	jr	00104$
   0078                     151 00103$:
   0078 CB 20               152 	sla	b
   007A                     153 00104$:
   007A 3D                  154 	dec	a
   007B 20 FB               155 	jr	NZ,00103$
   007D AF                  156 	xor	a, a
   007E F5                  157 	push	af
   007F 33                  158 	inc	sp
   0080 C5                  159 	push	bc
   0081 33                  160 	inc	sp
   0082 21r00r00            161 	ld	hl,#_THIS
   0085 2A                  162 	ld	a,(hl+)
   0086 66                  163 	ld	h,(hl)
   0087 6F                  164 	ld	l,a
   0088 E5                  165 	push	hl
   0089 CDr00r00            166 	call	_TranslateSprite
   008C E8 04               167 	add	sp, #4
   008E C9                  168 	ret
                            169 ;SpriteBomb.c:39: void Destroy_SPRITE_BOMB() {
                            170 ;	---------------------------------
                            171 ; Function Destroy_SPRITE_BOMB
                            172 ; ---------------------------------
   008F                     173 _Destroy_SPRITE_BOMB::
                            174 ;SpriteBomb.c:43: }
   008F C9                  175 	ret
                            176 	.area _CODE_2
                            177 	.area _CABS (ABS)
