                              1 ;--------------------------------------------------------
                              2 ; File Created by SDCC : free open source ANSI-C Compiler
                              3 ; Version 3.6.0 #9615 (MINGW64)
                              4 ;--------------------------------------------------------
                              5 	.module StateGame6
                              6 	.optsdcc -mgbz80
                              7 	
                              8 ;--------------------------------------------------------
                              9 ; Public variables in this module
                             10 ;--------------------------------------------------------
                             11 	.globl _SpriteManagerAdd
                             12 	.globl _SpriteManagerLoad
                             13 	.globl _InitScrollColor
                             14 	.globl _ZInitScrollTilesColor
                             15 	.globl _SetState
                             16 	.globl _collilision_tiles6
                             17 	.globl _bank_STATE_GAME6
                             18 	.globl _Start_STATE_GAME6
                             19 	.globl _Update_STATE_GAME6
                             20 ;--------------------------------------------------------
                             21 ; ram data
                             22 ;--------------------------------------------------------
                             23 	.area _DATA
   0000                      24 _bank_STATE_GAME6::
   0000                      25 	.ds 1
   0001                      26 _collilision_tiles6::
   0001                      27 	.ds 5
                             28 ;--------------------------------------------------------
                             29 ; absolute external ram data
                             30 ;--------------------------------------------------------
                             31 	.area _DABS (ABS)
                             32 ;--------------------------------------------------------
                             33 ; global & static initialisations
                             34 ;--------------------------------------------------------
                             35 	.area _HOME
                             36 	.area _GSINIT
                             37 	.area _GSFINAL
                             38 	.area _GSINIT
                             39 ;StateGame6.c:3: UINT8 bank_STATE_GAME6 = 2;
   0000 21r00r00             40 	ld	hl,#_bank_STATE_GAME6
   0003 36 02                41 	ld	(hl),#0x02
                             42 ;StateGame6.c:14: UINT8 collilision_tiles6[] = { 1,2,3,4,0 };
   0005 21r01r00             43 	ld	hl,#_collilision_tiles6
   0008 36 01                44 	ld	(hl),#0x01
   000A 21r02r00             45 	ld	hl,#(_collilision_tiles6 + 0x0001)
   000D 36 02                46 	ld	(hl),#0x02
   000F 21r03r00             47 	ld	hl,#(_collilision_tiles6 + 0x0002)
   0012 36 03                48 	ld	(hl),#0x03
   0014 21r04r00             49 	ld	hl,#(_collilision_tiles6 + 0x0003)
   0017 36 04                50 	ld	(hl),#0x04
   0019 21r05r00             51 	ld	hl,#(_collilision_tiles6 + 0x0004)
   001C 36 00                52 	ld	(hl),#0x00
                             53 ;--------------------------------------------------------
                             54 ; Home
                             55 ;--------------------------------------------------------
                             56 	.area _HOME
                             57 	.area _HOME
                             58 ;--------------------------------------------------------
                             59 ; code
                             60 ;--------------------------------------------------------
                             61 	.area _CODE_2
                             62 ;StateGame6.c:16: void Start_STATE_GAME6() {
                             63 ;	---------------------------------
                             64 ; Function Start_STATE_GAME6
                             65 ; ---------------------------------
   0000                      66 _Start_STATE_GAME6::
                             67 ;StateGame6.c:19: if(have_diamond == 0 || have_diamond == 3 || have_diamond == 10){
   0000 21r01r00             68 	ld	hl,#_have_diamond + 1
   0003 3A                   69 	ld	a,(hl-)
   0004 B6                   70 	or	a,(hl)
   0005 28 17                71 	jr	Z,00101$
   0007 7E                   72 	ld	a,(hl)
   0008 D6 03                73 	sub	a, #0x03
   000A 20 05                74 	jr	NZ,00129$
   000C 23                   75 	inc	hl
   000D 7E                   76 	ld	a,(hl)
   000E B7                   77 	or	a, a
   000F 28 0D                78 	jr	Z,00101$
   0011                      79 00129$:
   0011 21r00r00             80 	ld	hl,#_have_diamond
   0014 7E                   81 	ld	a,(hl)
   0015 D6 0A                82 	sub	a, #0x0a
   0017 20 0F                83 	jr	NZ,00102$
   0019 23                   84 	inc	hl
   001A 7E                   85 	ld	a,(hl)
   001B B7                   86 	or	a, a
   001C 20 0A                87 	jr	NZ,00102$
   001E                      88 00101$:
                             89 ;StateGame6.c:20: next_lvl=7;
   001E 21r00r00             90 	ld	hl,#_next_lvl
   0021 36 07                91 	ld	(hl),#0x07
   0023 23                   92 	inc	hl
   0024 36 00                93 	ld	(hl),#0x00
   0026 18 08                94 	jr	00103$
   0028                      95 00102$:
                             96 ;StateGame6.c:23: next_lvl=8;
   0028 21r00r00             97 	ld	hl,#_next_lvl
   002B 36 08                98 	ld	(hl),#0x08
   002D 23                   99 	inc	hl
   002E 36 00               100 	ld	(hl),#0x00
   0030                     101 00103$:
                            102 ;StateGame6.c:27: NR52_REG = 0x80; //Enables sound, you should always setup this first
   0030 21 26 FF            103 	ld	hl,#0xff26
   0033 36 80               104 	ld	(hl),#0x80
                            105 ;StateGame6.c:28: NR51_REG = 0xFF; //Enables all channels (left and right)
   0035 2E 25               106 	ld	l, #0x25
   0037 36 FF               107 	ld	(hl),#0xff
                            108 ;StateGame6.c:29: NR50_REG = 0x77; //Max volume
   0039 2E 24               109 	ld	l, #0x24
   003B 36 77               110 	ld	(hl),#0x77
                            111 ;StateGame6.c:31: SPRITES_8x16;
   003D 11 40 FF            112 	ld	de,#0xff40
   0040 1A                  113 	ld	a,(de)
   0041 4F                  114 	ld	c,a
   0042 06 00               115 	ld	b,#0x00
   0044 79                  116 	ld	a,c
   0045 CB D7               117 	set	2, a
   0047 4F                  118 	ld	c,a
   0048 2E 40               119 	ld	l, #0x40
   004A 71                  120 	ld	(hl),c
                            121 ;StateGame6.c:32: for(i = 0; i != n_sprite_types; ++ i) {
   004B 06 00               122 	ld	b,#0x00
   004D                     123 00108$:
   004D 21r00r00            124 	ld	hl,#_n_sprite_types
   0050 7E                  125 	ld	a,(hl)
   0051 90                  126 	sub	a, b
   0052 28 0B               127 	jr	Z,00106$
                            128 ;StateGame6.c:33: SpriteManagerLoad(i);
   0054 C5                  129 	push	bc
   0055 C5                  130 	push	bc
   0056 33                  131 	inc	sp
   0057 CDr00r00            132 	call	_SpriteManagerLoad
   005A 33                  133 	inc	sp
   005B C1                  134 	pop	bc
                            135 ;StateGame6.c:32: for(i = 0; i != n_sprite_types; ++ i) {
   005C 04                  136 	inc	b
   005D 18 EE               137 	jr	00108$
   005F                     138 00106$:
                            139 ;StateGame6.c:35: SHOW_SPRITES;
   005F 11 40 FF            140 	ld	de,#0xff40
   0062 1A                  141 	ld	a,(de)
   0063 4F                  142 	ld	c,a
   0064 06 00               143 	ld	b,#0x00
   0066 79                  144 	ld	a,c
   0067 CB CF               145 	set	1, a
   0069 4F                  146 	ld	c,a
   006A 21 40 FF            147 	ld	hl,#0xff40
   006D 71                  148 	ld	(hl),c
                            149 ;StateGame6.c:37: scroll_target = SpriteManagerAdd(SPRITE_PLAYER, 20, 100);
   006E 21 64 00            150 	ld	hl,#0x0064
   0071 E5                  151 	push	hl
   0072 2E 14               152 	ld	l, #0x14
   0074 E5                  153 	push	hl
   0075 AF                  154 	xor	a, a
   0076 F5                  155 	push	af
   0077 33                  156 	inc	sp
   0078 CDr00r00            157 	call	_SpriteManagerAdd
   007B E8 05               158 	add	sp, #5
   007D 21r00r00            159 	ld	hl,#_scroll_target
   0080 73                  160 	ld	(hl),e
   0081 23                  161 	inc	hl
   0082 72                  162 	ld	(hl),d
                            163 ;StateGame6.c:39: have_bomb=2;
   0083 21r00r00            164 	ld	hl,#_have_bomb
   0086 36 02               165 	ld	(hl),#0x02
   0088 23                  166 	inc	hl
   0089 36 00               167 	ld	(hl),#0x00
                            168 ;StateGame6.c:41: door_x = 88;
   008B 21r00r00            169 	ld	hl,#_door_x
   008E 36 58               170 	ld	(hl),#0x58
   0090 23                  171 	inc	hl
   0091 36 00               172 	ld	(hl),#0x00
                            173 ;StateGame6.c:42: door_y = 120;
   0093 21r00r00            174 	ld	hl,#_door_y
   0096 36 78               175 	ld	(hl),#0x78
   0098 23                  176 	inc	hl
   0099 36 00               177 	ld	(hl),#0x00
                            178 ;StateGame6.c:43: SpriteManagerAdd(SPRITE_KEY, 88, 16);
   009B 21 10 00            179 	ld	hl,#0x0010
   009E E5                  180 	push	hl
   009F 2E 58               181 	ld	l, #0x58
   00A1 E5                  182 	push	hl
   00A2 3E 03               183 	ld	a,#0x03
   00A4 F5                  184 	push	af
   00A5 33                  185 	inc	sp
   00A6 CDr00r00            186 	call	_SpriteManagerAdd
   00A9 E8 05               187 	add	sp, #5
                            188 ;StateGame6.c:44: SpriteManagerAdd(SPRITE_DOOR, door_x, door_y);
   00AB 21r00r00            189 	ld	hl,#_door_y
   00AE 2A                  190 	ld	a,(hl+)
   00AF 66                  191 	ld	h,(hl)
   00B0 6F                  192 	ld	l,a
   00B1 E5                  193 	push	hl
   00B2 21r00r00            194 	ld	hl,#_door_x
   00B5 2A                  195 	ld	a,(hl+)
   00B6 66                  196 	ld	h,(hl)
   00B7 6F                  197 	ld	l,a
   00B8 E5                  198 	push	hl
   00B9 3E 04               199 	ld	a,#0x04
   00BB F5                  200 	push	af
   00BC 33                  201 	inc	sp
   00BD CDr00r00            202 	call	_SpriteManagerAdd
   00C0 E8 05               203 	add	sp, #5
                            204 ;StateGame6.c:46: SpriteManagerAdd(SPRITE_ENEMY, 128, 112);
   00C2 21 70 00            205 	ld	hl,#0x0070
   00C5 E5                  206 	push	hl
   00C6 2E 80               207 	ld	l, #0x80
   00C8 E5                  208 	push	hl
   00C9 3E 01               209 	ld	a,#0x01
   00CB F5                  210 	push	af
   00CC 33                  211 	inc	sp
   00CD CDr00r00            212 	call	_SpriteManagerAdd
   00D0 E8 05               213 	add	sp, #5
                            214 ;StateGame6.c:47: SpriteManagerAdd(SPRITE_ENEMY, 272, 112);
   00D2 21 70 00            215 	ld	hl,#0x0070
   00D5 E5                  216 	push	hl
   00D6 21 10 01            217 	ld	hl,#0x0110
   00D9 E5                  218 	push	hl
   00DA 3E 01               219 	ld	a,#0x01
   00DC F5                  220 	push	af
   00DD 33                  221 	inc	sp
   00DE CDr00r00            222 	call	_SpriteManagerAdd
   00E1 E8 05               223 	add	sp, #5
                            224 ;StateGame6.c:48: SpriteManagerAdd(SPRITE_ENEMY2, 128, 224);
   00E3 21 E0 00            225 	ld	hl,#0x00e0
   00E6 E5                  226 	push	hl
   00E7 2E 80               227 	ld	l, #0x80
   00E9 E5                  228 	push	hl
   00EA 3E 02               229 	ld	a,#0x02
   00EC F5                  230 	push	af
   00ED 33                  231 	inc	sp
   00EE CDr00r00            232 	call	_SpriteManagerAdd
   00F1 E8 05               233 	add	sp, #5
                            234 ;StateGame6.c:49: InitScrollTiles(0, 59, tiles, 3);
   00F3 21 00 00            235 	ld	hl,#0x0000
   00F6 E5                  236 	push	hl
   00F7 3E 03               237 	ld	a,#0x03
   00F9 F5                  238 	push	af
   00FA 33                  239 	inc	sp
   00FB 21r00r00            240 	ld	hl,#_tiles
   00FE E5                  241 	push	hl
   00FF 21 00 3B            242 	ld	hl,#0x3b00
   0102 E5                  243 	push	hl
   0103 CDr00r00            244 	call	_ZInitScrollTilesColor
   0106 E8 07               245 	add	sp, #7
                            246 ;StateGame6.c:50: InitScroll(map6Width, map6Height, map6, collilision_tiles6, 0, 3);
   0108 21 00 00            247 	ld	hl,#0x0000
   010B E5                  248 	push	hl
   010C 3E 03               249 	ld	a,#0x03
   010E F5                  250 	push	af
   010F 33                  251 	inc	sp
   0110 2E 00               252 	ld	l, #0x00
   0112 E5                  253 	push	hl
   0113 21r01r00            254 	ld	hl,#_collilision_tiles6
   0116 E5                  255 	push	hl
   0117 21r00r00            256 	ld	hl,#_map6
   011A E5                  257 	push	hl
   011B 21 24 00            258 	ld	hl,#0x0024
   011E E5                  259 	push	hl
   011F 2E 28               260 	ld	l, #0x28
   0121 E5                  261 	push	hl
   0122 CDr00r00            262 	call	_InitScrollColor
   0125 E8 0D               263 	add	sp, #13
                            264 ;StateGame6.c:51: SHOW_BKG;
   0127 11 40 FF            265 	ld	de,#0xff40
   012A 1A                  266 	ld	a,(de)
   012B 4F                  267 	ld	c,a
   012C 06 00               268 	ld	b,#0x00
   012E 79                  269 	ld	a,c
   012F CB C7               270 	set	0, a
   0131 4F                  271 	ld	c,a
   0132 21 40 FF            272 	ld	hl,#0xff40
   0135 71                  273 	ld	(hl),c
   0136 C9                  274 	ret
                            275 ;StateGame6.c:56: void Update_STATE_GAME6() {
                            276 ;	---------------------------------
                            277 ; Function Update_STATE_GAME6
                            278 ; ---------------------------------
   0137                     279 _Update_STATE_GAME6::
                            280 ;StateGame6.c:57: if (KEY_PRESSED(J_START)) {
   0137 21r00r00            281 	ld	hl,#_keys
   013A 4E                  282 	ld	c,(hl)
   013B 06 00               283 	ld	b,#0x00
   013D CB 79               284 	bit	7, c
   013F C8                  285 	ret	Z
                            286 ;StateGame6.c:58: if(have_diamond == 0 || have_diamond == 3 || have_diamond == 10){
   0140 21r01r00            287 	ld	hl,#_have_diamond + 1
   0143 3A                  288 	ld	a,(hl-)
   0144 B6                  289 	or	a,(hl)
   0145 28 17               290 	jr	Z,00101$
   0147 7E                  291 	ld	a,(hl)
   0148 D6 03               292 	sub	a, #0x03
   014A 20 05               293 	jr	NZ,00123$
   014C 23                  294 	inc	hl
   014D 7E                  295 	ld	a,(hl)
   014E B7                  296 	or	a, a
   014F 28 0D               297 	jr	Z,00101$
   0151                     298 00123$:
   0151 21r00r00            299 	ld	hl,#_have_diamond
   0154 7E                  300 	ld	a,(hl)
   0155 D6 0A               301 	sub	a, #0x0a
   0157 20 0E               302 	jr	NZ,00102$
   0159 23                  303 	inc	hl
   015A 7E                  304 	ld	a,(hl)
   015B B7                  305 	or	a, a
   015C 20 09               306 	jr	NZ,00102$
   015E                     307 00101$:
                            308 ;StateGame6.c:59: SetState(STATE_END);
   015E 3E 07               309 	ld	a,#0x07
   0160 F5                  310 	push	af
   0161 33                  311 	inc	sp
   0162 CDr00r00            312 	call	_SetState
   0165 33                  313 	inc	sp
   0166 C9                  314 	ret
   0167                     315 00102$:
                            316 ;StateGame6.c:62: SetState(STATE_END2);
   0167 3E 08               317 	ld	a,#0x08
   0169 F5                  318 	push	af
   016A 33                  319 	inc	sp
   016B CDr00r00            320 	call	_SetState
   016E 33                  321 	inc	sp
   016F C9                  322 	ret
                            323 	.area _CODE_2
                            324 	.area _CABS (ABS)
