                              1 ;--------------------------------------------------------
                              2 ; File Created by SDCC : free open source ANSI-C Compiler
                              3 ; Version 3.6.0 #9615 (MINGW64)
                              4 ;--------------------------------------------------------
                              5 	.module StateGame2
                              6 	.optsdcc -mgbz80
                              7 	
                              8 ;--------------------------------------------------------
                              9 ; Public variables in this module
                             10 ;--------------------------------------------------------
                             11 	.globl _SpriteManagerAdd
                             12 	.globl _SpriteManagerLoad
                             13 	.globl _InitScrollColor
                             14 	.globl _ZInitScrollTilesColor
                             15 	.globl _collilision_tiles2
                             16 	.globl _bank_STATE_GAME2
                             17 	.globl _Start_STATE_GAME2
                             18 	.globl _Update_STATE_GAME2
                             19 ;--------------------------------------------------------
                             20 ; ram data
                             21 ;--------------------------------------------------------
                             22 	.area _DATA
   0000                      23 _bank_STATE_GAME2::
   0000                      24 	.ds 1
   0001                      25 _collilision_tiles2::
   0001                      26 	.ds 5
                             27 ;--------------------------------------------------------
                             28 ; absolute external ram data
                             29 ;--------------------------------------------------------
                             30 	.area _DABS (ABS)
                             31 ;--------------------------------------------------------
                             32 ; global & static initialisations
                             33 ;--------------------------------------------------------
                             34 	.area _HOME
                             35 	.area _GSINIT
                             36 	.area _GSFINAL
                             37 	.area _GSINIT
                             38 ;StateGame2.c:3: UINT8 bank_STATE_GAME2 = 2;
   0000 21r00r00             39 	ld	hl,#_bank_STATE_GAME2
   0003 36 02                40 	ld	(hl),#0x02
                             41 ;StateGame2.c:14: UINT8 collilision_tiles2[] = { 1,2,3,4,0 };
   0005 21r01r00             42 	ld	hl,#_collilision_tiles2
   0008 36 01                43 	ld	(hl),#0x01
   000A 21r02r00             44 	ld	hl,#(_collilision_tiles2 + 0x0001)
   000D 36 02                45 	ld	(hl),#0x02
   000F 21r03r00             46 	ld	hl,#(_collilision_tiles2 + 0x0002)
   0012 36 03                47 	ld	(hl),#0x03
   0014 21r04r00             48 	ld	hl,#(_collilision_tiles2 + 0x0003)
   0017 36 04                49 	ld	(hl),#0x04
   0019 21r05r00             50 	ld	hl,#(_collilision_tiles2 + 0x0004)
   001C 36 00                51 	ld	(hl),#0x00
                             52 ;--------------------------------------------------------
                             53 ; Home
                             54 ;--------------------------------------------------------
                             55 	.area _HOME
                             56 	.area _HOME
                             57 ;--------------------------------------------------------
                             58 ; code
                             59 ;--------------------------------------------------------
                             60 	.area _CODE_2
                             61 ;StateGame2.c:16: void Start_STATE_GAME2() {
                             62 ;	---------------------------------
                             63 ; Function Start_STATE_GAME2
                             64 ; ---------------------------------
   0000                      65 _Start_STATE_GAME2::
                             66 ;StateGame2.c:18: next_lvl=3;
   0000 21r00r00             67 	ld	hl,#_next_lvl
   0003 36 03                68 	ld	(hl),#0x03
   0005 23                   69 	inc	hl
   0006 36 00                70 	ld	(hl),#0x00
                             71 ;StateGame2.c:19: NR52_REG = 0x80; //Enables sound, you should always setup this first
   0008 21 26 FF             72 	ld	hl,#0xff26
   000B 36 80                73 	ld	(hl),#0x80
                             74 ;StateGame2.c:20: NR51_REG = 0xFF; //Enables all channels (left and right)
   000D 2E 25                75 	ld	l, #0x25
   000F 36 FF                76 	ld	(hl),#0xff
                             77 ;StateGame2.c:21: NR50_REG = 0x77; //Max volume
   0011 2E 24                78 	ld	l, #0x24
   0013 36 77                79 	ld	(hl),#0x77
                             80 ;StateGame2.c:23: SPRITES_8x16;
   0015 11 40 FF             81 	ld	de,#0xff40
   0018 1A                   82 	ld	a,(de)
   0019 4F                   83 	ld	c,a
   001A 06 00                84 	ld	b,#0x00
   001C 79                   85 	ld	a,c
   001D CB D7                86 	set	2, a
   001F 4F                   87 	ld	c,a
   0020 2E 40                88 	ld	l, #0x40
   0022 71                   89 	ld	(hl),c
                             90 ;StateGame2.c:24: for(i = 0; i != n_sprite_types; ++ i) {
   0023 06 00                91 	ld	b,#0x00
   0025                      92 00113$:
   0025 21r00r00             93 	ld	hl,#_n_sprite_types
   0028 7E                   94 	ld	a,(hl)
   0029 90                   95 	sub	a, b
   002A 28 0B                96 	jr	Z,00101$
                             97 ;StateGame2.c:25: SpriteManagerLoad(i);
   002C C5                   98 	push	bc
   002D C5                   99 	push	bc
   002E 33                  100 	inc	sp
   002F CDr00r00            101 	call	_SpriteManagerLoad
   0032 33                  102 	inc	sp
   0033 C1                  103 	pop	bc
                            104 ;StateGame2.c:24: for(i = 0; i != n_sprite_types; ++ i) {
   0034 04                  105 	inc	b
   0035 18 EE               106 	jr	00113$
   0037                     107 00101$:
                            108 ;StateGame2.c:27: SHOW_SPRITES;
   0037 11 40 FF            109 	ld	de,#0xff40
   003A 1A                  110 	ld	a,(de)
   003B 4F                  111 	ld	c,a
   003C 06 00               112 	ld	b,#0x00
   003E 79                  113 	ld	a,c
   003F CB CF               114 	set	1, a
   0041 4F                  115 	ld	c,a
   0042 21 40 FF            116 	ld	hl,#0xff40
   0045 71                  117 	ld	(hl),c
                            118 ;StateGame2.c:29: have_bomb=2;
   0046 21r00r00            119 	ld	hl,#_have_bomb
   0049 36 02               120 	ld	(hl),#0x02
   004B 23                  121 	inc	hl
   004C 36 00               122 	ld	(hl),#0x00
                            123 ;StateGame2.c:31: if( have_diamond == 0){
   004E 21r01r00            124 	ld	hl,#_have_diamond + 1
   0051 3A                  125 	ld	a,(hl-)
   0052 B6                  126 	or	a,(hl)
   0053 C2rF3r00            127 	jp	NZ,00103$
                            128 ;StateGame2.c:32: scroll_target = SpriteManagerAdd(SPRITE_PLAYER, 20, 100);
   0056 21 64 00            129 	ld	hl,#0x0064
   0059 E5                  130 	push	hl
   005A 2E 14               131 	ld	l, #0x14
   005C E5                  132 	push	hl
   005D AF                  133 	xor	a, a
   005E F5                  134 	push	af
   005F 33                  135 	inc	sp
   0060 CDr00r00            136 	call	_SpriteManagerAdd
   0063 E8 05               137 	add	sp, #5
   0065 21r00r00            138 	ld	hl,#_scroll_target
   0068 73                  139 	ld	(hl),e
   0069 23                  140 	inc	hl
   006A 72                  141 	ld	(hl),d
                            142 ;StateGame2.c:33: door_x = 16;
   006B 21r00r00            143 	ld	hl,#_door_x
   006E 36 10               144 	ld	(hl),#0x10
   0070 23                  145 	inc	hl
   0071 36 00               146 	ld	(hl),#0x00
                            147 ;StateGame2.c:34: door_y = 24;
   0073 21r00r00            148 	ld	hl,#_door_y
   0076 36 18               149 	ld	(hl),#0x18
   0078 23                  150 	inc	hl
   0079 36 00               151 	ld	(hl),#0x00
                            152 ;StateGame2.c:35: SpriteManagerAdd(SPRITE_KEY, 168, 88);
   007B 21 58 00            153 	ld	hl,#0x0058
   007E E5                  154 	push	hl
   007F 2E A8               155 	ld	l, #0xa8
   0081 E5                  156 	push	hl
   0082 3E 03               157 	ld	a,#0x03
   0084 F5                  158 	push	af
   0085 33                  159 	inc	sp
   0086 CDr00r00            160 	call	_SpriteManagerAdd
   0089 E8 05               161 	add	sp, #5
                            162 ;StateGame2.c:36: SpriteManagerAdd(SPRITE_DOOR, door_x, door_y);
   008B 21r00r00            163 	ld	hl,#_door_y
   008E 2A                  164 	ld	a,(hl+)
   008F 66                  165 	ld	h,(hl)
   0090 6F                  166 	ld	l,a
   0091 E5                  167 	push	hl
   0092 21r00r00            168 	ld	hl,#_door_x
   0095 2A                  169 	ld	a,(hl+)
   0096 66                  170 	ld	h,(hl)
   0097 6F                  171 	ld	l,a
   0098 E5                  172 	push	hl
   0099 3E 04               173 	ld	a,#0x04
   009B F5                  174 	push	af
   009C 33                  175 	inc	sp
   009D CDr00r00            176 	call	_SpriteManagerAdd
   00A0 E8 05               177 	add	sp, #5
                            178 ;StateGame2.c:38: SpriteManagerAdd(SPRITE_ENEMY2, 50, 115 );
   00A2 21 73 00            179 	ld	hl,#0x0073
   00A5 E5                  180 	push	hl
   00A6 2E 32               181 	ld	l, #0x32
   00A8 E5                  182 	push	hl
   00A9 3E 02               183 	ld	a,#0x02
   00AB F5                  184 	push	af
   00AC 33                  185 	inc	sp
   00AD CDr00r00            186 	call	_SpriteManagerAdd
   00B0 E8 05               187 	add	sp, #5
                            188 ;StateGame2.c:39: SpriteManagerAdd(SPRITE_ENEMY2, 24, 64 );
   00B2 21 40 00            189 	ld	hl,#0x0040
   00B5 E5                  190 	push	hl
   00B6 2E 18               191 	ld	l, #0x18
   00B8 E5                  192 	push	hl
   00B9 3E 02               193 	ld	a,#0x02
   00BB F5                  194 	push	af
   00BC 33                  195 	inc	sp
   00BD CDr00r00            196 	call	_SpriteManagerAdd
   00C0 E8 05               197 	add	sp, #5
                            198 ;StateGame2.c:41: SpriteManagerAdd(SPRITE_ENEMY, 88, 104);
   00C2 21 68 00            199 	ld	hl,#0x0068
   00C5 E5                  200 	push	hl
   00C6 2E 58               201 	ld	l, #0x58
   00C8 E5                  202 	push	hl
   00C9 3E 01               203 	ld	a,#0x01
   00CB F5                  204 	push	af
   00CC 33                  205 	inc	sp
   00CD CDr00r00            206 	call	_SpriteManagerAdd
   00D0 E8 05               207 	add	sp, #5
                            208 ;StateGame2.c:42: SpriteManagerAdd(SPRITE_ENEMY, 224, 48);
   00D2 21 30 00            209 	ld	hl,#0x0030
   00D5 E5                  210 	push	hl
   00D6 2E E0               211 	ld	l, #0xe0
   00D8 E5                  212 	push	hl
   00D9 3E 01               213 	ld	a,#0x01
   00DB F5                  214 	push	af
   00DC 33                  215 	inc	sp
   00DD CDr00r00            216 	call	_SpriteManagerAdd
   00E0 E8 05               217 	add	sp, #5
                            218 ;StateGame2.c:43: SpriteManagerAdd(SPRITE_ENEMY, 288, 40);
   00E2 21 28 00            219 	ld	hl,#0x0028
   00E5 E5                  220 	push	hl
   00E6 21 20 01            221 	ld	hl,#0x0120
   00E9 E5                  222 	push	hl
   00EA 3E 01               223 	ld	a,#0x01
   00EC F5                  224 	push	af
   00ED 33                  225 	inc	sp
   00EE CDr00r00            226 	call	_SpriteManagerAdd
   00F1 E8 05               227 	add	sp, #5
   00F3                     228 00103$:
                            229 ;StateGame2.c:46: if( have_diamond == 1 ){
   00F3 21r00r00            230 	ld	hl,#_have_diamond
   00F6 7E                  231 	ld	a,(hl)
   00F7 3D                  232 	dec	a
   00F8 C2r9Er01            233 	jp	NZ,00105$
   00FB 23                  234 	inc	hl
   00FC 7E                  235 	ld	a,(hl)
   00FD B7                  236 	or	a, a
   00FE C2r9Er01            237 	jp	NZ,00105$
                            238 ;StateGame2.c:47: scroll_target = SpriteManagerAdd(SPRITE_PLAYER, 20, 100);
   0101 21 64 00            239 	ld	hl,#0x0064
   0104 E5                  240 	push	hl
   0105 2E 14               241 	ld	l, #0x14
   0107 E5                  242 	push	hl
   0108 AF                  243 	xor	a, a
   0109 F5                  244 	push	af
   010A 33                  245 	inc	sp
   010B CDr00r00            246 	call	_SpriteManagerAdd
   010E E8 05               247 	add	sp, #5
   0110 21r00r00            248 	ld	hl,#_scroll_target
   0113 73                  249 	ld	(hl),e
   0114 23                  250 	inc	hl
   0115 72                  251 	ld	(hl),d
                            252 ;StateGame2.c:48: door_x = 175;
   0116 21r00r00            253 	ld	hl,#_door_x
   0119 36 AF               254 	ld	(hl),#0xaf
   011B 23                  255 	inc	hl
   011C 36 00               256 	ld	(hl),#0x00
                            257 ;StateGame2.c:49: door_y = 85;
   011E 21r00r00            258 	ld	hl,#_door_y
   0121 36 55               259 	ld	(hl),#0x55
   0123 23                  260 	inc	hl
   0124 36 00               261 	ld	(hl),#0x00
                            262 ;StateGame2.c:50: SpriteManagerAdd(SPRITE_KEY, 50, 24);
   0126 21 18 00            263 	ld	hl,#0x0018
   0129 E5                  264 	push	hl
   012A 2E 32               265 	ld	l, #0x32
   012C E5                  266 	push	hl
   012D 3E 03               267 	ld	a,#0x03
   012F F5                  268 	push	af
   0130 33                  269 	inc	sp
   0131 CDr00r00            270 	call	_SpriteManagerAdd
   0134 E8 05               271 	add	sp, #5
                            272 ;StateGame2.c:51: SpriteManagerAdd(SPRITE_DOOR, door_x, door_y);
   0136 21r00r00            273 	ld	hl,#_door_y
   0139 2A                  274 	ld	a,(hl+)
   013A 66                  275 	ld	h,(hl)
   013B 6F                  276 	ld	l,a
   013C E5                  277 	push	hl
   013D 21r00r00            278 	ld	hl,#_door_x
   0140 2A                  279 	ld	a,(hl+)
   0141 66                  280 	ld	h,(hl)
   0142 6F                  281 	ld	l,a
   0143 E5                  282 	push	hl
   0144 3E 04               283 	ld	a,#0x04
   0146 F5                  284 	push	af
   0147 33                  285 	inc	sp
   0148 CDr00r00            286 	call	_SpriteManagerAdd
   014B E8 05               287 	add	sp, #5
                            288 ;StateGame2.c:53: SpriteManagerAdd(SPRITE_ENEMY2, 24, 64 );
   014D 21 40 00            289 	ld	hl,#0x0040
   0150 E5                  290 	push	hl
   0151 2E 18               291 	ld	l, #0x18
   0153 E5                  292 	push	hl
   0154 3E 02               293 	ld	a,#0x02
   0156 F5                  294 	push	af
   0157 33                  295 	inc	sp
   0158 CDr00r00            296 	call	_SpriteManagerAdd
   015B E8 05               297 	add	sp, #5
                            298 ;StateGame2.c:55: SpriteManagerAdd(SPRITE_ENEMY, 88, 104);
   015D 21 68 00            299 	ld	hl,#0x0068
   0160 E5                  300 	push	hl
   0161 2E 58               301 	ld	l, #0x58
   0163 E5                  302 	push	hl
   0164 3E 01               303 	ld	a,#0x01
   0166 F5                  304 	push	af
   0167 33                  305 	inc	sp
   0168 CDr00r00            306 	call	_SpriteManagerAdd
   016B E8 05               307 	add	sp, #5
                            308 ;StateGame2.c:56: SpriteManagerAdd(SPRITE_ENEMY, 224, 48);
   016D 21 30 00            309 	ld	hl,#0x0030
   0170 E5                  310 	push	hl
   0171 2E E0               311 	ld	l, #0xe0
   0173 E5                  312 	push	hl
   0174 3E 01               313 	ld	a,#0x01
   0176 F5                  314 	push	af
   0177 33                  315 	inc	sp
   0178 CDr00r00            316 	call	_SpriteManagerAdd
   017B E8 05               317 	add	sp, #5
                            318 ;StateGame2.c:57: SpriteManagerAdd(SPRITE_ENEMY, 288, 40);
   017D 21 28 00            319 	ld	hl,#0x0028
   0180 E5                  320 	push	hl
   0181 21 20 01            321 	ld	hl,#0x0120
   0184 E5                  322 	push	hl
   0185 3E 01               323 	ld	a,#0x01
   0187 F5                  324 	push	af
   0188 33                  325 	inc	sp
   0189 CDr00r00            326 	call	_SpriteManagerAdd
   018C E8 05               327 	add	sp, #5
                            328 ;StateGame2.c:58: SpriteManagerAdd(SPRITE_ENEMY3, 50, 50);
   018E 21 32 00            329 	ld	hl,#0x0032
   0191 E5                  330 	push	hl
   0192 2E 32               331 	ld	l, #0x32
   0194 E5                  332 	push	hl
   0195 3E 08               333 	ld	a,#0x08
   0197 F5                  334 	push	af
   0198 33                  335 	inc	sp
   0199 CDr00r00            336 	call	_SpriteManagerAdd
   019C E8 05               337 	add	sp, #5
   019E                     338 00105$:
                            339 ;StateGame2.c:61: if( have_diamond == 3 ){
   019E 21r00r00            340 	ld	hl,#_have_diamond
   01A1 7E                  341 	ld	a,(hl)
   01A2 D6 03               342 	sub	a, #0x03
   01A4 C2r39r02            343 	jp	NZ,00107$
   01A7 23                  344 	inc	hl
   01A8 7E                  345 	ld	a,(hl)
   01A9 B7                  346 	or	a, a
   01AA C2r39r02            347 	jp	NZ,00107$
                            348 ;StateGame2.c:62: scroll_target = SpriteManagerAdd(SPRITE_PLAYER, 175, 84);
   01AD 21 54 00            349 	ld	hl,#0x0054
   01B0 E5                  350 	push	hl
   01B1 2E AF               351 	ld	l, #0xaf
   01B3 E5                  352 	push	hl
   01B4 AF                  353 	xor	a, a
   01B5 F5                  354 	push	af
   01B6 33                  355 	inc	sp
   01B7 CDr00r00            356 	call	_SpriteManagerAdd
   01BA E8 05               357 	add	sp, #5
   01BC 21r00r00            358 	ld	hl,#_scroll_target
   01BF 73                  359 	ld	(hl),e
   01C0 23                  360 	inc	hl
   01C1 72                  361 	ld	(hl),d
                            362 ;StateGame2.c:63: door_x = 210;
   01C2 21r00r00            363 	ld	hl,#_door_x
   01C5 36 D2               364 	ld	(hl),#0xd2
   01C7 23                  365 	inc	hl
   01C8 36 00               366 	ld	(hl),#0x00
                            367 ;StateGame2.c:64: door_y = 55;
   01CA 21r00r00            368 	ld	hl,#_door_y
   01CD 36 37               369 	ld	(hl),#0x37
   01CF 23                  370 	inc	hl
   01D0 36 00               371 	ld	(hl),#0x00
                            372 ;StateGame2.c:65: SpriteManagerAdd(SPRITE_KEY, 16, 24);
   01D2 21 18 00            373 	ld	hl,#0x0018
   01D5 E5                  374 	push	hl
   01D6 2E 10               375 	ld	l, #0x10
   01D8 E5                  376 	push	hl
   01D9 3E 03               377 	ld	a,#0x03
   01DB F5                  378 	push	af
   01DC 33                  379 	inc	sp
   01DD CDr00r00            380 	call	_SpriteManagerAdd
   01E0 E8 05               381 	add	sp, #5
                            382 ;StateGame2.c:66: SpriteManagerAdd(SPRITE_DOOR, door_x, door_y);
   01E2 21r00r00            383 	ld	hl,#_door_y
   01E5 2A                  384 	ld	a,(hl+)
   01E6 66                  385 	ld	h,(hl)
   01E7 6F                  386 	ld	l,a
   01E8 E5                  387 	push	hl
   01E9 21r00r00            388 	ld	hl,#_door_x
   01EC 2A                  389 	ld	a,(hl+)
   01ED 66                  390 	ld	h,(hl)
   01EE 6F                  391 	ld	l,a
   01EF E5                  392 	push	hl
   01F0 3E 04               393 	ld	a,#0x04
   01F2 F5                  394 	push	af
   01F3 33                  395 	inc	sp
   01F4 CDr00r00            396 	call	_SpriteManagerAdd
   01F7 E8 05               397 	add	sp, #5
                            398 ;StateGame2.c:68: SpriteManagerAdd(SPRITE_ENEMY2, 24, 64 );
   01F9 21 40 00            399 	ld	hl,#0x0040
   01FC E5                  400 	push	hl
   01FD 2E 18               401 	ld	l, #0x18
   01FF E5                  402 	push	hl
   0200 3E 02               403 	ld	a,#0x02
   0202 F5                  404 	push	af
   0203 33                  405 	inc	sp
   0204 CDr00r00            406 	call	_SpriteManagerAdd
   0207 E8 05               407 	add	sp, #5
                            408 ;StateGame2.c:70: SpriteManagerAdd(SPRITE_ENEMY3, 88, 104);
   0209 21 68 00            409 	ld	hl,#0x0068
   020C E5                  410 	push	hl
   020D 2E 58               411 	ld	l, #0x58
   020F E5                  412 	push	hl
   0210 3E 08               413 	ld	a,#0x08
   0212 F5                  414 	push	af
   0213 33                  415 	inc	sp
   0214 CDr00r00            416 	call	_SpriteManagerAdd
   0217 E8 05               417 	add	sp, #5
                            418 ;StateGame2.c:71: SpriteManagerAdd(SPRITE_ENEMY, 224, 48);
   0219 21 30 00            419 	ld	hl,#0x0030
   021C E5                  420 	push	hl
   021D 2E E0               421 	ld	l, #0xe0
   021F E5                  422 	push	hl
   0220 3E 01               423 	ld	a,#0x01
   0222 F5                  424 	push	af
   0223 33                  425 	inc	sp
   0224 CDr00r00            426 	call	_SpriteManagerAdd
   0227 E8 05               427 	add	sp, #5
                            428 ;StateGame2.c:72: SpriteManagerAdd(SPRITE_ENEMY3, 50, 50);	
   0229 21 32 00            429 	ld	hl,#0x0032
   022C E5                  430 	push	hl
   022D 2E 32               431 	ld	l, #0x32
   022F E5                  432 	push	hl
   0230 3E 08               433 	ld	a,#0x08
   0232 F5                  434 	push	af
   0233 33                  435 	inc	sp
   0234 CDr00r00            436 	call	_SpriteManagerAdd
   0237 E8 05               437 	add	sp, #5
   0239                     438 00107$:
                            439 ;StateGame2.c:75: if( have_diamond == 6 ){
   0239 21r00r00            440 	ld	hl,#_have_diamond
   023C 7E                  441 	ld	a,(hl)
   023D D6 06               442 	sub	a, #0x06
   023F C2rE5r02            443 	jp	NZ,00109$
   0242 23                  444 	inc	hl
   0243 7E                  445 	ld	a,(hl)
   0244 B7                  446 	or	a, a
   0245 C2rE5r02            447 	jp	NZ,00109$
                            448 ;StateGame2.c:76: scroll_target = SpriteManagerAdd(SPRITE_PLAYER, 175, 84);
   0248 21 54 00            449 	ld	hl,#0x0054
   024B E5                  450 	push	hl
   024C 2E AF               451 	ld	l, #0xaf
   024E E5                  452 	push	hl
   024F AF                  453 	xor	a, a
   0250 F5                  454 	push	af
   0251 33                  455 	inc	sp
   0252 CDr00r00            456 	call	_SpriteManagerAdd
   0255 E8 05               457 	add	sp, #5
   0257 21r00r00            458 	ld	hl,#_scroll_target
   025A 73                  459 	ld	(hl),e
   025B 23                  460 	inc	hl
   025C 72                  461 	ld	(hl),d
                            462 ;StateGame2.c:77: door_x = 288;
   025D 21r00r00            463 	ld	hl,#_door_x
   0260 36 20               464 	ld	(hl),#0x20
   0262 23                  465 	inc	hl
   0263 36 01               466 	ld	(hl),#0x01
                            467 ;StateGame2.c:78: door_y = 115;
   0265 21r00r00            468 	ld	hl,#_door_y
   0268 36 73               469 	ld	(hl),#0x73
   026A 23                  470 	inc	hl
   026B 36 00               471 	ld	(hl),#0x00
                            472 ;StateGame2.c:79: SpriteManagerAdd(SPRITE_KEY, 16, 24);
   026D 21 18 00            473 	ld	hl,#0x0018
   0270 E5                  474 	push	hl
   0271 2E 10               475 	ld	l, #0x10
   0273 E5                  476 	push	hl
   0274 3E 03               477 	ld	a,#0x03
   0276 F5                  478 	push	af
   0277 33                  479 	inc	sp
   0278 CDr00r00            480 	call	_SpriteManagerAdd
   027B E8 05               481 	add	sp, #5
                            482 ;StateGame2.c:80: SpriteManagerAdd(SPRITE_DOOR, door_x, door_y);
   027D 21r00r00            483 	ld	hl,#_door_y
   0280 2A                  484 	ld	a,(hl+)
   0281 66                  485 	ld	h,(hl)
   0282 6F                  486 	ld	l,a
   0283 E5                  487 	push	hl
   0284 21r00r00            488 	ld	hl,#_door_x
   0287 2A                  489 	ld	a,(hl+)
   0288 66                  490 	ld	h,(hl)
   0289 6F                  491 	ld	l,a
   028A E5                  492 	push	hl
   028B 3E 04               493 	ld	a,#0x04
   028D F5                  494 	push	af
   028E 33                  495 	inc	sp
   028F CDr00r00            496 	call	_SpriteManagerAdd
   0292 E8 05               497 	add	sp, #5
                            498 ;StateGame2.c:82: SpriteManagerAdd(SPRITE_ENEMY2, 24, 80 );
   0294 21 50 00            499 	ld	hl,#0x0050
   0297 E5                  500 	push	hl
   0298 2E 18               501 	ld	l, #0x18
   029A E5                  502 	push	hl
   029B 3E 02               503 	ld	a,#0x02
   029D F5                  504 	push	af
   029E 33                  505 	inc	sp
   029F CDr00r00            506 	call	_SpriteManagerAdd
   02A2 E8 05               507 	add	sp, #5
                            508 ;StateGame2.c:83: SpriteManagerAdd(SPRITE_ENEMY, 88, 104);
   02A4 21 68 00            509 	ld	hl,#0x0068
   02A7 E5                  510 	push	hl
   02A8 2E 58               511 	ld	l, #0x58
   02AA E5                  512 	push	hl
   02AB 3E 01               513 	ld	a,#0x01
   02AD F5                  514 	push	af
   02AE 33                  515 	inc	sp
   02AF CDr00r00            516 	call	_SpriteManagerAdd
   02B2 E8 05               517 	add	sp, #5
                            518 ;StateGame2.c:84: SpriteManagerAdd(SPRITE_ENEMY3, 88, 104);
   02B4 21 68 00            519 	ld	hl,#0x0068
   02B7 E5                  520 	push	hl
   02B8 2E 58               521 	ld	l, #0x58
   02BA E5                  522 	push	hl
   02BB 3E 08               523 	ld	a,#0x08
   02BD F5                  524 	push	af
   02BE 33                  525 	inc	sp
   02BF CDr00r00            526 	call	_SpriteManagerAdd
   02C2 E8 05               527 	add	sp, #5
                            528 ;StateGame2.c:85: SpriteManagerAdd(SPRITE_ENEMY, 288, 40);
   02C4 21 28 00            529 	ld	hl,#0x0028
   02C7 E5                  530 	push	hl
   02C8 21 20 01            531 	ld	hl,#0x0120
   02CB E5                  532 	push	hl
   02CC 3E 01               533 	ld	a,#0x01
   02CE F5                  534 	push	af
   02CF 33                  535 	inc	sp
   02D0 CDr00r00            536 	call	_SpriteManagerAdd
   02D3 E8 05               537 	add	sp, #5
                            538 ;StateGame2.c:87: SpriteManagerAdd(SPRITE_ENEMY3, 50, 50);	
   02D5 21 32 00            539 	ld	hl,#0x0032
   02D8 E5                  540 	push	hl
   02D9 2E 32               541 	ld	l, #0x32
   02DB E5                  542 	push	hl
   02DC 3E 08               543 	ld	a,#0x08
   02DE F5                  544 	push	af
   02DF 33                  545 	inc	sp
   02E0 CDr00r00            546 	call	_SpriteManagerAdd
   02E3 E8 05               547 	add	sp, #5
   02E5                     548 00109$:
                            549 ;StateGame2.c:90: if( have_diamond == 10 ){
   02E5 21r00r00            550 	ld	hl,#_have_diamond
   02E8 7E                  551 	ld	a,(hl)
   02E9 D6 0A               552 	sub	a, #0x0a
   02EB C2r80r03            553 	jp	NZ,00111$
   02EE 23                  554 	inc	hl
   02EF 7E                  555 	ld	a,(hl)
   02F0 B7                  556 	or	a, a
   02F1 C2r80r03            557 	jp	NZ,00111$
                            558 ;StateGame2.c:91: scroll_target = SpriteManagerAdd(SPRITE_PLAYER, 20, 100);
   02F4 21 64 00            559 	ld	hl,#0x0064
   02F7 E5                  560 	push	hl
   02F8 2E 14               561 	ld	l, #0x14
   02FA E5                  562 	push	hl
   02FB AF                  563 	xor	a, a
   02FC F5                  564 	push	af
   02FD 33                  565 	inc	sp
   02FE CDr00r00            566 	call	_SpriteManagerAdd
   0301 E8 05               567 	add	sp, #5
   0303 21r00r00            568 	ld	hl,#_scroll_target
   0306 73                  569 	ld	(hl),e
   0307 23                  570 	inc	hl
   0308 72                  571 	ld	(hl),d
                            572 ;StateGame2.c:92: door_x = 16;
   0309 21r00r00            573 	ld	hl,#_door_x
   030C 36 10               574 	ld	(hl),#0x10
   030E 23                  575 	inc	hl
   030F 36 00               576 	ld	(hl),#0x00
                            577 ;StateGame2.c:93: door_y = 24;
   0311 21r00r00            578 	ld	hl,#_door_y
   0314 36 18               579 	ld	(hl),#0x18
   0316 23                  580 	inc	hl
   0317 36 00               581 	ld	(hl),#0x00
                            582 ;StateGame2.c:94: SpriteManagerAdd(SPRITE_KEY, 245, 84);
   0319 21 54 00            583 	ld	hl,#0x0054
   031C E5                  584 	push	hl
   031D 2E F5               585 	ld	l, #0xf5
   031F E5                  586 	push	hl
   0320 3E 03               587 	ld	a,#0x03
   0322 F5                  588 	push	af
   0323 33                  589 	inc	sp
   0324 CDr00r00            590 	call	_SpriteManagerAdd
   0327 E8 05               591 	add	sp, #5
                            592 ;StateGame2.c:95: SpriteManagerAdd(SPRITE_DOOR, door_x, door_y);
   0329 21r00r00            593 	ld	hl,#_door_y
   032C 2A                  594 	ld	a,(hl+)
   032D 66                  595 	ld	h,(hl)
   032E 6F                  596 	ld	l,a
   032F E5                  597 	push	hl
   0330 21r00r00            598 	ld	hl,#_door_x
   0333 2A                  599 	ld	a,(hl+)
   0334 66                  600 	ld	h,(hl)
   0335 6F                  601 	ld	l,a
   0336 E5                  602 	push	hl
   0337 3E 04               603 	ld	a,#0x04
   0339 F5                  604 	push	af
   033A 33                  605 	inc	sp
   033B CDr00r00            606 	call	_SpriteManagerAdd
   033E E8 05               607 	add	sp, #5
                            608 ;StateGame2.c:96: SpriteManagerAdd(SPRITE_ENEMY2, 24, 64 );
   0340 21 40 00            609 	ld	hl,#0x0040
   0343 E5                  610 	push	hl
   0344 2E 18               611 	ld	l, #0x18
   0346 E5                  612 	push	hl
   0347 3E 02               613 	ld	a,#0x02
   0349 F5                  614 	push	af
   034A 33                  615 	inc	sp
   034B CDr00r00            616 	call	_SpriteManagerAdd
   034E E8 05               617 	add	sp, #5
                            618 ;StateGame2.c:97: SpriteManagerAdd(SPRITE_ENEMY2, 175, 84 );
   0350 21 54 00            619 	ld	hl,#0x0054
   0353 E5                  620 	push	hl
   0354 2E AF               621 	ld	l, #0xaf
   0356 E5                  622 	push	hl
   0357 3E 02               623 	ld	a,#0x02
   0359 F5                  624 	push	af
   035A 33                  625 	inc	sp
   035B CDr00r00            626 	call	_SpriteManagerAdd
   035E E8 05               627 	add	sp, #5
                            628 ;StateGame2.c:98: SpriteManagerAdd(SPRITE_ENEMY, 88, 104);
   0360 21 68 00            629 	ld	hl,#0x0068
   0363 E5                  630 	push	hl
   0364 2E 58               631 	ld	l, #0x58
   0366 E5                  632 	push	hl
   0367 3E 01               633 	ld	a,#0x01
   0369 F5                  634 	push	af
   036A 33                  635 	inc	sp
   036B CDr00r00            636 	call	_SpriteManagerAdd
   036E E8 05               637 	add	sp, #5
                            638 ;StateGame2.c:99: SpriteManagerAdd(SPRITE_ENEMY3, 88, 104);
   0370 21 68 00            639 	ld	hl,#0x0068
   0373 E5                  640 	push	hl
   0374 2E 58               641 	ld	l, #0x58
   0376 E5                  642 	push	hl
   0377 3E 08               643 	ld	a,#0x08
   0379 F5                  644 	push	af
   037A 33                  645 	inc	sp
   037B CDr00r00            646 	call	_SpriteManagerAdd
   037E E8 05               647 	add	sp, #5
   0380                     648 00111$:
                            649 ;StateGame2.c:104: InitScrollTiles(0, 59, tiles, 3);
   0380 21 00 00            650 	ld	hl,#0x0000
   0383 E5                  651 	push	hl
   0384 3E 03               652 	ld	a,#0x03
   0386 F5                  653 	push	af
   0387 33                  654 	inc	sp
   0388 21r00r00            655 	ld	hl,#_tiles
   038B E5                  656 	push	hl
   038C 21 00 3B            657 	ld	hl,#0x3b00
   038F E5                  658 	push	hl
   0390 CDr00r00            659 	call	_ZInitScrollTilesColor
   0393 E8 07               660 	add	sp, #7
                            661 ;StateGame2.c:105: InitScroll(map2Width, map2Height, map2, collilision_tiles2, 0, 3);
   0395 21 00 00            662 	ld	hl,#0x0000
   0398 E5                  663 	push	hl
   0399 3E 03               664 	ld	a,#0x03
   039B F5                  665 	push	af
   039C 33                  666 	inc	sp
   039D 2E 00               667 	ld	l, #0x00
   039F E5                  668 	push	hl
   03A0 21r01r00            669 	ld	hl,#_collilision_tiles2
   03A3 E5                  670 	push	hl
   03A4 21r00r00            671 	ld	hl,#_map2
   03A7 E5                  672 	push	hl
   03A8 21 12 00            673 	ld	hl,#0x0012
   03AB E5                  674 	push	hl
   03AC 2E 28               675 	ld	l, #0x28
   03AE E5                  676 	push	hl
   03AF CDr00r00            677 	call	_InitScrollColor
   03B2 E8 0D               678 	add	sp, #13
                            679 ;StateGame2.c:106: SHOW_BKG;
   03B4 11 40 FF            680 	ld	de,#0xff40
   03B7 1A                  681 	ld	a,(de)
   03B8 4F                  682 	ld	c,a
   03B9 06 00               683 	ld	b,#0x00
   03BB 79                  684 	ld	a,c
   03BC CB C7               685 	set	0, a
   03BE 4F                  686 	ld	c,a
   03BF 21 40 FF            687 	ld	hl,#0xff40
   03C2 71                  688 	ld	(hl),c
   03C3 C9                  689 	ret
                            690 ;StateGame2.c:111: void Update_STATE_GAME2() {
                            691 ;	---------------------------------
                            692 ; Function Update_STATE_GAME2
                            693 ; ---------------------------------
   03C4                     694 _Update_STATE_GAME2::
                            695 ;StateGame2.c:113: }
   03C4 C9                  696 	ret
                            697 	.area _CODE_2
                            698 	.area _CABS (ABS)
