                              1 ;--------------------------------------------------------
                              2 ; File Created by SDCC : free open source ANSI-C Compiler
                              3 ; Version 3.6.0 #9615 (MINGW64)
                              4 ;--------------------------------------------------------
                              5 	.module StateMenu
                              6 	.optsdcc -mgbz80
                              7 	
                              8 ;--------------------------------------------------------
                              9 ; Public variables in this module
                             10 ;--------------------------------------------------------
                             11 	.globl _SpriteManagerAdd
                             12 	.globl _SpriteManagerLoad
                             13 	.globl _InitScrollColor
                             14 	.globl _ZInitScrollTilesColor
                             15 	.globl _SetState
                             16 	.globl _collilision_tiles0
                             17 	.globl _bank_STATE_MENU
                             18 	.globl _Start_STATE_MENU
                             19 	.globl _Update_STATE_MENU
                             20 ;--------------------------------------------------------
                             21 ; ram data
                             22 ;--------------------------------------------------------
                             23 	.area _DATA
   0000                      24 _bank_STATE_MENU::
   0000                      25 	.ds 1
   0001                      26 _collilision_tiles0::
   0001                      27 	.ds 5
                             28 ;--------------------------------------------------------
                             29 ; absolute external ram data
                             30 ;--------------------------------------------------------
                             31 	.area _DABS (ABS)
                             32 ;--------------------------------------------------------
                             33 ; global & static initialisations
                             34 ;--------------------------------------------------------
                             35 	.area _HOME
                             36 	.area _GSINIT
                             37 	.area _GSFINAL
                             38 	.area _GSINIT
                             39 ;StateMenu.c:3: UINT8 bank_STATE_MENU = 2;
   0000 21r00r00             40 	ld	hl,#_bank_STATE_MENU
   0003 36 02                41 	ld	(hl),#0x02
                             42 ;StateMenu.c:13: UINT8 collilision_tiles0[] = { 1,2,3,4,0 };
   0005 21r01r00             43 	ld	hl,#_collilision_tiles0
   0008 36 01                44 	ld	(hl),#0x01
   000A 21r02r00             45 	ld	hl,#(_collilision_tiles0 + 0x0001)
   000D 36 02                46 	ld	(hl),#0x02
   000F 21r03r00             47 	ld	hl,#(_collilision_tiles0 + 0x0002)
   0012 36 03                48 	ld	(hl),#0x03
   0014 21r04r00             49 	ld	hl,#(_collilision_tiles0 + 0x0003)
   0017 36 04                50 	ld	(hl),#0x04
   0019 21r05r00             51 	ld	hl,#(_collilision_tiles0 + 0x0004)
   001C 36 00                52 	ld	(hl),#0x00
                             53 ;--------------------------------------------------------
                             54 ; Home
                             55 ;--------------------------------------------------------
                             56 	.area _HOME
                             57 	.area _HOME
                             58 ;--------------------------------------------------------
                             59 ; code
                             60 ;--------------------------------------------------------
                             61 	.area _CODE_2
                             62 ;StateMenu.c:15: void Start_STATE_MENU() {
                             63 ;	---------------------------------
                             64 ; Function Start_STATE_MENU
                             65 ; ---------------------------------
   0000                      66 _Start_STATE_MENU::
                             67 ;StateMenu.c:17: next_lvl =1;
   0000 21r00r00             68 	ld	hl,#_next_lvl
   0003 36 01                69 	ld	(hl),#0x01
   0005 23                   70 	inc	hl
   0006 36 00                71 	ld	(hl),#0x00
                             72 ;StateMenu.c:18: NR52_REG = 0x80; //Enables sound, you should always setup this first
   0008 21 26 FF             73 	ld	hl,#0xff26
   000B 36 80                74 	ld	(hl),#0x80
                             75 ;StateMenu.c:19: NR51_REG = 0xFF; //Enables all channels (left and right)
   000D 2E 25                76 	ld	l, #0x25
   000F 36 FF                77 	ld	(hl),#0xff
                             78 ;StateMenu.c:20: NR50_REG = 0x77; //Max volume
   0011 2E 24                79 	ld	l, #0x24
   0013 36 77                80 	ld	(hl),#0x77
                             81 ;StateMenu.c:22: SPRITES_8x16;
   0015 11 40 FF             82 	ld	de,#0xff40
   0018 1A                   83 	ld	a,(de)
   0019 4F                   84 	ld	c,a
   001A 06 00                85 	ld	b,#0x00
   001C 79                   86 	ld	a,c
   001D CB D7                87 	set	2, a
   001F 4F                   88 	ld	c,a
   0020 2E 40                89 	ld	l, #0x40
   0022 71                   90 	ld	(hl),c
                             91 ;StateMenu.c:23: for(i = 0; i != n_sprite_types; ++ i) {
   0023 06 00                92 	ld	b,#0x00
   0025                      93 00115$:
   0025 21r00r00             94 	ld	hl,#_n_sprite_types
   0028 7E                   95 	ld	a,(hl)
   0029 90                   96 	sub	a, b
   002A 28 0B                97 	jr	Z,00101$
                             98 ;StateMenu.c:24: SpriteManagerLoad(i);
   002C C5                   99 	push	bc
   002D C5                  100 	push	bc
   002E 33                  101 	inc	sp
   002F CDr00r00            102 	call	_SpriteManagerLoad
   0032 33                  103 	inc	sp
   0033 C1                  104 	pop	bc
                            105 ;StateMenu.c:23: for(i = 0; i != n_sprite_types; ++ i) {
   0034 04                  106 	inc	b
   0035 18 EE               107 	jr	00115$
   0037                     108 00101$:
                            109 ;StateMenu.c:26: SHOW_SPRITES;
   0037 11 40 FF            110 	ld	de,#0xff40
   003A 1A                  111 	ld	a,(de)
   003B 4F                  112 	ld	c,a
   003C 06 00               113 	ld	b,#0x00
   003E 79                  114 	ld	a,c
   003F CB CF               115 	set	1, a
   0041 4F                  116 	ld	c,a
   0042 21 40 FF            117 	ld	hl,#0xff40
   0045 71                  118 	ld	(hl),c
                            119 ;StateMenu.c:28: scroll_target = SpriteManagerAdd(SPRITE_PLAYER, 70, 35);
   0046 21 23 00            120 	ld	hl,#0x0023
   0049 E5                  121 	push	hl
   004A 2E 46               122 	ld	l, #0x46
   004C E5                  123 	push	hl
   004D AF                  124 	xor	a, a
   004E F5                  125 	push	af
   004F 33                  126 	inc	sp
   0050 CDr00r00            127 	call	_SpriteManagerAdd
   0053 E8 05               128 	add	sp, #5
   0055 21r00r00            129 	ld	hl,#_scroll_target
   0058 73                  130 	ld	(hl),e
   0059 23                  131 	inc	hl
   005A 72                  132 	ld	(hl),d
                            133 ;StateMenu.c:29: door_x = 20;
   005B 21r00r00            134 	ld	hl,#_door_x
   005E 36 14               135 	ld	(hl),#0x14
   0060 23                  136 	inc	hl
   0061 36 00               137 	ld	(hl),#0x00
                            138 ;StateMenu.c:30: door_y = 120;
   0063 21r00r00            139 	ld	hl,#_door_y
   0066 36 78               140 	ld	(hl),#0x78
   0068 23                  141 	inc	hl
   0069 36 00               142 	ld	(hl),#0x00
                            143 ;StateMenu.c:32: have_bomb=2;
   006B 21r00r00            144 	ld	hl,#_have_bomb
   006E 36 02               145 	ld	(hl),#0x02
   0070 23                  146 	inc	hl
   0071 36 00               147 	ld	(hl),#0x00
                            148 ;StateMenu.c:35: if( have_diamond == 0){
   0073 21r01r00            149 	ld	hl,#_have_diamond + 1
   0076 3A                  150 	ld	a,(hl-)
   0077 B6                  151 	or	a,(hl)
   0078 C2rD2r00            152 	jp	NZ,00103$
                            153 ;StateMenu.c:36: SpriteManagerAdd(SPRITE_KEY, 20, 20);
   007B 21 14 00            154 	ld	hl,#0x0014
   007E E5                  155 	push	hl
   007F 2E 14               156 	ld	l, #0x14
   0081 E5                  157 	push	hl
   0082 3E 03               158 	ld	a,#0x03
   0084 F5                  159 	push	af
   0085 33                  160 	inc	sp
   0086 CDr00r00            161 	call	_SpriteManagerAdd
   0089 E8 05               162 	add	sp, #5
                            163 ;StateMenu.c:37: SpriteManagerAdd(SPRITE_DOOR,door_x, door_y);
   008B 21r00r00            164 	ld	hl,#_door_y
   008E 2A                  165 	ld	a,(hl+)
   008F 66                  166 	ld	h,(hl)
   0090 6F                  167 	ld	l,a
   0091 E5                  168 	push	hl
   0092 21r00r00            169 	ld	hl,#_door_x
   0095 2A                  170 	ld	a,(hl+)
   0096 66                  171 	ld	h,(hl)
   0097 6F                  172 	ld	l,a
   0098 E5                  173 	push	hl
   0099 3E 04               174 	ld	a,#0x04
   009B F5                  175 	push	af
   009C 33                  176 	inc	sp
   009D CDr00r00            177 	call	_SpriteManagerAdd
   00A0 E8 05               178 	add	sp, #5
                            179 ;StateMenu.c:38: SpriteManagerAdd(SPRITE_ENEMY, 128, 112);
   00A2 21 70 00            180 	ld	hl,#0x0070
   00A5 E5                  181 	push	hl
   00A6 2E 80               182 	ld	l, #0x80
   00A8 E5                  183 	push	hl
   00A9 3E 01               184 	ld	a,#0x01
   00AB F5                  185 	push	af
   00AC 33                  186 	inc	sp
   00AD CDr00r00            187 	call	_SpriteManagerAdd
   00B0 E8 05               188 	add	sp, #5
                            189 ;StateMenu.c:39: SpriteManagerAdd(SPRITE_ENEMY2, 50, 115 );
   00B2 21 73 00            190 	ld	hl,#0x0073
   00B5 E5                  191 	push	hl
   00B6 2E 32               192 	ld	l, #0x32
   00B8 E5                  193 	push	hl
   00B9 3E 02               194 	ld	a,#0x02
   00BB F5                  195 	push	af
   00BC 33                  196 	inc	sp
   00BD CDr00r00            197 	call	_SpriteManagerAdd
   00C0 E8 05               198 	add	sp, #5
                            199 ;StateMenu.c:40: SpriteManagerAdd(SPRITE_ENEMY3, 30, 30);
   00C2 21 1E 00            200 	ld	hl,#0x001e
   00C5 E5                  201 	push	hl
   00C6 2E 1E               202 	ld	l, #0x1e
   00C8 E5                  203 	push	hl
   00C9 3E 08               204 	ld	a,#0x08
   00CB F5                  205 	push	af
   00CC 33                  206 	inc	sp
   00CD CDr00r00            207 	call	_SpriteManagerAdd
   00D0 E8 05               208 	add	sp, #5
   00D2                     209 00103$:
                            210 ;StateMenu.c:43: if( have_diamond == 1){
   00D2 21r00r00            211 	ld	hl,#_have_diamond
   00D5 7E                  212 	ld	a,(hl)
   00D6 3D                  213 	dec	a
   00D7 20 2C               214 	jr	NZ,00105$
   00D9 23                  215 	inc	hl
   00DA 7E                  216 	ld	a,(hl)
   00DB B7                  217 	or	a, a
   00DC 20 27               218 	jr	NZ,00105$
                            219 ;StateMenu.c:44: SpriteManagerAdd(SPRITE_KEY, 20, 20);
   00DE 21 14 00            220 	ld	hl,#0x0014
   00E1 E5                  221 	push	hl
   00E2 2E 14               222 	ld	l, #0x14
   00E4 E5                  223 	push	hl
   00E5 3E 03               224 	ld	a,#0x03
   00E7 F5                  225 	push	af
   00E8 33                  226 	inc	sp
   00E9 CDr00r00            227 	call	_SpriteManagerAdd
   00EC E8 05               228 	add	sp, #5
                            229 ;StateMenu.c:45: SpriteManagerAdd(SPRITE_DOOR,door_x, door_y);
   00EE 21r00r00            230 	ld	hl,#_door_y
   00F1 2A                  231 	ld	a,(hl+)
   00F2 66                  232 	ld	h,(hl)
   00F3 6F                  233 	ld	l,a
   00F4 E5                  234 	push	hl
   00F5 21r00r00            235 	ld	hl,#_door_x
   00F8 2A                  236 	ld	a,(hl+)
   00F9 66                  237 	ld	h,(hl)
   00FA 6F                  238 	ld	l,a
   00FB E5                  239 	push	hl
   00FC 3E 04               240 	ld	a,#0x04
   00FE F5                  241 	push	af
   00FF 33                  242 	inc	sp
   0100 CDr00r00            243 	call	_SpriteManagerAdd
   0103 E8 05               244 	add	sp, #5
   0105                     245 00105$:
                            246 ;StateMenu.c:48: if ( have_diamond == 3 ){
   0105 21r00r00            247 	ld	hl,#_have_diamond
   0108 7E                  248 	ld	a,(hl)
   0109 D6 03               249 	sub	a, #0x03
   010B C2r4Br01            250 	jp	NZ,00107$
   010E 23                  251 	inc	hl
   010F 7E                  252 	ld	a,(hl)
   0110 B7                  253 	or	a, a
   0111 C2r4Br01            254 	jp	NZ,00107$
                            255 ;StateMenu.c:49: SpriteManagerAdd(SPRITE_KEY, 20, 20);
   0114 21 14 00            256 	ld	hl,#0x0014
   0117 E5                  257 	push	hl
   0118 2E 14               258 	ld	l, #0x14
   011A E5                  259 	push	hl
   011B 3E 03               260 	ld	a,#0x03
   011D F5                  261 	push	af
   011E 33                  262 	inc	sp
   011F CDr00r00            263 	call	_SpriteManagerAdd
   0122 E8 05               264 	add	sp, #5
                            265 ;StateMenu.c:50: SpriteManagerAdd(SPRITE_DOOR,door_x, door_y);
   0124 21r00r00            266 	ld	hl,#_door_y
   0127 2A                  267 	ld	a,(hl+)
   0128 66                  268 	ld	h,(hl)
   0129 6F                  269 	ld	l,a
   012A E5                  270 	push	hl
   012B 21r00r00            271 	ld	hl,#_door_x
   012E 2A                  272 	ld	a,(hl+)
   012F 66                  273 	ld	h,(hl)
   0130 6F                  274 	ld	l,a
   0131 E5                  275 	push	hl
   0132 3E 04               276 	ld	a,#0x04
   0134 F5                  277 	push	af
   0135 33                  278 	inc	sp
   0136 CDr00r00            279 	call	_SpriteManagerAdd
   0139 E8 05               280 	add	sp, #5
                            281 ;StateMenu.c:51: SpriteManagerAdd(SPRITE_ENEMY, 128, 112);
   013B 21 70 00            282 	ld	hl,#0x0070
   013E E5                  283 	push	hl
   013F 2E 80               284 	ld	l, #0x80
   0141 E5                  285 	push	hl
   0142 3E 01               286 	ld	a,#0x01
   0144 F5                  287 	push	af
   0145 33                  288 	inc	sp
   0146 CDr00r00            289 	call	_SpriteManagerAdd
   0149 E8 05               290 	add	sp, #5
   014B                     291 00107$:
                            292 ;StateMenu.c:54: if( have_diamond == 6){
   014B 21r00r00            293 	ld	hl,#_have_diamond
   014E 7E                  294 	ld	a,(hl)
   014F D6 06               295 	sub	a, #0x06
   0151 C2r91r01            296 	jp	NZ,00109$
   0154 23                  297 	inc	hl
   0155 7E                  298 	ld	a,(hl)
   0156 B7                  299 	or	a, a
   0157 C2r91r01            300 	jp	NZ,00109$
                            301 ;StateMenu.c:55: SpriteManagerAdd(SPRITE_KEY, 20, 20);
   015A 21 14 00            302 	ld	hl,#0x0014
   015D E5                  303 	push	hl
   015E 2E 14               304 	ld	l, #0x14
   0160 E5                  305 	push	hl
   0161 3E 03               306 	ld	a,#0x03
   0163 F5                  307 	push	af
   0164 33                  308 	inc	sp
   0165 CDr00r00            309 	call	_SpriteManagerAdd
   0168 E8 05               310 	add	sp, #5
                            311 ;StateMenu.c:56: SpriteManagerAdd(SPRITE_DOOR,door_x, door_y);
   016A 21r00r00            312 	ld	hl,#_door_y
   016D 2A                  313 	ld	a,(hl+)
   016E 66                  314 	ld	h,(hl)
   016F 6F                  315 	ld	l,a
   0170 E5                  316 	push	hl
   0171 21r00r00            317 	ld	hl,#_door_x
   0174 2A                  318 	ld	a,(hl+)
   0175 66                  319 	ld	h,(hl)
   0176 6F                  320 	ld	l,a
   0177 E5                  321 	push	hl
   0178 3E 04               322 	ld	a,#0x04
   017A F5                  323 	push	af
   017B 33                  324 	inc	sp
   017C CDr00r00            325 	call	_SpriteManagerAdd
   017F E8 05               326 	add	sp, #5
                            327 ;StateMenu.c:57: SpriteManagerAdd(SPRITE_ENEMY2, 50, 115 );
   0181 21 73 00            328 	ld	hl,#0x0073
   0184 E5                  329 	push	hl
   0185 2E 32               330 	ld	l, #0x32
   0187 E5                  331 	push	hl
   0188 3E 02               332 	ld	a,#0x02
   018A F5                  333 	push	af
   018B 33                  334 	inc	sp
   018C CDr00r00            335 	call	_SpriteManagerAdd
   018F E8 05               336 	add	sp, #5
   0191                     337 00109$:
                            338 ;StateMenu.c:60: if( have_diamond == 10){
   0191 21r00r00            339 	ld	hl,#_have_diamond
   0194 7E                  340 	ld	a,(hl)
   0195 D6 0A               341 	sub	a, #0x0a
   0197 C2rD7r01            342 	jp	NZ,00111$
   019A 23                  343 	inc	hl
   019B 7E                  344 	ld	a,(hl)
   019C B7                  345 	or	a, a
   019D C2rD7r01            346 	jp	NZ,00111$
                            347 ;StateMenu.c:61: SpriteManagerAdd(SPRITE_KEY, 20, 20);
   01A0 21 14 00            348 	ld	hl,#0x0014
   01A3 E5                  349 	push	hl
   01A4 2E 14               350 	ld	l, #0x14
   01A6 E5                  351 	push	hl
   01A7 3E 03               352 	ld	a,#0x03
   01A9 F5                  353 	push	af
   01AA 33                  354 	inc	sp
   01AB CDr00r00            355 	call	_SpriteManagerAdd
   01AE E8 05               356 	add	sp, #5
                            357 ;StateMenu.c:62: SpriteManagerAdd(SPRITE_DOOR,door_x, door_y);	
   01B0 21r00r00            358 	ld	hl,#_door_y
   01B3 2A                  359 	ld	a,(hl+)
   01B4 66                  360 	ld	h,(hl)
   01B5 6F                  361 	ld	l,a
   01B6 E5                  362 	push	hl
   01B7 21r00r00            363 	ld	hl,#_door_x
   01BA 2A                  364 	ld	a,(hl+)
   01BB 66                  365 	ld	h,(hl)
   01BC 6F                  366 	ld	l,a
   01BD E5                  367 	push	hl
   01BE 3E 04               368 	ld	a,#0x04
   01C0 F5                  369 	push	af
   01C1 33                  370 	inc	sp
   01C2 CDr00r00            371 	call	_SpriteManagerAdd
   01C5 E8 05               372 	add	sp, #5
                            373 ;StateMenu.c:63: SpriteManagerAdd(SPRITE_ENEMY3, 30, 30);
   01C7 21 1E 00            374 	ld	hl,#0x001e
   01CA E5                  375 	push	hl
   01CB 2E 1E               376 	ld	l, #0x1e
   01CD E5                  377 	push	hl
   01CE 3E 08               378 	ld	a,#0x08
   01D0 F5                  379 	push	af
   01D1 33                  380 	inc	sp
   01D2 CDr00r00            381 	call	_SpriteManagerAdd
   01D5 E8 05               382 	add	sp, #5
   01D7                     383 00111$:
                            384 ;StateMenu.c:66: if( have_diamond == 15){
   01D7 21r00r00            385 	ld	hl,#_have_diamond
   01DA 7E                  386 	ld	a,(hl)
   01DB D6 0F               387 	sub	a, #0x0f
   01DD C2r26r02            388 	jp	NZ,00113$
   01E0 23                  389 	inc	hl
   01E1 7E                  390 	ld	a,(hl)
   01E2 B7                  391 	or	a, a
   01E3 C2r26r02            392 	jp	NZ,00113$
                            393 ;StateMenu.c:67: SpriteManagerAdd(SPRITE_ENEMY, 128, 112);
   01E6 21 70 00            394 	ld	hl,#0x0070
   01E9 E5                  395 	push	hl
   01EA 2E 80               396 	ld	l, #0x80
   01EC E5                  397 	push	hl
   01ED 3E 01               398 	ld	a,#0x01
   01EF F5                  399 	push	af
   01F0 33                  400 	inc	sp
   01F1 CDr00r00            401 	call	_SpriteManagerAdd
   01F4 E8 05               402 	add	sp, #5
                            403 ;StateMenu.c:68: SpriteManagerAdd(SPRITE_ENEMY2, 50, 115 );
   01F6 21 73 00            404 	ld	hl,#0x0073
   01F9 E5                  405 	push	hl
   01FA 2E 32               406 	ld	l, #0x32
   01FC E5                  407 	push	hl
   01FD 3E 02               408 	ld	a,#0x02
   01FF F5                  409 	push	af
   0200 33                  410 	inc	sp
   0201 CDr00r00            411 	call	_SpriteManagerAdd
   0204 E8 05               412 	add	sp, #5
                            413 ;StateMenu.c:69: SpriteManagerAdd(SPRITE_ENEMY3, 30, 30);
   0206 21 1E 00            414 	ld	hl,#0x001e
   0209 E5                  415 	push	hl
   020A 2E 1E               416 	ld	l, #0x1e
   020C E5                  417 	push	hl
   020D 3E 08               418 	ld	a,#0x08
   020F F5                  419 	push	af
   0210 33                  420 	inc	sp
   0211 CDr00r00            421 	call	_SpriteManagerAdd
   0214 E8 05               422 	add	sp, #5
                            423 ;StateMenu.c:70: SpriteManagerAdd(SPRITE_DIAMOND, 128, 112);
   0216 21 70 00            424 	ld	hl,#0x0070
   0219 E5                  425 	push	hl
   021A 2E 80               426 	ld	l, #0x80
   021C E5                  427 	push	hl
   021D 3E 09               428 	ld	a,#0x09
   021F F5                  429 	push	af
   0220 33                  430 	inc	sp
   0221 CDr00r00            431 	call	_SpriteManagerAdd
   0224 E8 05               432 	add	sp, #5
   0226                     433 00113$:
                            434 ;StateMenu.c:73: InitScrollTiles(0, 59, tiles, 3);
   0226 21 00 00            435 	ld	hl,#0x0000
   0229 E5                  436 	push	hl
   022A 3E 03               437 	ld	a,#0x03
   022C F5                  438 	push	af
   022D 33                  439 	inc	sp
   022E 21r00r00            440 	ld	hl,#_tiles
   0231 E5                  441 	push	hl
   0232 21 00 3B            442 	ld	hl,#0x3b00
   0235 E5                  443 	push	hl
   0236 CDr00r00            444 	call	_ZInitScrollTilesColor
   0239 E8 07               445 	add	sp, #7
                            446 ;StateMenu.c:74: InitScroll(menuWidth,menuHeight,menu, collilision_tiles0, 0, 3);
   023B 21 00 00            447 	ld	hl,#0x0000
   023E E5                  448 	push	hl
   023F 3E 03               449 	ld	a,#0x03
   0241 F5                  450 	push	af
   0242 33                  451 	inc	sp
   0243 2E 00               452 	ld	l, #0x00
   0245 E5                  453 	push	hl
   0246 21r01r00            454 	ld	hl,#_collilision_tiles0
   0249 E5                  455 	push	hl
   024A 21r00r00            456 	ld	hl,#_menu
   024D E5                  457 	push	hl
   024E 21 12 00            458 	ld	hl,#0x0012
   0251 E5                  459 	push	hl
   0252 2E 14               460 	ld	l, #0x14
   0254 E5                  461 	push	hl
   0255 CDr00r00            462 	call	_InitScrollColor
   0258 E8 0D               463 	add	sp, #13
                            464 ;StateMenu.c:75: SHOW_BKG;
   025A 11 40 FF            465 	ld	de,#0xff40
   025D 1A                  466 	ld	a,(de)
   025E 4F                  467 	ld	c,a
   025F 06 00               468 	ld	b,#0x00
   0261 79                  469 	ld	a,c
   0262 CB C7               470 	set	0, a
   0264 4F                  471 	ld	c,a
   0265 21 40 FF            472 	ld	hl,#0xff40
   0268 71                  473 	ld	(hl),c
   0269 C9                  474 	ret
                            475 ;StateMenu.c:80: void Update_STATE_MENU(){
                            476 ;	---------------------------------
                            477 ; Function Update_STATE_MENU
                            478 ; ---------------------------------
   026A                     479 _Update_STATE_MENU::
                            480 ;StateMenu.c:81: if (KEY_PRESSED(J_START) && have_diamond<15) {
   026A 21r00r00            481 	ld	hl,#_keys
   026D 4E                  482 	ld	c,(hl)
   026E 06 00               483 	ld	b,#0x00
   0270 CB 79               484 	bit	7, c
   0272 28 28               485 	jr	Z,00102$
   0274 21r00r00            486 	ld	hl,#_have_diamond
   0277 7E                  487 	ld	a, (hl)
   0278 D6 0F               488 	sub	a, #0x0f
   027A 23                  489 	inc	hl
   027B 7E                  490 	ld	a, (hl)
   027C DE 00               491 	sbc	a, #0x00
   027E 56                  492 	ld	d, (hl)
   027F 3E 00               493 	ld	a,#0x00
   0281 5F                  494 	ld	e, a
   0282 CB 7B               495 	bit	7, e
   0284 28 07               496 	jr	Z,00122$
   0286 CB 7A               497 	bit	7, d
   0288 20 08               498 	jr	NZ,00123$
   028A BF                  499 	cp	a, a
   028B 18 05               500 	jr	00123$
   028D                     501 00122$:
   028D CB 7A               502 	bit	7, d
   028F 28 01               503 	jr	Z,00123$
   0291 37                  504 	scf
   0292                     505 00123$:
   0292 30 08               506 	jr	NC,00102$
                            507 ;StateMenu.c:82: SetState(STATE_GAME);
   0294 3E 01               508 	ld	a,#0x01
   0296 F5                  509 	push	af
   0297 33                  510 	inc	sp
   0298 CDr00r00            511 	call	_SetState
   029B 33                  512 	inc	sp
   029C                     513 00102$:
                            514 ;StateMenu.c:84: if (KEY_PRESSED(J_SELECT) || have_diamond==16){
   029C 21r00r00            515 	ld	hl,#_keys
   029F 4E                  516 	ld	c,(hl)
   02A0 06 00               517 	ld	b,#0x00
   02A2 CB 71               518 	bit	6, c
   02A4 20 0B               519 	jr	NZ,00104$
   02A6 21r00r00            520 	ld	hl,#_have_diamond
   02A9 7E                  521 	ld	a,(hl)
   02AA D6 10               522 	sub	a, #0x10
   02AC C0                  523 	ret	NZ
   02AD 23                  524 	inc	hl
   02AE 7E                  525 	ld	a,(hl)
   02AF B7                  526 	or	a, a
   02B0 C0                  527 	ret	NZ
   02B1                     528 00104$:
                            529 ;StateMenu.c:85: have_diamond = 0;
   02B1 21r00r00            530 	ld	hl,#_have_diamond
   02B4 36 00               531 	ld	(hl),#0x00
   02B6 23                  532 	inc	hl
   02B7 36 00               533 	ld	(hl),#0x00
                            534 ;StateMenu.c:86: SetState(STATE_MENU);
   02B9 AF                  535 	xor	a, a
   02BA F5                  536 	push	af
   02BB 33                  537 	inc	sp
   02BC CDr00r00            538 	call	_SetState
   02BF 33                  539 	inc	sp
   02C0 C9                  540 	ret
                            541 	.area _CODE_2
                            542 	.area _CABS (ABS)
